{"numFailedTestSuites":0,"numFailedTests":0,"numPassedTestSuites":1,"numPassedTests":1,"numPendingTestSuites":0,"numPendingTests":0,"numRuntimeErrorTestSuites":0,"numTodoTests":0,"numTotalTestSuites":1,"numTotalTests":1,"openHandles":[],"snapshot":{"added":0,"didUpdate":false,"failure":false,"filesAdded":0,"filesRemoved":0,"filesRemovedList":[],"filesUnmatched":0,"filesUpdated":0,"matched":0,"total":0,"unchecked":0,"uncheckedKeysByFile":[],"unmatched":0,"updated":0},"startTime":1770066166066,"success":true,"testResults":[{"assertionResults":[{"ancestorTitles":["Subscriptions Integration Tests"],"duration":101,"failureDetails":[],"failureMessages":[],"fullName":"Subscriptions Integration Tests should list subscription plans","invocations":1,"location":null,"numPassingAsserts":2,"retryReasons":[],"status":"passed","title":"should list subscription plans"}],"endTime":1770066169446,"message":"","name":"D:\\mobile applicatio\\Git_Repo\\FitCoach\\backend\\__tests__\\integration\\subscriptions.integration.test.js","startTime":1770066166291,"status":"passed","summary":""}],"wasInterrupted":false}
