{"numFailedTestSuites":0,"numFailedTests":0,"numPassedTestSuites":1,"numPassedTests":3,"numPendingTestSuites":0,"numPendingTests":0,"numRuntimeErrorTestSuites":0,"numTodoTests":0,"numTotalTestSuites":1,"numTotalTests":3,"openHandles":[],"snapshot":{"added":0,"didUpdate":false,"failure":false,"filesAdded":0,"filesRemoved":0,"filesRemovedList":[],"filesUnmatched":0,"filesUpdated":0,"matched":0,"total":0,"unchecked":0,"uncheckedKeysByFile":[],"unmatched":0,"updated":0},"startTime":1770064518359,"success":true,"testResults":[{"assertionResults":[{"ancestorTitles":["Intake & Workout Integration Tests"],"duration":783,"failureDetails":[],"failureMessages":[],"fullName":"Intake & Workout Integration Tests POST /v2/users/intake/first returns profile","invocations":1,"location":null,"numPassingAsserts":2,"retryReasons":[],"status":"passed","title":"POST /v2/users/intake/first returns profile"},{"ancestorTitles":["Intake & Workout Integration Tests"],"duration":62,"failureDetails":[],"failureMessages":[],"fullName":"Intake & Workout Integration Tests POST /v2/users/intake/second returns profile","invocations":1,"location":null,"numPassingAsserts":2,"retryReasons":[],"status":"passed","title":"POST /v2/users/intake/second returns profile"},{"ancestorTitles":["Intake & Workout Integration Tests"],"duration":46,"failureDetails":[],"failureMessages":[],"fullName":"Intake & Workout Integration Tests GET /v2/workouts/plan returns active plan","invocations":1,"location":null,"numPassingAsserts":3,"retryReasons":[],"status":"passed","title":"GET /v2/workouts/plan returns active plan"}],"endTime":1770064531965,"message":"","name":"D:\\mobile applicatio\\Git_Repo\\FitCoach\\backend\\__tests__\\integration\\intake.integration.test.js","startTime":1770064518991,"status":"passed","summary":""}],"wasInterrupted":false}
