{"numFailedTestSuites":0,"numFailedTests":0,"numPassedTestSuites":2,"numPassedTests":3,"numPendingTestSuites":0,"numPendingTests":0,"numRuntimeErrorTestSuites":0,"numTodoTests":0,"numTotalTestSuites":2,"numTotalTests":3,"openHandles":[],"snapshot":{"added":0,"didUpdate":false,"failure":false,"filesAdded":0,"filesRemoved":0,"filesRemovedList":[],"filesUnmatched":0,"filesUpdated":0,"matched":0,"total":0,"unchecked":0,"uncheckedKeysByFile":[],"unmatched":0,"updated":0},"startTime":1770062520814,"success":true,"testResults":[{"assertionResults":[{"ancestorTitles":["Messages Integration Tests"],"duration":249,"failureDetails":[],"failureMessages":[],"fullName":"Messages Integration Tests should send a message with an existing conversation","invocations":1,"location":null,"numPassingAsserts":3,"retryReasons":[],"status":"passed","title":"should send a message with an existing conversation"},{"ancestorTitles":["Messages Integration Tests"],"duration":57,"failureDetails":[],"failureMessages":[],"fullName":"Messages Integration Tests should mark messages as read for a conversation","invocations":1,"location":null,"numPassingAsserts":2,"retryReasons":[],"status":"passed","title":"should mark messages as read for a conversation"}],"endTime":1770062531772,"message":"","name":"D:\\mobile applicatio\\Git_Repo\\FitCoach\\backend\\__tests__\\integration\\messages.integration.test.js","startTime":1770062521449,"status":"passed","summary":""},{"assertionResults":[{"ancestorTitles":["Admin Integration Tests"],"duration":153,"failureDetails":[],"failureMessages":[],"fullName":"Admin Integration Tests should assign a coach when updating a user","invocations":1,"location":null,"numPassingAsserts":3,"retryReasons":[],"status":"passed","title":"should assign a coach when updating a user"}],"endTime":1770062532852,"message":"","name":"D:\\mobile applicatio\\Git_Repo\\FitCoach\\backend\\__tests__\\integration\\admin.integration.test.js","startTime":1770062531860,"status":"passed","summary":""}],"wasInterrupted":false}
