{"numFailedTestSuites":0,"numFailedTests":0,"numPassedTestSuites":4,"numPassedTests":24,"numPendingTestSuites":0,"numPendingTests":0,"numRuntimeErrorTestSuites":0,"numTodoTests":0,"numTotalTestSuites":4,"numTotalTests":24,"openHandles":[],"snapshot":{"added":0,"didUpdate":false,"failure":false,"filesAdded":0,"filesRemoved":0,"filesRemovedList":[],"filesUnmatched":0,"filesUpdated":0,"matched":0,"total":0,"unchecked":0,"uncheckedKeysByFile":[],"unmatched":0,"updated":0},"startTime":1770065904557,"success":true,"testResults":[{"assertionResults":[{"ancestorTitles":["Nutrition Integration Tests","GET /v2/nutrition"],"duration":120,"failureDetails":[],"failureMessages":[],"fullName":"Nutrition Integration Tests GET /v2/nutrition should get user nutrition plans","invocations":1,"location":null,"numPassingAsserts":2,"retryReasons":[],"status":"passed","title":"should get user nutrition plans"},{"ancestorTitles":["Nutrition Integration Tests","GET /v2/nutrition"],"duration":25,"failureDetails":[],"failureMessages":[],"fullName":"Nutrition Integration Tests GET /v2/nutrition should block freemium users without trial","invocations":1,"location":null,"numPassingAsserts":2,"retryReasons":[],"status":"passed","title":"should block freemium users without trial"},{"ancestorTitles":["Nutrition Integration Tests","GET /v2/nutrition/access-status"],"duration":21,"failureDetails":[],"failureMessages":[],"fullName":"Nutrition Integration Tests GET /v2/nutrition/access-status should return access status","invocations":1,"location":null,"numPassingAsserts":2,"retryReasons":[],"status":"passed","title":"should return access status"},{"ancestorTitles":["Nutrition Integration Tests","GET /v2/nutrition/:id"],"duration":16,"failureDetails":[],"failureMessages":[],"fullName":"Nutrition Integration Tests GET /v2/nutrition/:id should get nutrition plan by ID","invocations":1,"location":null,"numPassingAsserts":2,"retryReasons":[],"status":"passed","title":"should get nutrition plan by ID"},{"ancestorTitles":["Nutrition Integration Tests","GET /v2/nutrition/:id"],"duration":22,"failureDetails":[],"failureMessages":[],"fullName":"Nutrition Integration Tests GET /v2/nutrition/:id should return 404 for non-existent plan","invocations":1,"location":null,"numPassingAsserts":1,"retryReasons":[],"status":"passed","title":"should return 404 for non-existent plan"},{"ancestorTitles":["Nutrition Integration Tests","GET /v2/nutrition/plan"],"duration":16,"failureDetails":[],"failureMessages":[],"fullName":"Nutrition Integration Tests GET /v2/nutrition/plan should return active nutrition plan","invocations":1,"location":null,"numPassingAsserts":3,"retryReasons":[],"status":"passed","title":"should return active nutrition plan"},{"ancestorTitles":["Nutrition Integration Tests","GET /v2/nutrition/trial-status"],"duration":16,"failureDetails":[],"failureMessages":[],"fullName":"Nutrition Integration Tests GET /v2/nutrition/trial-status should return trial status payload","invocations":1,"location":null,"numPassingAsserts":3,"retryReasons":[],"status":"passed","title":"should return trial status payload"},{"ancestorTitles":["Nutrition Integration Tests","POST /v2/nutrition/meals/:mealId/log"],"duration":57,"failureDetails":[],"failureMessages":[],"fullName":"Nutrition Integration Tests POST /v2/nutrition/meals/:mealId/log should log a meal completion","invocations":1,"location":null,"numPassingAsserts":2,"retryReasons":[],"status":"passed","title":"should log a meal completion"},{"ancestorTitles":["Nutrition Integration Tests","GET /v2/nutrition/history"],"duration":17,"failureDetails":[],"failureMessages":[],"fullName":"Nutrition Integration Tests GET /v2/nutrition/history should return nutrition history","invocations":1,"location":null,"numPassingAsserts":3,"retryReasons":[],"status":"passed","title":"should return nutrition history"},{"ancestorTitles":["Nutrition Integration Tests","POST /v2/nutrition/:id/meals/:mealId/complete"],"duration":15,"failureDetails":[],"failureMessages":[],"fullName":"Nutrition Integration Tests POST /v2/nutrition/:id/meals/:mealId/complete should mark meal as complete","invocations":1,"location":null,"numPassingAsserts":2,"retryReasons":[],"status":"passed","title":"should mark meal as complete"},{"ancestorTitles":["Nutrition Integration Tests","POST /v2/nutrition"],"duration":21,"failureDetails":[],"failureMessages":[],"fullName":"Nutrition Integration Tests POST /v2/nutrition should create nutrition plan (coach only)","invocations":1,"location":null,"numPassingAsserts":2,"retryReasons":[],"status":"passed","title":"should create nutrition plan (coach only)"},{"ancestorTitles":["Nutrition Integration Tests","POST /v2/nutrition"],"duration":16,"failureDetails":[],"failureMessages":[],"fullName":"Nutrition Integration Tests POST /v2/nutrition should return 403 for non-coach users","invocations":1,"location":null,"numPassingAsserts":1,"retryReasons":[],"status":"passed","title":"should return 403 for non-coach users"},{"ancestorTitles":["Nutrition Integration Tests","PUT /v2/nutrition/:id"],"duration":17,"failureDetails":[],"failureMessages":[],"fullName":"Nutrition Integration Tests PUT /v2/nutrition/:id should update nutrition plan (coach only)","invocations":1,"location":null,"numPassingAsserts":2,"retryReasons":[],"status":"passed","title":"should update nutrition plan (coach only)"},{"ancestorTitles":["Nutrition Integration Tests","DELETE /v2/nutrition/:id"],"duration":14,"failureDetails":[],"failureMessages":[],"fullName":"Nutrition Integration Tests DELETE /v2/nutrition/:id should delete nutrition plan (coach only)","invocations":1,"location":null,"numPassingAsserts":2,"retryReasons":[],"status":"passed","title":"should delete nutrition plan (coach only)"}],"endTime":1770065909008,"message":"","name":"D:\\mobile applicatio\\Git_Repo\\FitCoach\\backend\\__tests__\\integration\\nutrition.integration.test.js","startTime":1770065904832,"status":"passed","summary":""},{"assertionResults":[{"ancestorTitles":["Orders Integration Tests"],"duration":27,"failureDetails":[],"failureMessages":[],"fullName":"Orders Integration Tests should create an order","invocations":1,"location":null,"numPassingAsserts":2,"retryReasons":[],"status":"passed","title":"should create an order"},{"ancestorTitles":["Orders Integration Tests"],"duration":16,"failureDetails":[],"failureMessages":[],"fullName":"Orders Integration Tests should track an order","invocations":1,"location":null,"numPassingAsserts":2,"retryReasons":[],"status":"passed","title":"should track an order"},{"ancestorTitles":["Orders Integration Tests"],"duration":18,"failureDetails":[],"failureMessages":[],"fullName":"Orders Integration Tests should cancel an order via PUT","invocations":1,"location":null,"numPassingAsserts":2,"retryReasons":[],"status":"passed","title":"should cancel an order via PUT"}],"endTime":1770065909691,"message":"","name":"D:\\mobile applicatio\\Git_Repo\\FitCoach\\backend\\__tests__\\integration\\orders.integration.test.js","startTime":1770065909067,"status":"passed","summary":""},{"assertionResults":[{"ancestorTitles":["Store Integration Tests"],"duration":15,"failureDetails":[],"failureMessages":[],"fullName":"Store Integration Tests should list products","invocations":1,"location":null,"numPassingAsserts":3,"retryReasons":[],"status":"passed","title":"should list products"},{"ancestorTitles":["Store Integration Tests"],"duration":11,"failureDetails":[],"failureMessages":[],"fullName":"Store Integration Tests should list categories","invocations":1,"location":null,"numPassingAsserts":2,"retryReasons":[],"status":"passed","title":"should list categories"},{"ancestorTitles":["Store Integration Tests"],"duration":24,"failureDetails":[],"failureMessages":[],"fullName":"Store Integration Tests should check product availability","invocations":1,"location":null,"numPassingAsserts":2,"retryReasons":[],"status":"passed","title":"should check product availability"},{"ancestorTitles":["Store Integration Tests"],"duration":14,"failureDetails":[],"failureMessages":[],"fullName":"Store Integration Tests should apply promo code","invocations":1,"location":null,"numPassingAsserts":2,"retryReasons":[],"status":"passed","title":"should apply promo code"},{"ancestorTitles":["Store Integration Tests"],"duration":16,"failureDetails":[],"failureMessages":[],"fullName":"Store Integration Tests should calculate shipping","invocations":1,"location":null,"numPassingAsserts":2,"retryReasons":[],"status":"passed","title":"should calculate shipping"}],"endTime":1770065910442,"message":"","name":"D:\\mobile applicatio\\Git_Repo\\FitCoach\\backend\\__tests__\\integration\\store.integration.test.js","startTime":1770065909712,"status":"passed","summary":""},{"assertionResults":[{"ancestorTitles":["Progress Integration Tests"],"duration":38,"failureDetails":[],"failureMessages":[],"fullName":"Progress Integration Tests should list progress entries","invocations":1,"location":null,"numPassingAsserts":2,"retryReasons":[],"status":"passed","title":"should list progress entries"},{"ancestorTitles":["Progress Integration Tests"],"duration":30,"failureDetails":[],"failureMessages":[],"fullName":"Progress Integration Tests should create a progress entry","invocations":1,"location":null,"numPassingAsserts":2,"retryReasons":[],"status":"passed","title":"should create a progress entry"}],"endTime":1770065911121,"message":"","name":"D:\\mobile applicatio\\Git_Repo\\FitCoach\\backend\\__tests__\\integration\\progress.integration.test.js","startTime":1770065910467,"status":"passed","summary":""}],"wasInterrupted":false}
