{"numFailedTestSuites":0,"numFailedTests":0,"numPassedTestSuites":3,"numPassedTests":8,"numPendingTestSuites":0,"numPendingTests":0,"numRuntimeErrorTestSuites":0,"numTodoTests":0,"numTotalTestSuites":3,"numTotalTests":8,"openHandles":[],"snapshot":{"added":0,"didUpdate":false,"failure":false,"filesAdded":0,"filesRemoved":0,"filesRemovedList":[],"filesUnmatched":0,"filesUpdated":0,"matched":0,"total":0,"unchecked":0,"uncheckedKeysByFile":[],"unmatched":0,"updated":0},"startTime":1770064569032,"success":true,"testResults":[{"assertionResults":[{"ancestorTitles":["IntakeService"],"duration":31,"failureDetails":[],"failureMessages":[],"fullName":"IntakeService uses starter template for stage 1 and forces 3 days for freemium","invocations":1,"location":null,"numPassingAsserts":2,"retryReasons":[],"status":"passed","title":"uses starter template for stage 1 and forces 3 days for freemium"},{"ancestorTitles":["IntakeService"],"duration":15,"failureDetails":[],"failureMessages":[],"fullName":"IntakeService uses recommended template and passes injuries for stage 2","invocations":1,"location":null,"numPassingAsserts":2,"retryReasons":[],"status":"passed","title":"uses recommended template and passes injuries for stage 2"}],"endTime":1770064572381,"message":"","name":"D:\\mobile applicatio\\Git_Repo\\FitCoach\\backend\\__tests__\\services\\intakeService.test.js","startTime":1770064569739,"status":"passed","summary":""},{"assertionResults":[{"ancestorTitles":["VideoCallService","canJoinCall"],"duration":21,"failureDetails":[],"failureMessages":[],"fullName":"VideoCallService canJoinCall should block too-early joins","invocations":1,"location":null,"numPassingAsserts":2,"retryReasons":[],"status":"passed","title":"should block too-early joins"},{"ancestorTitles":["VideoCallService","canJoinCall"],"duration":21,"failureDetails":[],"failureMessages":[],"fullName":"VideoCallService canJoinCall should block late joins","invocations":1,"location":null,"numPassingAsserts":2,"retryReasons":[],"status":"passed","title":"should block late joins"},{"ancestorTitles":["VideoCallService","canJoinCall"],"duration":5,"failureDetails":[],"failureMessages":[],"fullName":"VideoCallService canJoinCall should allow joins within duration + 15 minutes window","invocations":1,"location":null,"numPassingAsserts":1,"retryReasons":[],"status":"passed","title":"should allow joins within duration + 15 minutes window"},{"ancestorTitles":["VideoCallService","canJoinCall"],"duration":3,"failureDetails":[],"failureMessages":[],"fullName":"VideoCallService canJoinCall should block unauthorized users","invocations":1,"location":null,"numPassingAsserts":2,"retryReasons":[],"status":"passed","title":"should block unauthorized users"},{"ancestorTitles":["VideoCallService","endCallSession"],"duration":19,"failureDetails":[],"failureMessages":[],"fullName":"VideoCallService endCallSession should complete session and update appointment status","invocations":1,"location":null,"numPassingAsserts":5,"retryReasons":[],"status":"passed","title":"should complete session and update appointment status"}],"endTime":1770064573831,"message":"","name":"D:\\mobile applicatio\\Git_Repo\\FitCoach\\backend\\__tests__\\services\\videoCallService.test.js","startTime":1770064572717,"status":"passed","summary":""},{"assertionResults":[{"ancestorTitles":["InjuryMappingService"],"duration":13,"failureDetails":[],"failureMessages":[],"fullName":"InjuryMappingService applies injury swaps and records substitution reason","invocations":1,"location":null,"numPassingAsserts":4,"retryReasons":[],"status":"passed","title":"applies injury swaps and records substitution reason"}],"endTime":1770064577000,"message":"","name":"D:\\mobile applicatio\\Git_Repo\\FitCoach\\backend\\__tests__\\services\\injuryMappingService.test.js","startTime":1770064576408,"status":"passed","summary":""}],"wasInterrupted":false}
