{"numFailedTestSuites":0,"numFailedTests":0,"numPassedTestSuites":1,"numPassedTests":1,"numPendingTestSuites":0,"numPendingTests":0,"numRuntimeErrorTestSuites":0,"numTodoTests":0,"numTotalTestSuites":1,"numTotalTests":1,"openHandles":[],"snapshot":{"added":0,"didUpdate":false,"failure":false,"filesAdded":0,"filesRemoved":0,"filesRemovedList":[],"filesUnmatched":0,"filesUpdated":0,"matched":0,"total":0,"unchecked":0,"uncheckedKeysByFile":[],"unmatched":0,"updated":0},"startTime":1770064975339,"success":true,"testResults":[{"assertionResults":[{"ancestorTitles":["Exercise Catalog Coverage"],"duration":82,"failureDetails":[],"failureMessages":[],"fullName":"Exercise Catalog Coverage contains all template exercise ex_id values","invocations":1,"location":null,"numPassingAsserts":1,"retryReasons":[],"status":"passed","title":"contains all template exercise ex_id values"}],"endTime":1770064977785,"message":"","name":"D:\\mobile applicatio\\Git_Repo\\FitCoach\\backend\\__tests__\\services\\exerciseCatalog.test.js","startTime":1770064975864,"status":"passed","summary":""}],"wasInterrupted":false}
