{"D:\\mobile applicatio\\Git_Repo\\FitCoach\\backend\\src\\controllers\\adminController.js": {"path":"D:\\mobile applicatio\\Git_Repo\\FitCoach\\backend\\src\\controllers\\adminController.js","statementMap":{"0":{"start":{"line":1,"column":11},"end":{"line":1,"column":33}},"1":{"start":{"line":2,"column":15},"end":{"line":2,"column":41}},"2":{"start":{"line":4,"column":20},"end":{"line":4,"column":119}},"3":{"start":{"line":4,"column":31},"end":{"line":4,"column":119}},"4":{"start":{"line":5,"column":31},"end":{"line":5,"column":80}},"5":{"start":{"line":10,"column":0},"end":{"line":87,"column":2}},"6":{"start":{"line":11,"column":2},"end":{"line":86,"column":3}},"7":{"start":{"line":13,"column":24},"end":{"line":16,"column":5}},"8":{"start":{"line":19,"column":26},"end":{"line":21,"column":5}},"9":{"start":{"line":24,"column":23},"end":{"line":31,"column":5}},"10":{"start":{"line":34,"column":26},"end":{"line":39,"column":5}},"11":{"start":{"line":42,"column":27},"end":{"line":46,"column":5}},"12":{"start":{"line":49,"column":27},"end":{"line":54,"column":5}},"13":{"start":{"line":56,"column":4},"end":{"line":78,"column":7}},"14":{"start":{"line":81,"column":4},"end":{"line":81,"column":58}},"15":{"start":{"line":82,"column":4},"end":{"line":85,"column":7}},"16":{"start":{"line":92,"column":0},"end":{"line":169,"column":2}},"17":{"start":{"line":93,"column":2},"end":{"line":168,"column":3}},"18":{"start":{"line":101,"column":8},"end":{"line":101,"column":17}},"19":{"start":{"line":103,"column":16},"end":{"line":112,"column":5}},"20":{"start":{"line":114,"column":19},"end":{"line":114,"column":21}},"21":{"start":{"line":115,"column":21},"end":{"line":115,"column":22}},"22":{"start":{"line":117,"column":4},"end":{"line":121,"column":5}},"23":{"start":{"line":118,"column":6},"end":{"line":118,"column":128}},"24":{"start":{"line":119,"column":6},"end":{"line":119,"column":33}},"25":{"start":{"line":120,"column":6},"end":{"line":120,"column":19}},"26":{"start":{"line":123,"column":4},"end":{"line":127,"column":5}},"27":{"start":{"line":124,"column":6},"end":{"line":124,"column":59}},"28":{"start":{"line":125,"column":6},"end":{"line":125,"column":36}},"29":{"start":{"line":126,"column":6},"end":{"line":126,"column":19}},"30":{"start":{"line":129,"column":4},"end":{"line":133,"column":5}},"31":{"start":{"line":130,"column":6},"end":{"line":130,"column":51}},"32":{"start":{"line":131,"column":6},"end":{"line":131,"column":39}},"33":{"start":{"line":132,"column":6},"end":{"line":132,"column":19}},"34":{"start":{"line":135,"column":4},"end":{"line":139,"column":5}},"35":{"start":{"line":136,"column":6},"end":{"line":136,"column":51}},"36":{"start":{"line":137,"column":6},"end":{"line":137,"column":27}},"37":{"start":{"line":138,"column":6},"end":{"line":138,"column":19}},"38":{"start":{"line":141,"column":4},"end":{"line":144,"column":6}},"39":{"start":{"line":146,"column":4},"end":{"line":146,"column":51}},"40":{"start":{"line":148,"column":19},"end":{"line":148,"column":48}},"41":{"start":{"line":151,"column":18},"end":{"line":154,"column":6}},"42":{"start":{"line":152,"column":6},"end":{"line":152,"column":32}},"43":{"start":{"line":153,"column":6},"end":{"line":153,"column":18}},"44":{"start":{"line":156,"column":4},"end":{"line":160,"column":7}},"45":{"start":{"line":163,"column":4},"end":{"line":163,"column":44}},"46":{"start":{"line":164,"column":4},"end":{"line":167,"column":7}},"47":{"start":{"line":174,"column":0},"end":{"line":220,"column":2}},"48":{"start":{"line":175,"column":2},"end":{"line":219,"column":3}},"49":{"start":{"line":176,"column":19},"end":{"line":176,"column":29}},"50":{"start":{"line":178,"column":4},"end":{"line":183,"column":5}},"51":{"start":{"line":179,"column":6},"end":{"line":182,"column":9}},"52":{"start":{"line":185,"column":19},"end":{"line":196,"column":5}},"53":{"start":{"line":198,"column":4},"end":{"line":203,"column":5}},"54":{"start":{"line":199,"column":6},"end":{"line":202,"column":9}},"55":{"start":{"line":205,"column":17},"end":{"line":205,"column":31}},"56":{"start":{"line":206,"column":4},"end":{"line":206,"column":30}},"57":{"start":{"line":208,"column":4},"end":{"line":211,"column":7}},"58":{"start":{"line":214,"column":4},"end":{"line":214,"column":49}},"59":{"start":{"line":215,"column":4},"end":{"line":218,"column":7}},"60":{"start":{"line":225,"column":0},"end":{"line":320,"column":2}},"61":{"start":{"line":226,"column":2},"end":{"line":319,"column":3}},"62":{"start":{"line":227,"column":19},"end":{"line":227,"column":29}},"63":{"start":{"line":234,"column":8},"end":{"line":234,"column":16}},"64":{"start":{"line":236,"column":4},"end":{"line":241,"column":5}},"65":{"start":{"line":237,"column":6},"end":{"line":240,"column":9}},"66":{"start":{"line":243,"column":4},"end":{"line":248,"column":5}},"67":{"start":{"line":244,"column":6},"end":{"line":247,"column":9}},"68":{"start":{"line":250,"column":4},"end":{"line":255,"column":5}},"69":{"start":{"line":251,"column":6},"end":{"line":254,"column":9}},"70":{"start":{"line":257,"column":19},"end":{"line":267,"column":5}},"71":{"start":{"line":269,"column":4},"end":{"line":274,"column":5}},"72":{"start":{"line":270,"column":6},"end":{"line":273,"column":9}},"73":{"start":{"line":277,"column":4},"end":{"line":300,"column":5}},"74":{"start":{"line":278,"column":6},"end":{"line":299,"column":7}},"75":{"start":{"line":280,"column":8},"end":{"line":283,"column":10}},"76":{"start":{"line":286,"column":8},"end":{"line":289,"column":10}},"77":{"start":{"line":292,"column":8},"end":{"line":298,"column":10}},"78":{"start":{"line":302,"column":17},"end":{"line":302,"column":31}},"79":{"start":{"line":303,"column":4},"end":{"line":303,"column":30}},"80":{"start":{"line":305,"column":4},"end":{"line":309,"column":7}},"81":{"start":{"line":311,"column":4},"end":{"line":311,"column":47}},"82":{"start":{"line":314,"column":4},"end":{"line":314,"column":46}},"83":{"start":{"line":315,"column":4},"end":{"line":318,"column":7}},"84":{"start":{"line":325,"column":0},"end":{"line":377,"column":2}},"85":{"start":{"line":326,"column":2},"end":{"line":376,"column":3}},"86":{"start":{"line":327,"column":19},"end":{"line":327,"column":29}},"87":{"start":{"line":328,"column":23},"end":{"line":328,"column":31}},"88":{"start":{"line":330,"column":4},"end":{"line":335,"column":5}},"89":{"start":{"line":331,"column":6},"end":{"line":334,"column":9}},"90":{"start":{"line":337,"column":4},"end":{"line":342,"column":5}},"91":{"start":{"line":338,"column":6},"end":{"line":341,"column":9}},"92":{"start":{"line":344,"column":19},"end":{"line":353,"column":5}},"93":{"start":{"line":355,"column":4},"end":{"line":360,"column":5}},"94":{"start":{"line":356,"column":6},"end":{"line":359,"column":9}},"95":{"start":{"line":362,"column":4},"end":{"line":366,"column":7}},"96":{"start":{"line":368,"column":4},"end":{"line":368,"column":68}},"97":{"start":{"line":371,"column":4},"end":{"line":371,"column":47}},"98":{"start":{"line":372,"column":4},"end":{"line":375,"column":7}},"99":{"start":{"line":382,"column":0},"end":{"line":424,"column":2}},"100":{"start":{"line":383,"column":2},"end":{"line":423,"column":3}},"101":{"start":{"line":384,"column":19},"end":{"line":384,"column":29}},"102":{"start":{"line":386,"column":4},"end":{"line":391,"column":5}},"103":{"start":{"line":387,"column":6},"end":{"line":390,"column":9}},"104":{"start":{"line":393,"column":19},"end":{"line":401,"column":5}},"105":{"start":{"line":403,"column":4},"end":{"line":408,"column":5}},"106":{"start":{"line":404,"column":6},"end":{"line":407,"column":9}},"107":{"start":{"line":410,"column":4},"end":{"line":413,"column":7}},"108":{"start":{"line":415,"column":4},"end":{"line":415,"column":47}},"109":{"start":{"line":418,"column":4},"end":{"line":418,"column":46}},"110":{"start":{"line":419,"column":4},"end":{"line":422,"column":7}},"111":{"start":{"line":429,"column":0},"end":{"line":500,"column":2}},"112":{"start":{"line":430,"column":2},"end":{"line":499,"column":3}},"113":{"start":{"line":437,"column":8},"end":{"line":437,"column":17}},"114":{"start":{"line":439,"column":16},"end":{"line":454,"column":5}},"115":{"start":{"line":456,"column":19},"end":{"line":456,"column":21}},"116":{"start":{"line":457,"column":21},"end":{"line":457,"column":22}},"117":{"start":{"line":459,"column":4},"end":{"line":463,"column":5}},"118":{"start":{"line":460,"column":6},"end":{"line":460,"column":89}},"119":{"start":{"line":461,"column":6},"end":{"line":461,"column":33}},"120":{"start":{"line":462,"column":6},"end":{"line":462,"column":19}},"121":{"start":{"line":465,"column":4},"end":{"line":469,"column":5}},"122":{"start":{"line":466,"column":6},"end":{"line":466,"column":51}},"123":{"start":{"line":467,"column":6},"end":{"line":467,"column":39}},"124":{"start":{"line":468,"column":6},"end":{"line":468,"column":19}},"125":{"start":{"line":471,"column":4},"end":{"line":475,"column":5}},"126":{"start":{"line":472,"column":6},"end":{"line":472,"column":53}},"127":{"start":{"line":473,"column":6},"end":{"line":473,"column":39}},"128":{"start":{"line":474,"column":6},"end":{"line":474,"column":19}},"129":{"start":{"line":477,"column":4},"end":{"line":481,"column":6}},"130":{"start":{"line":483,"column":4},"end":{"line":483,"column":51}},"131":{"start":{"line":485,"column":19},"end":{"line":485,"column":48}},"132":{"start":{"line":487,"column":4},"end":{"line":491,"column":7}},"133":{"start":{"line":494,"column":4},"end":{"line":494,"column":46}},"134":{"start":{"line":495,"column":4},"end":{"line":498,"column":7}},"135":{"start":{"line":505,"column":0},"end":{"line":554,"column":2}},"136":{"start":{"line":506,"column":2},"end":{"line":553,"column":3}},"137":{"start":{"line":507,"column":19},"end":{"line":507,"column":29}},"138":{"start":{"line":509,"column":4},"end":{"line":514,"column":5}},"139":{"start":{"line":510,"column":6},"end":{"line":513,"column":9}},"140":{"start":{"line":516,"column":19},"end":{"line":524,"column":5}},"141":{"start":{"line":526,"column":4},"end":{"line":531,"column":5}},"142":{"start":{"line":527,"column":6},"end":{"line":530,"column":9}},"143":{"start":{"line":534,"column":4},"end":{"line":537,"column":6}},"144":{"start":{"line":539,"column":4},"end":{"line":543,"column":7}},"145":{"start":{"line":545,"column":4},"end":{"line":545,"column":49}},"146":{"start":{"line":548,"column":4},"end":{"line":548,"column":48}},"147":{"start":{"line":549,"column":4},"end":{"line":552,"column":7}},"148":{"start":{"line":559,"column":0},"end":{"line":616,"column":2}},"149":{"start":{"line":560,"column":2},"end":{"line":615,"column":3}},"150":{"start":{"line":561,"column":19},"end":{"line":561,"column":29}},"151":{"start":{"line":562,"column":23},"end":{"line":562,"column":31}},"152":{"start":{"line":564,"column":4},"end":{"line":569,"column":5}},"153":{"start":{"line":565,"column":6},"end":{"line":568,"column":9}},"154":{"start":{"line":571,"column":4},"end":{"line":576,"column":5}},"155":{"start":{"line":572,"column":6},"end":{"line":575,"column":9}},"156":{"start":{"line":578,"column":19},"end":{"line":587,"column":5}},"157":{"start":{"line":589,"column":4},"end":{"line":594,"column":5}},"158":{"start":{"line":590,"column":6},"end":{"line":593,"column":9}},"159":{"start":{"line":597,"column":4},"end":{"line":600,"column":6}},"160":{"start":{"line":602,"column":4},"end":{"line":605,"column":7}},"161":{"start":{"line":607,"column":4},"end":{"line":607,"column":69}},"162":{"start":{"line":610,"column":4},"end":{"line":610,"column":48}},"163":{"start":{"line":611,"column":4},"end":{"line":614,"column":7}},"164":{"start":{"line":621,"column":0},"end":{"line":689,"column":2}},"165":{"start":{"line":622,"column":2},"end":{"line":688,"column":3}},"166":{"start":{"line":623,"column":53},"end":{"line":623,"column":62}},"167":{"start":{"line":626,"column":24},"end":{"line":632,"column":5}},"168":{"start":{"line":635,"column":22},"end":{"line":642,"column":5}},"169":{"start":{"line":644,"column":19},"end":{"line":644,"column":27}},"170":{"start":{"line":646,"column":4},"end":{"line":649,"column":5}},"171":{"start":{"line":647,"column":6},"end":{"line":647,"column":45}},"172":{"start":{"line":648,"column":6},"end":{"line":648,"column":29}},"173":{"start":{"line":651,"column":4},"end":{"line":654,"column":5}},"174":{"start":{"line":652,"column":6},"end":{"line":652,"column":64}},"175":{"start":{"line":653,"column":6},"end":{"line":653,"column":27}},"176":{"start":{"line":656,"column":4},"end":{"line":656,"column":68}},"177":{"start":{"line":658,"column":25},"end":{"line":658,"column":60}},"178":{"start":{"line":661,"column":23},"end":{"line":670,"column":5}},"179":{"start":{"line":672,"column":4},"end":{"line":680,"column":7}},"180":{"start":{"line":683,"column":4},"end":{"line":683,"column":56}},"181":{"start":{"line":684,"column":4},"end":{"line":687,"column":7}},"182":{"start":{"line":694,"column":0},"end":{"line":771,"column":2}},"183":{"start":{"line":695,"column":2},"end":{"line":770,"column":3}},"184":{"start":{"line":703,"column":8},"end":{"line":703,"column":17}},"185":{"start":{"line":705,"column":4},"end":{"line":711,"column":5}},"186":{"start":{"line":706,"column":6},"end":{"line":710,"column":9}},"187":{"start":{"line":713,"column":16},"end":{"line":720,"column":5}},"188":{"start":{"line":722,"column":19},"end":{"line":722,"column":21}},"189":{"start":{"line":723,"column":21},"end":{"line":723,"column":22}},"190":{"start":{"line":725,"column":4},"end":{"line":729,"column":5}},"191":{"start":{"line":726,"column":6},"end":{"line":726,"column":50}},"192":{"start":{"line":727,"column":6},"end":{"line":727,"column":26}},"193":{"start":{"line":728,"column":6},"end":{"line":728,"column":19}},"194":{"start":{"line":731,"column":4},"end":{"line":735,"column":5}},"195":{"start":{"line":732,"column":6},"end":{"line":732,"column":49}},"196":{"start":{"line":733,"column":6},"end":{"line":733,"column":26}},"197":{"start":{"line":734,"column":6},"end":{"line":734,"column":19}},"198":{"start":{"line":737,"column":4},"end":{"line":741,"column":5}},"199":{"start":{"line":738,"column":6},"end":{"line":738,"column":54}},"200":{"start":{"line":739,"column":6},"end":{"line":739,"column":29}},"201":{"start":{"line":740,"column":6},"end":{"line":740,"column":19}},"202":{"start":{"line":743,"column":4},"end":{"line":747,"column":5}},"203":{"start":{"line":744,"column":6},"end":{"line":744,"column":54}},"204":{"start":{"line":745,"column":6},"end":{"line":745,"column":27}},"205":{"start":{"line":746,"column":6},"end":{"line":746,"column":19}},"206":{"start":{"line":749,"column":4},"end":{"line":752,"column":6}},"207":{"start":{"line":754,"column":4},"end":{"line":754,"column":51}},"208":{"start":{"line":756,"column":19},"end":{"line":756,"column":48}},"209":{"start":{"line":758,"column":4},"end":{"line":762,"column":7}},"210":{"start":{"line":765,"column":4},"end":{"line":765,"column":49}},"211":{"start":{"line":766,"column":4},"end":{"line":769,"column":7}},"212":{"start":{"line":776,"column":0},"end":{"line":820,"column":2}},"213":{"start":{"line":777,"column":2},"end":{"line":819,"column":3}},"214":{"start":{"line":778,"column":69},"end":{"line":778,"column":78}},"215":{"start":{"line":780,"column":16},"end":{"line":780,"column":51}},"216":{"start":{"line":781,"column":19},"end":{"line":781,"column":21}},"217":{"start":{"line":782,"column":21},"end":{"line":782,"column":22}},"218":{"start":{"line":784,"column":4},"end":{"line":788,"column":5}},"219":{"start":{"line":785,"column":6},"end":{"line":785,"column":82}},"220":{"start":{"line":786,"column":6},"end":{"line":786,"column":33}},"221":{"start":{"line":787,"column":6},"end":{"line":787,"column":19}},"222":{"start":{"line":790,"column":4},"end":{"line":794,"column":5}},"223":{"start":{"line":791,"column":6},"end":{"line":791,"column":48}},"224":{"start":{"line":792,"column":6},"end":{"line":792,"column":28}},"225":{"start":{"line":793,"column":6},"end":{"line":793,"column":19}},"226":{"start":{"line":796,"column":4},"end":{"line":800,"column":5}},"227":{"start":{"line":797,"column":6},"end":{"line":797,"column":50}},"228":{"start":{"line":798,"column":6},"end":{"line":798,"column":30}},"229":{"start":{"line":799,"column":6},"end":{"line":799,"column":19}},"230":{"start":{"line":802,"column":4},"end":{"line":802,"column":77}},"231":{"start":{"line":803,"column":4},"end":{"line":803,"column":51}},"232":{"start":{"line":805,"column":19},"end":{"line":805,"column":48}},"233":{"start":{"line":807,"column":4},"end":{"line":811,"column":7}},"234":{"start":{"line":814,"column":4},"end":{"line":814,"column":48}},"235":{"start":{"line":815,"column":4},"end":{"line":818,"column":7}},"236":{"start":{"line":825,"column":0},"end":{"line":875,"column":2}},"237":{"start":{"line":826,"column":2},"end":{"line":874,"column":3}},"238":{"start":{"line":839,"column":8},"end":{"line":839,"column":16}},"239":{"start":{"line":841,"column":19},"end":{"line":858,"column":5}},"240":{"start":{"line":860,"column":4},"end":{"line":864,"column":7}},"241":{"start":{"line":866,"column":4},"end":{"line":866,"column":58}},"242":{"start":{"line":869,"column":4},"end":{"line":869,"column":50}},"243":{"start":{"line":870,"column":4},"end":{"line":873,"column":7}},"244":{"start":{"line":880,"column":0},"end":{"line":939,"column":2}},"245":{"start":{"line":881,"column":2},"end":{"line":938,"column":3}},"246":{"start":{"line":882,"column":19},"end":{"line":882,"column":29}},"247":{"start":{"line":895,"column":8},"end":{"line":895,"column":16}},"248":{"start":{"line":897,"column":19},"end":{"line":915,"column":5}},"249":{"start":{"line":917,"column":4},"end":{"line":922,"column":5}},"250":{"start":{"line":918,"column":6},"end":{"line":921,"column":9}},"251":{"start":{"line":924,"column":4},"end":{"line":928,"column":7}},"252":{"start":{"line":930,"column":4},"end":{"line":930,"column":43}},"253":{"start":{"line":933,"column":4},"end":{"line":933,"column":50}},"254":{"start":{"line":934,"column":4},"end":{"line":937,"column":7}},"255":{"start":{"line":944,"column":0},"end":{"line":989,"column":2}},"256":{"start":{"line":945,"column":2},"end":{"line":988,"column":3}},"257":{"start":{"line":946,"column":19},"end":{"line":946,"column":29}},"258":{"start":{"line":949,"column":23},"end":{"line":954,"column":5}},"259":{"start":{"line":956,"column":4},"end":{"line":961,"column":5}},"260":{"start":{"line":957,"column":6},"end":{"line":960,"column":9}},"261":{"start":{"line":963,"column":19},"end":{"line":966,"column":5}},"262":{"start":{"line":968,"column":4},"end":{"line":973,"column":5}},"263":{"start":{"line":969,"column":6},"end":{"line":972,"column":9}},"264":{"start":{"line":975,"column":4},"end":{"line":978,"column":7}},"265":{"start":{"line":980,"column":4},"end":{"line":980,"column":43}},"266":{"start":{"line":983,"column":4},"end":{"line":983,"column":50}},"267":{"start":{"line":984,"column":4},"end":{"line":987,"column":7}},"268":{"start":{"line":994,"column":0},"end":{"line":1012,"column":2}},"269":{"start":{"line":995,"column":2},"end":{"line":1011,"column":3}},"270":{"start":{"line":996,"column":19},"end":{"line":998,"column":5}},"271":{"start":{"line":1000,"column":4},"end":{"line":1003,"column":7}},"272":{"start":{"line":1006,"column":4},"end":{"line":1006,"column":57}},"273":{"start":{"line":1007,"column":4},"end":{"line":1010,"column":7}},"274":{"start":{"line":1017,"column":0},"end":{"line":1070,"column":2}},"275":{"start":{"line":1018,"column":2},"end":{"line":1069,"column":3}},"276":{"start":{"line":1019,"column":19},"end":{"line":1019,"column":29}},"277":{"start":{"line":1029,"column":8},"end":{"line":1029,"column":16}},"278":{"start":{"line":1031,"column":19},"end":{"line":1046,"column":5}},"279":{"start":{"line":1048,"column":4},"end":{"line":1053,"column":5}},"280":{"start":{"line":1049,"column":6},"end":{"line":1052,"column":9}},"281":{"start":{"line":1055,"column":4},"end":{"line":1059,"column":7}},"282":{"start":{"line":1061,"column":4},"end":{"line":1061,"column":52}},"283":{"start":{"line":1064,"column":4},"end":{"line":1064,"column":59}},"284":{"start":{"line":1065,"column":4},"end":{"line":1068,"column":7}},"285":{"start":{"line":1075,"column":0},"end":{"line":1103,"column":2}},"286":{"start":{"line":1076,"column":2},"end":{"line":1102,"column":3}},"287":{"start":{"line":1077,"column":19},"end":{"line":1079,"column":5}},"288":{"start":{"line":1082,"column":21},"end":{"line":1082,"column":23}},"289":{"start":{"line":1083,"column":4},"end":{"line":1089,"column":7}},"290":{"start":{"line":1084,"column":6},"end":{"line":1088,"column":8}},"291":{"start":{"line":1091,"column":4},"end":{"line":1094,"column":7}},"292":{"start":{"line":1097,"column":4},"end":{"line":1097,"column":54}},"293":{"start":{"line":1098,"column":4},"end":{"line":1101,"column":7}},"294":{"start":{"line":1108,"column":0},"end":{"line":1137,"column":2}},"295":{"start":{"line":1109,"column":2},"end":{"line":1136,"column":3}},"296":{"start":{"line":1110,"column":25},"end":{"line":1110,"column":33}},"297":{"start":{"line":1113,"column":4},"end":{"line":1121,"column":5}},"298":{"start":{"line":1114,"column":6},"end":{"line":1120,"column":8}},"299":{"start":{"line":1123,"column":4},"end":{"line":1126,"column":7}},"300":{"start":{"line":1128,"column":4},"end":{"line":1128,"column":43}},"301":{"start":{"line":1131,"column":4},"end":{"line":1131,"column":57}},"302":{"start":{"line":1132,"column":4},"end":{"line":1135,"column":7}},"303":{"start":{"line":1139,"column":0},"end":{"line":1139,"column":25}}},"fnMap":{"0":{"name":"(anonymous_0)","decl":{"start":{"line":4,"column":20},"end":{"line":4,"column":21}},"loc":{"start":{"line":4,"column":31},"end":{"line":4,"column":119}},"line":4},"1":{"name":"(anonymous_1)","decl":{"start":{"line":10,"column":32},"end":{"line":10,"column":33}},"loc":{"start":{"line":10,"column":52},"end":{"line":87,"column":1}},"line":10},"2":{"name":"(anonymous_2)","decl":{"start":{"line":92,"column":19},"end":{"line":92,"column":20}},"loc":{"start":{"line":92,"column":39},"end":{"line":169,"column":1}},"line":92},"3":{"name":"(anonymous_3)","decl":{"start":{"line":151,"column":34},"end":{"line":151,"column":35}},"loc":{"start":{"line":151,"column":42},"end":{"line":154,"column":5}},"line":151},"4":{"name":"(anonymous_4)","decl":{"start":{"line":174,"column":22},"end":{"line":174,"column":23}},"loc":{"start":{"line":174,"column":42},"end":{"line":220,"column":1}},"line":174},"5":{"name":"(anonymous_5)","decl":{"start":{"line":225,"column":21},"end":{"line":225,"column":22}},"loc":{"start":{"line":225,"column":41},"end":{"line":320,"column":1}},"line":225},"6":{"name":"(anonymous_6)","decl":{"start":{"line":325,"column":22},"end":{"line":325,"column":23}},"loc":{"start":{"line":325,"column":42},"end":{"line":377,"column":1}},"line":325},"7":{"name":"(anonymous_7)","decl":{"start":{"line":382,"column":21},"end":{"line":382,"column":22}},"loc":{"start":{"line":382,"column":41},"end":{"line":424,"column":1}},"line":382},"8":{"name":"(anonymous_8)","decl":{"start":{"line":429,"column":21},"end":{"line":429,"column":22}},"loc":{"start":{"line":429,"column":41},"end":{"line":500,"column":1}},"line":429},"9":{"name":"(anonymous_9)","decl":{"start":{"line":505,"column":23},"end":{"line":505,"column":24}},"loc":{"start":{"line":505,"column":43},"end":{"line":554,"column":1}},"line":505},"10":{"name":"(anonymous_10)","decl":{"start":{"line":559,"column":23},"end":{"line":559,"column":24}},"loc":{"start":{"line":559,"column":43},"end":{"line":616,"column":1}},"line":559},"11":{"name":"(anonymous_11)","decl":{"start":{"line":621,"column":30},"end":{"line":621,"column":31}},"loc":{"start":{"line":621,"column":50},"end":{"line":689,"column":1}},"line":621},"12":{"name":"(anonymous_12)","decl":{"start":{"line":694,"column":23},"end":{"line":694,"column":24}},"loc":{"start":{"line":694,"column":43},"end":{"line":771,"column":1}},"line":694},"13":{"name":"(anonymous_13)","decl":{"start":{"line":776,"column":23},"end":{"line":776,"column":24}},"loc":{"start":{"line":776,"column":43},"end":{"line":820,"column":1}},"line":776},"14":{"name":"(anonymous_14)","decl":{"start":{"line":825,"column":25},"end":{"line":825,"column":26}},"loc":{"start":{"line":825,"column":45},"end":{"line":875,"column":1}},"line":825},"15":{"name":"(anonymous_15)","decl":{"start":{"line":880,"column":25},"end":{"line":880,"column":26}},"loc":{"start":{"line":880,"column":45},"end":{"line":939,"column":1}},"line":880},"16":{"name":"(anonymous_16)","decl":{"start":{"line":944,"column":25},"end":{"line":944,"column":26}},"loc":{"start":{"line":944,"column":45},"end":{"line":989,"column":1}},"line":944},"17":{"name":"(anonymous_17)","decl":{"start":{"line":994,"column":31},"end":{"line":994,"column":32}},"loc":{"start":{"line":994,"column":51},"end":{"line":1012,"column":1}},"line":994},"18":{"name":"(anonymous_18)","decl":{"start":{"line":1017,"column":33},"end":{"line":1017,"column":34}},"loc":{"start":{"line":1017,"column":53},"end":{"line":1070,"column":1}},"line":1017},"19":{"name":"(anonymous_19)","decl":{"start":{"line":1075,"column":28},"end":{"line":1075,"column":29}},"loc":{"start":{"line":1075,"column":48},"end":{"line":1103,"column":1}},"line":1075},"20":{"name":"(anonymous_20)","decl":{"start":{"line":1083,"column":24},"end":{"line":1083,"column":25}},"loc":{"start":{"line":1083,"column":31},"end":{"line":1089,"column":5}},"line":1083},"21":{"name":"(anonymous_21)","decl":{"start":{"line":1108,"column":31},"end":{"line":1108,"column":32}},"loc":{"start":{"line":1108,"column":51},"end":{"line":1137,"column":1}},"line":1108}},"branchMap":{"0":{"loc":{"start":{"line":99,"column":6},"end":{"line":99,"column":16}},"type":"default-arg","locations":[{"start":{"line":99,"column":14},"end":{"line":99,"column":16}}],"line":99},"1":{"loc":{"start":{"line":100,"column":6},"end":{"line":100,"column":16}},"type":"default-arg","locations":[{"start":{"line":100,"column":15},"end":{"line":100,"column":16}}],"line":100},"2":{"loc":{"start":{"line":117,"column":4},"end":{"line":121,"column":5}},"type":"if","locations":[{"start":{"line":117,"column":4},"end":{"line":121,"column":5}},{"start":{},"end":{}}],"line":117},"3":{"loc":{"start":{"line":123,"column":4},"end":{"line":127,"column":5}},"type":"if","locations":[{"start":{"line":123,"column":4},"end":{"line":127,"column":5}},{"start":{},"end":{}}],"line":123},"4":{"loc":{"start":{"line":129,"column":4},"end":{"line":133,"column":5}},"type":"if","locations":[{"start":{"line":129,"column":4},"end":{"line":133,"column":5}},{"start":{},"end":{}}],"line":129},"5":{"loc":{"start":{"line":135,"column":4},"end":{"line":139,"column":5}},"type":"if","locations":[{"start":{"line":135,"column":4},"end":{"line":139,"column":5}},{"start":{},"end":{}}],"line":135},"6":{"loc":{"start":{"line":178,"column":4},"end":{"line":183,"column":5}},"type":"if","locations":[{"start":{"line":178,"column":4},"end":{"line":183,"column":5}},{"start":{},"end":{}}],"line":178},"7":{"loc":{"start":{"line":198,"column":4},"end":{"line":203,"column":5}},"type":"if","locations":[{"start":{"line":198,"column":4},"end":{"line":203,"column":5}},{"start":{},"end":{}}],"line":198},"8":{"loc":{"start":{"line":236,"column":4},"end":{"line":241,"column":5}},"type":"if","locations":[{"start":{"line":236,"column":4},"end":{"line":241,"column":5}},{"start":{},"end":{}}],"line":236},"9":{"loc":{"start":{"line":243,"column":4},"end":{"line":248,"column":5}},"type":"if","locations":[{"start":{"line":243,"column":4},"end":{"line":248,"column":5}},{"start":{},"end":{}}],"line":243},"10":{"loc":{"start":{"line":243,"column":8},"end":{"line":243,"column":73}},"type":"binary-expr","locations":[{"start":{"line":243,"column":8},"end":{"line":243,"column":24}},{"start":{"line":243,"column":28},"end":{"line":243,"column":73}}],"line":243},"11":{"loc":{"start":{"line":250,"column":4},"end":{"line":255,"column":5}},"type":"if","locations":[{"start":{"line":250,"column":4},"end":{"line":255,"column":5}},{"start":{},"end":{}}],"line":250},"12":{"loc":{"start":{"line":250,"column":8},"end":{"line":250,"column":74}},"type":"binary-expr","locations":[{"start":{"line":250,"column":8},"end":{"line":250,"column":29}},{"start":{"line":250,"column":33},"end":{"line":250,"column":49}},{"start":{"line":250,"column":53},"end":{"line":250,"column":74}}],"line":250},"13":{"loc":{"start":{"line":269,"column":4},"end":{"line":274,"column":5}},"type":"if","locations":[{"start":{"line":269,"column":4},"end":{"line":274,"column":5}},{"start":{},"end":{}}],"line":269},"14":{"loc":{"start":{"line":277,"column":4},"end":{"line":300,"column":5}},"type":"if","locations":[{"start":{"line":277,"column":4},"end":{"line":300,"column":5}},{"start":{},"end":{}}],"line":277},"15":{"loc":{"start":{"line":278,"column":6},"end":{"line":299,"column":7}},"type":"if","locations":[{"start":{"line":278,"column":6},"end":{"line":299,"column":7}},{"start":{"line":284,"column":13},"end":{"line":299,"column":7}}],"line":278},"16":{"loc":{"start":{"line":330,"column":4},"end":{"line":335,"column":5}},"type":"if","locations":[{"start":{"line":330,"column":4},"end":{"line":335,"column":5}},{"start":{},"end":{}}],"line":330},"17":{"loc":{"start":{"line":337,"column":4},"end":{"line":342,"column":5}},"type":"if","locations":[{"start":{"line":337,"column":4},"end":{"line":342,"column":5}},{"start":{},"end":{}}],"line":337},"18":{"loc":{"start":{"line":355,"column":4},"end":{"line":360,"column":5}},"type":"if","locations":[{"start":{"line":355,"column":4},"end":{"line":360,"column":5}},{"start":{},"end":{}}],"line":355},"19":{"loc":{"start":{"line":386,"column":4},"end":{"line":391,"column":5}},"type":"if","locations":[{"start":{"line":386,"column":4},"end":{"line":391,"column":5}},{"start":{},"end":{}}],"line":386},"20":{"loc":{"start":{"line":403,"column":4},"end":{"line":408,"column":5}},"type":"if","locations":[{"start":{"line":403,"column":4},"end":{"line":408,"column":5}},{"start":{},"end":{}}],"line":403},"21":{"loc":{"start":{"line":435,"column":6},"end":{"line":435,"column":16}},"type":"default-arg","locations":[{"start":{"line":435,"column":14},"end":{"line":435,"column":16}}],"line":435},"22":{"loc":{"start":{"line":436,"column":6},"end":{"line":436,"column":16}},"type":"default-arg","locations":[{"start":{"line":436,"column":15},"end":{"line":436,"column":16}}],"line":436},"23":{"loc":{"start":{"line":459,"column":4},"end":{"line":463,"column":5}},"type":"if","locations":[{"start":{"line":459,"column":4},"end":{"line":463,"column":5}},{"start":{},"end":{}}],"line":459},"24":{"loc":{"start":{"line":465,"column":4},"end":{"line":469,"column":5}},"type":"if","locations":[{"start":{"line":465,"column":4},"end":{"line":469,"column":5}},{"start":{},"end":{}}],"line":465},"25":{"loc":{"start":{"line":471,"column":4},"end":{"line":475,"column":5}},"type":"if","locations":[{"start":{"line":471,"column":4},"end":{"line":475,"column":5}},{"start":{},"end":{}}],"line":471},"26":{"loc":{"start":{"line":509,"column":4},"end":{"line":514,"column":5}},"type":"if","locations":[{"start":{"line":509,"column":4},"end":{"line":514,"column":5}},{"start":{},"end":{}}],"line":509},"27":{"loc":{"start":{"line":526,"column":4},"end":{"line":531,"column":5}},"type":"if","locations":[{"start":{"line":526,"column":4},"end":{"line":531,"column":5}},{"start":{},"end":{}}],"line":526},"28":{"loc":{"start":{"line":564,"column":4},"end":{"line":569,"column":5}},"type":"if","locations":[{"start":{"line":564,"column":4},"end":{"line":569,"column":5}},{"start":{},"end":{}}],"line":564},"29":{"loc":{"start":{"line":571,"column":4},"end":{"line":576,"column":5}},"type":"if","locations":[{"start":{"line":571,"column":4},"end":{"line":576,"column":5}},{"start":{},"end":{}}],"line":571},"30":{"loc":{"start":{"line":589,"column":4},"end":{"line":594,"column":5}},"type":"if","locations":[{"start":{"line":589,"column":4},"end":{"line":594,"column":5}},{"start":{},"end":{}}],"line":589},"31":{"loc":{"start":{"line":623,"column":12},"end":{"line":623,"column":28}},"type":"default-arg","locations":[{"start":{"line":623,"column":21},"end":{"line":623,"column":28}}],"line":623},"32":{"loc":{"start":{"line":646,"column":4},"end":{"line":649,"column":5}},"type":"if","locations":[{"start":{"line":646,"column":4},"end":{"line":649,"column":5}},{"start":{},"end":{}}],"line":646},"33":{"loc":{"start":{"line":651,"column":4},"end":{"line":654,"column":5}},"type":"if","locations":[{"start":{"line":651,"column":4},"end":{"line":654,"column":5}},{"start":{},"end":{}}],"line":651},"34":{"loc":{"start":{"line":701,"column":6},"end":{"line":701,"column":17}},"type":"default-arg","locations":[{"start":{"line":701,"column":14},"end":{"line":701,"column":17}}],"line":701},"35":{"loc":{"start":{"line":702,"column":6},"end":{"line":702,"column":16}},"type":"default-arg","locations":[{"start":{"line":702,"column":15},"end":{"line":702,"column":16}}],"line":702},"36":{"loc":{"start":{"line":705,"column":4},"end":{"line":711,"column":5}},"type":"if","locations":[{"start":{"line":705,"column":4},"end":{"line":711,"column":5}},{"start":{},"end":{}}],"line":705},"37":{"loc":{"start":{"line":705,"column":8},"end":{"line":705,"column":38}},"type":"binary-expr","locations":[{"start":{"line":705,"column":8},"end":{"line":705,"column":14}},{"start":{"line":705,"column":18},"end":{"line":705,"column":38}}],"line":705},"38":{"loc":{"start":{"line":725,"column":4},"end":{"line":729,"column":5}},"type":"if","locations":[{"start":{"line":725,"column":4},"end":{"line":729,"column":5}},{"start":{},"end":{}}],"line":725},"39":{"loc":{"start":{"line":731,"column":4},"end":{"line":735,"column":5}},"type":"if","locations":[{"start":{"line":731,"column":4},"end":{"line":735,"column":5}},{"start":{},"end":{}}],"line":731},"40":{"loc":{"start":{"line":737,"column":4},"end":{"line":741,"column":5}},"type":"if","locations":[{"start":{"line":737,"column":4},"end":{"line":741,"column":5}},{"start":{},"end":{}}],"line":737},"41":{"loc":{"start":{"line":743,"column":4},"end":{"line":747,"column":5}},"type":"if","locations":[{"start":{"line":743,"column":4},"end":{"line":747,"column":5}},{"start":{},"end":{}}],"line":743},"42":{"loc":{"start":{"line":778,"column":42},"end":{"line":778,"column":52}},"type":"default-arg","locations":[{"start":{"line":778,"column":50},"end":{"line":778,"column":52}}],"line":778},"43":{"loc":{"start":{"line":778,"column":54},"end":{"line":778,"column":64}},"type":"default-arg","locations":[{"start":{"line":778,"column":63},"end":{"line":778,"column":64}}],"line":778},"44":{"loc":{"start":{"line":784,"column":4},"end":{"line":788,"column":5}},"type":"if","locations":[{"start":{"line":784,"column":4},"end":{"line":788,"column":5}},{"start":{},"end":{}}],"line":784},"45":{"loc":{"start":{"line":790,"column":4},"end":{"line":794,"column":5}},"type":"if","locations":[{"start":{"line":790,"column":4},"end":{"line":794,"column":5}},{"start":{},"end":{}}],"line":790},"46":{"loc":{"start":{"line":796,"column":4},"end":{"line":800,"column":5}},"type":"if","locations":[{"start":{"line":796,"column":4},"end":{"line":800,"column":5}},{"start":{},"end":{}}],"line":796},"47":{"loc":{"start":{"line":917,"column":4},"end":{"line":922,"column":5}},"type":"if","locations":[{"start":{"line":917,"column":4},"end":{"line":922,"column":5}},{"start":{},"end":{}}],"line":917},"48":{"loc":{"start":{"line":956,"column":4},"end":{"line":961,"column":5}},"type":"if","locations":[{"start":{"line":956,"column":4},"end":{"line":961,"column":5}},{"start":{},"end":{}}],"line":956},"49":{"loc":{"start":{"line":968,"column":4},"end":{"line":973,"column":5}},"type":"if","locations":[{"start":{"line":968,"column":4},"end":{"line":973,"column":5}},{"start":{},"end":{}}],"line":968},"50":{"loc":{"start":{"line":1048,"column":4},"end":{"line":1053,"column":5}},"type":"if","locations":[{"start":{"line":1048,"column":4},"end":{"line":1053,"column":5}},{"start":{},"end":{}}],"line":1048}},"s":{"0":2,"1":2,"2":2,"3":0,"4":2,"5":2,"6":0,"7":0,"8":0,"9":0,"10":0,"11":0,"12":0,"13":0,"14":0,"15":0,"16":2,"17":0,"18":0,"19":0,"20":0,"21":0,"22":0,"23":0,"24":0,"25":0,"26":0,"27":0,"28":0,"29":0,"30":0,"31":0,"32":0,"33":0,"34":0,"35":0,"36":0,"37":0,"38":0,"39":0,"40":0,"41":0,"42":0,"43":0,"44":0,"45":0,"46":0,"47":2,"48":0,"49":0,"50":0,"51":0,"52":0,"53":0,"54":0,"55":0,"56":0,"57":0,"58":0,"59":0,"60":2,"61":0,"62":0,"63":0,"64":0,"65":0,"66":0,"67":0,"68":0,"69":0,"70":0,"71":0,"72":0,"73":0,"74":0,"75":0,"76":0,"77":0,"78":0,"79":0,"80":0,"81":0,"82":0,"83":0,"84":2,"85":0,"86":0,"87":0,"88":0,"89":0,"90":0,"91":0,"92":0,"93":0,"94":0,"95":0,"96":0,"97":0,"98":0,"99":2,"100":0,"101":0,"102":0,"103":0,"104":0,"105":0,"106":0,"107":0,"108":0,"109":0,"110":0,"111":2,"112":0,"113":0,"114":0,"115":0,"116":0,"117":0,"118":0,"119":0,"120":0,"121":0,"122":0,"123":0,"124":0,"125":0,"126":0,"127":0,"128":0,"129":0,"130":0,"131":0,"132":0,"133":0,"134":0,"135":2,"136":0,"137":0,"138":0,"139":0,"140":0,"141":0,"142":0,"143":0,"144":0,"145":0,"146":0,"147":0,"148":2,"149":0,"150":0,"151":0,"152":0,"153":0,"154":0,"155":0,"156":0,"157":0,"158":0,"159":0,"160":0,"161":0,"162":0,"163":0,"164":2,"165":0,"166":0,"167":0,"168":0,"169":0,"170":0,"171":0,"172":0,"173":0,"174":0,"175":0,"176":0,"177":0,"178":0,"179":0,"180":0,"181":0,"182":2,"183":0,"184":0,"185":0,"186":0,"187":0,"188":0,"189":0,"190":0,"191":0,"192":0,"193":0,"194":0,"195":0,"196":0,"197":0,"198":0,"199":0,"200":0,"201":0,"202":0,"203":0,"204":0,"205":0,"206":0,"207":0,"208":0,"209":0,"210":0,"211":0,"212":2,"213":0,"214":0,"215":0,"216":0,"217":0,"218":0,"219":0,"220":0,"221":0,"222":0,"223":0,"224":0,"225":0,"226":0,"227":0,"228":0,"229":0,"230":0,"231":0,"232":0,"233":0,"234":0,"235":0,"236":2,"237":0,"238":0,"239":0,"240":0,"241":0,"242":0,"243":0,"244":2,"245":0,"246":0,"247":0,"248":0,"249":0,"250":0,"251":0,"252":0,"253":0,"254":0,"255":2,"256":0,"257":0,"258":0,"259":0,"260":0,"261":0,"262":0,"263":0,"264":0,"265":0,"266":0,"267":0,"268":2,"269":0,"270":0,"271":0,"272":0,"273":0,"274":2,"275":0,"276":0,"277":0,"278":0,"279":0,"280":0,"281":0,"282":0,"283":0,"284":0,"285":2,"286":0,"287":0,"288":0,"289":0,"290":0,"291":0,"292":0,"293":0,"294":2,"295":0,"296":0,"297":0,"298":0,"299":0,"300":0,"301":0,"302":0,"303":2},"f":{"0":0,"1":0,"2":0,"3":0,"4":0,"5":0,"6":0,"7":0,"8":0,"9":0,"10":0,"11":0,"12":0,"13":0,"14":0,"15":0,"16":0,"17":0,"18":0,"19":0,"20":0,"21":0},"b":{"0":[0],"1":[0],"2":[0,0],"3":[0,0],"4":[0,0],"5":[0,0],"6":[0,0],"7":[0,0],"8":[0,0],"9":[0,0],"10":[0,0],"11":[0,0],"12":[0,0,0],"13":[0,0],"14":[0,0],"15":[0,0],"16":[0,0],"17":[0,0],"18":[0,0],"19":[0,0],"20":[0,0],"21":[0],"22":[0],"23":[0,0],"24":[0,0],"25":[0,0],"26":[0,0],"27":[0,0],"28":[0,0],"29":[0,0],"30":[0,0],"31":[0],"32":[0,0],"33":[0,0],"34":[0],"35":[0],"36":[0,0],"37":[0,0],"38":[0,0],"39":[0,0],"40":[0,0],"41":[0,0],"42":[0],"43":[0],"44":[0,0],"45":[0,0],"46":[0,0],"47":[0,0],"48":[0,0],"49":[0,0],"50":[0,0]},"_coverageSchema":"1a1c01bbd47fc00a2c39e90264f33305004495a9","hash":"ddc2c43dcc943da3eccb171e3fa070cf126f9a2e"}
,"D:\\mobile applicatio\\Git_Repo\\FitCoach\\backend\\src\\controllers\\authController.js": {"path":"D:\\mobile applicatio\\Git_Repo\\FitCoach\\backend\\src\\controllers\\authController.js","statementMap":{"0":{"start":{"line":1,"column":15},"end":{"line":1,"column":34}},"1":{"start":{"line":2,"column":12},"end":{"line":2,"column":35}},"2":{"start":{"line":3,"column":11},"end":{"line":3,"column":33}},"3":{"start":{"line":4,"column":15},"end":{"line":4,"column":41}},"4":{"start":{"line":5,"column":23},"end":{"line":5,"column":59}},"5":{"start":{"line":6,"column":24},"end":{"line":6,"column":51}},"6":{"start":{"line":11,"column":0},"end":{"line":77,"column":2}},"7":{"start":{"line":12,"column":17},"end":{"line":12,"column":37}},"8":{"start":{"line":14,"column":2},"end":{"line":76,"column":3}},"9":{"start":{"line":15,"column":28},"end":{"line":15,"column":36}},"10":{"start":{"line":17,"column":4},"end":{"line":22,"column":5}},"11":{"start":{"line":18,"column":6},"end":{"line":21,"column":9}},"12":{"start":{"line":24,"column":23},"end":{"line":24,"column":38}},"13":{"start":{"line":25,"column":4},"end":{"line":30,"column":5}},"14":{"start":{"line":26,"column":6},"end":{"line":29,"column":9}},"15":{"start":{"line":32,"column":4},"end":{"line":32,"column":32}},"16":{"start":{"line":35,"column":20},"end":{"line":35,"column":34}},"17":{"start":{"line":36,"column":22},"end":{"line":36,"column":58}},"18":{"start":{"line":39,"column":4},"end":{"line":42,"column":6}},"19":{"start":{"line":45,"column":4},"end":{"line":49,"column":6}},"20":{"start":{"line":52,"column":4},"end":{"line":56,"column":5}},"21":{"start":{"line":53,"column":6},"end":{"line":53,"column":45}},"22":{"start":{"line":55,"column":6},"end":{"line":55,"column":86}},"23":{"start":{"line":58,"column":4},"end":{"line":58,"column":33}},"24":{"start":{"line":60,"column":4},"end":{"line":65,"column":7}},"25":{"start":{"line":68,"column":4},"end":{"line":68,"column":35}},"26":{"start":{"line":69,"column":4},"end":{"line":69,"column":43}},"27":{"start":{"line":70,"column":4},"end":{"line":73,"column":7}},"28":{"start":{"line":75,"column":4},"end":{"line":75,"column":21}},"29":{"start":{"line":82,"column":0},"end":{"line":214,"column":2}},"30":{"start":{"line":83,"column":17},"end":{"line":83,"column":37}},"31":{"start":{"line":85,"column":2},"end":{"line":213,"column":3}},"32":{"start":{"line":86,"column":37},"end":{"line":86,"column":45}},"33":{"start":{"line":88,"column":4},"end":{"line":93,"column":5}},"34":{"start":{"line":89,"column":6},"end":{"line":92,"column":9}},"35":{"start":{"line":95,"column":4},"end":{"line":95,"column":32}},"36":{"start":{"line":98,"column":22},"end":{"line":107,"column":5}},"37":{"start":{"line":109,"column":4},"end":{"line":115,"column":5}},"38":{"start":{"line":110,"column":6},"end":{"line":110,"column":37}},"39":{"start":{"line":111,"column":6},"end":{"line":114,"column":9}},"40":{"start":{"line":117,"column":16},"end":{"line":117,"column":33}},"41":{"start":{"line":120,"column":4},"end":{"line":123,"column":6}},"42":{"start":{"line":126,"column":21},"end":{"line":129,"column":5}},"43":{"start":{"line":132,"column":20},"end":{"line":132,"column":25}},"44":{"start":{"line":134,"column":4},"end":{"line":177,"column":5}},"45":{"start":{"line":136,"column":6},"end":{"line":146,"column":8}},"46":{"start":{"line":148,"column":6},"end":{"line":148,"column":32}},"47":{"start":{"line":149,"column":6},"end":{"line":149,"column":23}},"48":{"start":{"line":152,"column":33},"end":{"line":161,"column":7}},"49":{"start":{"line":163,"column":6},"end":{"line":174,"column":7}},"50":{"start":{"line":164,"column":29},"end":{"line":164,"column":55}},"51":{"start":{"line":167,"column":8},"end":{"line":171,"column":10}},"52":{"start":{"line":173,"column":8},"end":{"line":173,"column":93}},"53":{"start":{"line":176,"column":6},"end":{"line":176,"column":32}},"54":{"start":{"line":180,"column":4},"end":{"line":183,"column":6}},"55":{"start":{"line":185,"column":4},"end":{"line":185,"column":33}},"56":{"start":{"line":188,"column":18},"end":{"line":192,"column":5}},"57":{"start":{"line":194,"column":4},"end":{"line":194,"column":30}},"58":{"start":{"line":196,"column":4},"end":{"line":202,"column":7}},"59":{"start":{"line":205,"column":4},"end":{"line":205,"column":35}},"60":{"start":{"line":206,"column":4},"end":{"line":206,"column":45}},"61":{"start":{"line":207,"column":4},"end":{"line":210,"column":7}},"62":{"start":{"line":212,"column":4},"end":{"line":212,"column":21}},"63":{"start":{"line":219,"column":0},"end":{"line":299,"column":2}},"64":{"start":{"line":220,"column":2},"end":{"line":298,"column":3}},"65":{"start":{"line":221,"column":39},"end":{"line":221,"column":47}},"66":{"start":{"line":223,"column":4},"end":{"line":228,"column":5}},"67":{"start":{"line":224,"column":6},"end":{"line":227,"column":9}},"68":{"start":{"line":231,"column":20},"end":{"line":231,"column":46}},"69":{"start":{"line":232,"column":18},"end":{"line":232,"column":52}},"70":{"start":{"line":235,"column":23},"end":{"line":238,"column":5}},"71":{"start":{"line":240,"column":4},"end":{"line":245,"column":5}},"72":{"start":{"line":241,"column":6},"end":{"line":244,"column":9}},"73":{"start":{"line":247,"column":17},"end":{"line":247,"column":35}},"74":{"start":{"line":250,"column":4},"end":{"line":255,"column":5}},"75":{"start":{"line":251,"column":6},"end":{"line":254,"column":9}},"76":{"start":{"line":258,"column":20},"end":{"line":258,"column":70}},"77":{"start":{"line":260,"column":4},"end":{"line":265,"column":5}},"78":{"start":{"line":261,"column":6},"end":{"line":264,"column":9}},"79":{"start":{"line":268,"column":4},"end":{"line":271,"column":6}},"80":{"start":{"line":274,"column":18},"end":{"line":278,"column":5}},"81":{"start":{"line":280,"column":4},"end":{"line":280,"column":30}},"82":{"start":{"line":282,"column":4},"end":{"line":288,"column":7}},"83":{"start":{"line":290,"column":4},"end":{"line":290,"column":46}},"84":{"start":{"line":293,"column":4},"end":{"line":293,"column":40}},"85":{"start":{"line":294,"column":4},"end":{"line":297,"column":7}},"86":{"start":{"line":304,"column":0},"end":{"line":409,"column":2}},"87":{"start":{"line":305,"column":17},"end":{"line":305,"column":37}},"88":{"start":{"line":307,"column":2},"end":{"line":408,"column":3}},"89":{"start":{"line":308,"column":45},"end":{"line":308,"column":53}},"90":{"start":{"line":310,"column":4},"end":{"line":315,"column":5}},"91":{"start":{"line":311,"column":6},"end":{"line":314,"column":9}},"92":{"start":{"line":317,"column":4},"end":{"line":317,"column":32}},"93":{"start":{"line":320,"column":25},"end":{"line":323,"column":5}},"94":{"start":{"line":325,"column":4},"end":{"line":331,"column":5}},"95":{"start":{"line":326,"column":6},"end":{"line":326,"column":37}},"96":{"start":{"line":327,"column":6},"end":{"line":330,"column":9}},"97":{"start":{"line":334,"column":25},"end":{"line":334,"column":56}},"98":{"start":{"line":337,"column":23},"end":{"line":349,"column":5}},"99":{"start":{"line":351,"column":17},"end":{"line":351,"column":35}},"100":{"start":{"line":354,"column":31},"end":{"line":363,"column":5}},"101":{"start":{"line":365,"column":4},"end":{"line":376,"column":5}},"102":{"start":{"line":366,"column":27},"end":{"line":366,"column":53}},"103":{"start":{"line":369,"column":6},"end":{"line":373,"column":8}},"104":{"start":{"line":375,"column":6},"end":{"line":375,"column":91}},"105":{"start":{"line":378,"column":4},"end":{"line":378,"column":33}},"106":{"start":{"line":381,"column":18},"end":{"line":385,"column":5}},"107":{"start":{"line":387,"column":4},"end":{"line":387,"column":30}},"108":{"start":{"line":389,"column":4},"end":{"line":395,"column":7}},"109":{"start":{"line":397,"column":4},"end":{"line":397,"column":50}},"110":{"start":{"line":400,"column":4},"end":{"line":400,"column":35}},"111":{"start":{"line":401,"column":4},"end":{"line":401,"column":41}},"112":{"start":{"line":402,"column":4},"end":{"line":405,"column":7}},"113":{"start":{"line":407,"column":4},"end":{"line":407,"column":21}},"114":{"start":{"line":414,"column":0},"end":{"line":542,"column":2}},"115":{"start":{"line":415,"column":17},"end":{"line":415,"column":37}},"116":{"start":{"line":417,"column":2},"end":{"line":541,"column":3}},"117":{"start":{"line":418,"column":75},"end":{"line":418,"column":83}},"118":{"start":{"line":420,"column":4},"end":{"line":425,"column":5}},"119":{"start":{"line":421,"column":6},"end":{"line":424,"column":9}},"120":{"start":{"line":428,"column":4},"end":{"line":433,"column":5}},"121":{"start":{"line":429,"column":6},"end":{"line":432,"column":9}},"122":{"start":{"line":435,"column":4},"end":{"line":435,"column":32}},"123":{"start":{"line":438,"column":21},"end":{"line":443,"column":5}},"124":{"start":{"line":446,"column":20},"end":{"line":446,"column":25}},"125":{"start":{"line":448,"column":4},"end":{"line":505,"column":5}},"126":{"start":{"line":450,"column":6},"end":{"line":455,"column":7}},"127":{"start":{"line":451,"column":8},"end":{"line":454,"column":10}},"128":{"start":{"line":457,"column":6},"end":{"line":494,"column":7}},"129":{"start":{"line":459,"column":8},"end":{"line":459,"column":34}},"130":{"start":{"line":461,"column":8},"end":{"line":467,"column":10}},"131":{"start":{"line":470,"column":8},"end":{"line":481,"column":10}},"132":{"start":{"line":483,"column":8},"end":{"line":483,"column":34}},"133":{"start":{"line":484,"column":8},"end":{"line":484,"column":25}},"134":{"start":{"line":487,"column":8},"end":{"line":491,"column":10}},"135":{"start":{"line":493,"column":8},"end":{"line":493,"column":60}},"136":{"start":{"line":496,"column":6},"end":{"line":496,"column":32}},"137":{"start":{"line":499,"column":6},"end":{"line":504,"column":8}},"138":{"start":{"line":508,"column":4},"end":{"line":511,"column":6}},"139":{"start":{"line":513,"column":4},"end":{"line":513,"column":33}},"140":{"start":{"line":516,"column":18},"end":{"line":520,"column":5}},"141":{"start":{"line":522,"column":4},"end":{"line":522,"column":30}},"142":{"start":{"line":524,"column":4},"end":{"line":530,"column":7}},"143":{"start":{"line":533,"column":4},"end":{"line":533,"column":35}},"144":{"start":{"line":534,"column":4},"end":{"line":534,"column":47}},"145":{"start":{"line":535,"column":4},"end":{"line":538,"column":7}},"146":{"start":{"line":540,"column":4},"end":{"line":540,"column":21}},"147":{"start":{"line":547,"column":0},"end":{"line":599,"column":2}},"148":{"start":{"line":548,"column":2},"end":{"line":598,"column":3}},"149":{"start":{"line":549,"column":29},"end":{"line":549,"column":37}},"150":{"start":{"line":551,"column":4},"end":{"line":556,"column":5}},"151":{"start":{"line":552,"column":6},"end":{"line":555,"column":9}},"152":{"start":{"line":559,"column":20},"end":{"line":559,"column":68}},"153":{"start":{"line":562,"column":19},"end":{"line":565,"column":5}},"154":{"start":{"line":567,"column":4},"end":{"line":572,"column":5}},"155":{"start":{"line":568,"column":6},"end":{"line":571,"column":9}},"156":{"start":{"line":574,"column":17},"end":{"line":574,"column":31}},"157":{"start":{"line":577,"column":24},"end":{"line":585,"column":5}},"158":{"start":{"line":587,"column":4},"end":{"line":590,"column":7}},"159":{"start":{"line":593,"column":4},"end":{"line":593,"column":48}},"160":{"start":{"line":594,"column":4},"end":{"line":597,"column":7}},"161":{"start":{"line":604,"column":0},"end":{"line":619,"column":2}},"162":{"start":{"line":605,"column":2},"end":{"line":618,"column":3}},"163":{"start":{"line":608,"column":4},"end":{"line":611,"column":7}},"164":{"start":{"line":613,"column":4},"end":{"line":613,"column":41}},"165":{"start":{"line":614,"column":4},"end":{"line":617,"column":7}},"166":{"start":{"line":624,"column":0},"end":{"line":660,"column":2}},"167":{"start":{"line":625,"column":2},"end":{"line":659,"column":3}},"168":{"start":{"line":626,"column":19},"end":{"line":636,"column":5}},"169":{"start":{"line":638,"column":4},"end":{"line":643,"column":5}},"170":{"start":{"line":639,"column":6},"end":{"line":642,"column":9}},"171":{"start":{"line":645,"column":17},"end":{"line":645,"column":31}},"172":{"start":{"line":646,"column":4},"end":{"line":646,"column":30}},"173":{"start":{"line":648,"column":4},"end":{"line":651,"column":7}},"174":{"start":{"line":654,"column":4},"end":{"line":654,"column":51}},"175":{"start":{"line":655,"column":4},"end":{"line":658,"column":7}}},"fnMap":{"0":{"name":"(anonymous_0)","decl":{"start":{"line":11,"column":18},"end":{"line":11,"column":19}},"loc":{"start":{"line":11,"column":38},"end":{"line":77,"column":1}},"line":11},"1":{"name":"(anonymous_1)","decl":{"start":{"line":82,"column":20},"end":{"line":82,"column":21}},"loc":{"start":{"line":82,"column":40},"end":{"line":214,"column":1}},"line":82},"2":{"name":"(anonymous_2)","decl":{"start":{"line":219,"column":16},"end":{"line":219,"column":17}},"loc":{"start":{"line":219,"column":36},"end":{"line":299,"column":1}},"line":219},"3":{"name":"(anonymous_3)","decl":{"start":{"line":304,"column":17},"end":{"line":304,"column":18}},"loc":{"start":{"line":304,"column":37},"end":{"line":409,"column":1}},"line":304},"4":{"name":"(anonymous_4)","decl":{"start":{"line":414,"column":22},"end":{"line":414,"column":23}},"loc":{"start":{"line":414,"column":42},"end":{"line":542,"column":1}},"line":414},"5":{"name":"(anonymous_5)","decl":{"start":{"line":547,"column":23},"end":{"line":547,"column":24}},"loc":{"start":{"line":547,"column":43},"end":{"line":599,"column":1}},"line":547},"6":{"name":"(anonymous_6)","decl":{"start":{"line":604,"column":17},"end":{"line":604,"column":18}},"loc":{"start":{"line":604,"column":37},"end":{"line":619,"column":1}},"line":604},"7":{"name":"(anonymous_7)","decl":{"start":{"line":624,"column":25},"end":{"line":624,"column":26}},"loc":{"start":{"line":624,"column":45},"end":{"line":660,"column":1}},"line":624}},"branchMap":{"0":{"loc":{"start":{"line":17,"column":4},"end":{"line":22,"column":5}},"type":"if","locations":[{"start":{"line":17,"column":4},"end":{"line":22,"column":5}},{"start":{},"end":{}}],"line":17},"1":{"loc":{"start":{"line":25,"column":4},"end":{"line":30,"column":5}},"type":"if","locations":[{"start":{"line":25,"column":4},"end":{"line":30,"column":5}},{"start":{},"end":{}}],"line":25},"2":{"loc":{"start":{"line":52,"column":4},"end":{"line":56,"column":5}},"type":"if","locations":[{"start":{"line":52,"column":4},"end":{"line":56,"column":5}},{"start":{"line":54,"column":11},"end":{"line":56,"column":5}}],"line":52},"3":{"loc":{"start":{"line":64,"column":10},"end":{"line":64,"column":63}},"type":"binary-expr","locations":[{"start":{"line":64,"column":10},"end":{"line":64,"column":48}},{"start":{"line":64,"column":52},"end":{"line":64,"column":63}}],"line":64},"4":{"loc":{"start":{"line":88,"column":4},"end":{"line":93,"column":5}},"type":"if","locations":[{"start":{"line":88,"column":4},"end":{"line":93,"column":5}},{"start":{},"end":{}}],"line":88},"5":{"loc":{"start":{"line":88,"column":8},"end":{"line":88,"column":32}},"type":"binary-expr","locations":[{"start":{"line":88,"column":8},"end":{"line":88,"column":20}},{"start":{"line":88,"column":24},"end":{"line":88,"column":32}}],"line":88},"6":{"loc":{"start":{"line":109,"column":4},"end":{"line":115,"column":5}},"type":"if","locations":[{"start":{"line":109,"column":4},"end":{"line":115,"column":5}},{"start":{},"end":{}}],"line":109},"7":{"loc":{"start":{"line":134,"column":4},"end":{"line":177,"column":5}},"type":"if","locations":[{"start":{"line":134,"column":4},"end":{"line":177,"column":5}},{"start":{"line":175,"column":11},"end":{"line":177,"column":5}}],"line":134},"8":{"loc":{"start":{"line":163,"column":6},"end":{"line":174,"column":7}},"type":"if","locations":[{"start":{"line":163,"column":6},"end":{"line":174,"column":7}},{"start":{},"end":{}}],"line":163},"9":{"loc":{"start":{"line":223,"column":4},"end":{"line":228,"column":5}},"type":"if","locations":[{"start":{"line":223,"column":4},"end":{"line":228,"column":5}},{"start":{},"end":{}}],"line":223},"10":{"loc":{"start":{"line":223,"column":8},"end":{"line":223,"column":34}},"type":"binary-expr","locations":[{"start":{"line":223,"column":8},"end":{"line":223,"column":21}},{"start":{"line":223,"column":25},"end":{"line":223,"column":34}}],"line":223},"11":{"loc":{"start":{"line":232,"column":18},"end":{"line":232,"column":52}},"type":"cond-expr","locations":[{"start":{"line":232,"column":28},"end":{"line":232,"column":35}},{"start":{"line":232,"column":38},"end":{"line":232,"column":52}}],"line":232},"12":{"loc":{"start":{"line":240,"column":4},"end":{"line":245,"column":5}},"type":"if","locations":[{"start":{"line":240,"column":4},"end":{"line":245,"column":5}},{"start":{},"end":{}}],"line":240},"13":{"loc":{"start":{"line":250,"column":4},"end":{"line":255,"column":5}},"type":"if","locations":[{"start":{"line":250,"column":4},"end":{"line":255,"column":5}},{"start":{},"end":{}}],"line":250},"14":{"loc":{"start":{"line":260,"column":4},"end":{"line":265,"column":5}},"type":"if","locations":[{"start":{"line":260,"column":4},"end":{"line":265,"column":5}},{"start":{},"end":{}}],"line":260},"15":{"loc":{"start":{"line":310,"column":4},"end":{"line":315,"column":5}},"type":"if","locations":[{"start":{"line":310,"column":4},"end":{"line":315,"column":5}},{"start":{},"end":{}}],"line":310},"16":{"loc":{"start":{"line":310,"column":8},"end":{"line":310,"column":46}},"type":"binary-expr","locations":[{"start":{"line":310,"column":8},"end":{"line":310,"column":13}},{"start":{"line":310,"column":17},"end":{"line":310,"column":23}},{"start":{"line":310,"column":27},"end":{"line":310,"column":33}},{"start":{"line":310,"column":37},"end":{"line":310,"column":46}}],"line":310},"17":{"loc":{"start":{"line":325,"column":4},"end":{"line":331,"column":5}},"type":"if","locations":[{"start":{"line":325,"column":4},"end":{"line":331,"column":5}},{"start":{},"end":{}}],"line":325},"18":{"loc":{"start":{"line":365,"column":4},"end":{"line":376,"column":5}},"type":"if","locations":[{"start":{"line":365,"column":4},"end":{"line":376,"column":5}},{"start":{},"end":{}}],"line":365},"19":{"loc":{"start":{"line":420,"column":4},"end":{"line":425,"column":5}},"type":"if","locations":[{"start":{"line":420,"column":4},"end":{"line":425,"column":5}},{"start":{},"end":{}}],"line":420},"20":{"loc":{"start":{"line":420,"column":8},"end":{"line":420,"column":30}},"type":"binary-expr","locations":[{"start":{"line":420,"column":8},"end":{"line":420,"column":17}},{"start":{"line":420,"column":21},"end":{"line":420,"column":30}}],"line":420},"21":{"loc":{"start":{"line":428,"column":4},"end":{"line":433,"column":5}},"type":"if","locations":[{"start":{"line":428,"column":4},"end":{"line":433,"column":5}},{"start":{},"end":{}}],"line":428},"22":{"loc":{"start":{"line":448,"column":4},"end":{"line":505,"column":5}},"type":"if","locations":[{"start":{"line":448,"column":4},"end":{"line":505,"column":5}},{"start":{"line":495,"column":11},"end":{"line":505,"column":5}}],"line":448},"23":{"loc":{"start":{"line":450,"column":6},"end":{"line":455,"column":7}},"type":"if","locations":[{"start":{"line":450,"column":6},"end":{"line":455,"column":7}},{"start":{},"end":{}}],"line":450},"24":{"loc":{"start":{"line":457,"column":6},"end":{"line":494,"column":7}},"type":"if","locations":[{"start":{"line":457,"column":6},"end":{"line":494,"column":7}},{"start":{"line":468,"column":13},"end":{"line":494,"column":7}}],"line":457},"25":{"loc":{"start":{"line":480,"column":11},"end":{"line":480,"column":25}},"type":"binary-expr","locations":[{"start":{"line":480,"column":11},"end":{"line":480,"column":15}},{"start":{"line":480,"column":19},"end":{"line":480,"column":25}}],"line":480},"26":{"loc":{"start":{"line":551,"column":4},"end":{"line":556,"column":5}},"type":"if","locations":[{"start":{"line":551,"column":4},"end":{"line":556,"column":5}},{"start":{},"end":{}}],"line":551},"27":{"loc":{"start":{"line":567,"column":4},"end":{"line":572,"column":5}},"type":"if","locations":[{"start":{"line":567,"column":4},"end":{"line":572,"column":5}},{"start":{},"end":{}}],"line":567},"28":{"loc":{"start":{"line":584,"column":19},"end":{"line":584,"column":54}},"type":"binary-expr","locations":[{"start":{"line":584,"column":19},"end":{"line":584,"column":45}},{"start":{"line":584,"column":49},"end":{"line":584,"column":54}}],"line":584},"29":{"loc":{"start":{"line":638,"column":4},"end":{"line":643,"column":5}},"type":"if","locations":[{"start":{"line":638,"column":4},"end":{"line":643,"column":5}},{"start":{},"end":{}}],"line":638}},"s":{"0":4,"1":4,"2":4,"3":4,"4":4,"5":4,"6":4,"7":5,"8":5,"9":5,"10":5,"11":1,"12":4,"13":4,"14":1,"15":3,"16":3,"17":3,"18":3,"19":2,"20":2,"21":0,"22":2,"23":2,"24":2,"25":1,"26":1,"27":1,"28":5,"29":4,"30":7,"31":7,"32":7,"33":7,"34":1,"35":6,"36":6,"37":6,"38":2,"39":2,"40":4,"41":4,"42":4,"43":4,"44":4,"45":2,"46":2,"47":2,"48":2,"49":2,"50":2,"51":2,"52":2,"53":2,"54":4,"55":4,"56":4,"57":4,"58":4,"59":0,"60":0,"61":0,"62":7,"63":4,"64":0,"65":0,"66":0,"67":0,"68":0,"69":0,"70":0,"71":0,"72":0,"73":0,"74":0,"75":0,"76":0,"77":0,"78":0,"79":0,"80":0,"81":0,"82":0,"83":0,"84":0,"85":0,"86":4,"87":0,"88":0,"89":0,"90":0,"91":0,"92":0,"93":0,"94":0,"95":0,"96":0,"97":0,"98":0,"99":0,"100":0,"101":0,"102":0,"103":0,"104":0,"105":0,"106":0,"107":0,"108":0,"109":0,"110":0,"111":0,"112":0,"113":0,"114":4,"115":0,"116":0,"117":0,"118":0,"119":0,"120":0,"121":0,"122":0,"123":0,"124":0,"125":0,"126":0,"127":0,"128":0,"129":0,"130":0,"131":0,"132":0,"133":0,"134":0,"135":0,"136":0,"137":0,"138":0,"139":0,"140":0,"141":0,"142":0,"143":0,"144":0,"145":0,"146":0,"147":4,"148":6,"149":6,"150":6,"151":2,"152":4,"153":2,"154":2,"155":0,"156":2,"157":2,"158":2,"159":2,"160":2,"161":4,"162":2,"163":2,"164":0,"165":0,"166":4,"167":3,"168":3,"169":3,"170":1,"171":2,"172":2,"173":2,"174":0,"175":0},"f":{"0":5,"1":7,"2":0,"3":0,"4":0,"5":6,"6":2,"7":3},"b":{"0":[1,4],"1":[1,3],"2":[0,2],"3":[2,0],"4":[1,6],"5":[7,7],"6":[2,4],"7":[2,2],"8":[2,0],"9":[0,0],"10":[0,0],"11":[0,0],"12":[0,0],"13":[0,0],"14":[0,0],"15":[0,0],"16":[0,0,0,0],"17":[0,0],"18":[0,0],"19":[0,0],"20":[0,0],"21":[0,0],"22":[0,0],"23":[0,0],"24":[0,0],"25":[0,0],"26":[2,4],"27":[0,2],"28":[2,0],"29":[1,2]},"_coverageSchema":"1a1c01bbd47fc00a2c39e90264f33305004495a9","hash":"c23de63ceb1b3a6acd91ec5299591acb6e3cda75"}
,"D:\\mobile applicatio\\Git_Repo\\FitCoach\\backend\\src\\controllers\\coachController.js": {"path":"D:\\mobile applicatio\\Git_Repo\\FitCoach\\backend\\src\\controllers\\coachController.js","statementMap":{"0":{"start":{"line":1,"column":11},"end":{"line":1,"column":33}},"1":{"start":{"line":2,"column":15},"end":{"line":2,"column":41}},"2":{"start":{"line":3,"column":20},"end":{"line":3,"column":37}},"3":{"start":{"line":5,"column":20},"end":{"line":5,"column":119}},"4":{"start":{"line":5,"column":31},"end":{"line":5,"column":119}},"5":{"start":{"line":6,"column":32},"end":{"line":6,"column":72}},"6":{"start":{"line":11,"column":0},"end":{"line":130,"column":2}},"7":{"start":{"line":12,"column":2},"end":{"line":129,"column":3}},"8":{"start":{"line":13,"column":28},"end":{"line":13,"column":38}},"9":{"start":{"line":14,"column":25},"end":{"line":14,"column":35}},"10":{"start":{"line":15,"column":65},"end":{"line":15,"column":74}},"11":{"start":{"line":18,"column":24},"end":{"line":21,"column":5}},"12":{"start":{"line":23,"column":4},"end":{"line":25,"column":5}},"13":{"start":{"line":24,"column":6},"end":{"line":24,"column":82}},"14":{"start":{"line":28,"column":25},"end":{"line":34,"column":5}},"15":{"start":{"line":36,"column":4},"end":{"line":38,"column":5}},"16":{"start":{"line":37,"column":6},"end":{"line":37,"column":65}},"17":{"start":{"line":40,"column":19},"end":{"line":40,"column":39}},"18":{"start":{"line":43,"column":21},"end":{"line":48,"column":5}},"19":{"start":{"line":51,"column":4},"end":{"line":65,"column":5}},"20":{"start":{"line":52,"column":28},"end":{"line":58,"column":7}},"21":{"start":{"line":59,"column":29},"end":{"line":59,"column":39}},"22":{"start":{"line":60,"column":6},"end":{"line":60,"column":52}},"23":{"start":{"line":60,"column":21},"end":{"line":60,"column":52}},"24":{"start":{"line":61,"column":6},"end":{"line":61,"column":48}},"25":{"start":{"line":61,"column":19},"end":{"line":61,"column":48}},"26":{"start":{"line":63,"column":23},"end":{"line":63,"column":68}},"27":{"start":{"line":64,"column":6},"end":{"line":64,"column":42}},"28":{"start":{"line":68,"column":4},"end":{"line":95,"column":5}},"29":{"start":{"line":69,"column":27},"end":{"line":77,"column":7}},"30":{"start":{"line":78,"column":28},"end":{"line":78,"column":38}},"31":{"start":{"line":79,"column":6},"end":{"line":79,"column":51}},"32":{"start":{"line":79,"column":21},"end":{"line":79,"column":51}},"33":{"start":{"line":80,"column":6},"end":{"line":80,"column":47}},"34":{"start":{"line":80,"column":19},"end":{"line":80,"column":47}},"35":{"start":{"line":82,"column":23},"end":{"line":82,"column":66}},"36":{"start":{"line":83,"column":6},"end":{"line":83,"column":42}},"37":{"start":{"line":86,"column":32},"end":{"line":86,"column":73}},"38":{"start":{"line":86,"column":58},"end":{"line":86,"column":72}},"39":{"start":{"line":87,"column":6},"end":{"line":94,"column":8}},"40":{"start":{"line":93,"column":59},"end":{"line":93,"column":90}},"41":{"start":{"line":98,"column":4},"end":{"line":123,"column":5}},"42":{"start":{"line":99,"column":29},"end":{"line":105,"column":7}},"43":{"start":{"line":106,"column":30},"end":{"line":106,"column":40}},"44":{"start":{"line":107,"column":6},"end":{"line":107,"column":53}},"45":{"start":{"line":107,"column":21},"end":{"line":107,"column":53}},"46":{"start":{"line":108,"column":6},"end":{"line":108,"column":49}},"47":{"start":{"line":108,"column":19},"end":{"line":108,"column":49}},"48":{"start":{"line":110,"column":24},"end":{"line":110,"column":71}},"49":{"start":{"line":111,"column":6},"end":{"line":111,"column":44}},"50":{"start":{"line":114,"column":28},"end":{"line":114,"column":89}},"51":{"start":{"line":114,"column":62},"end":{"line":114,"column":85}},"52":{"start":{"line":115,"column":26},"end":{"line":115,"column":95}},"53":{"start":{"line":116,"column":6},"end":{"line":122,"column":8}},"54":{"start":{"line":119,"column":56},"end":{"line":119,"column":78}},"55":{"start":{"line":120,"column":54},"end":{"line":120,"column":74}},"56":{"start":{"line":121,"column":52},"end":{"line":121,"column":70}},"57":{"start":{"line":125,"column":4},"end":{"line":125,"column":25}},"58":{"start":{"line":127,"column":4},"end":{"line":127,"column":59}},"59":{"start":{"line":128,"column":4},"end":{"line":128,"column":65}},"60":{"start":{"line":135,"column":0},"end":{"line":192,"column":2}},"61":{"start":{"line":136,"column":2},"end":{"line":191,"column":3}},"62":{"start":{"line":137,"column":66},"end":{"line":137,"column":75}},"63":{"start":{"line":139,"column":16},"end":{"line":152,"column":5}},"64":{"start":{"line":154,"column":19},"end":{"line":154,"column":21}},"65":{"start":{"line":155,"column":21},"end":{"line":155,"column":22}},"66":{"start":{"line":157,"column":4},"end":{"line":161,"column":5}},"67":{"start":{"line":158,"column":6},"end":{"line":158,"column":62}},"68":{"start":{"line":159,"column":6},"end":{"line":159,"column":34}},"69":{"start":{"line":160,"column":6},"end":{"line":160,"column":19}},"70":{"start":{"line":163,"column":4},"end":{"line":167,"column":5}},"71":{"start":{"line":164,"column":6},"end":{"line":164,"column":54}},"72":{"start":{"line":165,"column":6},"end":{"line":165,"column":40}},"73":{"start":{"line":166,"column":6},"end":{"line":166,"column":19}},"74":{"start":{"line":169,"column":4},"end":{"line":173,"column":6}},"75":{"start":{"line":175,"column":4},"end":{"line":175,"column":51}},"76":{"start":{"line":177,"column":19},"end":{"line":177,"column":48}},"77":{"start":{"line":179,"column":4},"end":{"line":183,"column":7}},"78":{"start":{"line":186,"column":4},"end":{"line":186,"column":50}},"79":{"start":{"line":187,"column":4},"end":{"line":190,"column":7}},"80":{"start":{"line":197,"column":0},"end":{"line":236,"column":2}},"81":{"start":{"line":198,"column":2},"end":{"line":235,"column":3}},"82":{"start":{"line":199,"column":19},"end":{"line":199,"column":29}},"83":{"start":{"line":201,"column":19},"end":{"line":215,"column":5}},"84":{"start":{"line":217,"column":4},"end":{"line":222,"column":5}},"85":{"start":{"line":218,"column":6},"end":{"line":221,"column":9}},"86":{"start":{"line":224,"column":4},"end":{"line":227,"column":7}},"87":{"start":{"line":230,"column":4},"end":{"line":230,"column":50}},"88":{"start":{"line":231,"column":4},"end":{"line":234,"column":7}},"89":{"start":{"line":241,"column":0},"end":{"line":321,"column":2}},"90":{"start":{"line":242,"column":2},"end":{"line":320,"column":3}},"91":{"start":{"line":243,"column":20},"end":{"line":243,"column":33}},"92":{"start":{"line":244,"column":55},"end":{"line":244,"column":64}},"93":{"start":{"line":247,"column":4},"end":{"line":252,"column":5}},"94":{"start":{"line":248,"column":6},"end":{"line":251,"column":9}},"95":{"start":{"line":254,"column":16},"end":{"line":274,"column":5}},"96":{"start":{"line":276,"column":19},"end":{"line":276,"column":28}},"97":{"start":{"line":277,"column":21},"end":{"line":277,"column":22}},"98":{"start":{"line":279,"column":4},"end":{"line":283,"column":5}},"99":{"start":{"line":280,"column":6},"end":{"line":280,"column":51}},"100":{"start":{"line":281,"column":6},"end":{"line":281,"column":39}},"101":{"start":{"line":282,"column":6},"end":{"line":282,"column":19}},"102":{"start":{"line":285,"column":4},"end":{"line":289,"column":5}},"103":{"start":{"line":286,"column":6},"end":{"line":286,"column":89}},"104":{"start":{"line":287,"column":6},"end":{"line":287,"column":33}},"105":{"start":{"line":288,"column":6},"end":{"line":288,"column":19}},"106":{"start":{"line":291,"column":4},"end":{"line":294,"column":6}},"107":{"start":{"line":296,"column":4},"end":{"line":296,"column":51}},"108":{"start":{"line":298,"column":19},"end":{"line":298,"column":48}},"109":{"start":{"line":301,"column":20},"end":{"line":304,"column":6}},"110":{"start":{"line":302,"column":6},"end":{"line":302,"column":34}},"111":{"start":{"line":303,"column":6},"end":{"line":303,"column":20}},"112":{"start":{"line":306,"column":4},"end":{"line":312,"column":7}},"113":{"start":{"line":315,"column":4},"end":{"line":315,"column":52}},"114":{"start":{"line":316,"column":4},"end":{"line":319,"column":7}},"115":{"start":{"line":326,"column":0},"end":{"line":392,"column":2}},"116":{"start":{"line":327,"column":2},"end":{"line":391,"column":3}},"117":{"start":{"line":328,"column":20},"end":{"line":328,"column":33}},"118":{"start":{"line":329,"column":67},"end":{"line":329,"column":76}},"119":{"start":{"line":332,"column":4},"end":{"line":337,"column":5}},"120":{"start":{"line":333,"column":6},"end":{"line":336,"column":9}},"121":{"start":{"line":339,"column":16},"end":{"line":347,"column":5}},"122":{"start":{"line":349,"column":19},"end":{"line":349,"column":28}},"123":{"start":{"line":350,"column":21},"end":{"line":350,"column":22}},"124":{"start":{"line":352,"column":4},"end":{"line":356,"column":5}},"125":{"start":{"line":353,"column":6},"end":{"line":353,"column":48}},"126":{"start":{"line":354,"column":6},"end":{"line":354,"column":26}},"127":{"start":{"line":355,"column":6},"end":{"line":355,"column":19}},"128":{"start":{"line":358,"column":4},"end":{"line":362,"column":5}},"129":{"start":{"line":359,"column":6},"end":{"line":359,"column":55}},"130":{"start":{"line":360,"column":6},"end":{"line":360,"column":29}},"131":{"start":{"line":361,"column":6},"end":{"line":361,"column":19}},"132":{"start":{"line":364,"column":4},"end":{"line":368,"column":5}},"133":{"start":{"line":365,"column":6},"end":{"line":365,"column":55}},"134":{"start":{"line":366,"column":6},"end":{"line":366,"column":27}},"135":{"start":{"line":367,"column":6},"end":{"line":367,"column":19}},"136":{"start":{"line":370,"column":4},"end":{"line":373,"column":6}},"137":{"start":{"line":375,"column":4},"end":{"line":375,"column":51}},"138":{"start":{"line":377,"column":19},"end":{"line":377,"column":48}},"139":{"start":{"line":379,"column":4},"end":{"line":383,"column":7}},"140":{"start":{"line":386,"column":4},"end":{"line":386,"column":57}},"141":{"start":{"line":387,"column":4},"end":{"line":390,"column":7}},"142":{"start":{"line":397,"column":0},"end":{"line":489,"column":2}},"143":{"start":{"line":398,"column":2},"end":{"line":488,"column":3}},"144":{"start":{"line":399,"column":20},"end":{"line":399,"column":33}},"145":{"start":{"line":400,"column":59},"end":{"line":400,"column":67}},"146":{"start":{"line":402,"column":4},"end":{"line":407,"column":5}},"147":{"start":{"line":403,"column":6},"end":{"line":406,"column":9}},"148":{"start":{"line":409,"column":4},"end":{"line":414,"column":5}},"149":{"start":{"line":410,"column":6},"end":{"line":413,"column":9}},"150":{"start":{"line":416,"column":4},"end":{"line":421,"column":5}},"151":{"start":{"line":417,"column":6},"end":{"line":420,"column":9}},"152":{"start":{"line":423,"column":23},"end":{"line":423,"column":44}},"153":{"start":{"line":424,"column":4},"end":{"line":429,"column":5}},"154":{"start":{"line":425,"column":6},"end":{"line":428,"column":9}},"155":{"start":{"line":431,"column":27},"end":{"line":431,"column":43}},"156":{"start":{"line":432,"column":4},"end":{"line":437,"column":5}},"157":{"start":{"line":433,"column":6},"end":{"line":436,"column":9}},"158":{"start":{"line":440,"column":4},"end":{"line":445,"column":5}},"159":{"start":{"line":441,"column":6},"end":{"line":444,"column":9}},"160":{"start":{"line":448,"column":24},"end":{"line":451,"column":5}},"161":{"start":{"line":453,"column":4},"end":{"line":458,"column":5}},"162":{"start":{"line":454,"column":6},"end":{"line":457,"column":9}},"163":{"start":{"line":460,"column":19},"end":{"line":472,"column":5}},"164":{"start":{"line":474,"column":4},"end":{"line":478,"column":7}},"165":{"start":{"line":480,"column":4},"end":{"line":480,"column":61}},"166":{"start":{"line":483,"column":4},"end":{"line":483,"column":53}},"167":{"start":{"line":484,"column":4},"end":{"line":487,"column":7}},"168":{"start":{"line":494,"column":0},"end":{"line":625,"column":2}},"169":{"start":{"line":495,"column":17},"end":{"line":495,"column":37}},"170":{"start":{"line":497,"column":2},"end":{"line":624,"column":3}},"171":{"start":{"line":498,"column":43},"end":{"line":498,"column":53}},"172":{"start":{"line":499,"column":30},"end":{"line":499,"column":38}},"173":{"start":{"line":502,"column":4},"end":{"line":514,"column":5}},"174":{"start":{"line":503,"column":26},"end":{"line":506,"column":7}},"175":{"start":{"line":508,"column":6},"end":{"line":513,"column":7}},"176":{"start":{"line":509,"column":8},"end":{"line":512,"column":11}},"177":{"start":{"line":516,"column":4},"end":{"line":516,"column":32}},"178":{"start":{"line":519,"column":30},"end":{"line":526,"column":5}},"179":{"start":{"line":528,"column":4},"end":{"line":534,"column":5}},"180":{"start":{"line":529,"column":6},"end":{"line":529,"column":37}},"181":{"start":{"line":530,"column":6},"end":{"line":533,"column":9}},"182":{"start":{"line":536,"column":24},"end":{"line":536,"column":49}},"183":{"start":{"line":539,"column":25},"end":{"line":547,"column":5}},"184":{"start":{"line":550,"column":4},"end":{"line":584,"column":5}},"185":{"start":{"line":552,"column":6},"end":{"line":566,"column":8}},"186":{"start":{"line":569,"column":6},"end":{"line":583,"column":8}},"187":{"start":{"line":586,"column":4},"end":{"line":603,"column":5}},"188":{"start":{"line":588,"column":6},"end":{"line":602,"column":8}},"189":{"start":{"line":605,"column":4},"end":{"line":605,"column":33}},"190":{"start":{"line":606,"column":4},"end":{"line":606,"column":21}},"191":{"start":{"line":608,"column":4},"end":{"line":612,"column":7}},"192":{"start":{"line":614,"column":4},"end":{"line":614,"column":89}},"193":{"start":{"line":617,"column":4},"end":{"line":617,"column":35}},"194":{"start":{"line":618,"column":4},"end":{"line":618,"column":21}},"195":{"start":{"line":619,"column":4},"end":{"line":619,"column":53}},"196":{"start":{"line":620,"column":4},"end":{"line":623,"column":7}},"197":{"start":{"line":630,"column":0},"end":{"line":709,"column":2}},"198":{"start":{"line":631,"column":2},"end":{"line":708,"column":3}},"199":{"start":{"line":632,"column":20},"end":{"line":632,"column":33}},"200":{"start":{"line":633,"column":53},"end":{"line":633,"column":62}},"201":{"start":{"line":636,"column":4},"end":{"line":641,"column":5}},"202":{"start":{"line":637,"column":6},"end":{"line":640,"column":9}},"203":{"start":{"line":644,"column":24},"end":{"line":653,"column":5}},"204":{"start":{"line":656,"column":22},"end":{"line":664,"column":5}},"205":{"start":{"line":666,"column":19},"end":{"line":666,"column":36}},"206":{"start":{"line":668,"column":4},"end":{"line":671,"column":5}},"207":{"start":{"line":669,"column":6},"end":{"line":669,"column":45}},"208":{"start":{"line":670,"column":6},"end":{"line":670,"column":29}},"209":{"start":{"line":673,"column":4},"end":{"line":676,"column":5}},"210":{"start":{"line":674,"column":6},"end":{"line":674,"column":64}},"211":{"start":{"line":675,"column":6},"end":{"line":675,"column":27}},"212":{"start":{"line":678,"column":4},"end":{"line":678,"column":68}},"213":{"start":{"line":680,"column":25},"end":{"line":680,"column":60}},"214":{"start":{"line":683,"column":31},"end":{"line":693,"column":5}},"215":{"start":{"line":695,"column":4},"end":{"line":700,"column":7}},"216":{"start":{"line":703,"column":4},"end":{"line":703,"column":53}},"217":{"start":{"line":704,"column":4},"end":{"line":707,"column":7}},"218":{"start":{"line":714,"column":0},"end":{"line":787,"column":2}},"219":{"start":{"line":715,"column":2},"end":{"line":786,"column":3}},"220":{"start":{"line":716,"column":25},"end":{"line":716,"column":35}},"221":{"start":{"line":717,"column":36},"end":{"line":717,"column":44}},"222":{"start":{"line":718,"column":20},"end":{"line":718,"column":35}},"223":{"start":{"line":720,"column":4},"end":{"line":725,"column":5}},"224":{"start":{"line":721,"column":6},"end":{"line":724,"column":9}},"225":{"start":{"line":728,"column":4},"end":{"line":733,"column":5}},"226":{"start":{"line":729,"column":6},"end":{"line":732,"column":9}},"227":{"start":{"line":736,"column":24},"end":{"line":739,"column":5}},"228":{"start":{"line":741,"column":4},"end":{"line":746,"column":5}},"229":{"start":{"line":742,"column":6},"end":{"line":745,"column":9}},"230":{"start":{"line":749,"column":19},"end":{"line":758,"column":5}},"231":{"start":{"line":761,"column":4},"end":{"line":770,"column":6}},"232":{"start":{"line":772,"column":4},"end":{"line":776,"column":7}},"233":{"start":{"line":778,"column":4},"end":{"line":778,"column":98}},"234":{"start":{"line":781,"column":4},"end":{"line":781,"column":55}},"235":{"start":{"line":782,"column":4},"end":{"line":785,"column":7}},"236":{"start":{"line":792,"column":0},"end":{"line":869,"column":2}},"237":{"start":{"line":793,"column":2},"end":{"line":868,"column":3}},"238":{"start":{"line":794,"column":20},"end":{"line":794,"column":33}},"239":{"start":{"line":797,"column":4},"end":{"line":802,"column":5}},"240":{"start":{"line":798,"column":6},"end":{"line":801,"column":9}},"241":{"start":{"line":805,"column":26},"end":{"line":810,"column":5}},"242":{"start":{"line":813,"column":31},"end":{"line":820,"column":5}},"243":{"start":{"line":823,"column":27},"end":{"line":830,"column":5}},"244":{"start":{"line":833,"column":32},"end":{"line":840,"column":5}},"245":{"start":{"line":843,"column":27},"end":{"line":849,"column":5}},"246":{"start":{"line":851,"column":4},"end":{"line":860,"column":7}},"247":{"start":{"line":863,"column":4},"end":{"line":863,"column":54}},"248":{"start":{"line":864,"column":4},"end":{"line":867,"column":7}},"249":{"start":{"line":876,"column":0},"end":{"line":947,"column":2}},"250":{"start":{"line":877,"column":2},"end":{"line":946,"column":3}},"251":{"start":{"line":878,"column":19},"end":{"line":878,"column":29}},"252":{"start":{"line":880,"column":24},"end":{"line":886,"column":5}},"253":{"start":{"line":887,"column":4},"end":{"line":889,"column":5}},"254":{"start":{"line":888,"column":6},"end":{"line":888,"column":82}},"255":{"start":{"line":890,"column":18},"end":{"line":890,"column":37}},"256":{"start":{"line":893,"column":31},"end":{"line":896,"column":5}},"257":{"start":{"line":898,"column":30},"end":{"line":901,"column":5}},"258":{"start":{"line":903,"column":31},"end":
[...]
art":{"line":241,"column":35},"end":{"line":241,"column":39}},"81":{"start":{"line":243,"column":8},"end":{"line":246,"column":11}},"82":{"start":{"line":249,"column":8},"end":{"line":249,"column":51}},"83":{"start":{"line":253,"column":4},"end":{"line":265,"column":7}},"84":{"start":{"line":254,"column":6},"end":{"line":264,"column":7}},"85":{"start":{"line":255,"column":35},"end":{"line":255,"column":39}},"86":{"start":{"line":257,"column":8},"end":{"line":260,"column":11}},"87":{"start":{"line":263,"column":8},"end":{"line":263,"column":50}},"88":{"start":{"line":271,"column":4},"end":{"line":274,"column":7}},"89":{"start":{"line":272,"column":6},"end":{"line":272,"column":57}},"90":{"start":{"line":273,"column":6},"end":{"line":273,"column":40}},"91":{"start":{"line":277,"column":2},"end":{"line":277,"column":51}},"92":{"start":{"line":281,"column":0},"end":{"line":281,"column":34}}},"fnMap":{"0":{"name":"(anonymous_0)","decl":{"start":{"line":12,"column":30},"end":{"line":12,"column":31}},"loc":{"start":{"line":12,"column":38},"end":{"line":278,"column":1}},"line":12},"1":{"name":"(anonymous_1)","decl":{"start":{"line":15,"column":9},"end":{"line":15,"column":10}},"loc":{"start":{"line":15,"column":33},"end":{"line":37,"column":3}},"line":15},"2":{"name":"(anonymous_2)","decl":{"start":{"line":39,"column":22},"end":{"line":39,"column":23}},"loc":{"start":{"line":39,"column":34},"end":{"line":275,"column":3}},"line":39},"3":{"name":"(anonymous_3)","decl":{"start":{"line":55,"column":35},"end":{"line":55,"column":36}},"loc":{"start":{"line":55,"column":51},"end":{"line":79,"column":5}},"line":55},"4":{"name":"(anonymous_4)","decl":{"start":{"line":84,"column":30},"end":{"line":84,"column":31}},"loc":{"start":{"line":84,"column":46},"end":{"line":196,"column":5}},"line":84},"5":{"name":"(anonymous_5)","decl":{"start":{"line":201,"column":27},"end":{"line":201,"column":28}},"loc":{"start":{"line":201,"column":43},"end":{"line":234,"column":5}},"line":201},"6":{"name":"(anonymous_6)","decl":{"start":{"line":239,"column":30},"end":{"line":239,"column":31}},"loc":{"start":{"line":239,"column":46},"end":{"line":251,"column":5}},"line":239},"7":{"name":"(anonymous_7)","decl":{"start":{"line":253,"column":29},"end":{"line":253,"column":30}},"loc":{"start":{"line":253,"column":45},"end":{"line":265,"column":5}},"line":253},"8":{"name":"(anonymous_8)","decl":{"start":{"line":271,"column":28},"end":{"line":271,"column":29}},"loc":{"start":{"line":271,"column":34},"end":{"line":274,"column":5}},"line":271}},"branchMap":{"0":{"loc":{"start":{"line":19,"column":6},"end":{"line":21,"column":7}},"type":"if","locations":[{"start":{"line":19,"column":6},"end":{"line":21,"column":7}},{"start":{},"end":{}}],"line":19},"1":{"loc":{"start":{"line":68,"column":8},"end":{"line":70,"column":9}},"type":"if","locations":[{"start":{"line":68,"column":8},"end":{"line":70,"column":9}},{"start":{},"end":{}}],"line":68},"2":{"loc":{"start":{"line":88,"column":41},"end":{"line":88,"column":54}},"type":"default-arg","locations":[{"start":{"line":88,"column":48},"end":{"line":88,"column":54}}],"line":88},"3":{"loc":{"start":{"line":95,"column":8},"end":{"line":102,"column":9}},"type":"if","locations":[{"start":{"line":95,"column":8},"end":{"line":102,"column":9}},{"start":{},"end":{}}],"line":95},"4":{"loc":{"start":{"line":105,"column":8},"end":{"line":112,"column":9}},"type":"if","locations":[{"start":{"line":105,"column":8},"end":{"line":112,"column":9}},{"start":{},"end":{}}],"line":105},"5":{"loc":{"start":{"line":105,"column":12},"end":{"line":105,"column":61}},"type":"binary-expr","locations":[{"start":{"line":105,"column":12},"end":{"line":105,"column":27}},{"start":{"line":105,"column":31},"end":{"line":105,"column":61}}],"line":105},"6":{"loc":{"start":{"line":120,"column":8},"end":{"line":124,"column":9}},"type":"if","locations":[{"start":{"line":120,"column":8},"end":{"line":124,"column":9}},{"start":{},"end":{}}],"line":120},"7":{"loc":{"start":{"line":129,"column":27},"end":{"line":131,"column":32}},"type":"cond-expr","locations":[{"start":{"line":130,"column":12},"end":{"line":130,"column":33}},{"start":{"line":131,"column":12},"end":{"line":131,"column":32}}],"line":129},"8":{"loc":{"start":{"line":150,"column":17},"end":{"line":150,"column":100}},"type":"cond-expr","locations":[{"start":{"line":150,"column":58},"end":{"line":150,"column":78}},{"start":{"line":150,"column":81},"end":{"line":150,"column":100}}],"line":150},"9":{"loc":{"start":{"line":151,"column":17},"end":{"line":151,"column":100}},"type":"cond-expr","locations":[{"start":{"line":151,"column":58},"end":{"line":151,"column":78}},{"start":{"line":151,"column":81},"end":{"line":151,"column":100}}],"line":151},"10":{"loc":{"start":{"line":178,"column":8},"end":{"line":185,"column":9}},"type":"if","locations":[{"start":{"line":178,"column":8},"end":{"line":185,"column":9}},{"start":{},"end":{}}],"line":178},"11":{"loc":{"start":{"line":183,"column":49},"end":{"line":183,"column":81}},"type":"cond-expr","locations":[{"start":{"line":183,"column":71},"end":{"line":183,"column":76}},{"start":{"line":183,"column":79},"end":{"line":183,"column":81}}],"line":183},"12":{"loc":{"start":{"line":218,"column":8},"end":{"line":229,"column":9}},"type":"if","locations":[{"start":{"line":218,"column":8},"end":{"line":229,"column":9}},{"start":{},"end":{}}],"line":218},"13":{"loc":{"start":{"line":222,"column":10},"end":{"line":228,"column":11}},"type":"if","locations":[{"start":{"line":222,"column":10},"end":{"line":228,"column":11}},{"start":{},"end":{}}],"line":222}},"s":{"0":2,"1":2,"2":2,"3":2,"4":2,"5":2,"6":2,"7":0,"8":0,"9":0,"10":0,"11":0,"12":0,"13":0,"14":0,"15":0,"16":0,"17":0,"18":2,"19":0,"20":0,"21":0,"22":0,"23":0,"24":0,"25":0,"26":0,"27":0,"28":0,"29":0,"30":0,"31":0,"32":0,"33":0,"34":0,"35":0,"36":0,"37":0,"38":0,"39":0,"40":0,"41":0,"42":0,"43":0,"44":0,"45":0,"46":0,"47":0,"48":0,"49":0,"50":0,"51":0,"52":0,"53":0,"54":0,"55":0,"56":0,"57":0,"58":0,"59":0,"60":0,"61":0,"62":0,"63":0,"64":0,"65":0,"66":0,"67":0,"68":0,"69":0,"70":0,"71":0,"72":0,"73":0,"74":0,"75":0,"76":0,"77":0,"78":0,"79":0,"80":0,"81":0,"82":0,"83":0,"84":0,"85":0,"86":0,"87":0,"88":0,"89":0,"90":0,"91":2,"92":2},"f":{"0":2,"1":0,"2":0,"3":0,"4":0,"5":0,"6":0,"7":0,"8":0},"b":{"0":[0,0],"1":[0,0],"2":[0],"3":[0,0],"4":[0,0],"5":[0,0],"6":[0,0],"7":[0,0],"8":[0,0],"9":[0,0],"10":[0,0],"11":[0,0],"12":[0,0],"13":[0,0]},"_coverageSchema":"1a1c01bbd47fc00a2c39e90264f33305004495a9","hash":"7c5be25309803e632599eb42b409953d5ea5b293"}
,"D:\\mobile applicatio\\Git_Repo\\FitCoach\\backend\\src\\utils\\helpers.js": {"path":"D:\\mobile applicatio\\Git_Repo\\FitCoach\\backend\\src\\utils\\helpers.js","statementMap":{"0":{"start":{"line":4,"column":0},"end":{"line":11,"column":2}},"1":{"start":{"line":5,"column":17},"end":{"line":5,"column":29}},"2":{"start":{"line":6,"column":12},"end":{"line":6,"column":14}},"3":{"start":{"line":7,"column":2},"end":{"line":9,"column":3}},"4":{"start":{"line":7,"column":15},"end":{"line":7,"column":16}},"5":{"start":{"line":8,"column":4},"end":{"line":8,"column":50}},"6":{"start":{"line":10,"column":2},"end":{"line":10,"column":13}},"7":{"start":{"line":16,"column":0},"end":{"line":19,"column":2}},"8":{"start":{"line":17,"column":26},"end":{"line":17,"column":43}},"9":{"start":{"line":18,"column":2},"end":{"line":18,"column":43}},"10":{"start":{"line":24,"column":0},"end":{"line":27,"column":2}},"11":{"start":{"line":25,"column":17},"end":{"line":25,"column":35}},"12":{"start":{"line":26,"column":2},"end":{"line":26,"column":27}},"13":{"start":{"line":32,"column":0},"end":{"line":42,"column":2}},"14":{"start":{"line":33,"column":21},"end":{"line":33,"column":45}},"15":{"start":{"line":34,"column":2},"end":{"line":41,"column":4}},"16":{"start":{"line":47,"column":0},"end":{"line":56,"column":2}},"17":{"start":{"line":48,"column":2},"end":{"line":48,"column":64}},"18":{"start":{"line":48,"column":51},"end":{"line":48,"column":64}},"19":{"start":{"line":50,"column":2},"end":{"line":55,"column":4}},"20":{"start":{"line":51,"column":4},"end":{"line":54,"column":5}},"21":{"start":{"line":52,"column":6},"end":{"line":53,"column":67}},"22":{"start":{"line":61,"column":0},"end":{"line":63,"column":2}},"23":{"start":{"line":62,"column":2},"end":{"line":62,"column":50}},"24":{"start":{"line":68,"column":0},"end":{"line":73,"column":2}},"25":{"start":{"line":69,"column":2},"end":{"line":72,"column":20}},"26":{"start":{"line":78,"column":0},"end":{"line":82,"column":2}},"27":{"start":{"line":79,"column":20},"end":{"line":79,"column":57}},"28":{"start":{"line":80,"column":17},"end":{"line":80,"column":73}},"29":{"start":{"line":81,"column":2},"end":{"line":81,"column":38}},"30":{"start":{"line":87,"column":0},"end":{"line":90,"column":2}},"31":{"start":{"line":88,"column":2},"end":{"line":88,"column":46}},"32":{"start":{"line":88,"column":33},"end":{"line":88,"column":46}},"33":{"start":{"line":89,"column":2},"end":{"line":89,"column":89}},"34":{"start":{"line":95,"column":0},"end":{"line":106,"column":2}},"35":{"start":{"line":96,"column":16},"end":{"line":96,"column":26}},"36":{"start":{"line":97,"column":20},"end":{"line":97,"column":41}},"37":{"start":{"line":98,"column":12},"end":{"line":98,"column":57}},"38":{"start":{"line":99,"column":20},"end":{"line":99,"column":59}},"39":{"start":{"line":101,"column":2},"end":{"line":103,"column":3}},"40":{"start":{"line":102,"column":4},"end":{"line":102,"column":10}},"41":{"start":{"line":105,"column":2},"end":{"line":105,"column":13}},"42":{"start":{"line":111,"column":0},"end":{"line":131,"column":2}},"43":{"start":{"line":112,"column":17},"end":{"line":128,"column":3}},"44":{"start":{"line":130,"column":2},"end":{"line":130,"column":41}},"45":{"start":{"line":136,"column":0},"end":{"line":144,"column":2}},"46":{"start":{"line":137,"column":2},"end":{"line":137,"column":35}},"47":{"start":{"line":137,"column":23},"end":{"line":137,"column":35}},"48":{"start":{"line":139,"column":16},"end":{"line":139,"column":40}},"49":{"start":{"line":140,"column":14},"end":{"line":140,"column":24}},"50":{"start":{"line":141,"column":21},"end":{"line":141,"column":70}},"51":{"start":{"line":143,"column":2},"end":{"line":143,"column":33}},"52":{"start":{"line":149,"column":0},"end":{"line":158,"column":2}},"53":{"start":{"line":150,"column":2},"end":{"line":150,"column":32}},"54":{"start":{"line":150,"column":23},"end":{"line":150,"column":32}},"55":{"start":{"line":152,"column":16},"end":{"line":152,"column":40}},"56":{"start":{"line":153,"column":14},"end":{"line":153,"column":24}},"57":{"start":{"line":154,"column":21},"end":{"line":154,"column":70}},"58":{"start":{"line":155,"column":20},"end":{"line":155,"column":42}},"59":{"start":{"line":157,"column":2},"end":{"line":157,"column":39}}},"fnMap":{"0":{"name":"(anonymous_0)","decl":{"start":{"line":4,"column":22},"end":{"line":4,"column":23}},"loc":{"start":{"line":4,"column":38},"end":{"line":11,"column":1}},"line":4},"1":{"name":"(anonymous_1)","decl":{"start":{"line":16,"column":29},"end":{"line":16,"column":30}},"loc":{"start":{"line":16,"column":46},"end":{"line":19,"column":1}},"line":16},"2":{"name":"(anonymous_2)","decl":{"start":{"line":24,"column":19},"end":{"line":24,"column":20}},"loc":{"start":{"line":24,"column":45},"end":{"line":27,"column":1}},"line":24},"3":{"name":"(anonymous_3)","decl":{"start":{"line":32,"column":28},"end":{"line":32,"column":29}},"loc":{"start":{"line":32,"column":52},"end":{"line":42,"column":1}},"line":32},"4":{"name":"(anonymous_4)","decl":{"start":{"line":47,"column":28},"end":{"line":47,"column":29}},"loc":{"start":{"line":47,"column":73},"end":{"line":56,"column":1}},"line":47},"5":{"name":"(anonymous_5)","decl":{"start":{"line":50,"column":40},"end":{"line":50,"column":41}},"loc":{"start":{"line":51,"column":4},"end":{"line":54,"column":5}},"line":51},"6":{"name":"(anonymous_6)","decl":{"start":{"line":51,"column":22},"end":{"line":51,"column":23}},"loc":{"start":{"line":52,"column":6},"end":{"line":53,"column":67}},"line":52},"7":{"name":"(anonymous_7)","decl":{"start":{"line":61,"column":33},"end":{"line":61,"column":34}},"loc":{"start":{"line":61,"column":59},"end":{"line":63,"column":1}},"line":61},"8":{"name":"(anonymous_8)","decl":{"start":{"line":68,"column":25},"end":{"line":68,"column":26}},"loc":{"start":{"line":68,"column":55},"end":{"line":73,"column":1}},"line":68},"9":{"name":"(anonymous_9)","decl":{"start":{"line":78,"column":30},"end":{"line":78,"column":31}},"loc":{"start":{"line":78,"column":36},"end":{"line":82,"column":1}},"line":78},"10":{"name":"(anonymous_10)","decl":{"start":{"line":87,"column":24},"end":{"line":87,"column":25}},"loc":{"start":{"line":87,"column":35},"end":{"line":90,"column":1}},"line":87},"11":{"name":"(anonymous_11)","decl":{"start":{"line":95,"column":23},"end":{"line":95,"column":24}},"loc":{"start":{"line":95,"column":40},"end":{"line":106,"column":1}},"line":95},"12":{"name":"(anonymous_12)","decl":{"start":{"line":111,"column":25},"end":{"line":111,"column":26}},"loc":{"start":{"line":111,"column":35},"end":{"line":131,"column":1}},"line":111},"13":{"name":"(anonymous_13)","decl":{"start":{"line":136,"column":25},"end":{"line":136,"column":26}},"loc":{"start":{"line":136,"column":61},"end":{"line":144,"column":1}},"line":136},"14":{"name":"(anonymous_14)","decl":{"start":{"line":149,"column":32},"end":{"line":149,"column":33}},"loc":{"start":{"line":149,"column":68},"end":{"line":158,"column":1}},"line":149}},"branchMap":{"0":{"loc":{"start":{"line":4,"column":23},"end":{"line":4,"column":33}},"type":"default-arg","locations":[{"start":{"line":4,"column":32},"end":{"line":4,"column":33}}],"line":4},"1":{"loc":{"start":{"line":24,"column":20},"end":{"line":24,"column":28}},"type":"default-arg","locations":[{"start":{"line":24,"column":27},"end":{"line":24,"column":28}}],"line":24},"2":{"loc":{"start":{"line":24,"column":30},"end":{"line":24,"column":40}},"type":"default-arg","locations":[{"start":{"line":24,"column":38},"end":{"line":24,"column":40}}],"line":24},"3":{"loc":{"start":{"line":48,"column":2},"end":{"line":48,"column":64}},"type":"if","locations":[{"start":{"line":48,"column":2},"end":{"line":48,"column":64}},{"start":{},"end":{}}],"line":48},"4":{"loc":{"start":{"line":48,"column":6},"end":{"line":48,"column":49}},"type":"binary-expr","locations":[{"start":{"line":48,"column":6},"end":{"line":48,"column":19}},{"start":{"line":48,"column":23},"end":{"line":48,"column":49}}],"line":48},"5":{"loc":{"start":{"line":52,"column":6},"end":{"line":53,"column":67}},"type":"binary-expr","locations":[{"start":{"line":52,"column":6},"end":{"line":52,"column":67}},{"start":{"line":53,"column":6},"end":{"line":53,"column":67}}],"line":52},"6":{"loc":{"start":{"line":68,"column":34},"end":{"line":68,"column":50}},"type":"default-arg","locations":[{"start":{"line":68,"column":45},"end":{"line":68,"column":50}}],"line":68},"7":{"loc":{"start":{"line":88,"column":2},"end":{"line":88,"column":46}},"type":"if","locations":[{"start":{"line":88,"column":2},"end":{"line":88,"column":46}},{"start":{},"end":{}}],"line":88},"8":{"loc":{"start":{"line":101,"column":2},"end":{"line":103,"column":3}},"type":"if","locations":[{"start":{"line":101,"column":2},"end":{"line":103,"column":3}},{"start":{},"end":{}}],"line":101},"9":{"loc":{"start":{"line":101,"column":6},"end":{"line":101,"column":81}},"type":"binary-expr","locations":[{"start":{"line":101,"column":6},"end":{"line":101,"column":19}},{"start":{"line":101,"column":24},"end":{"line":101,"column":39}},{"start":{"line":101,"column":43},"end":{"line":101,"column":80}}],"line":101},"10":{"loc":{"start":{"line":130,"column":9},"end":{"line":130,"column":40}},"type":"binary-expr","locations":[{"start":{"line":130,"column":9},"end":{"line":130,"column":21}},{"start":{"line":130,"column":25},"end":{"line":130,"column":40}}],"line":130},"11":{"loc":{"start":{"line":136,"column":42},"end":{"line":136,"column":56}},"type":"default-arg","locations":[{"start":{"line":136,"column":54},"end":{"line":136,"column":56}}],"line":136},"12":{"loc":{"start":{"line":137,"column":2},"end":{"line":137,"column":35}},"type":"if","locations":[{"start":{"line":137,"column":2},"end":{"line":137,"column":35}},{"start":{},"end":{}}],"line":137},"13":{"loc":{"start":{"line":149,"column":49},"end":{"line":149,"column":63}},"type":"default-arg","locations":[{"start":{"line":149,"column":61},"end":{"line":149,"column":63}}],"line":149},"14":{"loc":{"start":{"line":150,"column":2},"end":{"line":150,"column":32}},"type":"if","locations":[{"start":{"line":150,"column":2},"end":{"line":150,"column":32}},{"start":{},"end":{}}],"line":150},"15":{"loc":{"start":{"line":157,"column":9},"end":{"line":157,"column":38}},"type":"cond-expr","locations":[{"start":{"line":157,"column":25},"end":{"line":157,"column":34}},{"start":{"line":157,"column":37},"end":{"line":157,"column":38}}],"line":157}},"s":{"0":6,"1":3,"2":3,"3":3,"4":3,"5":12,"6":3,"7":6,"8":0,"9":0,"10":6,"11":0,"12":0,"13":6,"14":0,"15":0,"16":6,"17":0,"18":0,"19":0,"20":0,"21":0,"22":6,"23":0,"24":6,"25":0,"26":6,"27":0,"28":0,"29":0,"30":6,"31":0,"32":0,"33":0,"34":6,"35":0,"36":0,"37":0,"38":0,"39":0,"40":0,"41":0,"42":6,"43":0,"44":0,"45":6,"46":0,"47":0,"48":0,"49":0,"50":0,"51":0,"52":6,"53":0,"54":0,"55":0,"56":0,"57":0,"58":0,"59":0},"f":{"0":3,"1":0,"2":0,"3":0,"4":0,"5":0,"6":0,"7":0,"8":0,"9":0,"10":0,"11":0,"12":0,"13":0,"14":0},"b":{"0":[0],"1":[0],"2":[0],"3":[0,0],"4":[0,0],"5":[0,0],"6":[0],"7":[0,0],"8":[0,0],"9":[0,0,0],"10":[0,0],"11":[0],"12":[0,0],"13":[0],"14":[0,0],"15":[0,0]},"_coverageSchema":"1a1c01bbd47fc00a2c39e90264f33305004495a9","hash":"afcd7c99a1feab6942e3b1d6ac9029c9c6f62661"}
,"D:\\mobile applicatio\\Git_Repo\\FitCoach\\backend\\src\\utils\\logger.js": {"path":"D:\\mobile applicatio\\Git_Repo\\FitCoach\\backend\\src\\utils\\logger.js","statementMap":{"0":{"start":{"line":1,"column":16},"end":{"line":1,"column":34}},"1":{"start":{"line":2,"column":13},"end":{"line":2,"column":28}},"2":{"start":{"line":4,"column":17},"end":{"line":4,"column":48}},"3":{"start":{"line":5,"column":15},"end":{"line":5,"column":52}},"4":{"start":{"line":7,"column":15},"end":{"line":46,"column":2}},"5":{"start":{"line":22,"column":20},"end":{"line":22,"column":57}},"6":{"start":{"line":23,"column":10},"end":{"line":25,"column":11}},"7":{"start":{"line":24,"column":12},"end":{"line":24,"column":46}},"8":{"start":{"line":26,"column":10},"end":{"line":26,"column":21}},"9":{"start":{"line":49,"column":0},"end":{"line":53,"column":2}},"10":{"start":{"line":51,"column":4},"end":{"line":51,"column":32}},"11":{"start":{"line":55,"column":0},"end":{"line":55,"column":24}}},"fnMap":{"0":{"name":"(anonymous_0)","decl":{"start":{"line":21,"column":30},"end":{"line":21,"column":31}},"loc":{"start":{"line":21,"column":74},"end":{"line":27,"column":9}},"line":21},"1":{"name":"(anonymous_1)","decl":{"start":{"line":50,"column":9},"end":{"line":50,"column":10}},"loc":{"start":{"line":50,"column":22},"end":{"line":52,"column":3}},"line":50}},"branchMap":{"0":{"loc":{"start":{"line":4,"column":17},"end":{"line":4,"column":48}},"type":"binary-expr","locations":[{"start":{"line":4,"column":17},"end":{"line":4,"column":38}},{"start":{"line":4,"column":42},"end":{"line":4,"column":48}}],"line":4},"1":{"loc":{"start":{"line":5,"column":15},"end":{"line":5,"column":52}},"type":"binary-expr","locations":[{"start":{"line":5,"column":15},"end":{"line":5,"column":40}},{"start":{"line":5,"column":44},"end":{"line":5,"column":52}}],"line":5},"2":{"loc":{"start":{"line":23,"column":10},"end":{"line":25,"column":11}},"type":"if","locations":[{"start":{"line":23,"column":10},"end":{"line":25,"column":11}},{"start":{},"end":{}}],"line":23}},"s":{"0":0,"1":0,"2":0,"3":0,"4":0,"5":0,"6":0,"7":0,"8":0,"9":0,"10":0,"11":0},"f":{"0":0,"1":0},"b":{"0":[0,0],"1":[0,0],"2":[0,0]}}
}
