{"D:\\mobile applicatio\\Git_Repo\\FitCoach\\backend\\src\\controllers\\adminController.js": {"path":"D:\\mobile applicatio\\Git_Repo\\FitCoach\\backend\\src\\controllers\\adminController.js","statementMap":{"0":{"start":{"line":1,"column":11},"end":{"line":1,"column":33}},"1":{"start":{"line":2,"column":15},"end":{"line":2,"column":41}},"2":{"start":{"line":3,"column":23},"end":{"line":3,"column":38}},"3":{"start":{"line":5,"column":20},"end":{"line":5,"column":119}},"4":{"start":{"line":5,"column":31},"end":{"line":5,"column":119}},"5":{"start":{"line":6,"column":31},"end":{"line":6,"column":80}},"6":{"start":{"line":11,"column":0},"end":{"line":88,"column":2}},"7":{"start":{"line":12,"column":2},"end":{"line":87,"column":3}},"8":{"start":{"line":14,"column":24},"end":{"line":17,"column":5}},"9":{"start":{"line":20,"column":26},"end":{"line":22,"column":5}},"10":{"start":{"line":25,"column":23},"end":{"line":32,"column":5}},"11":{"start":{"line":35,"column":26},"end":{"line":40,"column":5}},"12":{"start":{"line":43,"column":27},"end":{"line":47,"column":5}},"13":{"start":{"line":50,"column":27},"end":{"line":55,"column":5}},"14":{"start":{"line":57,"column":4},"end":{"line":79,"column":7}},"15":{"start":{"line":82,"column":4},"end":{"line":82,"column":58}},"16":{"start":{"line":83,"column":4},"end":{"line":86,"column":7}},"17":{"start":{"line":93,"column":0},"end":{"line":170,"column":2}},"18":{"start":{"line":94,"column":2},"end":{"line":169,"column":3}},"19":{"start":{"line":102,"column":8},"end":{"line":102,"column":17}},"20":{"start":{"line":104,"column":16},"end":{"line":113,"column":5}},"21":{"start":{"line":115,"column":19},"end":{"line":115,"column":21}},"22":{"start":{"line":116,"column":21},"end":{"line":116,"column":22}},"23":{"start":{"line":118,"column":4},"end":{"line":122,"column":5}},"24":{"start":{"line":119,"column":6},"end":{"line":119,"column":128}},"25":{"start":{"line":120,"column":6},"end":{"line":120,"column":33}},"26":{"start":{"line":121,"column":6},"end":{"line":121,"column":19}},"27":{"start":{"line":124,"column":4},"end":{"line":128,"column":5}},"28":{"start":{"line":125,"column":6},"end":{"line":125,"column":59}},"29":{"start":{"line":126,"column":6},"end":{"line":126,"column":36}},"30":{"start":{"line":127,"column":6},"end":{"line":127,"column":19}},"31":{"start":{"line":130,"column":4},"end":{"line":134,"column":5}},"32":{"start":{"line":131,"column":6},"end":{"line":131,"column":51}},"33":{"start":{"line":132,"column":6},"end":{"line":132,"column":39}},"34":{"start":{"line":133,"column":6},"end":{"line":133,"column":19}},"35":{"start":{"line":136,"column":4},"end":{"line":140,"column":5}},"36":{"start":{"line":137,"column":6},"end":{"line":137,"column":51}},"37":{"start":{"line":138,"column":6},"end":{"line":138,"column":27}},"38":{"start":{"line":139,"column":6},"end":{"line":139,"column":19}},"39":{"start":{"line":142,"column":4},"end":{"line":145,"column":6}},"40":{"start":{"line":147,"column":4},"end":{"line":147,"column":51}},"41":{"start":{"line":149,"column":19},"end":{"line":149,"column":48}},"42":{"start":{"line":152,"column":18},"end":{"line":155,"column":6}},"43":{"start":{"line":153,"column":6},"end":{"line":153,"column":32}},"44":{"start":{"line":154,"column":6},"end":{"line":154,"column":18}},"45":{"start":{"line":157,"column":4},"end":{"line":161,"column":7}},"46":{"start":{"line":164,"column":4},"end":{"line":164,"column":44}},"47":{"start":{"line":165,"column":4},"end":{"line":168,"column":7}},"48":{"start":{"line":175,"column":0},"end":{"line":221,"column":2}},"49":{"start":{"line":176,"column":2},"end":{"line":220,"column":3}},"50":{"start":{"line":177,"column":19},"end":{"line":177,"column":29}},"51":{"start":{"line":179,"column":4},"end":{"line":184,"column":5}},"52":{"start":{"line":180,"column":6},"end":{"line":183,"column":9}},"53":{"start":{"line":186,"column":19},"end":{"line":197,"column":5}},"54":{"start":{"line":199,"column":4},"end":{"line":204,"column":5}},"55":{"start":{"line":200,"column":6},"end":{"line":203,"column":9}},"56":{"start":{"line":206,"column":17},"end":{"line":206,"column":31}},"57":{"start":{"line":207,"column":4},"end":{"line":207,"column":30}},"58":{"start":{"line":209,"column":4},"end":{"line":212,"column":7}},"59":{"start":{"line":215,"column":4},"end":{"line":215,"column":49}},"60":{"start":{"line":216,"column":4},"end":{"line":219,"column":7}},"61":{"start":{"line":226,"column":0},"end":{"line":374,"column":2}},"62":{"start":{"line":227,"column":2},"end":{"line":373,"column":3}},"63":{"start":{"line":228,"column":19},"end":{"line":228,"column":29}},"64":{"start":{"line":235,"column":8},"end":{"line":235,"column":16}},"65":{"start":{"line":237,"column":4},"end":{"line":242,"column":5}},"66":{"start":{"line":238,"column":6},"end":{"line":241,"column":9}},"67":{"start":{"line":244,"column":4},"end":{"line":249,"column":5}},"68":{"start":{"line":245,"column":6},"end":{"line":248,"column":9}},"69":{"start":{"line":251,"column":4},"end":{"line":256,"column":5}},"70":{"start":{"line":252,"column":6},"end":{"line":255,"column":9}},"71":{"start":{"line":258,"column":19},"end":{"line":268,"column":5}},"72":{"start":{"line":270,"column":4},"end":{"line":275,"column":5}},"73":{"start":{"line":271,"column":6},"end":{"line":274,"column":9}},"74":{"start":{"line":278,"column":4},"end":{"line":354,"column":5}},"75":{"start":{"line":279,"column":6},"end":{"line":353,"column":7}},"76":{"start":{"line":281,"column":8},"end":{"line":284,"column":10}},"77":{"start":{"line":285,"column":8},"end":{"line":288,"column":10}},"78":{"start":{"line":290,"column":28},"end":{"line":293,"column":9}},"79":{"start":{"line":295,"column":8},"end":{"line":300,"column":9}},"80":{"start":{"line":296,"column":10},"end":{"line":299,"column":13}},"81":{"start":{"line":302,"column":28},"end":{"line":302,"column":47}},"82":{"start":{"line":305,"column":8},"end":{"line":308,"column":10}},"83":{"start":{"line":311,"column":8},"end":{"line":317,"column":10}},"84":{"start":{"line":319,"column":8},"end":{"line":322,"column":10}},"85":{"start":{"line":324,"column":8},"end":{"line":337,"column":10}},"86":{"start":{"line":339,"column":8},"end":{"line":352,"column":10}},"87":{"start":{"line":356,"column":17},"end":{"line":356,"column":31}},"88":{"start":{"line":357,"column":4},"end":{"line":357,"column":30}},"89":{"start":{"line":359,"column":4},"end":{"line":363,"column":7}},"90":{"start":{"line":365,"column":4},"end":{"line":365,"column":47}},"91":{"start":{"line":368,"column":4},"end":{"line":368,"column":46}},"92":{"start":{"line":369,"column":4},"end":{"line":372,"column":7}},"93":{"start":{"line":379,"column":0},"end":{"line":431,"column":2}},"94":{"start":{"line":380,"column":2},"end":{"line":430,"column":3}},"95":{"start":{"line":381,"column":19},"end":{"line":381,"column":29}},"96":{"start":{"line":382,"column":23},"end":{"line":382,"column":31}},"97":{"start":{"line":384,"column":4},"end":{"line":389,"column":5}},"98":{"start":{"line":385,"column":6},"end":{"line":388,"column":9}},"99":{"start":{"line":391,"column":4},"end":{"line":396,"column":5}},"100":{"start":{"line":392,"column":6},"end":{"line":395,"column":9}},"101":{"start":{"line":398,"column":19},"end":{"line":407,"column":5}},"102":{"start":{"line":409,"column":4},"end":{"line":414,"column":5}},"103":{"start":{"line":410,"column":6},"end":{"line":413,"column":9}},"104":{"start":{"line":416,"column":4},"end":{"line":420,"column":7}},"105":{"start":{"line":422,"column":4},"end":{"line":422,"column":68}},"106":{"start":{"line":425,"column":4},"end":{"line":425,"column":47}},"107":{"start":{"line":426,"column":4},"end":{"line":429,"column":7}},"108":{"start":{"line":436,"column":0},"end":{"line":478,"column":2}},"109":{"start":{"line":437,"column":2},"end":{"line":477,"column":3}},"110":{"start":{"line":438,"column":19},"end":{"line":438,"column":29}},"111":{"start":{"line":440,"column":4},"end":{"line":445,"column":5}},"112":{"start":{"line":441,"column":6},"end":{"line":444,"column":9}},"113":{"start":{"line":447,"column":19},"end":{"line":455,"column":5}},"114":{"start":{"line":457,"column":4},"end":{"line":462,"column":5}},"115":{"start":{"line":458,"column":6},"end":{"line":461,"column":9}},"116":{"start":{"line":464,"column":4},"end":{"line":467,"column":7}},"117":{"start":{"line":469,"column":4},"end":{"line":469,"column":47}},"118":{"start":{"line":472,"column":4},"end":{"line":472,"column":46}},"119":{"start":{"line":473,"column":4},"end":{"line":476,"column":7}},"120":{"start":{"line":483,"column":0},"end":{"line":554,"column":2}},"121":{"start":{"line":484,"column":2},"end":{"line":553,"column":3}},"122":{"start":{"line":491,"column":8},"end":{"line":491,"column":17}},"123":{"start":{"line":493,"column":16},"end":{"line":508,"column":5}},"124":{"start":{"line":510,"column":19},"end":{"line":510,"column":21}},"125":{"start":{"line":511,"column":21},"end":{"line":511,"column":22}},"126":{"start":{"line":513,"column":4},"end":{"line":517,"column":5}},"127":{"start":{"line":514,"column":6},"end":{"line":514,"column":89}},"128":{"start":{"line":515,"column":6},"end":{"line":515,"column":33}},"129":{"start":{"line":516,"column":6},"end":{"line":516,"column":19}},"130":{"start":{"line":519,"column":4},"end":{"line":523,"column":5}},"131":{"start":{"line":520,"column":6},"end":{"line":520,"column":51}},"132":{"start":{"line":521,"column":6},"end":{"line":521,"column":39}},"133":{"start":{"line":522,"column":6},"end":{"line":522,"column":19}},"134":{"start":{"line":525,"column":4},"end":{"line":529,"column":5}},"135":{"start":{"line":526,"column":6},"end":{"line":526,"column":53}},"136":{"start":{"line":527,"column":6},"end":{"line":527,"column":39}},"137":{"start":{"line":528,"column":6},"end":{"line":528,"column":19}},"138":{"start":{"line":531,"column":4},"end":{"line":535,"column":6}},"139":{"start":{"line":537,"column":4},"end":{"line":537,"column":51}},"140":{"start":{"line":539,"column":19},"end":{"line":539,"column":48}},"141":{"start":{"line":541,"column":4},"end":{"line":545,"column":7}},"142":{"start":{"line":548,"column":4},"end":{"line":548,"column":46}},"143":{"start":{"line":549,"column":4},"end":{"line":552,"column":7}},"144":{"start":{"line":559,"column":0},"end":{"line":608,"column":2}},"145":{"start":{"line":560,"column":2},"end":{"line":607,"column":3}},"146":{"start":{"line":561,"column":19},"end":{"line":561,"column":29}},"147":{"start":{"line":563,"column":4},"end":{"line":568,"column":5}},"148":{"start":{"line":564,"column":6},"end":{"line":567,"column":9}},"149":{"start":{"line":570,"column":19},"end":{"line":578,"column":5}},"150":{"start":{"line":580,"column":4},"end":{"line":585,"column":5}},"151":{"start":{"line":581,"column":6},"end":{"line":584,"column":9}},"152":{"start":{"line":588,"column":4},"end":{"line":591,"column":6}},"153":{"start":{"line":593,"column":4},"end":{"line":597,"column":7}},"154":{"start":{"line":599,"column":4},"end":{"line":599,"column":49}},"155":{"start":{"line":602,"column":4},"end":{"line":602,"column":48}},"156":{"start":{"line":603,"column":4},"end":{"line":606,"column":7}},"157":{"start":{"line":613,"column":0},"end":{"line":670,"column":2}},"158":{"start":{"line":614,"column":2},"end":{"line":669,"column":3}},"159":{"start":{"line":615,"column":19},"end":{"line":615,"column":29}},"160":{"start":{"line":616,"column":23},"end":{"line":616,"column":31}},"161":{"start":{"line":618,"column":4},"end":{"line":623,"column":5}},"162":{"start":{"line":619,"column":6},"end":{"line":622,"column":9}},"163":{"start":{"line":625,"column":4},"end":{"line":630,"column":5}},"164":{"start":{"line":626,"column":6},"end":{"line":629,"column":9}},"165":{"start":{"line":632,"column":19},"end":{"line":641,"column":5}},"166":{"start":{"line":643,"column":4},"end":{"line":648,"column":5}},"167":{"start":{"line":644,"column":6},"end":{"line":647,"column":9}},"168":{"start":{"line":651,"column":4},"end":{"line":654,"column":6}},"169":{"start":{"line":656,"column":4},"end":{"line":659,"column":7}},"170":{"start":{"line":661,"column":4},"end":{"line":661,"column":69}},"171":{"start":{"line":664,"column":4},"end":{"line":664,"column":48}},"172":{"start":{"line":665,"column":4},"end":{"line":668,"column":7}},"173":{"start":{"line":675,"column":0},"end":{"line":743,"column":2}},"174":{"start":{"line":676,"column":2},"end":{"line":742,"column":3}},"175":{"start":{"line":677,"column":53},"end":{"line":677,"column":62}},"176":{"start":{"line":680,"column":24},"end":{"line":686,"column":5}},"177":{"start":{"line":689,"column":22},"end":{"line":696,"column":5}},"178":{"start":{"line":698,"column":19},"end":{"line":698,"column":27}},"179":{"start":{"line":700,"column":4},"end":{"line":703,"column":5}},"180":{"start":{"line":701,"column":6},"end":{"line":701,"column":45}},"181":{"start":{"line":702,"column":6},"end":{"line":702,"column":29}},"182":{"start":{"line":705,"column":4},"end":{"line":708,"column":5}},"183":{"start":{"line":706,"column":6},"end":{"line":706,"column":64}},"184":{"start":{"line":707,"column":6},"end":{"line":707,"column":27}},"185":{"start":{"line":710,"column":4},"end":{"line":710,"column":68}},"186":{"start":{"line":712,"column":25},"end":{"line":712,"column":60}},"187":{"start":{"line":715,"column":23},"end":{"line":724,"column":5}},"188":{"start":{"line":726,"column":4},"end":{"line":734,"column":7}},"189":{"start":{"line":737,"column":4},"end":{"line":737,"column":56}},"190":{"start":{"line":738,"column":4},"end":{"line":741,"column":7}},"191":{"start":{"line":748,"column":0},"end":{"line":825,"column":2}},"192":{"start":{"line":749,"column":2},"end":{"line":824,"column":3}},"193":{"start":{"line":757,"column":8},"end":{"line":757,"column":17}},"194":{"start":{"line":759,"column":4},"end":{"line":765,"column":5}},"195":{"start":{"line":760,"column":6},"end":{"line":764,"column":9}},"196":{"start":{"line":767,"column":16},"end":{"line":774,"column":5}},"197":{"start":{"line":776,"column":19},"end":{"line":776,"column":21}},"198":{"start":{"line":777,"column":21},"end":{"line":777,"column":22}},"199":{"start":{"line":779,"column":4},"end":{"line":783,"column":5}},"200":{"start":{"line":780,"column":6},"end":{"line":780,"column":50}},"201":{"start":{"line":781,"column":6},"end":{"line":781,"column":26}},"202":{"start":{"line":782,"column":6},"end":{"line":782,"column":19}},"203":{"start":{"line":785,"column":4},"end":{"line":789,"column":5}},"204":{"start":{"line":786,"column":6},"end":{"line":786,"column":49}},"205":{"start":{"line":787,"column":6},"end":{"line":787,"column":26}},"206":{"start":{"line":788,"column":6},"end":{"line":788,"column":19}},"207":{"start":{"line":791,"column":4},"end":{"line":795,"column":5}},"208":{"start":{"line":792,"column":6},"end":{"line":792,"column":54}},"209":{"start":{"line":793,"column":6},"end":{"line":793,"column":29}},"210":{"start":{"line":794,"column":6},"end":{"line":794,"column":19}},"211":{"start":{"line":797,"column":4},"end":{"line":801,"column":5}},"212":{"start":{"line":798,"column":6},"end":{"line":798,"column":54}},"213":{"start":{"line":799,"column":6},"end":{"line":799,"column":27}},"214":{"start":{"line":800,"column":6},"end":{"line":800,"column":19}},"215":{"start":{"line":803,"column":4},"end":{"line":806,"column":6}},"216":{"start":{"line":808,"column":4},"end":{"line":808,"column":51}},"217":{"start":{"line":810,"column":19},"end":{"line":810,"column":48}},"218":{"start":{"line":812,"column":4},"end":{"line":816,"column":7}},"219":{"start":{"line":819,"column":4},"end":{"line":819,"column":49}},"220":{"start":{"line":820,"column":4},"end":{"line":823,"column":7}},"221":{"start":{"line":830,"column":0},"end":{"line":874,"column":2}},"222":{"start":{"line":831,"column":2},"end":{"line":873,"column":3}},"223":{"start":{"line":832,"column":69},"end":{"line":832,"column":78}},"224":{"start":{"line":834,"column":16},"end":{"line":834,"column":51}},"225":{"start":{"line":835,"column":19},"end":{"line":835,"column":21}},"226":{"start":{"line":836,"column":21},"end":{"line":836,"column":22}},"227":{"start":{"line":838,"column":4},"end":{"line":842,"column":5}},"228":{"start":{"line":839,"column":6},"end":{"line":839,"column":82}},"229":{"start":{"line":840,"column":6},"end":{"line":840,"column":33}},"230":{"start":{"line":841,"column":6},"end":{"line":841,"column":19}},"231":{"start":{"line":844,"column":4},"end":{"line":848,"column":5}},"232":{"start":{"line":845,"column":6},"end":{"line":845,"column":48}},"233":{"start":{"line":846,"column":6},"end":{"line":846,"column":28}},"234":{"start":{"line":847,"column":6},"end":{"line":847,"column":19}},"235":{"start":{"line":850,"column":4},"end":{"line":854,"column":5}},"236":{"start":{"line":851,"column":6},"end":{"line":851,"column":50}},"237":{"start":{"line":852,"column":6},"end":{"line":852,"column":30}},"238":{"start":{"line":853,"column":6},"end":{"line":853,"column":19}},"239":{"start":{"line":856,"column":4},"end":{"line":856,"column":77}},"240":{"start":{"line":857,"column":4},"end":{"line":857,"column":51}},"241":{"start":{"line":859,"column":19},"end":{"line":859,"column":48}},"242":{"start":{"line":861,"column":4},"end":{"line":865,"column":7}},"243":{"start":{"line":868,"column":4},"end":{"line":868,"column":48}},"244":{"start":{"line":869,"column":4},"end":{"line":872,"column":7}},"245":{"start":{"line":879,"column":0},"end":{"line":942,"column":2}},"246":{"start":{"line":880,"column":2},"end":{"line":941,"column":3}},"247":{"start":{"line":893,"column":8},"end":{"line":893,"column":16}},"248":{"start":{"line":895,"column":19},"end":{"line":925,"column":5}},"249":{"start":{"line":927,"column":4},"end":{"line":931,"column":7}},"250":{"start":{"line":933,"column":4},"end":{"line":933,"column":58}},"251":{"start":{"line":936,"column":4},"end":{"line":936,"column":50}},"252":{"start":{"line":937,"column":4},"end":{"line":940,"column":7}},"253":{"start":{"line":947,"column":0},"end":{"line":1020,"column":2}},"254":{"start":{"line":948,"column":2},"end":{"line":1019,"column":3}},"255":{"start":{"line":949,"column":19},"end":{"line":949,"column":29}},"256":{"start":{"line":962,"column":8},"end":{"line":962,"column":16}},"257":{"start":{"line":964,"column":19},"end":{"line":996,"column":5}},"258":{"start":{"line":998,"column":4},"end":{"line":1003,"column":5}},"259":{"start":{"line":999,"column":6},"end":{"line":1002,"column":9}},"260":{"start":{"line":1005,"column":4},"end":{"line":1009,"column":7}},"261":{"start":{"line":1011,"column":4},"end":{"line":1011,"column":43}},"262":{"start":{"line":1014,"column":4},"end":{"line":1014,"column":50}},"263":{"start":{"line":1015,"column":4},"end":{"line":1018,"column":7}},"264":{"start":{"line":1025,"column":0},"end":{"line":1070,"column":2}},"265":{"start":{"line":1026,"column":2},"end":{"line":1069,"column":3}},"266":{"start":{"line":1027,"column":19},"end":{"line":1027,"column":29}},"267":{"start":{"line":1030,"column":23},"end":{"line":1035,"column":5}},"268":{"start":{"line":1037,"column":4},"end":{"line":1042,"column":5}},"269":{"start":{"line":1038,"column":6},"end":{"line":1041,"column":9}},"270":{"start":{"line":1044,"column":19},"end":{"line":1047,"column":5}},"271":{"start":{"line":1049,"column":4},"end":{"line":1054,"column":5}},"272":{"start":{"line":1050,"column":6},"end":{"line":1053,"column":9}},"273":{"start":{"line":1056,"column":4},"end":{"line":1059,"column":7}},"274":{"start":{"line":1061,"column":4},"end":{"line":1061,"column":43}},"275":{"start":{"line":1064,"column":4},"end":{"line":1064,"column":50}},"276":{"start":{"line":1065,"column":4},"end":{"line":1068,"column":7}},"277":{"start":{"line":1075,"column":0},"end":{"line":1093,"column":2}},"278":{"start":{"line":1076,"column":2},"end":{"line":1092,"column":3}},"279":{"start":{"line":1077,"column":19},"end":{"line":1079,"column":5}},"280":{"start":{"line":1081,"column":4},"end":{"line":1084,"column":7}},"281":{"start":{"line":1087,"column":4},"end":{"line":1087,"column":57}},"282":{"start":{"line":1088,"column":4},"end":{"line":1091,"column":7}},"283":{"start":{"line":1098,"column":0},"end":{"line":1151,"column":2}},"284":{"start":{"line":1099,"column":2},"end":{"line":1150,"column":3}},"285":{"start":{"line":1100,"column":19},"end":{"line":1100,"column":29}},"286":{"start":{"line":1110,"column":8},"end":{"line":1110,"column":16}},"287":{"start":{"line":1112,"column":19},"end":{"line":1127,"column":5}},"288":{"start":{"line":1129,"column":4},"end":{"line":1134,"column":5}},"289":{"start":{"line":1130,"column":6},"end":{"line":1133,"column":9}},"290":{"start":{"line":1136,"column":4},"end":{"line":1140,"column":7}},"291":{"start":{"line":1142,"column":4},"end":{"line":1142,"column":52}},"292":{"start":{"line":1145,"column":4},"end":{"line":1145,"column":59}},"293":{"start":{"line":1146,"column":4},"end":{"line":1149,"column":7}},"294":{"start":{"line":1156,"column":0},"end":{"line":1186,"column":2}},"295":{"start":{"line":1157,"column":2},"end":{"line":1185,"column":3}},"296":{"start":{"line":1158,"column":83},"end":{"line":1158,"column":91}},"297":{"start":{"line":1160,"column":4},"end":{"line":1165,"column":5}},"298":{"start":{"line":1161,"column":6},"end":{"line":1164,"column":9}},"299":{"start":{"line":1167,"column":19},"end":{"line":1173,"column":5}},"300":{"start":{"line":1175,"column":4},"end":{"line":1178,"column":7}},"301":{"start":{"line":1180,"column":4},"end":{"line":1180,"column":59}},"302":{"start":{"line":1181,"column":4},"end":{"line":1184,"column":7}},"303":{"start":{"line":1191,"column":0},"end":{"line":1218,"column":2}},"304":{"start":{"line":1192,"column":2},"end":{"line":1217,"column":3}},"305":{"start":{"line":1193,"column":19},"end":{"line":1193,"column":29}},"306":{"start":{"line":1195,"column":19},"end":{"line":1198,"column":5}},"307":{"start":{"line":1200,"column":4},"end":{"line":1205,"column":5}},"308":{"start":{"line":1201,"column":6},"end":{"line":1204,"column":9}},"309":{"start":{"line":1207,"column":4},"end":{"line":1210,"column":7}},"310":{"start":{"line":1212,"column":4},"end":{"line":1212,"column":59}},"311":{"start":{"line":1213,"column":4},"end":{"line":1216,"column":7}},"312":{"start":{"line":1223,"column":0},"end":{"line":1251,"column":2}},"313":{"start":{"line":1224,"column":2},"end":{"line":1250,"column":3}},"314":{"start":{"line":1225,"column":19},"end":{"line":1227,"column":5}},"315":{"start":{"line":1230,"column":21},"end":{"line":1230,"column":23}},"316":{"start":{"line":1231,"column":4},"end":{"line":1237,"column":7}},"317":{"start":{"line":1232,"column":6},"end":{"line":1236,"column":8}},"318":{"start":{"line":1239,"column":4},"end":{"line":1242,"column":7}},"319":{"start":{"line":1245,"column":4},"end":{"line":1245,"column":54}},"320":{"start":{"line":1246,"column":4},"end":{"line":1249,"column":7}},"321":{"start":{"line":1256,"column":0},"end":{"line":1285,"column":2}},"322":{"start":{"line":1257,"column":2},"end":{"line":1284,"column":3}},"323":{"start":{"line":1258,"column":25},"end":{"line":1258,"column":33}},"324":{"start":{"line":1261,"column":4},"end":{"line":1269,"column":5}},"325":{"start":{"line":1262,"column":6},"end":{"line":1268,"column":8}},"326":{"start":{"line":1271,"column":4},"end":{"line":1274,"column":7}},"327":{"start":{"line":1276,"column":4},"end":{"line":1276,"column":43}},"328":{"start":{"line":1279,"column":4},"end":{"line":1279,"column":57}},"329":{"start":{"line":1280,"column":4},"end":{"line":1283,"column":7}},"330":{"start":{"line":1287,"column":0},"end":{"line":1287,"column":25}}},"fnMap":{"0":{"name":"(anonymous_0)","decl":{"start":{"line":5,"column":20},"end":{"line":5,"column":21}},"loc":{"start":{"line":5,"column":31},"end":{"line":5,"column":119}},"line":5},"1":{"name":"(anonymous_1)","decl":{"start":{"line":11,"column":32},"end":{"line":11,"column":33}},"loc":{"start":{"line":11,"column":52},"end":{"line":88,"column":1}},"line":11},"2":{"name":"(anonymous_2)","decl":{"start":{"line":93,"column":19},"end":{"line":93,"column":20}},"loc":{"start":{"line":93,"column":39},"end":{"line":170,"column":1}},"line":93},"3":{"name":"(anonymous_3)","decl":{"start":{"line":152,"column":34},"end":{"line":152,"column":35}},"loc":{"start":{"line":152,"column":42},"end":{"line":155,"column":5}},"line":152},"4":{"name":"(anonymous_4)","decl":{"start":{"line":175,"column":22},"end":{"line":175,"column":23}},"loc":{"start":{"line":175,"column":42},"end":{"line":221,"column":1}},"line":175},"5":{"name":"(anonymous_5)","decl":{"start":{"line":226,"column":21},"end":{"line":226,"column":22}},"loc":{"start":{"line":226,"column":41},"end":{"line":374,"column":1}},"line":226},"6":{"name":"(anonymous_6)","decl":{"start":{"line":379,"column":22},"end":{"line":379,"column":23}},"loc":{"start":{"line":379,"column":42},"end":{"line":431,"column":1}},"line":379},"7":{"name":"(anonymous_7)","decl":{"start":{"line":436,"column":21},"end":{"line":436,"column":22}},"loc":{"start":{"line":436,"column":41},"end":{"line":478,"column":1}},"line":436},"8":{"name":"(anonymous_8)","decl":{"start":{"line":483,"column":21},"end":{"line":483,"column":22}},"loc":{"start":{"line":483,"column":41},"end":{"line":554,"column":1}},"line":483},"9":{"name":"(anonymous_9)","decl":{"start":{"line":559,"column":23},"end":{"line":559,"column":24}},"loc":{"start":{"line":559,"column":43},"end":{"line":608,"column":1}},"line":559},"10":{"name":"(anonymous_10)","decl":{"start":{"line":613,"column":23},"end":{"line":613,"column":24}},"loc":{"start":{"line":613,"column":43},"end":{"line":670,"column":1}},"line":613},"11":{"name":"(anonymous_11)","decl":{"start":{"line":675,"column":30},"end":{"line":675,"column":31}},"loc":{"start":{"line":675,"column":50},"end":{"line":743,"column":1}},"line":675},"12":{"name":"(anonymous_12)","decl":{"start":{"line":748,"column":23},"end":{"line":748,"column":24}},"loc":{"start":{"line":748,"column":43},"end":{"line":825,"column":1}},"line":748},"13":{"name":"(anonymous_13)","decl":{"start":{"line":830,"column":23},"end":{"line":830,"column":24}},"loc":{"start":{"line":830,"column":43},"end":{"line":874,"column":1}},"line":830},"14":{"name":"(anonymous_14)","decl":{"start":{"line":879,"column":25},"end":{"line":879,"column":26}},"loc":{"start":{"line":879,"column":45},"end":{"line":942,"column":1}},"line":879},"15":{"name":"(anonymous_15)","decl":{"start":{"line":947,"column":25},"end":{"line":947,"column":26}},"loc":{"start":{"line":947,"column":45},"end":{"line":1020,"column":1}},"line":947},"16":{"name":"(anonymous_16)","decl":{"start":{"line":1025,"column":25},"end":{"line":1025,"column":26}},"loc":{"start":{"line":1025,"column":45},"end":{"line":1070,"column":1}},"line":1025},"17":{"name":"(anonymous_17)","decl":{"start":{"line":1075,"column":31},"end":{"line":1075,"column":32}},"loc":{"start":{"line":1075,"column":51},"end":{"line":1093,"column":1}},"line":1075},"18":{"name":"(anonymous_18)","decl":{"start":{"line":1098,"column":33},"end":{"line":1098,"column":34}},"loc":{"start":{"line":1098,"column":53},"end":{"line":1151,"column":1}},"line":1098},"19":{"name":"(anonymous_19)","decl":{"start":{"line":1156,"column":33},"end":{"line":1156,"column":34}},"loc":{"start":{"line":1156,"column":53},"end":{"line":1186,"column":1}},"line":1156},"20":{"name":"(anonymous_20)","decl":{"start":{"line":1191,"column":33},"end":{"line":1191,"column":34}},"loc":{"start":{"line":1191,"column":53},"end":{"line":1218,"column":1}},"line":1191},"21":{"name":"(anonymous_21)","decl":{"start":{"line":1223,"column":28},"end":{"line":1223,"column":29}},"loc":{"start":{"line":1223,"column":48},"end":{"line":1251,"column":1}},"line":1223},"22":{"name":"(anonymous_22)","decl":{"start":{"line":1231,"column":24},"end":{"line":1231,"column":25}},"loc":{"start":{"line":1231,"column":31},"end":{"line":1237,"column":5}},"line":1231},"23":{"name":"(anonymous_23)","decl":{"start":{"line":1256,"column":31},"end":{"line":1256,"column":32}},"loc":{"start":{"line":1256,"column":51},"end":{"line":1285,"column":1}},"line":1256}},"branchMap":{"0":{"loc":{"start":{"line":100,"column":6},"end":{"line":100,"column":16}},"type":"default-arg","locations":[{"start":{"line":100,"column":14},"end":{"line":100,"column":16}}],"line":100},"1":{"loc":{"start":{"line":101,"column":6},"end":{"line":101,"column":16}},"type":"default-arg","locations":[{"start":{"line":101,"column":15},"end":{"line":101,"column":16}}],"line":101},"2":{"loc":{"start":{"line":118,"column":4},"end":{"line":122,"column":5}},"type":"if","locations":[{"start":{"line":118,"column":4},"end":{"line":122,"column":5}},{"start":{},"end":{}}],"line":118},"3":{"loc":{"start":{"line":124,"column":4},"end":{"line":128,"column":5}},"type":"if","locations":[{"start":{"line":124,"column":4},"end":{"line":128,"column":5}},{"start":{},"end":{}}],"line":124},"4":{"loc":{"start":{"line":130,"column":4},"end":{"line":134,"column":5}},"type":"if","locations":[{"start":{"line":130,"column":4},"end":{"line":134,"column":5}},{"start":{},"end":{}}],"line":130},"5":{"loc":{"start":{"line":136,"column":4},"end":{"line":140,"column":5}},"type":"if","locations":[{"start":{"line":136,"column":4},"end":{"line":140,"column":5}},{"start":{},"end":{}}],"line":136},"6":{"loc":{"start":{"line":179,"column":4},"end":{"line":184,"column":5}},"type":"if","locations":[{"start":{"line":179,"column":4},"end":{"line":184,"column":5}},{"start":{},"end":{}}],"line":179},"7":{"loc":{"start":{"line":199,"column":4},"end":{"line":204,"column":5}},"type":"if","locations":[{"start":{"line":199,"column":4},"end":{"line":204,"column":5}},{"start":{},"end":{}}],"line":199},"8":{"loc":{"start":{"line":237,"column":4},"end":{"line":242,"column":5}},"type":"if","locations":[{"start":{"line":237,"column":4},"end":{"line":242,"column":5}},{"start":{},"end":{}}],"line":237},"9":{"loc":{"start":{"line":244,"column":4},"end":{"line":249,"column":5}},"type":"if","locations":[{"start":{"line":244,"column":4},"end":{"line":249,"column":5}},{"start":{},"end":{}}],"line":244},"10":{"loc":{"start":{"line":244,"column":8},"end":{"line":244,"column":73}},"type":"binary-expr","locations":[{"start":{"line":244,"column":8},"end":{"line":244,"column":24}},{"start":{"line":244,"column":28},"end":{"line":244,"column":73}}],"line":244},"11":{"loc":{"start":{"line":251,"column":4},"end":{"line":256,"column":5}},"type":"if","locations":[{"start":{"line":251,"column":4},"end":{"line":256,"column":5}},{"start":{},"end":{}}],"line":251},"12":{"loc":{"start":{"line":251,"column":8},"end":{"line":251,"column":74}},"type":"binary-expr","locations":[{"start":{"line":251,"column":8},"end":{"line":251,"column":29}},{"start":{"line":251,"column":33},"end":{"line":251,"column":49}},{"start":{"line":251,"column":53},"end":{"line":251,"column":74}}],"line":251},"13":{"loc":{"start":{"line":270,"column":4},"end":{"line":275,"column":5}},"type":"if","locations":[{"start":{"line":270,"column":4},"end":{"line":275,"column":5}},{"start":{},"end":{}}],"line":270},"14":{"loc":{"start":{"line":278,"column":4},"end":{"line":354,"column":5}},"type":"if","locations":[{"start":{"line":278,"column":4},"end":{"line":354,"column":5}},{"start":{},"end":{}}],"line":278},"15":{"loc":{"start":{"line":279,"column":6},"end":{"line":353,"column":7}},"type":"if","locations":[{"start":{"line":279,"column":6},"end":{"line":353,"column":7}},{"start":{"line":289,"column":13},"end":{"line":353,"column":7}}],"line":279},"16":{"loc":{"start":{"line":295,"column":8},"end":{"line":300,"column":9}},"type":"if","locations":[{"start":{"line":295,"column":8},"end":{"line":300,"column":9}},{"start":{},"end":{}}],"line":295},"17":{"loc":{"start":{"line":384,"column":4},"end":{"line":389,"column":5}},"type":"if","locations":[{"start":{"line":384,"column":4},"end":{"line":389,"column":5}},{"start":{},"end":{}}],"line":384},"18":{"loc":{"start":{"line":391,"column":4},"end":{"line":396,"column":5}},"type":"if","locations":[{"start":{"line":391,"column":4},"end":{"line":396,"column":5}},{"start":{},"end":{}}],"line":391},"19":{"loc":{"start":{"line":409,"column":4},"end":{"line":414,"column":5}},"type":"if","locations":[{"start":{"line":409,"column":4},"end":{"line":414,"column":5}},{"start":{},"end":{}}],"line":409},"20":{"loc":{"start":{"line":440,"column":4},"end":{"line":445,"column":5}},"type":"if","locations":[{"start":{"line":440,"column":4},"end":{"line":445,"column":5}},{"start":{},"end":{}}],"line":440},"21":{"loc":{"start":{"line":457,"column":4},"end":{"line":462,"column":5}},"type":"if","locations":[{"start":{"line":457,"column":4},"end":{"line":462,"column":5}},{"start":{},"end":{}}],"line":457},"22":{"loc":{"start":{"line":489,"column":6},"end":{"line":489,"column":16}},"type":"default-arg","locations":[{"start":{"line":489,"column":14},"end":{"line":489,"column":16}}],"line":489},"23":{"loc":{"start":{"line":490,"column":6},"end":{"line":490,"column":16}},"type":"default-arg","locations":[{"start":{"line":490,"column":15},"end":{"line":490,"column":16}}],"line":490},"24":{"loc":{"start":{"line":513,"column":4},"end":{"line":517,"column":5}},"type":"if","locations":[{"start":{"line":513,"column":4},"end":{"line":517,"column":5}},{"start":{},"end":{}}],"line":513},"25":{"loc":{"start":{"line":519,"column":4},"end":{"line":523,"column":5}},"type":"if","locations":[{"start":{"line":519,"column":4},"end":{"line":523,"column":5}},{"start":{},"end":{}}],"line":519},"26":{"loc":{"start":{"line":525,"column":4},"end":{"line":529,"column":5}},"type":"if","locations":[{"start":{"line":525,"column":4},"end":{"line":529,"column":5}},{"start":{},"end":{}}],"line":525},"27":{"loc":{"start":{"line":563,"column":4},"end":{"line":568,"column":5}},"type":"if","locations":[{"start":{"line":563,"column":4},"end":{"line":568,"column":5}},{"start":{},"end":{}}],"line":563},"28":{"loc":{"start":{"line":580,"column":4},"end":{"line":585,"column":5}},"type":"if","locations":[{"start":{"line":580,"column":4},"end":{"line":585,"column":5}},{"start":{},"end":{}}],"line":580},"29":{"loc":{"start":{"line":618,"column":4},"end":{"line":623,"column":5}},"type":"if","locations":[{"start":{"line":618,"column":4},"end":{"line":623,"column":5}},{"start":{},"end":{}}],"line":618},"30":{"loc":{"start":{"line":625,"column":4},"end":{"line":630,"column":5}},"type":"if","locations":[{"start":{"line":625,"column":4},"end":{"line":630,"column":5}},{"start":{},"end":{}}],"line":625},"31":{"loc":{"start":{"line":643,"column":4},"end":{"line":648,"column":5}},"type":"if","locations":[{"start":{"line":643,"column":4},"end":{"line":648,"column":5}},{"start":{},"end":{}}],"line":643},"32":{"loc":{"start":{"line":677,"column":12},"end":{"line":677,"column":28}},"type":"default-arg","locations":[{"start":{"line":677,"column":21},"end":{"line":677,"column":28}}],"line":677},"33":{"loc":{"start":{"line":700,"column":4},"end":{"line":703,"column":5}},"type":"if","locations":[{"start":{"line":700,"column":4},"end":{"line":703,"column":5}},{"start":{},"end":{}}],"line":700},"34":{"loc":{"start":{"line":705,"column":4},"end":{"line":708,"column":5}},"type":"if","locations":[{"start":{"line":705,"column":4},"end":{"line":708,"column":5}},{"start":{},"end":{}}],"line":705},"35":{"loc":{"start":{"line":755,"column":6},"end":{"line":755,"column":17}},"type":"default-arg","locations":[{"start":{"line":755,"column":14},"end":{"line":755,"column":17}}],"line":755},"36":{"loc":{"start":{"line":756,"column":6},"end":{"line":756,"column":16}},"type":"default-arg","locations":[{"start":{"line":756,"column":15},"end":{"line":756,"column":16}}],"line":756},"37":{"loc":{"start":{"line":759,"column":4},"end":{"line":765,"column":5}},"type":"if","locations":[{"start":{"line":759,"column":4},"end":{"line":765,"column":5}},{"start":{},"end":{}}],"line":759},"38":{"loc":{"start":{"line":759,"column":8},"end":{"line":759,"column":38}},"type":"binary-expr","locations":[{"start":{"line":759,"column":8},"end":{"line":759,"column":14}},{"start":{"line":759,"column":18},"end":{"line":759,"column":38}}],"line":759},"39":{"loc":{"start":{"line":779,"column":4},"end":{"line":783,"column":5}},"type":"if","locations":[{"start":{"line":779,"column":4},"end":{"line":783,"column":5}},{"start":{},"end":{}}],"line":779},"40":{"loc":{"start":{"line":785,"column":4},"end":{"line":789,"column":5}},"type":"if","locations":[{"start":{"line":785,"column":4},"end":{"line":789,"column":5}},{"start":{},"end":{}}],"line":785},"41":{"loc":{"start":{"line":791,"column":4},"end":{"line":795,"column":5}},"type":"if","locations":[{"start":{"line":791,"column":4},"end":{"line":795,"column":5}},{"start":{},"end":{}}],"line":791},"42":{"loc":{"start":{"line":797,"column":4},"end":{"line":801,"column":5}},"type":"if","locations":[{"start":{"line":797,"column":4},"end":{"line":801,"column":5}},{"start":{},"end":{}}],"line":797},"43":{"loc":{"start":{"line":832,"column":42},"end":{"line":832,"column":52}},"type":"default-arg","locations":[{"start":{"line":832,"column":50},"end":{"line":832,"column":52}}],"line":832},"44":{"loc":{"start":{"line":832,"column":54},"end":{"line":832,"column":64}},"type":"default-arg","locations":[{"start":{"line":832,"column":63},"end":{"line":832,"column":64}}],"line":832},"45":{"loc":{"start":{"line":838,"column":4},"end":{"line":842,"column":5}},"type":"if","locations":[{"start":{"line":838,"column":4},"end":{"line":842,"column":5}},{"start":{},"end":{}}],"line":838},"46":{"loc":{"start":{"line":844,"column":4},"end":{"line":848,"column":5}},"type":"if","locations":[{"start":{"line":844,"column":4},"end":{"line":848,"column":5}},{"start":{},"end":{}}],"line":844},"47":{"loc":{"start":{"line":850,"column":4},"end":{"line":854,"column":5}},"type":"if","locations":[{"start":{"line":850,"column":4},"end":{"line":854,"column":5}},{"start":{},"end":{}}],"line":850},"48":{"loc":{"start":{"line":998,"column":4},"end":{"line":1003,"column":5}},"type":"if","locations":[{"start":{"line":998,"column":4},"end":{"line":1003,"column":5}},{"start":{},"end":{}}],"line":998},"49":{"loc":{"start":{"line":1037,"column":4},"end":{"line":1042,"column":5}},"type":"if","locations":[{"start":{"line":1037,"column":4},"end":{"line":1042,"column":5}},{"start":{},"end":{}}],"line":1037},"50":{"loc":{"start":{"line":1049,"column":4},"end":{"line":1054,"column":5}},"type":"if","locations":[{"start":{"line":1049,"column":4},"end":{"line":1054,"column":5}},{"start":{},"end":{}}],"line":1049},"51":{"loc":{"start":{"line":1129,"column":4},"end":{"line":1134,"column":5}},"type":"if","locations":[{"start":{"line":1129,"column":4},"end":{"line":1134,"column":5}},{"start":{},"end":{}}],"line":1129},"52":{"loc":{"start":{"line":1158,"column":25},"end":{"line":1158,"column":41}},"type":"default-arg","locations":[{"start":{"line":1158,"column":36},"end":{"line":1158,"column":41}}],"line":1158},"53":{"loc":{"start":{"line":1158,"column":43},"end":{"line":1158,"column":61}},"type":"default-arg","locations":[{"start":{"line":1158,"column":60},"end":{"line":1158,"column":61}}],"line":1158},"54":{"loc":{"start":{"line":1158,"column":63},"end":{"line":1158,"column":78}},"type":"default-arg","locations":[{"start":{"line":1158,"column":74},"end":{"line":1158,"column":78}}],"line":1158},"55":{"loc":{"start":{"line":1160,"column":4},"end":{"line":1165,"column":5}},"type":"if","locations":[{"start":{"line":1160,"column":4},"end":{"line":1165,"column":5}},{"start":{},"end":{}}],"line":1160},"56":{"loc":{"start":{"line":1160,"column":8},"end":{"line":1160,"column":54}},"type":"binary-expr","locations":[{"start":{"line":1160,"column":8},"end":{"line":1160,"column":13}},{"start":{"line":1160,"column":17},"end":{"line":1160,"column":36}},{"start":{"line":1160,"column":40},"end":{"line":1160,"column":54}}],"line":1160},"57":{"loc":{"start":{"line":1200,"column":4},"end":{"line":1205,"column":5}},"type":"if","locations":[{"start":{"line":1200,"column":4},"end":{"line":1205,"column":5}},{"start":{},"end":{}}],"line":1200}},"s":{"0":4,"1":4,"2":4,"3":4,"4":2,"5":4,"6":4,"7":0,"8":0,"9":0,"10":0,"11":0,"12":0,"13":0,"14":0,"15":0,"16":0,"17":4,"18":0,"19":0,"20":0,"21":0,"22":0,"23":0,"24":0,"25":0,"26":0,"27":0,"28":0,"29":0,"30":0,"31":0,"32":0,"33":0,"34":0,"35":0,"36":0,"37":0,"38":0,"39":0,"40":0,"41":0,"42":0,"43":0,"44":0,"45":0,"46":0,"47":0,"48":4,"49":0,"50":0,"51":0,"52":0,"53":0,"54":0,"55":0,"56":0,"57":0,"58":0,"59":0,"60":0,"61":4,"62":1,"63":1,"64":1,"65":1,"66":0,"67":1,"68":0,"69":1,"70":0,"71":1,"72":1,"73":0,"74":1,"75":1,"76":0,"77":0,"78":1,"79":1,"80":0,"81":1,"82":1,"83":1,"84":1,"85":1,"86":1,"87":1,"88":1,"89":1,"90":1,"91":0,"92":0,"93":4,"94":0,"95":0,"96":0,"97":0,"98":0,"99":0,"100":0,"101":0,"102":0,"103":0,"104":0,"105":0,"106":0,"107":0,"108":4,"109":0,"110":0,"111":0,"112":0,"113":0,"114":0,"115":0,"116":0,"117":0,"118":0,"119":0,"120":4,"121":0,"122":0,"123":0,"124":0,"125":0,"126":0,"127":0,"128":0,"129":0,"130":0,"131":0,"132":0,"133":0,"134":0,"135":0,"136":0,"137":0,"138":0,"139":0,"140":0,"141":0,"142":0,"143":0,"144":4,"145":0,"146":0,"147":0,"148":0,"149":0,"150":0,"151":0,"152":0,"153":0,"154":0,"155":0,"156":0,"157":4,"158":0,"159":0,"160":0,"161":0,"162":0,"163":0,"164":0,"165":0,"166":0,"167":0,"168":0,"169":0,"170":0,"171":0,"172":0,"173":4,"174":0,"175":0,"176":0,"177":0,"178":0,"179":0,"180":0,"181":0,"182":0,"183":0,"184":0,"185":0,"186":0,"187":0,"188":0,"189":0,"190":0,"191":4,"192":0,"193":0,"194":0,"195":0,"196":0,"197":0,"198":0,"199":0,"200":0,"201":0,"202":0,"203":0,"204":0,"205":0,"206":0,"207":0,"208":0,"209":0,"210":0,"211":0,"212":0,"213":0,"214":0,"215":0,"216":0,"217":0,"218":0,"219":0,"220":0,"221":4,"222":0,"223":0,"224":0,"225":0,"226":0,"227":0,"228":0,"229":0,"230":0,"231":0,"232":0,"233":0,"234":0,"235":0,"236":0,"237":0,"238":0,"239":0,"240":0,"241":0,"242":0,"243":0,"244":0,"245":4,"246":0,"247":0,"248":0,"249":0,"250":0,"251":0,"252":0,"253":4,"254":0,"255":0,"256":0,"257":0,"258":0,"259":0,"260":0,"261":0,"262":0,"263":0,"264":4,"265":0,"266":0,"267":0,"268":0,"269":0,"270":0,"271":0,"272":0,"273":0,"274":0,"275":0,"276":0,"277":4,"278":1,"279":1,"280":1,"281":0,"282":0,"283":4,"284":1,"285":1,"286":1,"287":1,"288":1,"289":0,"290":1,"291":1,"292":0,"293":0,"294":4,"295":1,"296":1,"297":1,"298":0,"299":1,"300":1,"301":0,"302":0,"303":4,"304":1,"305":1,"306":1,"307":1,"308":0,"309":1,"310":0,"311":0,"312":4,"313":0,"314":0,"315":0,"316":0,"317":0,"318":0,"319":0,"320":0,"321":4,"322":0,"323":0,"324":0,"325":0,"326":0,"327":0,"328":0,"329":0,"330":4},"f":{"0":2,"1":0,"2":0,"3":0,"4":0,"5":1,"6":0,"7":0,"8":0,"9":0,"10":0,"11":0,"12":0,"13":0,"14":0,"15":0,"16":0,"17":1,"18":1,"19":1,"20":1,"21":0,"22":0,"23":0},"b":{"0":[0],"1":[0],"2":[0,0],"3":[0,0],"4":[0,0],"5":[0,0],"6":[0,0],"7":[0,0],"8":[0,1],"9":[0,1],"10":[1,0],"11":[0,1],"12":[1,1,1],"13":[0,1],"14":[1,0],"15":[0,1],"16":[0,1],"17":[0,0],"18":[0,0],"19":[0,0],"20":[0,0],"21":[0,0],"22":[0],"23":[0],"24":[0,0],"25":[0,0],"26":[0,0],"27":[0,0],"28":[0,0],"29":[0,0],"30":[0,0],"31":[0,0],"32":[0],"33":[0,0],"34":[0,0],"35":[0],"36":[0],"37":[0,0],"38":[0,0],"39":[0,0],"40":[0,0],"41":[0,0],"42":[0,0],"43":[0],"44":[0],"45":[0,0],"46":[0,0],"47":[0,0],"48":[0,0],"49":[0,0],"50":[0,0],"51":[0,1],"52":[0],"53":[0],"54":[0],"55":[0,1],"56":[1,1,1],"57":[0,1]},"_coverageSchema":"1a1c01bbd47fc00a2c39e90264f33305004495a9","hash":"61ad18c02c53bfe6704c2a404687ea611bd46eb3"}
,"D:\\mobile applicatio\\Git_Repo\\FitCoach\\backend\\src\\controllers\\authController.js": {"path":"D:\\mobile applicatio\\Git_Repo\\FitCoach\\backend\\src\\controllers\\authController.js","statementMap":{"0":{"start":{"line":1,"column":15},"end":{"line":1,"column":34}},"1":{"start":{"line":2,"column":12},"end":{"line":2,"column":35}},"2":{"start":{"line":3,"column":14},"end":{"line":3,"column":30}},"3":{"start":{"line":4,"column":19},"end":{"line":4,"column":38}},"4":{"start":{"line":5,"column":11},"end":{"line":5,"column":33}},"5":{"start":{"line":6,"column":15},"end":{"line":6,"column":41}},"6":{"start":{"line":7,"column":23},"end":{"line":7,"column":59}},"7":{"start":{"line":8,"column":24},"end":{"line":8,"column":51}},"8":{"start":{"line":9,"column":27},"end":{"line":9,"column":68}},"9":{"start":{"line":11,"column":18},"end":{"line":18,"column":2}},"10":{"start":{"line":20,"column":27},"end":{"line":23,"column":1}},"11":{"start":{"line":21,"column":14},"end":{"line":21,"column":48}},"12":{"start":{"line":22,"column":2},"end":{"line":22,"column":28}},"13":{"start":{"line":25,"column":33},"end":{"line":41,"column":1}},"14":{"start":{"line":26,"column":18},"end":{"line":26,"column":63}},"15":{"start":{"line":27,"column":2},"end":{"line":29,"column":3}},"16":{"start":{"line":28,"column":4},"end":{"line":28,"column":52}},"17":{"start":{"line":31,"column":20},"end":{"line":31,"column":64}},"18":{"start":{"line":32,"column":24},"end":{"line":34,"column":3}},"19":{"start":{"line":35,"column":19},"end":{"line":35,"column":78}},"20":{"start":{"line":36,"column":2},"end":{"line":38,"column":3}},"21":{"start":{"line":37,"column":4},"end":{"line":37,"column":38}},"22":{"start":{"line":40,"column":2},"end":{"line":40,"column":61}},"23":{"start":{"line":43,"column":32},"end":{"line":48,"column":1}},"24":{"start":{"line":44,"column":19},"end":{"line":46,"column":4}},"25":{"start":{"line":47,"column":2},"end":{"line":47,"column":23}},"26":{"start":{"line":50,"column":34},"end":{"line":58,"column":1}},"27":{"start":{"line":51,"column":19},"end":{"line":56,"column":4}},"28":{"start":{"line":57,"column":2},"end":{"line":57,"column":23}},"29":{"start":{"line":63,"column":0},"end":{"line":129,"column":2}},"30":{"start":{"line":64,"column":17},"end":{"line":64,"column":37}},"31":{"start":{"line":66,"column":2},"end":{"line":128,"column":3}},"32":{"start":{"line":67,"column":28},"end":{"line":67,"column":36}},"33":{"start":{"line":69,"column":4},"end":{"line":74,"column":5}},"34":{"start":{"line":70,"column":6},"end":{"line":73,"column":9}},"35":{"start":{"line":76,"column":23},"end":{"line":76,"column":38}},"36":{"start":{"line":77,"column":4},"end":{"line":82,"column":5}},"37":{"start":{"line":78,"column":6},"end":{"line":81,"column":9}},"38":{"start":{"line":84,"column":4},"end":{"line":84,"column":32}},"39":{"start":{"line":87,"column":20},"end":{"line":87,"column":34}},"40":{"start":{"line":88,"column":22},"end":{"line":88,"column":58}},"41":{"start":{"line":91,"column":4},"end":{"line":94,"column":6}},"42":{"start":{"line":97,"column":4},"end":{"line":101,"column":6}},"43":{"start":{"line":104,"column":4},"end":{"line":108,"column":5}},"44":{"start":{"line":105,"column":6},"end":{"line":105,"column":45}},"45":{"start":{"line":107,"column":6},"end":{"line":107,"column":86}},"46":{"start":{"line":110,"column":4},"end":{"line":110,"column":33}},"47":{"start":{"line":112,"column":4},"end":{"line":117,"column":7}},"48":{"start":{"line":120,"column":4},"end":{"line":120,"column":35}},"49":{"start":{"line":121,"column":4},"end":{"line":121,"column":43}},"50":{"start":{"line":122,"column":4},"end":{"line":125,"column":7}},"51":{"start":{"line":127,"column":4},"end":{"line":127,"column":21}},"52":{"start":{"line":134,"column":0},"end":{"line":267,"column":2}},"53":{"start":{"line":135,"column":17},"end":{"line":135,"column":37}},"54":{"start":{"line":137,"column":2},"end":{"line":266,"column":3}},"55":{"start":{"line":138,"column":37},"end":{"line":138,"column":45}},"56":{"start":{"line":140,"column":4},"end":{"line":145,"column":5}},"57":{"start":{"line":141,"column":6},"end":{"line":144,"column":9}},"58":{"start":{"line":147,"column":4},"end":{"line":147,"column":32}},"59":{"start":{"line":150,"column":22},"end":{"line":159,"column":5}},"60":{"start":{"line":161,"column":4},"end":{"line":167,"column":5}},"61":{"start":{"line":162,"column":6},"end":{"line":162,"column":37}},"62":{"start":{"line":163,"column":6},"end":{"line":166,"column":9}},"63":{"start":{"line":169,"column":16},"end":{"line":169,"column":33}},"64":{"start":{"line":172,"column":4},"end":{"line":175,"column":6}},"65":{"start":{"line":178,"column":21},"end":{"line":181,"column":5}},"66":{"start":{"line":184,"column":20},"end":{"line":184,"column":25}},"67":{"start":{"line":186,"column":4},"end":{"line":229,"column":5}},"68":{"start":{"line":188,"column":6},"end":{"line":198,"column":8}},"69":{"start":{"line":200,"column":6},"end":{"line":200,"column":32}},"70":{"start":{"line":201,"column":6},"end":{"line":201,"column":23}},"71":{"start":{"line":204,"column":33},"end":{"line":213,"column":7}},"72":{"start":{"line":215,"column":6},"end":{"line":226,"column":7}},"73":{"start":{"line":216,"column":29},"end":{"line":216,"column":55}},"74":{"start":{"line":219,"column":8},"end":{"line":223,"column":10}},"75":{"start":{"line":225,"column":8},"end":{"line":225,"column":93}},"76":{"start":{"line":228,"column":6},"end":{"line":228,"column":32}},"77":{"start":{"line":232,"column":4},"end":{"line":235,"column":6}},"78":{"start":{"line":237,"column":4},"end":{"line":237,"column":33}},"79":{"start":{"line":240,"column":18},"end":{"line":244,"column":5}},"80":{"start":{"line":246,"column":4},"end":{"line":246,"column":30}},"81":{"start":{"line":247,"column":20},"end":{"line":247,"column":74}},"82":{"start":{"line":249,"column":4},"end":{"line":255,"column":7}},"83":{"start":{"line":258,"column":4},"end":{"line":258,"column":35}},"84":{"start":{"line":259,"column":4},"end":{"line":259,"column":45}},"85":{"start":{"line":260,"column":4},"end":{"line":263,"column":7}},"86":{"start":{"line":265,"column":4},"end":{"line":265,"column":21}},"87":{"start":{"line":272,"column":0},"end":{"line":353,"column":2}},"88":{"start":{"line":273,"column":2},"end":{"line":352,"column":3}},"89":{"start":{"line":274,"column":39},"end":{"line":274,"column":47}},"90":{"start":{"line":276,"column":4},"end":{"line":281,"column":5}},"91":{"start":{"line":277,"column":6},"end":{"line":280,"column":9}},"92":{"start":{"line":284,"column":20},"end":{"line":284,"column":46}},"93":{"start":{"line":285,"column":18},"end":{"line":285,"column":52}},"94":{"start":{"line":288,"column":23},"end":{"line":291,"column":5}},"95":{"start":{"line":293,"column":4},"end":{"line":298,"column":5}},"96":{"start":{"line":294,"column":6},"end":{"line":297,"column":9}},"97":{"start":{"line":300,"column":17},"end":{"line":300,"column":35}},"98":{"start":{"line":303,"column":4},"end":{"line":308,"column":5}},"99":{"start":{"line":304,"column":6},"end":{"line":307,"column":9}},"100":{"start":{"line":311,"column":20},"end":{"line":311,"column":70}},"101":{"start":{"line":313,"column":4},"end":{"line":318,"column":5}},"102":{"start":{"line":314,"column":6},"end":{"line":317,"column":9}},"103":{"start":{"line":321,"column":4},"end":{"line":324,"column":6}},"104":{"start":{"line":327,"column":18},"end":{"line":331,"column":5}},"105":{"start":{"line":333,"column":4},"end":{"line":333,"column":30}},"106":{"start":{"line":334,"column":20},"end":{"line":334,"column":74}},"107":{"start":{"line":336,"column":4},"end":{"line":342,"column":7}},"108":{"start":{"line":344,"column":4},"end":{"line":344,"column":46}},"109":{"start":{"line":347,"column":4},"end":{"line":347,"column":40}},"110":{"start":{"line":348,"column":4},"end":{"line":351,"column":7}},"111":{"start":{"line":358,"column":0},"end":{"line":464,"column":2}},"112":{"start":{"line":359,"column":17},"end":{"line":359,"column":37}},"113":{"start":{"line":361,"column":2},"end":{"line":463,"column":3}},"114":{"start":{"line":362,"column":45},"end":{"line":362,"column":53}},"115":{"start":{"line":364,"column":4},"end":{"line":369,"column":5}},"116":{"start":{"line":365,"column":6},"end":{"line":368,"column":9}},"117":{"start":{"line":371,"column":4},"end":{"line":371,"column":32}},"118":{"start":{"line":374,"column":25},"end":{"line":377,"column":5}},"119":{"start":{"line":379,"column":4},"end":{"line":385,"column":5}},"120":{"start":{"line":380,"column":6},"end":{"line":380,"column":37}},"121":{"start":{"line":381,"column":6},"end":{"line":384,"column":9}},"122":{"start":{"line":388,"column":25},"end":{"line":388,"column":56}},"123":{"start":{"line":391,"column":23},"end":{"line":403,"column":5}},"124":{"start":{"line":405,"column":17},"end":{"line":405,"column":35}},"125":{"start":{"line":408,"column":31},"end":{"line":417,"column":5}},"126":{"start":{"line":419,"column":4},"end":{"line":430,"column":5}},"127":{"start":{"line":420,"column":27},"end":{"line":420,"column":53}},"128":{"start":{"line":423,"column":6},"end":{"line":427,"column":8}},"129":{"start":{"line":429,"column":6},"end":{"line":429,"column":91}},"130":{"start":{"line":432,"column":4},"end":{"line":432,"column":33}},"131":{"start":{"line":435,"column":18},"end":{"line":439,"column":5}},"132":{"start":{"line":441,"column":4},"end":{"line":441,"column":30}},"133":{"start":{"line":442,"column":20},"end":{"line":442,"column":74}},"134":{"start":{"line":444,"column":4},"end":{"line":450,"column":7}},"135":{"start":{"line":452,"column":4},"end":{"line":452,"column":50}},"136":{"start":{"line":455,"column":4},"end":{"line":455,"column":35}},"137":{"start":{"line":456,"column":4},"end":{"line":456,"column":41}},"138":{"start":{"line":457,"column":4},"end":{"line":460,"column":7}},"139":{"start":{"line":462,"column":4},"end":{"line":462,"column":21}},"140":{"start":{"line":469,"column":0},"end":{"line":675,"column":2}},"141":{"start":{"line":470,"column":17},"end":{"line":470,"column":37}},"142":{"start":{"line":472,"column":2},"end":{"line":674,"column":3}},"143":{"start":{"line":473,"column":75},"end":{"line":473,"column":83}},"144":{"start":{"line":475,"column":4},"end":{"line":480,"column":5}},"145":{"start":{"line":476,"column":6},"end":{"line":479,"column":9}},"146":{"start":{"line":483,"column":4},"end":{"line":488,"column":5}},"147":{"start":{"line":484,"column":6},"end":{"line":487,"column":9}},"148":{"start":{"line":490,"column":4},"end":{"line":495,"column":5}},"149":{"start":{"line":491,"column":6},"end":{"line":494,"column":9}},"150":{"start":{"line":497,"column":26},"end":{"line":502,"column":5}},"151":{"start":{"line":504,"column":4},"end":{"line":526,"column":5}},"152":{"start":{"line":505,"column":25},"end":{"line":505,"column":67}},"153":{"start":{"line":506,"column":23},"end":{"line":506,"column":37}},"154":{"start":{"line":507,"column":6},"end":{"line":512,"column":7}},"155":{"start":{"line":508,"column":8},"end":{"line":511,"column":11}},"156":{"start":{"line":513,"column":26},"end":{"line":513,"column":54}},"157":{"start":{"line":514,"column":6},"end":{"line":519,"column":7}},"158":{"start":{"line":515,"column":8},"end":{"line":518,"column":11}},"159":{"start":{"line":520,"column":6},"end":{"line":525,"column":8}},"160":{"start":{"line":528,"column":4},"end":{"line":542,"column":5}},"161":{"start":{"line":529,"column":21},"end":{"line":529,"column":65}},"162":{"start":{"line":530,"column":6},"end":{"line":535,"column":7}},"163":{"start":{"line":531,"column":8},"end":{"line":534,"column":11}},"164":{"start":{"line":536,"column":6},"end":{"line":541,"column":8}},"165":{"start":{"line":544,"column":4},"end":{"line":558,"column":5}},"166":{"start":{"line":545,"column":27},"end":{"line":545,"column":70}},"167":{"start":{"line":546,"column":6},"end":{"line":551,"column":7}},"168":{"start":{"line":547,"column":8},"end":{"line":550,"column":11}},"169":{"start":{"line":552,"column":6},"end":{"line":557,"column":8}},"170":{"start":{"line":560,"column":4},"end":{"line":565,"column":5}},"171":{"start":{"line":561,"column":6},"end":{"line":564,"column":9}},"172":{"start":{"line":567,"column":4},"end":{"line":567,"column":32}},"173":{"start":{"line":570,"column":21},"end":{"line":575,"column":5}},"174":{"start":{"line":578,"column":20},"end":{"line":578,"column":25}},"175":{"start":{"line":580,"column":4},"end":{"line":637,"column":5}},"176":{"start":{"line":582,"column":6},"end":{"line":587,"column":7}},"177":{"start":{"line":583,"column":8},"end":{"line":586,"column":10}},"178":{"start":{"line":589,"column":6},"end":{"line":626,"column":7}},"179":{"start":{"line":591,"column":8},"end":{"line":591,"column":34}},"180":{"start":{"line":593,"column":8},"end":{"line":599,"column":10}},"181":{"start":{"line":602,"column":8},"end":{"line":613,"column":10}},"182":{"start":{"line":615,"column":8},"end":{"line":615,"column":34}},"183":{"start":{"line":616,"column":8},"end":{"line":616,"column":25}},"184":{"start":{"line":619,"column":8},"end":{"line":623,"column":10}},"185":{"start":{"line":625,"column":8},"end":{"line":625,"column":60}},"186":{"start":{"line":628,"column":6},"end":{"line":628,"column":32}},"187":{"start":{"line":631,"column":6},"end":{"line":636,"column":8}},"188":{"start":{"line":640,"column":4},"end":{"line":643,"column":6}},"189":{"start":{"line":645,"column":4},"end":{"line":645,"column":33}},"190":{"start":{"line":648,"column":18},"end":{"line":652,"column":5}},"191":{"start":{"line":654,"column":4},"end":{"line":654,"column":30}},"192":{"start":{"line":655,"column":20},"end":{"line":655,"column":74}},"193":{"start":{"line":657,"column":4},"end":{"line":663,"column":7}},"194":{"start":{"line":666,"column":4},"end":{"line":666,"column":35}},"195":{"start":{"line":667,"column":4},"end":{"line":667,"column":47}},"196":{"start":{"line":668,"column":4},"end":{"line":671,"column":7}},"197":{"start":{"line":673,"column":4},"end":{"line":673,"column":21}},"198":{"start":{"line":680,"column":0},"end":{"line":732,"column":2}},"199":{"start":{"line":681,"column":2},"end":{"line":731,"column":3}},"200":{"start":{"line":682,"column":29},"end":{"line":682,"column":37}},"201":{"start":{"line":684,"column":4},"end":{"line":689,"column":5}},"202":{"start":{"line":685,"column":6},"end":{"line":688,"column":9}},"203":{"start":{"line":692,"column":20},"end":{"line":692,"column":68}},"204":{"start":{"line":695,"column":19},"end":{"line":698,"column":5}},"205":{"start":{"line":700,"column":4},"end":{"line":705,"column":5}},"206":{"start":{"line":701,"column":6},"end":{"line":704,"column":9}},"207":{"start":{"line":707,"column":17},"end":{"line":707,"column":31}},"208":{"start":{"line":710,"column":24},"end":{"line":718,"column":5}},"209":{"start":{"line":720,"column":4},"end":{"line":723,"column":7}},"210":{"start":{"line":726,"column":4},"end":{"line":726,"column":48}},"211":{"start":{"line":727,"column":4},"end":{"line":730,"column":7}},"212":{"start":{"line":737,"column":0},"end":{"line":752,"column":2}},"213":{"start":{"line":738,"column":2},"end":{"line":751,"column":3}},"214":{"start":{"line":741,"column":4},"end":{"line":744,"column":7}},"215":{"start":{"line":746,"column":4},"end":{"line":746,"column":41}},"216":{"start":{"line":747,"column":4},"end":{"line":750,"column":7}},"217":{"start":{"line":757,"column":0},"end":{"line":793,"column":2}},"218":{"start":{"line":758,"column":2},"end":{"line":792,"column":3}},"219":{"start":{"line":759,"column":19},"end":{"line":769,"column":5}},"220":{"start":{"line":771,"column":4},"end":{"line":776,"column":5}},"221":{"start":{"line":772,"column":6},"end":{"line":775,"column":9}},"222":{"start":{"line":778,"column":17},"end":{"line":778,"column":31}},"223":{"start":{"line":779,"column":4},"end":{"line":779,"column":30}},"224":{"start":{"line":781,"column":4},"end":{"line":784,"column":7}},"225":{"start":{"line":787,"column":4},"end":{"line":787,"column":51}},"226":{"start":{"line":788,"column":4},"end":{"line":791,"column":7}}},"fnMap":{"0":{"name":"(anonymous_0)","decl":{"start":{"line":20,"column":27},"end":{"line":20,"column":28}},"loc":{"start":{"line":20,"column":42},"end":{"line":23,"column":1}},"line":20},"1":{"name":"(anonymous_1)","decl":{"start":{"line":25,"column":33},"end":{"line":25,"column":34}},"loc":{"start":{"line":25,"column":58},"end":{"line":41,"column":1}},"line":25},"2":{"name":"(anonymous_2)","decl":{"start":{"line":43,"column":32},"end":{"line":43,"column":33}},"loc":{"start":{"line":43,"column":55},"end":{"line":48,"column":1}},"line":43},"3":{"name":"(anonymous_3)","decl":{"start":{"line":50,"column":34},"end":{"line":50,"column":35}},"loc":{"start":{"line":50,"column":57},"end":{"line":58,"column":1}},"line":50},"4":{"name":"(anonymous_4)","decl":{"start":{"line":63,"column":18},"end":{"line":63,"column":19}},"loc":{"start":{"line":63,"column":38},"end":{"line":129,"column":1}},"line":63},"5":{"name":"(anonymous_5)","decl":{"start":{"line":134,"column":20},"end":{"line":134,"column":21}},"loc":{"start":{"line":134,"column":40},"end":{"line":267,"column":1}},"line":134},"6":{"name":"(anonymous_6)","decl":{"start":{"line":272,"column":16},"end":{"line":272,"column":17}},"loc":{"start":{"line":272,"column":36},"end":{"line":353,"column":1}},"line":272},"7":{"name":"(anonymous_7)","decl":{"start":{"line":358,"column":17},"end":{"line":358,"column":18}},"loc":{"start":{"line":358,"column":37},"end":{"line":464,"column":1}},"line":358},"8":{"name":"(anonymous_8)","decl":{"start":{"line":469,"column":22},"end":{"line":469,"column":23}},"loc":{"start":{"line":469,"column":42},"end":{"line":675,"column":1}},"line":469},"9":{"name":"(anonymous_9)","decl":{"start":{"line":680,"column":23},"end":{"line":680,"column":24}},"loc":{"start":{"line":680,"column":43},"end":{"line":732,"column":1}},"line":680},"10":{"name":"(anonymous_10)","decl":{"start":{"line":737,"column":17},"end":{"line":737,"column":18}},"loc":{"start":{"line":737,"column":37},"end":{"line":752,"column":1}},"line":737},"11":{"name":"(anonymous_11)","decl":{"start":{"line":757,"column":25},"end":{"line":757,"column":26}},"loc":{"start":{"line":757,"column":45},"end":{"line":793,"column":1}},"line":757}},"branchMap":{"0":{"loc":{"start":{"line":27,"column":2},"end":{"line":29,"column":3}},"type":"if","locations":[{"start":{"line":27,"column":2},"end":{"line":29,"column":3}},{"start":{},"end":{}}],"line":27},"1":{"loc":{"start":{"line":27,"column":6},"end":{"line":27,"column":56}},"type":"binary-expr","locations":[{"start":{"line":27,"column":6},"end":{"line":27,"column":14}},{"start":{"line":27,"column":18},"end":{"line":27,"column":33}},{"start":{"line":27,"column":37},"end":{"line":27,"column":56}}],"line":27},"2":{"loc":{"start":{"line":35,"column":19},"end":{"line":35,"column":78}},"type":"binary-expr","locations":[{"start":{"line":35,"column":19},"end":{"line":35,"column":47}},{"start":{"line":35,"column":51},"end":{"line":35,"column":78}}],"line":35},"3":{"loc":{"start":{"line":36,"column":2},"end":{"line":38,"column":3}},"type":"if","locations":[{"start":{"line":36,"column":2},"end":{"line":38,"column":3}},{"start":{},"end":{}}],"line":36},"4":{"loc":{"start":{"line":69,"column":4},"end":{"line":74,"column":5}},"type":"if","locations":[{"start":{"line":69,"column":4},"end":{"line":74,"column":5}},{"start":{},"end":{}}],"line":69},"5":{"loc":{"start":{"line":77,"column":4},"end":{"line":82,"column":5}},"type":"if","locations":[{"start":{"line":77,"column":4},"end":{"line":82,"column":5}},{"start":{},"end":{}}],"line":77},"6":{"loc":{"start":{"line":104,"column":4},"end":{"line":108,"column":5}},"type":"if","locations":[{"start":{"line":104,"column":4},"end":{"line":108,"column":5}},{"start":{"line":106,"column":11},"end":{"line":108,"column":5}}],"line":104},"7":{"loc":{"start":{"line":116,"column":10},"end":{"line":116,"column":63}},"type":"binary-expr","locations":[{"start":{"line":116,"column":10},"end":{"line":116,"column":48}},{"start":{"line":116,"column":52},"end":{"line":116,"column":63}}],"line":116},"8":{"loc":{"start":{"line":140,"column":4},"end":{"line":145,"column":5}},"type":"if","locations":[{"start":{"line":140,"column":4},"end":{"line":145,"column":5}},{"start":{},"end":{}}],"line":140},"9":{"loc":{"start":{"line":140,"column":8},"end":{"line":140,"column":32}},"type":"binary-expr","locations":[{"start":{"line":140,"column":8},"end":{"line":140,"column":20}},{"start":{"line":140,"column":24},"end":{"line":140,"column":32}}],"line":140},"10":{"loc":{"start":{"line":161,"column":4},"end":{"line":167,"column":5}},"type":"if","locations":[{"start":{"line":161,"column":4},"end":{"line":167,"column":5}},{"start":{},"end":{}}],"line":161},"11":{"loc":{"start":{"line":186,"column":4},"end":{"line":229,"column":5}},"type":"if","locations":[{"start":{"line":186,"column":4},"end":{"line":229,"column":5}},{"start":{"line":227,"column":11},"end":{"line":229,"column":5}}],"line":186},"12":{"loc":{"start":{"line":215,"column":6},"end":{"line":226,"column":7}},"type":"if","locations":[{"start":{"line":215,"column":6},"end":{"line":226,"column":7}},{"start":{},"end":{}}],"line":215},"13":{"loc":{"start":{"line":253,"column":12},"end":{"line":253,"column":27}},"type":"binary-expr","locations":[{"start":{"line":253,"column":12},"end":{"line":253,"column":19}},{"start":{"line":253,"column":23},"end":{"line":253,"column":27}}],"line":253},"14":{"loc":{"start":{"line":276,"column":4},"end":{"line":281,"column":5}},"type":"if","locations":[{"start":{"line":276,"column":4},"end":{"line":281,"column":5}},{"start":{},"end":{}}],"line":276},"15":{"loc":{"start":{"line":276,"column":8},"end":{"line":276,"column":34}},"type":"binary-expr","locations":[{"start":{"line":276,"column":8},"end":{"line":276,"column":21}},{"start":{"line":276,"column":25},"end":{"line":276,"column":34}}],"line":276},"16":{"loc":{"start":{"line":285,"column":18},"end":{"line":285,"column":52}},"type":"cond-expr","locations":[{"start":{"line":285,"column":28},"end":{"line":285,"column":35}},{"start":{"line":285,"column":38},"end":{"line":285,"column":52}}],"line":285},"17":{"loc":{"start":{"line":293,"column":4},"end":{"line":298,"column":5}},"type":"if","locations":[{"start":{"line":293,"column":4},"end":{"line":298,"column":5}},{"start":{},"end":{}}],"line":293},"18":{"loc":{"start":{"line":303,"column":4},"end":{"line":308,"column":5}},"type":"if","locations":[{"start":{"line":303,"column":4},"end":{"line":308,"column":5}},{"start":{},"end":{}}],"line":303},"19":{"loc":{"start":{"line":313,"column":4},"end":{"line":318,"column":5}},"type":"if","locations":[{"start":{"line":313,"column":4},"end":{"line":318,"column":5}},{"start":{},"end":{}}],"line":313},"20":{"loc":{"start":{"line":340,"column":12},"end":{"line":340,"column":27}},"type":"binary-expr","locations":[{"start":{"line":340,"column":12},"end":{"line":340,"column":19}},{"start":{"line":340,"column":23},"end":{"line":340,"column":27}}],"line":340},"21":{"loc":{"start":{"line":364,"column":4},"end":{"line":369,"column":5}},"type":"if","locations":[{"start":{"line":364,"column":4},"end":{"line":369,"column":5}},{"start":{},"end":{}}],"line":364},"22":{"loc":{"start":{"line":364,"column":8},"end":{"line":364,"column":46}},"type":"binary-expr","locations":[{"start":{"line":364,"column":8},"end":{"line":364,"column":13}},{"start":{"line":364,"column":17},"end":{"line":364,"column":23}},{"start":{"line":364,"column":27},"end":{"line":364,"column":33}},{"start":{"line":364,"column":37},"end":{"line":364,"column":46}}],"line":364},"23":{"loc":{"start":{"line":379,"column":4},"end":{"line":385,"column":5}},"type":"if","locations":[{"start":{"line":379,"column":4},"end":{"line":385,"column":5}},{"start":{},"end":{}}],"line":379},"24":{"loc":{"start":{"line":419,"column":4},"end":{"line":430,"column":5}},"type":"if","locations":[{"start":{"line":419,"column":4},"end":{"line":430,"column":5}},{"start":{},"end":{}}],"line":419},"25":{"loc":{"start":{"line":448,"column":12},"end":{"line":448,"column":27}},"type":"binary-expr","locations":[{"start":{"line":448,"column":12},"end":{"line":448,"column":19}},{"start":{"line":448,"column":23},"end":{"line":448,"column":27}}],"line":448},"26":{"loc":{"start":{"line":475,"column":4},"end":{"line":480,"column":5}},"type":"if","locations":[{"start":{"line":475,"column":4},"end":{"line":480,"column":5}},{"start":{},"end":{}}],"line":475},"27":{"loc":{"start":{"line":475,"column":8},"end":{"line":475,"column":30}},"type":"binary-expr","locations":[{"start":{"line":475,"column":8},"end":{"line":475,"column":17}},{"start":{"line":475,"column":21},"end":{"line":475,"column":30}}],"line":475},"28":{"loc":{"start":{"line":483,"column":4},"end":{"line":488,"column":5}},"type":"if","locations":[{"start":{"line":483,"column":4},"end":{"line":488,"column":5}},{"start":{},"end":{}}],"line":483},"29":{"loc":{"start":{"line":490,"column":4},"end":{"line":495,"column":5}},"type":"if","locations":[{"start":{"line":490,"column":4},"end":{"line":495,"column":5}},{"start":{},"end":{}}],"line":490},"30":{"loc":{"start":{"line":504,"column":4},"end":{"line":526,"column":5}},"type":"if","locations":[{"start":{"line":504,"column":4},"end":{"line":526,"column":5}},{"start":{},"end":{}}],"line":504},"31":{"loc":{"start":{"line":507,"column":6},"end":{"line":512,"column":7}},"type":"if","locations":[{"start":{"line":507,"column":6},"end":{"line":512,"column":7}},{"start":{},"end":{}}],"line":507},"32":{"loc":{"start":{"line":507,"column":10},"end":{"line":507,"column":55}},"type":"binary-expr","locations":[{"start":{"line":507,"column":10},"end":{"line":507,"column":18}},{"start":{"line":507,"column":22},"end":{"line":507,"column":30}},{"start":{"line":507,"column":34},"end":{"line":507,"column":55}}],"line":507},"33":{"loc":{"start":{"line":514,"column":6},"end":{"line":519,"column":7}},"type":"if","locations":[{"start":{"line":514,"column":6},"end":{"line":519,"column":7}},{"start":{},"end":{}}],"line":514},"34":{"loc":{"start":{"line":514,"column":10},"end":{"line":514,"column":55}},"type":"binary-expr","locations":[{"start":{"line":514,"column":10},"end":{"line":514,"column":21}},{"start":{"line":514,"column":25},"end":{"line":514,"column":55}}],"line":514},"35":{"loc":{"start":{"line":521,"column":12},"end":{"line":521,"column":32}},"type":"binary-expr","locations":[{"start":{"line":521,"column":12},"end":{"line":521,"column":20}},{"start":{"line":521,"column":24},"end":{"line":521,"column":32}}],"line":521},"36":{"loc":{"start":{"line":522,"column":15},"end":{"line":522,"column":40}},"type":"binary-expr","locations":[{"start":{"line":522,"column":15},"end":{"line":522,"column":31}},{"start":{"line":522,"column":35},"end":{"line":522,"column":40}}],"line":522},"37":{"loc":{"start":{"line":523,"column":14},"end":{"line":523,"column":37}},"type":"binary-expr","locations":[{"start":{"line":523,"column":14},"end":{"line":523,"column":29}},{"start":{"line":523,"column":33},"end":{"line":523,"column":37}}],"line":523},"38":{"loc":{"start":{"line":524,"column":22},"end":{"line":524,"column":56}},"type":"binary-expr","locations":[{"start":{"line":524,"column":22},"end":{"line":524,"column":40}},{"start":{"line":524,"column":44},"end":{"line":524,"column":56}}],"line":524},"39":{"loc":{"start":{"line":528,"column":4},"end":{"line":542,"column":5}},"type":"if","locations":[{"start":{"line":528,"column":4},"end":{"line":542,"column":5}},{"start":{},"end":{}}],"line":528},"40":{"loc":{"start":{"line":530,"column":6},"end":{"line":535,"column":7}},"type":"if","locations":[{"start":{"line":530,"column":6},"end":{"line":535,"column":7}},{"start":{},"end":{}}],"line":530},"41":{"loc":{"start":{"line":530,"column":10},"end":{"line":530,"column":57}},"type":"binary-expr","locations":[{"start":{"line":530,"column":10},"end":{"line":530,"column":18}},{"start":{"line":530,"column":22},"end":{"line":530,"column":31}},{"start":{"line":530,"column":35},"end":{"line":530,"column":57}}],"line":530},"42":{"loc":{"start":{"line":537,"column":12},"end":{"line":537,"column":33}},"type":"binary-expr","locations":[{"start":{"line":537,"column":12},"end":{"line":537,"column":21}},{"start":{"line":537,"column":25},"end":{"line":537,"column":33}}],"line":537},"43":{"loc":{"start":{"line":538,"column":15},"end":{"line":538,"column":36}},"type":"binary-expr","locations":[{"start":{"line":538,"column":15},"end":{"line":538,"column":27}},{"start":{"line":538,"column":31},"end":{"line":538,"column":36}}],"line":538},"44":{"loc":{"start":{"line":539,"column":14},"end":{"line":539,"column":33}},"type":"binary-expr","locations":[{"start":{"line":539,"column":14},"end":{"line":539,"column":25}},{"start":{"line":539,"column":29},"end":{"line":539,"column":33}}],"line":539},"45":{"loc":{"start":{"line":540,"column":22},"end":{"line":540,"column":63}},"type":"binary-expr","locations":[{"start":{"line":540,"column":22},"end":{"line":540,"column":47}},{"start":{"line":540,"column":51},"end":{"line":540,"column":63}}],"line":540},"46":{"loc":{"start":{"line":544,"column":4},"end":{"line":558,"column":5}},"type":"if","locations":[{"start":{"line":544,"column":4},"end":{"line":558,"column":5}},{"start":{},"end":{}}],"line":544},"47":{"loc":{"start":{"line":546,"column":6},"end":{"line":551,"column":7}},"type":"if","locations":[{"start":{"line":546,"column":6},"end":{"line":551,"column":7}},{"start":{},"end":{}}],"line":546},"48":{"loc":{"start":{"line":546,"column":10},"end":{"line":546,"column":71}},"type":"binary-expr","locations":[{"start":{"line":546,"column":10},"end":{"line":546,"column":18}},{"start":{"line":546,"column":22},"end":{"line":546,"column":38}},{"start":{"line":546,"column":42},"end":{"line":546,"column":71}}],"line":546},"49":{"loc":{"start":{"line":553,"column":12},"end":{"line":553,"column":40}},"type":"binary-expr","locations":[{"start":{"line":553,"column":12},"end":{"line":553,"column":28}},{"start":{"line":553,"column":32},"end":{"line":553,"column":40}}],"line":553},"50":{"loc":{"start":{"line":554,"column":15},"end":{"line":554,"column":42}},"type":"binary-expr","locations":[{"start":{"line":554,"column":15},"end":{"line":554,"column":33}},{"start":{"line":554,"column":37},"end":{"line":554,"column":42}}],"line":554},"51":{"loc":{"start":{"line":555,"column":14},"end":{"line":555,"column":34}},"type":"binary-expr","locations":[{"start":{"line":555,"column":14},"end":{"line":555,"column":18}},{"start":{"line":555,"column":22},"end":{"line":555,"column":34}}],"line":555},"52":{"loc":{"start":{"line":560,"column":4},"end":{"line":565,"column":5}},"type":"if","locations":[{"start":{"line":560,"column":4},"end":{"line":565,"column":5}},{"start":{},"end":{}}],"line":560},"53":{"loc":{"start":{"line":580,"column":4},"end":{"line":637,"column":5}},"type":"if","locations":[{"start":{"line":580,"column":4},"end":{"line":637,"column":5}},{"start":{"line":627,"column":11},"end":{"line":637,"column":5}}],"line":580},"54":{"loc":{"start":{"line":582,"column":6},"end":{"line":587,"column":7}},"type":"if","locations":[{"start":{"line":582,"column":6},"end":{"line":587,"column":7}},{"start":{},"end":{}}],"line":582},"55":{"loc":{"start":{"line":589,"column":6},"end":{"line":626,"column":7}},"type":"if","locations":[{"start":{"line":589,"column":6},"end":{"line":626,"column":7}},{"start":{"line":600,"column":13},"end":{"line":626,"column":7}}],"line":589},"56":{"loc":{"start":{"line":612,"column":11},"end":{"line":612,"column":41}},"type":"binary-expr","locations":[{"start":{"line":612,"column":11},"end":{"line":612,"column":31}},{"start":{"line":612,"column":35},"end":{"line":612,"column":41}}],"line":612},"57":{"loc":{"start":{"line":661,"column":12},"end":{"line":661,"column":27}},"type":"binary-expr","locations":[{"start":{"line":661,"column":12},"end":{"line":661,"column":19}},{"start":{"line":661,"column":23},"end":{"line":661,"column":27}}],"line":661},"58":{"loc":{"start":{"line":684,"column":4},"end":{"line":689,"column":5}},"type":"if","locations":[{"start":{"line":684,"column":4},"end":{"line":689,"column":5}},{"start":{},"end":{}}],"line":684},"59":{"loc":{"start":{"line":700,"column":4},"end":{"line":705,"column":5}},"type":"if","locations":[{"start":{"line":700,"column":4},"end":{"line":705,"column":5}},{"start":{},"end":{}}],"line":700},"60":{"loc":{"start":{"line":717,"column":19},"end":{"line":717,"column":54}},"type":"binary-expr","locations":[{"start":{"line":717,"column":19},"end":{"line":717,"column":45}},{"start":{"line":717,"column":49},"end":{"line":717,"column":54}}],"line":717},"61":{"loc":{"start":{"line":771,"column":4},"end":{"line":776,"column":5}},"type":"if","locations":[{"start":{"line":771,"column":4},"end":{"line":776,"column":5}},{"start":{},"end":{}}],"line":771}},"s":{"0":4,"1":4,"2":4,"3":4,"4":4,"5":4,"6":4,"7":4,"8":4,"9":4,"10":4,"11":0,"12":0,"13":4,"14":0,"15":0,"16":0,"17":0,"18":0,"19":0,"20":0,"21":0,"22":0,"23":4,"24":0,"25":0,"26":4,"27":0,"28":0,"29":4,"30":5,"31":5,"32":5,"33":5,"34":1,"35":4,"36":4,"37":1,"38":3,"39":3,"40":3,"41":3,"42":2,"43":2,"44":0,"45":2,"46":2,"47":2,"48":1,"49":1,"50":1,"51":5,"52":4,"53":7,"54":7,"55":7,"56":7,"57":1,"58":6,"59":6,"60":6,"61":2,"62":2,"63":4,"64":4,"65":4,"66":4,"67":4,"68":2,"69":2,"70":2,"71":2,"72":2,"73":2,"74":2,"75":2,"76":2,"77":4,"78":4,"79":4,"80":4,"81":4,"82":4,"83":0,"84":0,"85":0,"86":7,"87":4,"88":0,"89":0,"90":0,"91":0,"92":0,"93":0,"94":0,"95":0,"96":0,"97":0,"98":0,"99":0,"100":0,"101":0,"102":0,"103":0,"104":0,"105":0,"106":0,"107":0,"108":0,"109":0,"110":0,"111":4,"112":0,"113":0,"114":0,"115":0,"116":0,"117":0,"118":0,"119":0,"120":0,"121":0,"122":0,"123":0,"124":0,"125":0,"126":0,"127":0,"128":0,"129":0,"130":0,"131":0,"132":0,"133":0,"134":0,"135":0,"136":0,"137":0,"138":0,"139":0,"140":4,"141":0,"142":0,"143":0,"144":0,"145":0,"146":0,"147":0,"148":0,"149":0,"150":0,"151":0,"152":0,"153":0,"154":0,"155":0,"156":0,"157":0,"158":0,"159":0,"160":0,"161":0,"162":0,"163":0,"164":0,"165":0,"166":0,"167":0,"168":0,"169":0,"170":0,"171":0,"172":0,"173":0,"174":0,"175":0,"176":0,"177":0,"178":0,"179":0,"180":0,"181":0,"182":0,"183":0,"184":0,"185":0,"186":0,"187":0,"188":0,"189":0,"190":0,"191":0,"192":0,"193":0,"194":0,"195":0,"196":0,"197":0,"198":4,"199":6,"200":6,"201":6,"202":2,"203":4,"204":2,"205":2,"206":0,"207":2,"208":2,"209":2,"210":2,"211":2,"212":4,"213":2,"214":2,"215":0,"216":0,"217":4,"218":3,"219":3,"220":3,"221":1,"222":2,"223":2,"224":2,"225":0,"226":0},"f":{"0":0,"1":0,"2":0,"3":0,"4":5,"5":7,"6":0,"7":0,"8":0,"9":6,"10":2,"11":3},"b":{"0":[0,0],"1":[0,0,0],"2":[0,0],"3":[0,0],"4":[1,4],"5":[1,3],"6":[0,2],"7":[2,0],"8":[1,6],"9":[7,7],"10":[2,4],"11":[2,2],"12":[2,0],"13":[4,4],"14":[0,0],"15":[0,0],"16":[0,0],"17":[0,0],"18":[0,0],"19":[0,0],"20":[0,0],"21":[0,0],"22":[0,0,0,0],"23":[0,0],"24":[0,0],"25":[0,0],"26":[0,0],"27":[0,0],"28":[0,0],"29":[0,0],"30":[0,0],"31":[0,0],"32":[0,0,0],"33":[0,0],"34":[0,0],"35":[0,0],"36":[0,0],"37":[0,0],"38":[0,0],"39":[0,0],"40":[0,0],"41":[0,0,0],"42":[0,0],"43":[0,0],"44":[0,0],"45":[0,0],"46":[0,0],"47":[0,0],"48":[0,0,0],"49":[0,0],"50":[0,0],"51":[0,0],"52":[0,0],"53":[0,0],"54":[0,0],"55":[0,0],"56":[0,0],"57":[0,0],"58":[2,4],"59":[0,2],"60":[2,0],"61":[1,2]},"_coverageSchema":"1a1c01bbd47fc00a2c39e90264f33305004495a9","hash":"919080a679dcd22d6f857f2644ef65f187cc7aa4"}
[...]
0,"column":2},"end":{"line":130,"column":41}},"45":{"start":{"line":136,"column":0},"end":{"line":144,"column":2}},"46":{"start":{"line":137,"column":2},"end":{"line":137,"column":35}},"47":{"start":{"line":137,"column":23},"end":{"line":137,"column":35}},"48":{"start":{"line":139,"column":16},"end":{"line":139,"column":40}},"49":{"start":{"line":140,"column":14},"end":{"line":140,"column":24}},"50":{"start":{"line":141,"column":21},"end":{"line":141,"column":70}},"51":{"start":{"line":143,"column":2},"end":{"line":143,"column":33}},"52":{"start":{"line":149,"column":0},"end":{"line":158,"column":2}},"53":{"start":{"line":150,"column":2},"end":{"line":150,"column":32}},"54":{"start":{"line":150,"column":23},"end":{"line":150,"column":32}},"55":{"start":{"line":152,"column":16},"end":{"line":152,"column":40}},"56":{"start":{"line":153,"column":14},"end":{"line":153,"column":24}},"57":{"start":{"line":154,"column":21},"end":{"line":154,"column":70}},"58":{"start":{"line":155,"column":20},"end":{"line":155,"column":42}},"59":{"start":{"line":157,"column":2},"end":{"line":157,"column":39}}},"fnMap":{"0":{"name":"(anonymous_0)","decl":{"start":{"line":4,"column":22},"end":{"line":4,"column":23}},"loc":{"start":{"line":4,"column":38},"end":{"line":11,"column":1}},"line":4},"1":{"name":"(anonymous_1)","decl":{"start":{"line":16,"column":29},"end":{"line":16,"column":30}},"loc":{"start":{"line":16,"column":46},"end":{"line":19,"column":1}},"line":16},"2":{"name":"(anonymous_2)","decl":{"start":{"line":24,"column":19},"end":{"line":24,"column":20}},"loc":{"start":{"line":24,"column":45},"end":{"line":27,"column":1}},"line":24},"3":{"name":"(anonymous_3)","decl":{"start":{"line":32,"column":28},"end":{"line":32,"column":29}},"loc":{"start":{"line":32,"column":52},"end":{"line":42,"column":1}},"line":32},"4":{"name":"(anonymous_4)","decl":{"start":{"line":47,"column":28},"end":{"line":47,"column":29}},"loc":{"start":{"line":47,"column":73},"end":{"line":56,"column":1}},"line":47},"5":{"name":"(anonymous_5)","decl":{"start":{"line":50,"column":40},"end":{"line":50,"column":41}},"loc":{"start":{"line":51,"column":4},"end":{"line":54,"column":5}},"line":51},"6":{"name":"(anonymous_6)","decl":{"start":{"line":51,"column":22},"end":{"line":51,"column":23}},"loc":{"start":{"line":52,"column":6},"end":{"line":53,"column":67}},"line":52},"7":{"name":"(anonymous_7)","decl":{"start":{"line":61,"column":33},"end":{"line":61,"column":34}},"loc":{"start":{"line":61,"column":59},"end":{"line":63,"column":1}},"line":61},"8":{"name":"(anonymous_8)","decl":{"start":{"line":68,"column":25},"end":{"line":68,"column":26}},"loc":{"start":{"line":68,"column":55},"end":{"line":73,"column":1}},"line":68},"9":{"name":"(anonymous_9)","decl":{"start":{"line":78,"column":30},"end":{"line":78,"column":31}},"loc":{"start":{"line":78,"column":36},"end":{"line":82,"column":1}},"line":78},"10":{"name":"(anonymous_10)","decl":{"start":{"line":87,"column":24},"end":{"line":87,"column":25}},"loc":{"start":{"line":87,"column":35},"end":{"line":90,"column":1}},"line":87},"11":{"name":"(anonymous_11)","decl":{"start":{"line":95,"column":23},"end":{"line":95,"column":24}},"loc":{"start":{"line":95,"column":40},"end":{"line":106,"column":1}},"line":95},"12":{"name":"(anonymous_12)","decl":{"start":{"line":111,"column":25},"end":{"line":111,"column":26}},"loc":{"start":{"line":111,"column":35},"end":{"line":131,"column":1}},"line":111},"13":{"name":"(anonymous_13)","decl":{"start":{"line":136,"column":25},"end":{"line":136,"column":26}},"loc":{"start":{"line":136,"column":61},"end":{"line":144,"column":1}},"line":136},"14":{"name":"(anonymous_14)","decl":{"start":{"line":149,"column":32},"end":{"line":149,"column":33}},"loc":{"start":{"line":149,"column":68},"end":{"line":158,"column":1}},"line":149}},"branchMap":{"0":{"loc":{"start":{"line":4,"column":23},"end":{"line":4,"column":33}},"type":"default-arg","locations":[{"start":{"line":4,"column":32},"end":{"line":4,"column":33}}],"line":4},"1":{"loc":{"start":{"line":24,"column":20},"end":{"line":24,"column":28}},"type":"default-arg","locations":[{"start":{"line":24,"column":27},"end":{"line":24,"column":28}}],"line":24},"2":{"loc":{"start":{"line":24,"column":30},"end":{"line":24,"column":40}},"type":"default-arg","locations":[{"start":{"line":24,"column":38},"end":{"line":24,"column":40}}],"line":24},"3":{"loc":{"start":{"line":48,"column":2},"end":{"line":48,"column":64}},"type":"if","locations":[{"start":{"line":48,"column":2},"end":{"line":48,"column":64}},{"start":{},"end":{}}],"line":48},"4":{"loc":{"start":{"line":48,"column":6},"end":{"line":48,"column":49}},"type":"binary-expr","locations":[{"start":{"line":48,"column":6},"end":{"line":48,"column":19}},{"start":{"line":48,"column":23},"end":{"line":48,"column":49}}],"line":48},"5":{"loc":{"start":{"line":52,"column":6},"end":{"line":53,"column":67}},"type":"binary-expr","locations":[{"start":{"line":52,"column":6},"end":{"line":52,"column":67}},{"start":{"line":53,"column":6},"end":{"line":53,"column":67}}],"line":52},"6":{"loc":{"start":{"line":68,"column":34},"end":{"line":68,"column":50}},"type":"default-arg","locations":[{"start":{"line":68,"column":45},"end":{"line":68,"column":50}}],"line":68},"7":{"loc":{"start":{"line":88,"column":2},"end":{"line":88,"column":46}},"type":"if","locations":[{"start":{"line":88,"column":2},"end":{"line":88,"column":46}},{"start":{},"end":{}}],"line":88},"8":{"loc":{"start":{"line":101,"column":2},"end":{"line":103,"column":3}},"type":"if","locations":[{"start":{"line":101,"column":2},"end":{"line":103,"column":3}},{"start":{},"end":{}}],"line":101},"9":{"loc":{"start":{"line":101,"column":6},"end":{"line":101,"column":81}},"type":"binary-expr","locations":[{"start":{"line":101,"column":6},"end":{"line":101,"column":19}},{"start":{"line":101,"column":24},"end":{"line":101,"column":39}},{"start":{"line":101,"column":43},"end":{"line":101,"column":80}}],"line":101},"10":{"loc":{"start":{"line":130,"column":9},"end":{"line":130,"column":40}},"type":"binary-expr","locations":[{"start":{"line":130,"column":9},"end":{"line":130,"column":21}},{"start":{"line":130,"column":25},"end":{"line":130,"column":40}}],"line":130},"11":{"loc":{"start":{"line":136,"column":42},"end":{"line":136,"column":56}},"type":"default-arg","locations":[{"start":{"line":136,"column":54},"end":{"line":136,"column":56}}],"line":136},"12":{"loc":{"start":{"line":137,"column":2},"end":{"line":137,"column":35}},"type":"if","locations":[{"start":{"line":137,"column":2},"end":{"line":137,"column":35}},{"start":{},"end":{}}],"line":137},"13":{"loc":{"start":{"line":149,"column":49},"end":{"line":149,"column":63}},"type":"default-arg","locations":[{"start":{"line":149,"column":61},"end":{"line":149,"column":63}}],"line":149},"14":{"loc":{"start":{"line":150,"column":2},"end":{"line":150,"column":32}},"type":"if","locations":[{"start":{"line":150,"column":2},"end":{"line":150,"column":32}},{"start":{},"end":{}}],"line":150},"15":{"loc":{"start":{"line":157,"column":9},"end":{"line":157,"column":38}},"type":"cond-expr","locations":[{"start":{"line":157,"column":25},"end":{"line":157,"column":34}},{"start":{"line":157,"column":37},"end":{"line":157,"column":38}}],"line":157}},"s":{"0":7,"1":3,"2":3,"3":3,"4":3,"5":12,"6":3,"7":7,"8":0,"9":0,"10":7,"11":0,"12":0,"13":7,"14":0,"15":0,"16":7,"17":0,"18":0,"19":0,"20":0,"21":0,"22":7,"23":0,"24":7,"25":0,"26":7,"27":0,"28":0,"29":0,"30":7,"31":0,"32":0,"33":0,"34":7,"35":0,"36":0,"37":0,"38":0,"39":0,"40":0,"41":0,"42":7,"43":0,"44":0,"45":7,"46":0,"47":0,"48":0,"49":0,"50":0,"51":0,"52":7,"53":0,"54":0,"55":0,"56":0,"57":0,"58":0,"59":0},"f":{"0":3,"1":0,"2":0,"3":0,"4":0,"5":0,"6":0,"7":0,"8":0,"9":0,"10":0,"11":0,"12":0,"13":0,"14":0},"b":{"0":[0],"1":[0],"2":[0],"3":[0,0],"4":[0,0],"5":[0,0],"6":[0],"7":[0,0],"8":[0,0],"9":[0,0,0],"10":[0,0],"11":[0],"12":[0,0],"13":[0],"14":[0,0],"15":[0,0]},"_coverageSchema":"1a1c01bbd47fc00a2c39e90264f33305004495a9","hash":"afcd7c99a1feab6942e3b1d6ac9029c9c6f62661"}
,"D:\\mobile applicatio\\Git_Repo\\FitCoach\\backend\\src\\utils\\logger.js": {"path":"D:\\mobile applicatio\\Git_Repo\\FitCoach\\backend\\src\\utils\\logger.js","statementMap":{"0":{"start":{"line":1,"column":16},"end":{"line":1,"column":34}},"1":{"start":{"line":2,"column":13},"end":{"line":2,"column":28}},"2":{"start":{"line":4,"column":17},"end":{"line":4,"column":48}},"3":{"start":{"line":5,"column":15},"end":{"line":5,"column":52}},"4":{"start":{"line":7,"column":15},"end":{"line":46,"column":2}},"5":{"start":{"line":22,"column":20},"end":{"line":22,"column":57}},"6":{"start":{"line":23,"column":10},"end":{"line":25,"column":11}},"7":{"start":{"line":24,"column":12},"end":{"line":24,"column":46}},"8":{"start":{"line":26,"column":10},"end":{"line":26,"column":21}},"9":{"start":{"line":49,"column":0},"end":{"line":53,"column":2}},"10":{"start":{"line":51,"column":4},"end":{"line":51,"column":32}},"11":{"start":{"line":55,"column":0},"end":{"line":55,"column":24}}},"fnMap":{"0":{"name":"(anonymous_0)","decl":{"start":{"line":21,"column":30},"end":{"line":21,"column":31}},"loc":{"start":{"line":21,"column":74},"end":{"line":27,"column":9}},"line":21},"1":{"name":"(anonymous_1)","decl":{"start":{"line":50,"column":9},"end":{"line":50,"column":10}},"loc":{"start":{"line":50,"column":22},"end":{"line":52,"column":3}},"line":50}},"branchMap":{"0":{"loc":{"start":{"line":4,"column":17},"end":{"line":4,"column":48}},"type":"binary-expr","locations":[{"start":{"line":4,"column":17},"end":{"line":4,"column":38}},{"start":{"line":4,"column":42},"end":{"line":4,"column":48}}],"line":4},"1":{"loc":{"start":{"line":5,"column":15},"end":{"line":5,"column":52}},"type":"binary-expr","locations":[{"start":{"line":5,"column":15},"end":{"line":5,"column":40}},{"start":{"line":5,"column":44},"end":{"line":5,"column":52}}],"line":5},"2":{"loc":{"start":{"line":23,"column":10},"end":{"line":25,"column":11}},"type":"if","locations":[{"start":{"line":23,"column":10},"end":{"line":25,"column":11}},{"start":{},"end":{}}],"line":23}},"s":{"0":0,"1":0,"2":0,"3":0,"4":0,"5":0,"6":0,"7":0,"8":0,"9":0,"10":0,"11":0},"f":{"0":0,"1":0},"b":{"0":[0,0],"1":[0,0],"2":[0,0]}}
,"D:\\mobile applicatio\\Git_Repo\\FitCoach\\backend\\src\\utils\\userProfileMapper.js": {"path":"D:\\mobile applicatio\\Git_Repo\\FitCoach\\backend\\src\\utils\\userProfileMapper.js","statementMap":{"0":{"start":{"line":1,"column":28},"end":{"line":6,"column":1}},"1":{"start":{"line":2,"column":21},"end":{"line":2,"column":47}},"2":{"start":{"line":3,"column":2},"end":{"line":3,"column":49}},"3":{"start":{"line":3,"column":32},"end":{"line":3,"column":49}},"4":{"start":{"line":4,"column":2},"end":{"line":4,"column":61}},"5":{"start":{"line":4,"column":38},"end":{"line":4,"column":61}},"6":{"start":{"line":5,"column":2},"end":{"line":5,"column":20}},"7":{"start":{"line":8,"column":22},"end":{"line":17,"column":1}},"8":{"start":{"line":9,"column":2},"end":{"line":9,"column":24}},"9":{"start":{"line":9,"column":14},"end":{"line":9,"column":24}},"10":{"start":{"line":10,"column":2},"end":{"line":10,"column":41}},"11":{"start":{"line":10,"column":28},"end":{"line":10,"column":41}},"12":{"start":{"line":11,"column":2},"end":{"line":16,"column":3}},"13":{"start":{"line":12,"column":19},"end":{"line":12,"column":36}},"14":{"start":{"line":13,"column":4},"end":{"line":13,"column":47}},"15":{"start":{"line":15,"column":4},"end":{"line":15,"column":14}},"16":{"start":{"line":19,"column":30},"end":{"line":52,"column":1}},"17":{"start":{"line":20,"column":19},"end":{"line":20,"column":70}},"18":{"start":{"line":21,"column":34},"end":{"line":23,"column":42}},"19":{"start":{"line":24,"column":35},"end":{"line":25,"column":42}},"20":{"start":{"line":27,"column":2},"end":{"line":51,"column":4}},"21":{"start":{"line":54,"column":0},"end":{"line":57,"column":2}}},"fnMap":{"0":{"name":"(anonymous_0)","decl":{"start":{"line":1,"column":28},"end":{"line":1,"column":29}},"loc":{"start":{"line":1,"column":38},"end":{"line":6,"column":1}},"line":1},"1":{"name":"(anonymous_1)","decl":{"start":{"line":8,"column":22},"end":{"line":8,"column":23}},"loc":{"start":{"line":8,"column":33},"end":{"line":17,"column":1}},"line":8},"2":{"name":"(anonymous_2)","decl":{"start":{"line":19,"column":30},"end":{"line":19,"column":31}},"loc":{"start":{"line":19,"column":40},"end":{"line":52,"column":1}},"line":19}},"branchMap":{"0":{"loc":{"start":{"line":2,"column":22},"end":{"line":2,"column":32}},"type":"binary-expr","locations":[{"start":{"line":2,"column":22},"end":{"line":2,"column":26}},{"start":{"line":2,"column":30},"end":{"line":2,"column":32}}],"line":2},"1":{"loc":{"start":{"line":3,"column":2},"end":{"line":3,"column":49}},"type":"if","locations":[{"start":{"line":3,"column":2},"end":{"line":3,"column":49}},{"start":{},"end":{}}],"line":3},"2":{"loc":{"start":{"line":4,"column":2},"end":{"line":4,"column":61}},"type":"if","locations":[{"start":{"line":4,"column":2},"end":{"line":4,"column":61}},{"start":{},"end":{}}],"line":4},"3":{"loc":{"start":{"line":9,"column":2},"end":{"line":9,"column":24}},"type":"if","locations":[{"start":{"line":9,"column":2},"end":{"line":9,"column":24}},{"start":{},"end":{}}],"line":9},"4":{"loc":{"start":{"line":10,"column":2},"end":{"line":10,"column":41}},"type":"if","locations":[{"start":{"line":10,"column":2},"end":{"line":10,"column":41}},{"start":{},"end":{}}],"line":10},"5":{"loc":{"start":{"line":13,"column":11},"end":{"line":13,"column":46}},"type":"cond-expr","locations":[{"start":{"line":13,"column":35},"end":{"line":13,"column":41}},{"start":{"line":13,"column":44},"end":{"line":13,"column":46}}],"line":13},"6":{"loc":{"start":{"line":20,"column":33},"end":{"line":20,"column":69}},"type":"binary-expr","locations":[{"start":{"line":20,"column":33},"end":{"line":20,"column":52}},{"start":{"line":20,"column":56},"end":{"line":20,"column":69}}],"line":20},"7":{"loc":{"start":{"line":21,"column":34},"end":{"line":23,"column":42}},"type":"binary-expr","locations":[{"start":{"line":21,"column":34},"end":{"line":21,"column":70}},{"start":{"line":22,"column":4},"end":{"line":22,"column":43}},{"start":{"line":23,"column":4},"end":{"line":23,"column":42}}],"line":21},"8":{"loc":{"start":{"line":24,"column":35},"end":{"line":25,"column":42}},"type":"binary-expr","locations":[{"start":{"line":24,"column":35},"end":{"line":24,"column":72}},{"start":{"line":25,"column":4},"end":{"line":25,"column":42}}],"line":24},"9":{"loc":{"start":{"line":29,"column":10},"end":{"line":29,"column":47}},"type":"binary-expr","locations":[{"start":{"line":29,"column":10},"end":{"line":29,"column":24}},{"start":{"line":29,"column":28},"end":{"line":29,"column":37}},{"start":{"line":29,"column":41},"end":{"line":29,"column":47}}],"line":29},"10":{"loc":{"start":{"line":30,"column":17},"end":{"line":30,"column":60}},"type":"binary-expr","locations":[{"start":{"line":30,"column":17},"end":{"line":30,"column":34}},{"start":{"line":30,"column":38},"end":{"line":30,"column":54}},{"start":{"line":30,"column":58},"end":{"line":30,"column":60}}],"line":30},"11":{"loc":{"start":{"line":31,"column":11},"end":{"line":31,"column":29}},"type":"binary-expr","locations":[{"start":{"line":31,"column":11},"end":{"line":31,"column":21}},{"start":{"line":31,"column":25},"end":{"line":31,"column":29}}],"line":31},"12":{"loc":{"start":{"line":32,"column":9},"end":{"line":32,"column":25}},"type":"binary-expr","locations":[{"start":{"line":32,"column":9},"end":{"line":32,"column":17}},{"start":{"line":32,"column":21},"end":{"line":32,"column":25}}],"line":32},"13":{"loc":{"start":{"line":33,"column":12},"end":{"line":33,"column":90}},"type":"cond-expr","locations":[{"start":{"line":33,"column":64},"end":{"line":33,"column":83}},{"start":{"line":33,"column":86},"end":{"line":33,"column":90}}],"line":33},"14":{"loc":{"start":{"line":33,"column":12},"end":{"line":33,"column":61}},"type":"binary-expr","locations":[{"start":{"line":33,"column":12},"end":{"line":33,"column":32}},{"start":{"line":33,"column":36},"end":{"line":33,"column":61}}],"line":33},"15":{"loc":{"start":{"line":34,"column":12},"end":{"line":34,"column":31}},"type":"binary-expr","locations":[{"start":{"line":34,"column":12},"end":{"line":34,"column":23}},{"start":{"line":34,"column":27},"end":{"line":34,"column":31}}],"line":34},"16":{"loc":{"start":{"line":35,"column":12},"end":{"line":35,"column":31}},"type":"binary-expr","locations":[{"start":{"line":35,"column":12},"end":{"line":35,"column":23}},{"start":{"line":35,"column":27},"end":{"line":35,"column":31}}],"line":35},"17":{"loc":{"start":{"line":36,"column":22},"end":{"line":38,"column":78}},"type":"cond-expr","locations":[{"start":{"line":37,"column":8},"end":{"line":37,"column":49}},{"start":{"line":38,"column":9},"end":{"line":38,"column":77}}],"line":36},"18":{"loc":{"start":{"line":38,"column":9},"end":{"line":38,"column":77}},"type":"cond-expr","locations":[{"start":{"line":38,"column":34},"end":{"line":38,"column":70}},{"start":{"line":38,"column":73},"end":{"line":38,"column":77}}],"line":38},"19":{"loc":{"start":{"line":39,"column":21},"end":{"line":39,"column":77}},"type":"binary-expr","locations":[{"start":{"line":39,"column":21},"end":{"line":39,"column":42}},{"start":{"line":39,"column":46},"end":{"line":39,"column":69}},{"start":{"line":39,"column":73},"end":{"line":39,"column":77}}],"line":39},"20":{"loc":{"start":{"line":40,"column":21},"end":{"line":40,"column":72}},"type":"binary-expr","locations":[{"start":{"line":40,"column":21},"end":{"line":40,"column":42}},{"start":{"line":40,"column":46},"end":{"line":40,"column":64}},{"start":{"line":40,"column":68},"end":{"line":40,"column":72}}],"line":40},"21":{"loc":{"start":{"line":41,"column":14},"end":{"line":41,"column":52}},"type":"binary-expr","locations":[{"start":{"line":41,"column":14},"end":{"line":41,"column":31}},{"start":{"line":41,"column":35},"end":{"line":41,"column":44}},{"start":{"line":41,"column":48},"end":{"line":41,"column":52}}],"line":41},"22":{"loc":{"start":{"line":44,"column":13},"end":{"line":44,"column":60}},"type":"binary-expr","locations":[{"start":{"line":44,"column":13},"end":{"line":44,"column":35}},{"start":{"line":44,"column":39},"end":{"line":44,"column":52}},{"start":{"line":44,"column":56},"end":{"line":44,"column":60}}],"line":44},"23":{"loc":{"start":{"line":47,"column":18},"end":{"line":47,"column":44}},"type":"binary-expr","locations":[{"start":{"line":47,"column":18},"end":{"line":47,"column":36}},{"start":{"line":47,"column":40},"end":{"line":47,"column":44}}],"line":47},"24":{"loc":{"start":{"line":48,"column":27},"end":{"line":48,"column":64}},"type":"binary-expr","locations":[{"start":{"line":48,"column":27},"end":{"line":48,"column":56}},{"start":{"line":48,"column":60},"end":{"line":48,"column":64}}],"line":48},"25":{"loc":{"start":{"line":49,"column":29},"end":{"line":49,"column":68}},"type":"binary-expr","locations":[{"start":{"line":49,"column":29},"end":{"line":49,"column":60}},{"start":{"line":49,"column":64},"end":{"line":49,"column":68}}],"line":49},"26":{"loc":{"start":{"line":50,"column":10},"end":{"line":50,"column":29}},"type":"binary-expr","locations":[{"start":{"line":50,"column":10},"end":{"line":50,"column":19}},{"start":{"line":50,"column":23},"end":{"line":50,"column":29}}],"line":50}},"s":{"0":5,"1":0,"2":0,"3":0,"4":0,"5":0,"6":0,"7":5,"8":0,"9":0,"10":0,"11":0,"12":0,"13":0,"14":0,"15":0,"16":5,"17":0,"18":0,"19":0,"20":0,"21":5},"f":{"0":0,"1":0,"2":0},"b":{"0":[0,0],"1":[0,0],"2":[0,0],"3":[0,0],"4":[0,0],"5":[0,0],"6":[0,0],"7":[0,0,0],"8":[0,0],"9":[0,0,0],"10":[0,0,0],"11":[0,0],"12":[0,0],"13":[0,0],"14":[0,0],"15":[0,0],"16":[0,0],"17":[0,0],"18":[0,0],"19":[0,0,0],"20":[0,0,0],"21":[0,0,0],"22":[0,0,0],"23":[0,0],"24":[0,0],"25":[0,0],"26":[0,0]},"_coverageSchema":"1a1c01bbd47fc00a2c39e90264f33305004495a9","hash":"1ded0060d5cc82cba0c442733450d622a2e11921"}
}
