TN:
SF:src\controllers\adminController.js
FN:7,(anonymous_0)
FN:89,(anonymous_1)
FN:148,(anonymous_2)
FN:171,(anonymous_3)
FN:215,(anonymous_4)
FN:294,(anonymous_5)
FN:337,(anonymous_6)
FN:377,(anonymous_7)
FN:453,(anonymous_8)
FN:500,(anonymous_9)
FN:548,(anonymous_10)
FN:621,(anonymous_11)
FN:695,(anonymous_12)
FN:744,(anonymous_13)
FN:799,(anonymous_14)
FN:863,(anonymous_15)
FN:913,(anonymous_16)
FN:936,(anonymous_17)
FN:994,(anonymous_18)
FN:1002,(anonymous_19)
FN:1027,(anonymous_20)
FNF:21
FNH:0
FNDA:0,(anonymous_0)
FNDA:0,(anonymous_1)
FNDA:0,(anonymous_2)
FNDA:0,(anonymous_3)
FNDA:0,(anonymous_4)
FNDA:0,(anonymous_5)
FNDA:0,(anonymous_6)
FNDA:0,(anonymous_7)
FNDA:0,(anonymous_8)
FNDA:0,(anonymous_9)
FNDA:0,(anonymous_10)
FNDA:0,(anonymous_11)
FNDA:0,(anonymous_12)
FNDA:0,(anonymous_13)
FNDA:0,(anonymous_14)
FNDA:0,(anonymous_15)
FNDA:0,(anonymous_16)
FNDA:0,(anonymous_17)
FNDA:0,(anonymous_18)
FNDA:0,(anonymous_19)
FNDA:0,(anonymous_20)
DA:1,2
DA:2,2
DA:7,2
DA:8,0
DA:10,0
DA:16,0
DA:21,0
DA:31,0
DA:39,0
DA:46,0
DA:53,0
DA:78,0
DA:79,0
DA:89,2
DA:90,0
DA:98,0
DA:100,0
DA:111,0
DA:112,0
DA:114,0
DA:115,0
DA:116,0
DA:117,0
DA:120,0
DA:121,0
DA:122,0
DA:123,0
DA:126,0
DA:127,0
DA:128,0
DA:129,0
DA:132,0
DA:133,0
DA:134,0
DA:135,0
DA:138,0
DA:143,0
DA:145,0
DA:148,0
DA:149,0
DA:150,0
DA:153,0
DA:160,0
DA:161,0
DA:171,2
DA:172,0
DA:173,0
DA:175,0
DA:188,0
DA:189,0
DA:195,0
DA:196,0
DA:198,0
DA:204,0
DA:205,0
DA:215,2
DA:216,0
DA:217,0
DA:224,0
DA:226,0
DA:238,0
DA:239,0
DA:246,0
DA:247,0
DA:249,0
DA:255,0
DA:261,0
DA:271,0
DA:272,0
DA:274,0
DA:280,0
DA:283,0
DA:284,0
DA:294,2
DA:295,0
DA:296,0
DA:297,0
DA:299,0
DA:310,0
DA:311,0
DA:317,0
DA:323,0
DA:326,0
DA:327,0
DA:337,2
DA:338,0
DA:339,0
DA:341,0
DA:351,0
DA:352,0
DA:358,0
DA:363,0
DA:366,0
DA:367,0
DA:377,2
DA:378,0
DA:385,0
DA:387,0
DA:404,0
DA:405,0
DA:407,0
DA:408,0
DA:409,0
DA:410,0
DA:413,0
DA:414,0
DA:415,0
DA:416,0
DA:419,0
DA:420,0
DA:421,0
DA:422,0
DA:425,0
DA:431,0
DA:433,0
DA:435,0
DA:442,0
DA:443,0
DA:453,2
DA:454,0
DA:455,0
DA:457,0
DA:467,0
DA:468,0
DA:475,0
DA:480,0
DA:486,0
DA:489,0
DA:490,0
DA:500,2
DA:501,0
DA:502,0
DA:503,0
DA:505,0
DA:516,0
DA:517,0
DA:524,0
DA:529,0
DA:534,0
DA:537,0
DA:538,0
DA:548,2
DA:549,0
DA:550,0
DA:553,0
DA:562,0
DA:571,0
DA:573,0
DA:574,0
DA:575,0
DA:578,0
DA:579,0
DA:580,0
DA:583,0
DA:585,0
DA:588,0
DA:599,0
DA:610,0
DA:611,0
DA:621,2
DA:622,0
DA:630,0
DA:632,0
DA:641,0
DA:642,0
DA:644,0
DA:645,0
DA:646,0
DA:647,0
DA:650,0
DA:651,0
DA:652,0
DA:653,0
DA:656,0
DA:657,0
DA:658,0
DA:659,0
DA:662,0
DA:663,0
DA:664,0
DA:665,0
DA:668,0
DA:673,0
DA:675,0
DA:677,0
DA:684,0
DA:685,0
DA:695,2
DA:696,0
DA:697,0
DA:699,0
DA:700,0
DA:701,0
DA:703,0
DA:704,0
DA:705,0
DA:706,0
DA:709,0
DA:710,0
DA:711,0
DA:712,0
DA:715,0
DA:716,0
DA:717,0
DA:718,0
DA:721,0
DA:722,0
DA:724,0
DA:726,0
DA:733,0
DA:734,0
DA:744,2
DA:745,0
DA:758,0
DA:760,0
DA:779,0
DA:785,0
DA:788,0
DA:789,0
DA:799,2
DA:800,0
DA:801,0
DA:814,0
DA:816,0
DA:836,0
DA:837,0
DA:843,0
DA:849,0
DA:852,0
DA:853,0
DA:863,2
DA:864,0
DA:865,0
DA:868,0
DA:875,0
DA:876,0
DA:882,0
DA:887,0
DA:888,0
DA:894,0
DA:899,0
DA:902,0
DA:903,0
DA:913,2
DA:914,0
DA:915,0
DA:919,0
DA:925,0
DA:926,0
DA:936,2
DA:937,0
DA:938,0
DA:948,0
DA:950,0
DA:967,0
DA:968,0
DA:974,0
DA:980,0
DA:983,0
DA:984,0
DA:994,2
DA:995,0
DA:996,0
DA:1001,0
DA:1002,0
DA:1003,0
DA:1010,0
DA:1016,0
DA:1017,0
DA:1027,2
DA:1028,0
DA:1029,0
DA:1032,0
DA:1033,0
DA:1042,0
DA:1047,0
DA:1050,0
DA:1051,0
DA:1058,2
LF:279
LH:22
BRDA:96,0,0,0
BRDA:97,1,0,0
BRDA:114,2,0,0
BRDA:114,2,1,0
BRDA:120,3,0,0
BRDA:120,3,1,0
BRDA:126,4,0,0
BRDA:126,4,1,0
BRDA:132,5,0,0
BRDA:132,5,1,0
BRDA:188,6,0,0
BRDA:188,6,1,0
BRDA:238,7,0,0
BRDA:238,7,1,0
BRDA:246,8,0,0
BRDA:246,8,1,0
BRDA:247,9,0,0
BRDA:247,9,1,0
BRDA:310,10,0,0
BRDA:310,10,1,0
BRDA:351,11,0,0
BRDA:351,11,1,0
BRDA:383,12,0,0
BRDA:384,13,0,0
BRDA:407,14,0,0
BRDA:407,14,1,0
BRDA:413,15,0,0
BRDA:413,15,1,0
BRDA:419,16,0,0
BRDA:419,16,1,0
BRDA:467,17,0,0
BRDA:467,17,1,0
BRDA:516,18,0,0
BRDA:516,18,1,0
BRDA:550,19,0,0
BRDA:573,20,0,0
BRDA:573,20,1,0
BRDA:578,21,0,0
BRDA:578,21,1,0
BRDA:628,22,0,0
BRDA:629,23,0,0
BRDA:644,24,0,0
BRDA:644,24,1,0
BRDA:650,25,0,0
BRDA:650,25,1,0
BRDA:656,26,0,0
BRDA:656,26,1,0
BRDA:662,27,0,0
BRDA:662,27,1,0
BRDA:697,28,0,0
BRDA:697,29,0,0
BRDA:703,30,0,0
BRDA:703,30,1,0
BRDA:709,31,0,0
BRDA:709,31,1,0
BRDA:715,32,0,0
BRDA:715,32,1,0
BRDA:836,33,0,0
BRDA:836,33,1,0
BRDA:875,34,0,0
BRDA:875,34,1,0
BRDA:887,35,0,0
BRDA:887,35,1,0
BRDA:967,36,0,0
BRDA:967,36,1,0
BRF:65
BRH:0
end_of_record
TN:
SF:src\controllers\authController.js
FN:11,(anonymous_0)
FN:82,(anonymous_1)
FN:219,(anonymous_2)
FN:304,(anonymous_3)
FN:414,(anonymous_4)
FN:547,(anonymous_5)
FN:604,(anonymous_6)
FN:624,(anonymous_7)
FNF:8
FNH:5
FNDA:5,(anonymous_0)
FNDA:7,(anonymous_1)
FNDA:0,(anonymous_2)
FNDA:0,(anonymous_3)
FNDA:0,(anonymous_4)
FNDA:6,(anonymous_5)
FNDA:2,(anonymous_6)
FNDA:3,(anonymous_7)
DA:1,4
DA:2,4
DA:3,4
DA:4,4
DA:5,4
DA:6,4
DA:11,4
DA:12,5
DA:14,5
DA:15,5
DA:17,5
DA:18,1
DA:24,4
DA:25,4
DA:26,1
DA:32,3
DA:35,3
DA:36,3
DA:39,3
DA:45,2
DA:52,2
DA:53,0
DA:55,2
DA:58,2
DA:60,2
DA:68,1
DA:69,1
DA:70,1
DA:75,5
DA:82,4
DA:83,7
DA:85,7
DA:86,7
DA:88,7
DA:89,1
DA:95,6
DA:98,6
DA:109,6
DA:110,2
DA:111,2
DA:117,4
DA:120,4
DA:126,4
DA:132,4
DA:134,4
DA:136,2
DA:148,2
DA:149,2
DA:152,2
DA:163,2
DA:164,2
DA:167,2
DA:173,2
DA:176,2
DA:180,4
DA:185,4
DA:188,4
DA:194,4
DA:196,4
DA:205,0
DA:206,0
DA:207,0
DA:212,7
DA:219,4
DA:220,0
DA:221,0
DA:223,0
DA:224,0
DA:231,0
DA:232,0
DA:235,0
DA:240,0
DA:241,0
DA:247,0
DA:250,0
DA:251,0
DA:258,0
DA:260,0
DA:261,0
DA:268,0
DA:274,0
DA:280,0
DA:282,0
DA:290,0
DA:293,0
DA:294,0
DA:304,4
DA:305,0
DA:307,0
DA:308,0
DA:310,0
DA:311,0
DA:317,0
DA:320,0
DA:325,0
DA:326,0
DA:327,0
DA:334,0
DA:337,0
DA:351,0
DA:354,0
DA:365,0
DA:366,0
DA:369,0
DA:375,0
DA:378,0
DA:381,0
DA:387,0
DA:389,0
DA:397,0
DA:400,0
DA:401,0
DA:402,0
DA:407,0
DA:414,4
DA:415,0
DA:417,0
DA:418,0
DA:420,0
DA:421,0
DA:428,0
DA:429,0
DA:435,0
DA:438,0
DA:446,0
DA:448,0
DA:450,0
DA:451,0
DA:457,0
DA:459,0
DA:461,0
DA:470,0
DA:483,0
DA:484,0
DA:487,0
DA:493,0
DA:496,0
DA:499,0
DA:508,0
DA:513,0
DA:516,0
DA:522,0
DA:524,0
DA:533,0
DA:534,0
DA:535,0
DA:540,0
DA:547,4
DA:548,6
DA:549,6
DA:551,6
DA:552,2
DA:559,4
DA:562,2
DA:567,2
DA:568,0
DA:574,2
DA:577,2
DA:587,2
DA:593,2
DA:594,2
DA:604,4
DA:605,2
DA:608,2
DA:613,0
DA:614,0
DA:624,4
DA:625,3
DA:626,3
DA:638,3
DA:639,1
DA:645,2
DA:646,2
DA:648,2
DA:654,0
DA:655,0
LF:176
LH:86
BRDA:17,0,0,1
BRDA:17,0,1,4
BRDA:25,1,0,1
BRDA:25,1,1,3
BRDA:52,2,0,0
BRDA:52,2,1,2
BRDA:64,3,0,2
BRDA:64,3,1,0
BRDA:88,4,0,1
BRDA:88,4,1,6
BRDA:88,5,0,7
BRDA:88,5,1,7
BRDA:109,6,0,2
BRDA:109,6,1,4
BRDA:134,7,0,2
BRDA:134,7,1,2
BRDA:163,8,0,2
BRDA:163,8,1,0
BRDA:223,9,0,0
BRDA:223,9,1,0
BRDA:223,10,0,0
BRDA:223,10,1,0
BRDA:232,11,0,0
BRDA:232,11,1,0
BRDA:240,12,0,0
BRDA:240,12,1,0
BRDA:250,13,0,0
BRDA:250,13,1,0
BRDA:260,14,0,0
BRDA:260,14,1,0
BRDA:310,15,0,0
BRDA:310,15,1,0
BRDA:310,16,0,0
BRDA:310,16,1,0
BRDA:310,16,2,0
BRDA:310,16,3,0
BRDA:325,17,0,0
BRDA:325,17,1,0
BRDA:365,18,0,0
BRDA:365,18,1,0
BRDA:420,19,0,0
BRDA:420,19,1,0
BRDA:420,20,0,0
BRDA:420,20,1,0
BRDA:428,21,0,0
BRDA:428,21,1,0
BRDA:448,22,0,0
BRDA:448,22,1,0
BRDA:450,23,0,0
BRDA:450,23,1,0
BRDA:457,24,0,0
BRDA:457,24,1,0
BRDA:480,25,0,0
BRDA:480,25,1,0
BRDA:551,26,0,2
BRDA:551,26,1,4
BRDA:567,27,0,0
BRDA:567,27,1,2
BRDA:584,28,0,2
BRDA:584,28,1,0
BRDA:638,29,0,1
BRDA:638,29,1,2
BRF:62
BRH:21
end_of_record
TN:
SF:src\controllers\coachController.js
FN:8,(anonymous_0)
FN:83,(anonymous_1)
FN:90,(anonymous_2)
FN:111,(anonymous_3)
FN:116,(anonymous_4)
FN:117,(anonymous_5)
FN:118,(anonymous_6)
FN:132,(anonymous_7)
FN:194,(anonymous_8)
FN:238,(anonymous_9)
FN:298,(anonymous_10)
FN:321,(anonymous_11)
FN:392,(anonymous_12)
FN:452,(anonymous_13)
FN:588,(anonymous_14)
FN:672,(anonymous_15)
FN:743,(anonymous_16)
FN:827,(anonymous_17)
FNF:18
FNH:0
FNDA:0,(anonymous_0)
FNDA:0,(anonymous_1)
FNDA:0,(anonymous_2)
FNDA:0,(anonymous_3)
FNDA:0,(anonymous_4)
FNDA:0,(anonymous_5)
FNDA:0,(anonymous_6)
FNDA:0,(anonymous_7)
FNDA:0,(anonymous_8)
FNDA:0,(anonymous_9)
FNDA:0,(anonymous_10)
FNDA:0,(anonymous_11)
FNDA:0,(anonymous_12)
FNDA:0,(anonymous_13)
FNDA:0,(anonymous_14)
FNDA:0,(anonymous_15)
FNDA:0,(anonymous_16)
FNDA:0,(anonymous_17)
DA:1,2
DA:2,2
DA:3,2
DA:8,2
DA:9,0
DA:10,0
DA:11,0
DA:12,0
DA:15,0
DA:20,0
DA:21,0
DA:25,0
DA:33,0
DA:34,0
DA:37,0
DA:40,0
DA:48,0
DA:49,0
DA:56,0
DA:57,0
DA:58,0
DA:60,0
DA:61,0
DA:65,0
DA:66,0
DA:75,0
DA:76,0
DA:77,0
DA:79,0
DA:80,0
DA:83,0
DA:84,0
DA:90,0
DA:95,0
DA:96,0
DA:103,0
DA:104,0
DA:105,0
DA:107,0
DA:108,0
DA:111,0
DA:112,0
DA:113,0
DA:116,0
DA:117,0
DA:118,0
DA:122,0
DA:124,0
DA:125,0
DA:132,2
DA:133,0
DA:134,0
DA:136,0
DA:151,0
DA:152,0
DA:154,0
DA:155,0
DA:156,0
DA:157,0
DA:160,0
DA:161,0
DA:162,0
DA:163,0
DA:166,0
DA:172,0
DA:174,0
DA:176,0
DA:183,0
DA:184,0
DA:194,2
DA:195,0
DA:196,0
DA:198,0
DA:214,0
DA:215,0
DA:221,0
DA:227,0
DA:228,0
DA:238,2
DA:239,0
DA:240,0
DA:241,0
DA:244,0
DA:245,0
DA:251,0
DA:273,0
DA:274,0
DA:276,0
DA:277,0
DA:278,0
DA:279,0
DA:282,0
DA:283,0
DA:284,0
DA:285,0
DA:288,0
DA:293,0
DA:295,0
DA:298,0
DA:299,0
DA:300,0
DA:303,0
DA:310,0
DA:311,0
DA:321,2
DA:322,0
DA:323,0
DA:324,0
DA:327,0
DA:328,0
DA:334,0
DA:344,0
DA:345,0
DA:347,0
DA:348,0
DA:349,0
DA:350,0
DA:353,0
DA:354,0
DA:355,0
DA:356,0
DA:359,0
DA:360,0
DA:361,0
DA:362,0
DA:365,0
DA:370,0
DA:372,0
DA:374,0
DA:381,0
DA:382,0
DA:392,2
DA:393,0
DA:394,0
DA:395,0
DA:398,0
DA:399,0
DA:406,0
DA:411,0
DA:412,0
DA:418,0
DA:432,0
DA:438,0
DA:441,0
DA:442,0
DA:452,2
DA:453,0
DA:455,0
DA:456,0
DA:457,0
DA:460,0
DA:461,0
DA:466,0
DA:467,0
DA:474,0
DA:477,0
DA:486,0
DA:487,0
DA:488,0
DA:494,0
DA:497,0
DA:508,0
DA:510,0
DA:527,0
DA:544,0
DA:546,0
DA:563,0
DA:564,0
DA:566,0
DA:572,0
DA:575,0
DA:576,0
DA:577,0
DA:578,0
DA:588,2
DA:589,0
DA:590,0
DA:591,0
DA:594,0
DA:595,0
DA:602,0
DA:614,0
DA:624,0
DA:626,0
DA:627,0
DA:628,0
DA:631,0
DA:632,0
DA:633,0
DA:636,0
DA:638,0
DA:641,0
DA:653,0
DA:661,0
DA:662,0
DA:672,2
DA:673,0
DA:674,0
DA:675,0
DA:676,0
DA:679,0
DA:680,0
DA:687,0
DA:692,0
DA:693,0
DA:700,0
DA:712,0
DA:723,0
DA:729,0
DA:732,0
DA:733,0
DA:743,2
DA:744,0
DA:745,0
DA:748,0
DA:749,0
DA:756,0
DA:764,0
DA:774,0
DA:784,0
DA:794,0
DA:802,0
DA:814,0
DA:815,0
DA:827,2
DA:828,0
DA:829,0
DA:831,0
DA:838,0
DA:839,0
DA:841,0
DA:844,0
DA:849,0
DA:854,0
DA:859,0
DA:870,0
DA:872,0
DA:895,0
DA:896,0
DA:900,2
LF:240
LH:15
BRDA:12,0,0,0
BRDA:20,1,0,0
BRDA:20,1,1,0
BRDA:33,2,0,0
BRDA:33,2,1,0
BRDA:48,3,0,0
BRDA:48,3,1,0
BRDA:52,4,0,0
BRDA:52,4,1,0
BRDA:53,5,0,0
BRDA:53,5,1,0
BRDA:57,6,0,0
BRDA:57,6,1,0
BRDA:58,7,0,0
BRDA:58,7,1,0
BRDA:65,8,0,0
BRDA:65,8,1,0
BRDA:71,9,0,0
BRDA:71,9,1,0
BRDA:72,10,0,0
BRDA:72,10,1,0
BRDA:76,11,0,0
BRDA:76,11,1,0
BRDA:77,12,0,0
BRDA:77,12,1,0
BRDA:87,13,0,0
BRDA:87,13,1,0
BRDA:90,14,0,0
BRDA:90,14,1,0
BRDA:95,15,0,0
BRDA:95,15,1,0
BRDA:99,16,0,0
BRDA:99,16,1,0
BRDA:100,17,0,0
BRDA:100,17,1,0
BRDA:104,18,0,0
BRDA:104,18,1,0
BRDA:105,19,0,0
BRDA:105,19,1,0
BRDA:111,20,0,0
BRDA:111,20,1,0
BRDA:112,21,0,0
BRDA:112,21,1,0
BRDA:116,22,0,0
BRDA:116,22,1,0
BRDA:117,23,0,0
BRDA:117,23,1,0
BRDA:118,24,0,0
BRDA:118,24,1,0
BRDA:134,25,0,0
BRDA:134,26,0,0
BRDA:154,27,0,0
BRDA:154,27,1,0
BRDA:160,28,0,0
BRDA:160,28,1,0
BRDA:214,29,0,0
BRDA:214,29,1,0
BRDA:241,30,0,0
BRDA:241,31,0,0
BRDA:244,32,0,0
BRDA:244,32,1,0
BRDA:244,33,0,0
BRDA:244,33,1,0
BRDA:276,34,0,0
BRDA:276,34,1,0
BRDA:282,35,0,0
BRDA:282,35,1,0
BRDA:324,36,0,0
BRDA:324,37,0,0
BRDA:327,38,0,0
BRDA:327,38,1,0
BRDA:327,39,0,0
BRDA:327,39,1,0
BRDA:347,40,0,0
BRDA:347,40,1,0
BRDA:353,41,0,0
BRDA:353,41,1,0
BRDA:359,42,0,0
BRDA:359,42,1,0
BRDA:398,43,0,0
BRDA:398,43,1,0
BRDA:398,44,0,0
BRDA:398,44,1,0
BRDA:411,45,0,0
BRDA:411,45,1,0
BRDA:460,46,0,0
BRDA:460,46,1,0
BRDA:466,47,0,0
BRDA:466,47,1,0
BRDA:466,48,0,0
BRDA:466,48,1,0
BRDA:486,49,0,0
BRDA:486,49,1,0
BRDA:508,50,0,0
BRDA:508,50,1,0
BRDA:544,51,0,0
BRDA:544,51,1,0
BRDA:591,52,0,0
BRDA:594,53,0,0
BRDA:594,53,1,0
BRDA:594,54,0,0
BRDA:594,54,1,0
BRDA:626,55,0,0
BRDA:626,55,1,0
BRDA:631,56,0,0
BRDA:631,56,1,0
BRDA:679,57,0,0
BRDA:679,57,1,0
BRDA:679,58,0,0
BRDA:679,58,1,0
BRDA:692,59,0,0
BRDA:692,59,1,0
BRDA:748,60,0,0
BRDA:748,60,1,0
BRDA:748,61,0,0
BRDA:748,61,1,0
BRDA:838,62,0,0
BRDA:838,62,1,0
BRDA:883,63,0,0
BRDA:883,63,1,0
BRDA:884,64,0,0
BRDA:884,64,1,0
BRDA:885,65,0,0
BRDA:885,65,1,0
BRDA:886,66,0,0
BRDA:886,66,1,0
BRDA:887,67,0,0
BRDA:887,67,1,0
BRDA:888,68,0,0
BRDA:888,68,1,0
BRF:130
BRH:0
end_of_record
TN:
SF:src\controllers\coachPlanController.js
FN:13,(anonymous_0)
FN:56,(anonymous_1)
FN:137,(anonymous_2)
FN:180,(anonymous_3)
FNF:4
FNH:0
FNDA:0,(anonymous_0)
FNDA:0,(anonymous_1)
FNDA:0,(anonymous_2)
FNDA:0,(anonymous_3)
DA:1,2
DA:2,2
DA:3,2
DA:13,2
DA:14,0
DA:15,0
DA:18,0
DA:23,0
DA:24,0
DA:31,0
DA:39,0
DA:45,0
DA:46,0
DA:56,2
DA:57,0
DA:59,0
DA:60,0
DA:61,0
DA:63,0
DA:66,0
DA:71,0
DA:72,0
DA:73,0
DA:80,0
DA:88,0
DA:96,0
DA:97,0
DA:100,0
DA:115,0
DA:121,0
DA:124,0
DA:125,0
DA:126,0
DA:127,0
DA:137,2
DA:138,0
DA:139,0
DA:142,0
DA:147,0
DA:148,0
DA:155,0
DA:163,0
DA:169,0
DA:170,0
DA:180,2
DA:181,0
DA:183,0
DA:184,0
DA:190,0
DA:192,0
DA:195,0
DA:200,0
DA:201,0
DA:202,0
DA:209,0
DA:217,0
DA:233,0
DA:234,0
DA:237,0
DA:252,0
DA:258,0
DA:261,0
DA:262,0
DA:263,0
DA:264,0
DA:271,2
LF:66
LH:8
BRDA:23,0,0,0
BRDA:23,0,1,0
BRDA:41,1,0,0
BRDA:41,1,1,0
BRDA:71,2,0,0
BRDA:71,2,1,0
BRDA:147,3,0,0
BRDA:147,3,1,0
BRDA:165,4,0,0
BRDA:165,4,1,0
BRDA:200,5,0,0
BRDA:200,5,1,0
BRF:12
BRH:0
end_of_record
TN:
SF:src\controllers\exerciseController.js
FN:12,(anonymous_0)
FN:111,(anonymous_1)
FN:156,(anonymous_2)
FN:187,(anonymous_3)
FN:226,(anonymous_4)
FN:270,(anonymous_5)
FN:298,(anonymous_6)
FNF:7
FNH:0
FNDA:0,(anonymous_0)
FNDA:0,(anonymous_1)
FNDA:0,(anonymous_2)
FNDA:0,(anonymous_3)
FNDA:0,(anonymous_4)
FNDA:0,(anonymous_5)
FNDA:0,(anonymous_6)
DA:1,2
DA:2,2
DA:12,2
DA:13,0
DA:20,0
DA:22,0
DA:51,0
DA:52,0
DA:55,0
DA:56,0
DA:57,0
DA:58,0
DA:62,0
DA:63,0
DA:64,0
DA:65,0
DA:69,0
DA:70,0
DA:71,0
DA:72,0
DA:76,0
DA:77,0
DA:78,0
DA:79,0
DA:83,0
DA:84,0
DA:85,0
DA:86,0
DA:89,0
DA:91,0
DA:93,0
DA:100,0
DA:101,0
DA:111,2
DA:112,0
DA:113,0
DA:115,0
DA:120,0
DA:121,0
DA:128,0
DA:129,0
DA:130,0
DA:136,0
DA:139,0
DA:145,0
DA:146,0
DA:156,2
DA:157,0
DA:158,0
DA:160,0
DA:168,0
DA:176,0
DA:177,0
DA:187,2
DA:188,0
DA:189,0
DA:191,0
DA:209,0
DA:215,0
DA:216,0
DA:226,2
DA:227,0
DA:228,0
DA:229,0
DA:232,0
DA:238,0
DA:239,0
DA:247,0
DA:253,0
DA:259,0
DA:260,0
DA:270,2
DA:271,0
DA:272,0
DA:273,0
DA:275,0
DA:281,0
DA:287,0
DA:288,0
DA:298,2
DA:299,0
DA:300,0
DA:315,0
DA:321,0
DA:322,0
DA:329,2
LF:86
LH:10
BRDA:55,0,0,0
BRDA:55,0,1,0
BRDA:62,1,0,0
BRDA:62,1,1,0
BRDA:69,2,0,0
BRDA:69,2,1,0
BRDA:76,3,0,0
BRDA:76,3,1,0
BRDA:83,4,0,0
BRDA:83,4,1,0
BRDA:120,5,0,0
BRDA:120,5,1,0
BRDA:129,6,0,0
BRDA:129,6,1,0
BRDA:129,7,0,0
BRDA:129,7,1,0
BRDA:238,8,0,0
BRDA:238,8,1,0
BRF:18
BRH:0
end_of_record
TN:
SF:src\controllers\inbodyController.js
FN:14,(anonymous_0)
FN:91,(anonymous_1)
FN:122,(anonymous_2)
FN:158,(anonymous_3)
FN:193,(anonymous_4)
FN:240,(anonymous_5)
FN:277,(anonymous_6)
FN:323,(anonymous_7)
FN:356,(anonymous_8)
FN:423,(anonymous_9)
FN:458,(anonymous_10)
FN:506,(anonymous_11)
FNF:12
FNH:0
FNDA:0,(anonymous_0)
FNDA:0,(anonymous_1)
FNDA:0,(anonymous_2)
FNDA:0,(anonymous_3)
FNDA:0,(anonymous_4)
FNDA:0,(anonymous_5)
FNDA:0,(anonymous_6)
FNDA:0,(anonymous_7)
FNDA:0,(anonymous_8)
FNDA:0,(anonymous_9)
FNDA:0,(anonymous_10)
FNDA:0,(anonymous_11)
DA:1,2
DA:2,2
DA:3,2
DA:4,2
DA:14,2
DA:15,0
DA:16,0
DA:39,0
DA:42,0
DA:43,0
DA:49,0
DA:73,0
DA:80,0
DA:81,0
DA:91,2
DA:92,0
DA:93,0
DA:94,0
DA:96,0
DA:104,0
DA:111,0
DA:112,0
DA:122,2
DA:123,0
DA:124,0
DA:126,0
DA:134,0
DA:135,0
DA:141,0
DA:147,0
DA:148,0
DA:158,2
DA:159,0
DA:160,0
DA:161,0
DA:163,0
DA:169,0
DA:170,0
DA:176,0
DA:182,0
DA:183,0
DA:193,2
DA:194,0
DA:195,0
DA:196,0
DA:197,0
DA:200,0
DA:205,0
DA:206,0
DA:212,0
DA:222,0
DA:229,0
DA:230,0
DA:240,2
DA:241,0
DA:242,0
DA:243,0
DA:246,0
DA:253,0
DA:254,0
DA:260,0
DA:266,0
DA:267,0
DA:277,2
DA:278,0
DA:279,0
DA:280,0
DA:282,0
DA:287,0
DA:288,0
DA:290,0
DA:291,0
DA:292,0
DA:293,0
DA:296,0
DA:297,0
DA:298,0
DA:299,0
DA:302,0
DA:304,0
DA:306,0
DA:312,0
DA:313,0
DA:323,2
DA:324,0
DA:325,0
DA:327,0
DA:332,0
DA:333,0
DA:339,0
DA:345,0
DA:346,0
DA:356,2
DA:357,0
DA:358,0
DA:366,0
DA:369,0
DA:376,0
DA:378,0
DA:394,0
DA:405,0
DA:412,0
DA:413,0
DA:423,2
DA:424,0
DA:425,0
DA:427,0
DA:432,0
DA:433,0
DA:440,0
DA:446,0
DA:447,0
DA:458,2
DA:459,0
DA:460,0
DA:461,0
DA:463,0
DA:464,0
DA:471,0
DA:474,0
DA:481,0
DA:486,0
DA:495,0
DA:496,0
DA:506,2
DA:507,0
DA:508,0
DA:510,0
DA:527,0
DA:533,0
DA:534,0
DA:541,2
LF:132
LH:17
BRDA:42,0,0,0
BRDA:42,0,1,0
BRDA:42,1,0,0
BRDA:42,1,1,0
BRDA:42,1,2,0
BRDA:66,2,0,0
BRDA:66,2,1,0
BRDA:94,3,0,0
BRDA:94,4,0,0
BRDA:134,5,0,0
BRDA:134,5,1,0
BRDA:169,6,0,0
BRDA:169,6,1,0
BRDA:205,7,0,0
BRDA:205,7,1,0
BRDA:253,8,0,0
BRDA:253,8,1,0
BRDA:290,9,0,0
BRDA:290,9,1,0
BRDA:296,10,0,0
BRDA:296,10,1,0
BRDA:332,11,0,0
BRDA:332,11,1,0
BRDA:376,12,0,0
BRDA:376,12,1,0
BRDA:432,13,0,0
BRDA:432,13,1,0
BRDA:463,14,0,0
BRDA:463,14,1,0
BRDA:498,15,0,0
BRDA:498,15,1,0
BRF:31
BRH:0
end_of_record
TN:
SF:src\controllers\intakeController.js
FN:7,(anonymous_0)
FN:40,(anonymous_1)
FN:74,(anonymous_2)
FN:97,(anonymous_3)
FNF:4
FNH:0
FNDA:0,(anonymous_0)
FNDA:0,(anonymous_1)
FNDA:0,(anonymous_2)
FNDA:0,(anonymous_3)
DA:1,2
DA:2,2
DA:7,2
DA:8,0
DA:9,0
DA:10,0
DA:13,0
DA:14,0
DA:20,0
DA:22,0
DA:29,0
DA:30,0
DA:40,2
DA:41,0
DA:42,0
DA:43,0
DA:45,0
DA:47,0
DA:54,0
DA:56,0
DA:57,0
DA:64,0
DA:74,2
DA:75,0
DA:76,0
DA:78,0
DA:80,0
DA:86,0
DA:87,0
DA:97,2
DA:98,0
DA:99,0
DA:101,0
DA:103,0
DA:109,0
DA:110,0
LF:36
LH:6
BRDA:13,0,0,0
BRDA:13,0,1,0
BRDA:13,1,0,0
BRDA:13,1,1,0
BRDA:32,2,0,0
BRDA:32,2,1,0
BRDA:56,3,0,0
BRDA:56,3,1,0
BRDA:66,4,0,0
BRDA:66,4,1,0
BRF:10
BRH:0
end_of_record
TN:
SF:src\controllers\messageController.js
FN:14,(anonymous_0)
FN:62,(anonymous_1)
FN:134,(anonymous_2)
FN:172,(anonymous_3)
FN:173,(anonymous_4)
FN:270,(anonymous_5)
FN:325,(anonymous_6)
FN:366,(anonymous_7)
FN:423,(anonymous_8)
FN:452,(anonymous_9)
FNF:10
FNH:0
FNDA:0,(anonymous_0)
FNDA:0,(anonymous_1)
FNDA:0,(anonymous_2)
FNDA:0,(anonymous_3)
FNDA:0,(anonymous_4)
FNDA:0,(anonymous_5)
FNDA:0,(anonymous_6)
FNDA:0,(anonymous_7)
FNDA:0,(anonymous_8)
FNDA:0,(anonymous_9)
DA:1,2
DA:2,2
DA:3,2
DA:4,2
DA:14,2
DA:15,0
DA:16,0
DA:17,0
DA:19,0
DA:44,0
DA:51,0
DA:52,0
DA:62,2
DA:63,0
DA:64,0
DA:65,0
DA:66,0
DA:69,0
DA:75,0
DA:76,0
DA:82,0
DA:101,0
DA:102,0
DA:105,0
DA:106,0
DA:107,0
DA:108,0
DA:111,0
DA:112,0
DA:114,0
DA:116,0
DA:123,0
DA:124,0
DA:134,2
DA:135,0
DA:137,0
DA:138,0
DA:147,0
DA:149,0
DA:151,0
DA:154,0
DA:156,0
DA:163,0
DA:164,0
DA:167,0
DA:172,0
DA:173,0
DA:176,0
DA:177,0
DA:178,0
DA:180,0
DA:181,0
DA:185,0
DA:192,0
DA:196,0
DA:197,0
DA:201,0
DA:215,0
DA:218,0
DA:222,0
DA:233,0
DA:235,0
DA:238,0
DA:243,0
DA:249,0
DA:256,0
DA:257,0
DA:258,0
DA:263,0
DA:270,2
DA:271,0
DA:272,0
DA:273,0
DA:276,0
DA:282,0
DA:283,0
DA:290,0
DA:300,0
DA:301,0
DA:308,0
DA:314,0
DA:315,0
DA:325,2
DA:326,0
DA:327,0
DA:328,0
DA:330,0
DA:331,0
DA:338,0
DA:344,0
DA:355,0
DA:356,0
DA:366,2
DA:367,0
DA:368,0
DA:369,0
DA:372,0
DA:378,0
DA:379,0
DA:386,0
DA:387,0
DA:389,0
DA:390,0
DA:397,0
DA:406,0
DA:412,0
DA:413,0
DA:423,2
DA:424,0
DA:425,0
DA:427,0
DA:435,0
DA:441,0
DA:442,0
DA:452,2
DA:453,0
DA:454,0
DA:455,0
DA:457,0
DA:458,0
DA:464,0
DA:479,0
DA:481,0
DA:482,0
DA:483,0
DA:486,0
DA:488,0
DA:490,0
DA:497,0
DA:498,0
DA:505,2
LF:131
LH:13
BRDA:17,0,0,0
BRDA:17,1,0,0
BRDA:66,2,0,0
BRDA:66,3,0,0
BRDA:75,4,0,0
BRDA:75,4,1,0
BRDA:105,5,0,0
BRDA:105,5,1,0
BRDA:143,6,0,0
BRDA:154,7,0,0
BRDA:154,7,1,0
BRDA:154,8,0,0
BRDA:154,8,1,0
BRDA:163,9,0,0
BRDA:163,9,1,0
BRDA:176,10,0,0
BRDA:176,10,1,0
BRDA:196,11,0,0
BRDA:196,11,1,0
BRDA:218,12,0,0
BRDA:218,12,1,0
BRDA:220,13,0,0
BRDA:220,13,1,0
BRDA:260,14,0,0
BRDA:260,14,1,0
BRDA:282,15,0,0
BRDA:282,15,1,0
BRDA:303,16,0,0
BRDA:303,16,1,0
BRDA:330,17,0,0
BRDA:330,17,1,0
BRDA:348,18,0,0
BRDA:348,18,1,0
BRDA:378,19,0,0
BRDA:378,19,1,0
BRDA:389,20,0,0
BRDA:389,20,1,0
BRDA:437,21,0,0
BRDA:437,21,1,0
BRDA:457,22,0,0
BRDA:457,22,1,0
BRDA:457,23,0,0
BRDA:457,23,1,0
BRDA:481,24,0,0
BRDA:481,24,1,0
BRF:45
BRH:0
end_of_record
TN:
SF:src\controllers\notificationController.js
FN:13,(anonymous_0)
FN:53,(anonymous_1)
FN:80,(anonymous_2)
FN:124,(anonymous_3)
FN:230,(anonymous_4)
FN:271,(anonymous_5)
FN:306,(anonymous_6)
FNF:7
FNH:0
FNDA:0,(anonymous_0)
FNDA:0,(anonymous_1)
FNDA:0,(anonymous_2)
FNDA:0,(anonymous_3)
FNDA:0,(anonymous_4)
FNDA:0,(anonymous_5)
FNDA:0,(anonymous_6)
DA:1,2
DA:2,2
DA:3,2
DA:13,2
DA:14,0
DA:15,0
DA:16,0
DA:18,0
DA:19,0
DA:25,0
DA:26,0
DA:32,0
DA:39,0
DA:42,0
DA:43,0
DA:53,2
DA:54,0
DA:55,0
DA:57,0
DA:58,0
DA:64,0
DA:66,0
DA:69,0
DA:70,0
DA:80,2
DA:81,0
DA:82,0
DA:84,0
DA:89,0
DA:91,0
DA:96,0
DA:101,0
DA:107,0
DA:113,0
DA:114,0
DA:124,2
DA:125,0
DA:126,0
DA:138,0
DA:140,0
DA:141,0
DA:142,0
DA:144,0
DA:145,0
DA:146,0
DA:147,0
DA:149,0
DA:150,0
DA:151,0
DA:152,0
DA:154,0
DA:155,0
DA:156,0
DA:157,0
DA:159,0
DA:160,0
DA:161,0
DA:162,0
DA:164,0
DA:165,0
DA:166,0
DA:167,0
DA:169,0
DA:170,0
DA:171,0
DA:172,0
DA:174,0
DA:175,0
DA:176,0
DA:177,0
DA:179,0
DA:180,0
DA:181,0
DA:182,0
DA:184,0
DA:185,0
DA:186,0
DA:187,0
DA:189,0
DA:190,0
DA:191,0
DA:192,0
DA:195,0
DA:196,0
DA:202,0
DA:204,0
DA:211,0
DA:213,0
DA:219,0
DA:220,0
DA:230,2
DA:231,0
DA:232,0
DA:233,0
DA:235,0
DA:253,0
DA:260,0
DA:261,0
DA:271,2
DA:272,0
DA:273,0
DA:275,0
DA:287,0
DA:295,0
DA:296,0
DA:306,2
DA:307,0
DA:308,0
DA:310,0
DA:317,0
DA:323,0
DA:324,0
DA:331,2
LF:113
LH:11
BRDA:18,0,0,0
BRDA:18,0,1,0
BRDA:25,1,0,0
BRDA:25,1,1,0
BRDA:57,2,0,0
BRDA:57,2,1,0
BRDA:89,3,0,0
BRDA:89,3,1,0
BRDA:144,4,0,0
BRDA:144,4,1,0
BRDA:149,5,0,0
BRDA:149,5,1,0
BRDA:154,6,0,0
BRDA:154,6,1,0
BRDA:159,7,0,0
BRDA:159,7,1,0
BRDA:164,8,0,0
BRDA:164,8,1,0
BRDA:169,9,0,0
BRDA:169,9,1,0
BRDA:174,10,0,0
BRDA:174,10,1,0
BRDA:179,11,0,0
BRDA:179,11,1,0
BRDA:184,12,0,0
BRDA:184,12,1,0
BRDA:189,13,0,0
BRDA:189,13,1,0
BRDA:195,14,0,0
BRDA:195,14,1,0
BRDA:233,15,0,0
BRDA:233,16,0,0
BRDA:289,17,0,0
BRDA:289,17,1,0
BRF:34
BRH:0
end_of_record
TN:
SF:src\controllers\nutritionController.js
FN:10,(anonymous_0)
FN:32,(anonymous_1)
FN:63,(anonymous_2)
FN:112,(anonymous_3)
FN:187,(anonymous_4)
FN:219,(anonymous_5)
FN:298,(anonymous_6)
FN:337,(anonymous_7)
FN:360,(anonymous_8)
FNF:9
FNH:7
FNDA:3,(anonymous_0)
FNDA:0,(anonymous_1)
FNDA:3,(anonymous_2)
FNDA:5,(anonymous_3)
FNDA:3,(anonymous_4)
FNDA:3,(anonymous_5)
FNDA:2,(anonymous_6)
FNDA:2,(anonymous_7)
FNDA:0,(anonymous_8)
DA:1,4
DA:2,4
DA:3,4
DA:4,4
DA:5,4
DA:10,4
DA:11,3
DA:12,3
DA:13,3
DA:15,2
DA:21,1
DA:22,1
DA:32,4
DA:33,0
DA:34,0
DA:35,0
DA:37,0
DA:38,0
DA:45,0
DA:52,0
DA:53,0
DA:63,4
DA:64,3
DA:66,3
DA:68,3
DA:88,2
DA:101,1
DA:102,1
DA:112,4
DA:113,5
DA:114,5
DA:117,5
DA:122,5
DA:123,2
DA:129,3
DA:132,3
DA:133,1
DA:140,2
DA:167,2
DA:169,2
DA:176,0
DA:177,0
DA:187,4
DA:188,3
DA:189,3
DA:191,3
DA:202,2
DA:208,1
DA:209,1
DA:219,4
DA:220,3
DA:222,3
DA:227,3
DA:229,3
DA:232,3
DA:244,2
DA:247,2
DA:248,1
DA:255,1
DA:257,1
DA:258,1
DA:260,1
DA:273,2
DA:275,2
DA:277,2
DA:284,1
DA:285,1
DA:286,1
DA:291,3
DA:298,4
DA:299,2
DA:300,2
DA:301,2
DA:303,2
DA:319,2
DA:326,0
DA:327,0
DA:337,4
DA:338,2
DA:339,2
DA:341,2
DA:343,2
DA:349,0
DA:350,0
DA:360,4
DA:361,0
DA:362,0
DA:363,0
DA:366,0
DA:368,0
DA:369,0
DA:377,0
DA:383,0
DA:385,0
DA:391,0
DA:394,0
DA:395,0
LF:97
LH:71
BRDA:37,0,0,0
BRDA:37,0,1,0
BRDA:66,1,0,3
BRDA:66,1,1,1
BRDA:122,2,0,2
BRDA:122,2,1,3
BRDA:132,3,0,1
BRDA:132,3,1,2
BRDA:132,4,0,3
BRDA:132,4,1,1
BRDA:132,4,2,1
BRDA:172,5,0,2
BRDA:172,5,1,2
BRDA:368,6,0,0
BRDA:368,6,1,0
BRF:15
BRH:11
end_of_record
TN:
SF:src\controllers\orderController.js
FN:13,(anonymous_0)
FN:58,(anonymous_1)
FN:118,(anonymous_2)
FN:297,(anonymous_3)
FN:350,(anonymous_4)
FN:418,(anonymous_5)
FN:508,(anonymous_6)
FNF:7
FNH:0
FNDA:0,(anonymous_0)
FNDA:0,(anonymous_1)
FNDA:0,(anonymous_2)
FNDA:0,(anonymous_3)
FNDA:0,(anonymous_4)
FNDA:0,(anonymous_5)
FNDA:0,(anonymous_6)
DA:1,2
DA:2,2
DA:3,2
DA:13,2
DA:14,0
DA:15,0
DA:16,0
DA:18,0
DA:27,0
DA:28,0
DA:30,0
DA:31,0
DA:32,0
DA:33,0
DA:36,0
DA:37,0
DA:39,0
DA:41,0
DA:47,0
DA:48,0
DA:58,2
DA:59,0
DA:60,0
DA:61,0
DA:62,0
DA:65,0
DA:66,0
DA:69,0
DA:70,0
DA:71,0
DA:74,0
DA:76,0
DA:77,0
DA:83,0
DA:86,0
DA:98,0
DA:107,0
DA:108,0
DA:118,2
DA:119,0
DA:121,0
DA:122,0
DA:128,0
DA:131,0
DA:132,0
DA:138,0
DA:139,0
DA:145,0
DA:148,0
DA:149,0
DA:151,0
DA:153,0
DA:158,0
DA:159,0
DA:160,0
DA:166,0
DA:169,0
DA:170,0
DA:171,0
DA:177,0
DA:178,0
DA:180,0
DA:188,0
DA:195,0
DA:196,0
DA:197,0
DA:198,0
DA:201,0
DA:204,0
DA:228,0
DA:231,0
DA:232,0
DA:248,0
DA:249,0
DA:252,0
DA:274,0
DA:281,0
DA:284,0
DA:285,0
DA:286,0
DA:287,0
DA:297,2
DA:298,0
DA:299,0
DA:300,0
DA:302,0
DA:304,0
DA:305,0
DA:311,0
DA:323,0
DA:324,0
DA:330,0
DA:336,0
DA:339,0
DA:340,0
DA:350,2
DA:351,0
DA:352,0
DA:354,0
DA:366,0
DA:367,0
DA:369,0
DA:370,0
DA:371,0
DA:372,0
DA:375,0
DA:376,0
DA:377,0
DA:378,0
DA:381,0
DA:382,0
DA:383,0
DA:384,0
DA:387,0
DA:388,0
DA:390,0
DA:393,0
DA:394,0
DA:396,0
DA:407,0
DA:408,0
DA:418,2
DA:419,0
DA:421,0
DA:422,0
DA:423,0
DA:424,0
DA:425,0
DA:427,0
DA:430,0
DA:431,0
DA:434,0
DA:435,0
DA:436,0
DA:439,0
DA:441,0
DA:442,0
DA:443,0
DA:449,0
DA:452,0
DA:453,0
DA:454,0
DA:461,0
DA:466,0
DA:467,0
DA:474,0
DA:484,0
DA:485,0
DA:487,0
DA:492,0
DA:495,0
DA:496,0
DA:497,0
DA:498,0
DA:508,2
DA:509,0
DA:511,0
DA:514,0
DA:521,0
DA:531,0
DA:547,0
DA:558,0
DA:559,0
DA:566,2
LF:164
LH:11
BRDA:16,0,0,0
BRDA:16,1,0,0
BRDA:30,2,0,0
BRDA:30,2,1,0
BRDA:69,3,0,0
BRDA:69,3,1,0
BRDA:76,4,0,0
BRDA:76,4,1,0
BRDA:126,5,0,0
BRDA:131,6,0,0
BRDA:131,6,1,0
BRDA:131,7,0,0
BRDA:131,7,1,0
BRDA:138,8,0,0
BRDA:138,8,1,0
BRDA:158,9,0,0
BRDA:158,9,1,0
BRDA:169,10,0,0
BRDA:169,10,1,0
BRDA:195,11,0,0
BRDA:195,11,1,0
BRDA:224,12,0,0
BRDA:224,12,1,0
BRDA:304,13,0,0
BRDA:304,13,1,0
BRDA:323,14,0,0
BRDA:323,14,1,0
BRDA:352,15,0,0
BRDA:352,16,0,0
BRDA:369,17,0,0
BRDA:369,17,1,0
BRDA:375,18,0,0
BRDA:375,18,1,0
BRDA:381,19,0,0
BRDA:381,19,1,0
BRDA:434,20,0,0
BRDA:434,20,1,0
BRDA:441,21,0,0
BRDA:441,21,1,0
BRDA:452,22,0,0
BRDA:452,22,1,0
BRDA:481,23,0,0
BRDA:481,23,1,0
BRF:43
BRH:0
end_of_record
TN:
SF:src\controllers\paymentController.js
FN:13,(anonymous_0)
FN:62,(anonymous_1)
FN:87,(anonymous_2)
FN:107,(anonymous_3)
FN:130,(anonymous_4)
FN:153,(anonymous_5)
FN:176,(anonymous_6)
FN:216,(anonymous_7)
FNF:8
FNH:0
FNDA:0,(anonymous_0)
FNDA:0,(anonymous_1)
FNDA:0,(anonymous_2)
FNDA:0,(anonymous_3)
FNDA:0,(anonymous_4)
FNDA:0,(anonymous_5)
FNDA:0,(anonymous_6)
FNDA:0,(anonymous_7)
DA:1,2
DA:2,2
DA:3,2
DA:13,2
DA:14,0
DA:15,0
DA:16,0
DA:19,0
DA:20,0
DA:21,0
DA:28,0
DA:29,0
DA:37,0
DA:39,0
DA:42,0
DA:45,0
DA:51,0
DA:52,0
DA:62,2
DA:63,0
DA:64,0
DA:68,0
DA:69,0
DA:71,0
DA:72,0
DA:75,0
DA:76,0
DA:77,0
DA:79,0
DA:80,0
DA:87,2
DA:88,0
DA:89,0
DA:92,0
DA:95,0
DA:97,0
DA:99,0
DA:100,0
DA:107,2
DA:108,0
DA:109,0
DA:111,0
DA:113,0
DA:119,0
DA:120,0
DA:130,2
DA:131,0
DA:132,0
DA:134,0
DA:136,0
DA:142,0
DA:143,0
DA:153,2
DA:154,0
DA:155,0
DA:157,0
DA:159,0
DA:165,0
DA:166,0
DA:176,2
DA:177,0
DA:178,0
DA:179,0
DA:182,0
DA:183,0
DA:192,0
DA:193,0
DA:195,0
DA:198,0
DA:205,0
DA:206,0
DA:216,2
DA:217,0
DA:218,0
DA:219,0
DA:222,0
DA:234,0
DA:235,0
DA:241,0
DA:244,0
DA:264,0
DA:270,0
DA:271,0
DA:278,2
LF:84
LH:12
BRDA:16,0,0,0
BRDA:16,1,0,0
BRDA:20,2,0,0
BRDA:20,2,1,0
BRDA:28,3,0,0
BRDA:28,3,1,0
BRDA:37,4,0,0
BRDA:37,4,1,0
BRDA:54,5,0,0
BRDA:54,5,1,0
BRDA:145,6,0,0
BRDA:145,6,1,0
BRDA:179,7,0,0
BRDA:179,8,0,0
BRDA:182,9,0,0
BRDA:182,9,1,0
BRDA:192,10,0,0
BRDA:192,10,1,0
BRDA:208,11,0,0
BRDA:208,11,1,0
BRDA:234,12,0,0
BRDA:234,12,1,0
BRDA:246,13,0,0
BRDA:246,13,1,0
BRF:24
BRH:0
end_of_record
TN:
SF:src\controllers\productController.js
FN:13,(anonymous_0)
FN:143,(anonymous_1)
FN:200,(anonymous_2)
FN:229,(anonymous_3)
FN:264,(anonymous_4)
FN:331,(anonymous_5)
FN:409,(anonymous_6)
FN:445,(anonymous_7)
FN:524,(anonymous_8)
FNF:9
FNH:0
FNDA:0,(anonymous_0)
FNDA:0,(anonymous_1)
FNDA:0,(anonymous_2)
FNDA:0,(anonymous_3)
FNDA:0,(anonymous_4)
FNDA:0,(anonymous_5)
FNDA:0,(anonymous_6)
FNDA:0,(anonymous_7)
FNDA:0,(anonymous_8)
DA:1,2
DA:2,2
DA:3,2
DA:13,2
DA:14,0
DA:26,0
DA:28,0
DA:38,0
DA:39,0
DA:42,0
DA:43,0
DA:49,0
DA:50,0
DA:54,0
DA:55,0
DA:56,0
DA:57,0
DA:61,0
DA:62,0
DA:63,0
DA:64,0
DA:67,0
DA:68,0
DA:69,0
DA:70,0
DA:74,0
DA:75,0
DA:76,0
DA:77,0
DA:81,0
DA:82,0
DA:85,0
DA:88,0
DA:89,0
DA:90,0
DA:92,0
DA:95,0
DA:96,0
DA:98,0
DA:101,0
DA:102,0
DA:103,0
DA:105,0
DA:106,0
DA:107,0
DA:108,0
DA:111,0
DA:112,0
DA:113,0
DA:114,0
DA:117,0
DA:118,0
DA:120,0
DA:132,0
DA:133,0
DA:143,2
DA:144,0
DA:145,0
DA:147,0
DA:159,0
DA:160,0
DA:167,0
DA:180,0
DA:189,0
DA:190,0
DA:200,2
DA:201,0
DA:202,0
DA:212,0
DA:218,0
DA:219,0
DA:229,2
DA:230,0
DA:231,0
DA:233,0
DA:247,0
DA:253,0
DA:254,0
DA:264,2
DA:265,0
DA:278,0
DA:281,0
DA:282,0
DA:288,0
DA:311,0
DA:317,0
DA:320,0
DA:321,0
DA:331,2
DA:332,0
DA:333,0
DA:346,0
DA:348,0
DA:382,0
DA:383,0
DA:389,0
DA:395,0
DA:398,0
DA:399,0
DA:409,2
DA:410,0
DA:411,0
DA:414,0
DA:419,0
DA:420,0
DA:426,0
DA:431,0
DA:434,0
DA:435,0
DA:445,2
DA:446,0
DA:447,0
DA:448,0
DA:449,0
DA:452,0
DA:453,0
DA:460,0
DA:465,0
DA:466,0
DA:473,0
DA:478,0
DA:480,0
DA:488,0
DA:496,0
DA:504,0
DA:510,0
DA:513,0
DA:514,0
DA:524,2
DA:525,0
DA:526,0
DA:527,0
DA:529,0
DA:530,0
DA:537,0
DA:538,0
DA:539,0
DA:540,0
DA:542,0
DA:545,0
DA:547,0
DA:548,0
DA:554,0
DA:560,0
DA:563,0
DA:564,0
DA:571,2
LF:147
LH:13
BRDA:22,0,0,0
BRDA:23,1,0,0
BRDA:24,2,0,0
BRDA:25,3,0,0
BRDA:42,4,0,0
BRDA:42,4,1,0
BRDA:54,5,0,0
BRDA:54,5,1,0
BRDA:61,6,0,0
BRDA:61,6,1,0
BRDA:67,7,0,0
BRDA:67,7,1,0
BRDA:74,8,0,0
BRDA:74,8,1,0
BRDA:81,9,0,0
BRDA:81,9,1,0
BRDA:89,10,0,0
BRDA:89,10,1,0
BRDA:90,11,0,0
BRDA:90,11,1,0
BRDA:105,12,0,0
BRDA:105,12,1,0
BRDA:111,13,0,0
BRDA:111,13,1,0
BRDA:159,14,0,0
BRDA:159,14,1,0
BRDA:231,15,0,0
BRDA:273,16,0,0
BRDA:276,17,0,0
BRDA:281,18,0,0
BRDA:281,18,1,0
BRDA:281,19,0,0
BRDA:281,19,1,0
BRDA:281,19,2,0
BRDA:298,20,0,0
BRDA:298,20,1,0
BRDA:299,21,0,0
BRDA:299,21,1,0
BRDA:300,22,0,0
BRDA:300,22,1,0
BRDA:300,22,2,0
BRDA:304,23,0,0
BRDA:304,23,1,0
BRDA:305,24,0,0
BRDA:305,24,1,0
BRDA:307,25,0,0
BRDA:307,25,1,0
BRDA:372,26,0,0
BRDA:372,26,1,0
BRDA:373,27,0,0
BRDA:373,27,1,0
BRDA:374,28,0,0
BRDA:374,28,1,0
BRDA:376,29,0,0
BRDA:376,29,1,0
BRDA:382,30,0,0
BRDA:382,30,1,0
BRDA:419,31,0,0
BRDA:419,31,1,0
BRDA:452,32,0,0
BRDA:452,32,1,0
BRDA:452,33,0,0
BRDA:452,33,1,0
BRDA:452,33,2,0
BRDA:465,34,0,0
BRDA:465,34,1,0
BRDA:478,35,0,0
BRDA:478,35,1,0
BRDA:527,36,0,0
BRDA:529,37,0,0
BRDA:529,37,1,0
BRDA:537,38,0,0
BRDA:537,38,1,0
BRDA:539,39,0,0
BRDA:539,39,1,0
BRDA:547,40,0,0
BRDA:547,40,1,0
BRF:77
BRH:0
end_of_record
TN:
SF:src\controllers\ratingController.js
FN:7,(anonymous_0)
FN:89,(anonymous_1)
FN:144,(anonymous_2)
FN:184,(anonymous_3)
FNF:4
FNH:4
FNDA:4,(anonymous_0)
FNDA:3,(anonymous_1)
FNDA:2,(anonymous_2)
FNDA:3,(anonymous_3)
DA:1,3
DA:2,3
DA:7,3
DA:8,4
DA:10,4
DA:11,4
DA:14,4
DA:15,1
DA:22,3
DA:23,3
DA:24,1
DA:30,2
DA:33,2
DA:40,1
DA:43,1
DA:50,1
DA:52,1
DA:60,1
DA:62,1
DA:64,1
DA:75,1
DA:76,1
DA:77,1
DA:82,4
DA:89,3
DA:90,3
DA:91,3
DA:92,3
DA:93,3
DA:96,3
DA:106,3
DA:108,3
DA:109,1
DA:110,1
DA:113,3
DA:114,3
DA:116,3
DA:119,2
DA:120,2
DA:122,2
DA:123,1
DA:124,1
DA:127,2
DA:128,2
DA:131,2
DA:140,2
DA:144,2
DA:145,2
DA:149,2
DA:154,2
DA:156,2
DA:173,1
DA:174,1
DA:184,3
DA:185,3
DA:186,3
DA:189,3
DA:190,1
DA:196,2
DA:211,2
DA:217,0
DA:218,0
LF:62
LH:60
BRDA:14,0,0,1
BRDA:14,0,1,3
BRDA:14,1,0,4
BRDA:14,1,1,4
BRDA:23,2,0,1
BRDA:23,2,1,2
BRDA:92,3,0,2
BRDA:92,4,0,2
BRDA:108,5,0,1
BRDA:108,5,1,2
BRDA:122,6,0,1
BRDA:122,6,1,1
BRDA:154,7,0,2
BRDA:154,7,1,0
BRDA:166,8,0,2
BRDA:166,8,1,1
BRDA:167,9,0,2
BRDA:167,9,1,1
BRDA:189,10,0,1
BRDA:189,10,1,2
BRDA:189,11,0,3
BRDA:189,11,1,2
BRF:22
BRH:21
end_of_record
TN:
SF:src\controllers\settingsController.js
FN:8,(anonymous_0)
FN:59,(anonymous_1)
FN:157,(anonymous_2)
FN:209,(anonymous_3)
FN:275,(anonymous_4)
FN:317,(anonymous_5)
FN:381,(anonymous_6)
FNF:7
FNH:0
FNDA:0,(anonymous_0)
FNDA:0,(anonymous_1)
FNDA:0,(anonymous_2)
FNDA:0,(anonymous_3)
FNDA:0,(anonymous_4)
FNDA:0,(anonymous_5)
FNDA:0,(anonymous_6)
DA:1,2
DA:2,2
DA:3,2
DA:8,2
DA:9,0
DA:10,0
DA:12,0
DA:35,0
DA:36,0
DA:42,0
DA:48,0
DA:49,0
DA:59,2
DA:60,0
DA:61,0
DA:79,0
DA:81,0
DA:139,0
DA:146,0
DA:147,0
DA:157,2
DA:158,0
DA:159,0
DA:162,0
DA:167,0
DA:168,0
DA:174,0
DA:185,0
DA:186,0
DA:192,0
DA:198,0
DA:199,0
DA:209,2
DA:210,0
DA:211,0
DA:220,0
DA:223,0
DA:228,0
DA:229,0
DA:235,0
DA:250,0
DA:251,0
DA:257,0
DA:264,0
DA:265,0
DA:275,2
DA:276,0
DA:277,0
DA:279,0
DA:293,0
DA:294,0
DA:300,0
DA:306,0
DA:307,0
DA:317,2
DA:318,0
DA:319,0
DA:320,0
DA:322,0
DA:323,0
DA:330,0
DA:335,0
DA:336,0
DA:343,0
DA:344,0
DA:346,0
DA:347,0
DA:354,0
DA:357,0
DA:362,0
DA:364,0
DA:370,0
DA:371,0
DA:381,2
DA:382,0
DA:383,0
DA:384,0
DA:386,0
DA:387,0
DA:394,0
DA:399,0
DA:400,0
DA:406,0
DA:407,0
DA:409,0
DA:410,0
DA:417,0
DA:426,0
DA:428,0
DA:434,0
DA:435,0
DA:442,2
LF:92
LH:11
BRDA:35,0,0,0
BRDA:35,0,1,0
BRDA:167,1,0,0
BRDA:167,1,1,0
BRDA:167,2,0,0
BRDA:167,2,1,0
BRDA:185,3,0,0
BRDA:185,3,1,0
BRDA:228,4,0,0
BRDA:228,4,1,0
BRDA:228,5,0,0
BRDA:228,5,1,0
BRDA:250,6,0,0
BRDA:250,6,1,0
BRDA:293,7,0,0
BRDA:293,7,1,0
BRDA:322,8,0,0
BRDA:322,8,1,0
BRDA:322,9,0,0
BRDA:322,9,1,0
BRDA:335,10,0,0
BRDA:335,10,1,0
BRDA:346,11,0,0
BRDA:346,11,1,0
BRDA:386,12,0,0
BRDA:386,12,1,0
BRDA:399,13,0,0
BRDA:399,13,1,0
BRDA:409,14,0,0
BRDA:409,14,1,0
BRF:30
BRH:0
end_of_record
TN:
SF:src\controllers\userController.js
FN:9,(anonymous_0)
FN:63,(anonymous_1)
FN:126,(anonymous_2)
FN:182,(anonymous_3)
FN:231,(anonymous_4)
FN:289,(anonymous_5)
FN:324,(anonymous_6)
FNF:7
FNH:0
FNDA:0,(anonymous_0)
FNDA:0,(anonymous_1)
FNDA:0,(anonymous_2)
FNDA:0,(anonymous_3)
FNDA:0,(anonymous_4)
FNDA:0,(anonymous_5)
FNDA:0,(anonymous_6)
DA:1,2
DA:2,2
DA:3,2
DA:4,2
DA:9,2
DA:10,0
DA:11,0
DA:14,0
DA:15,0
DA:21,0
DA:36,0
DA:37,0
DA:43,0
DA:44,0
DA:46,0
DA:52,0
DA:53,0
DA:63,2
DA:64,0
DA:65,0
DA:66,0
DA:67,0
DA:70,0
DA:73,0
DA:74,0
DA:88,0
DA:90,0
DA:105,0
DA:106,0
DA:108,0
DA:115,0
DA:116,0
DA:126,2
DA:127,0
DA:128,0
DA:129,0
DA:130,0
DA:141,0
DA:143,0
DA:159,0
DA:160,0
DA:162,0
DA:164,0
DA:171,0
DA:172,0
DA:182,2
DA:183,0
DA:191,0
DA:193,0
DA:208,0
DA:209,0
DA:211,0
DA:213,0
DA:220,0
DA:221,0
DA:231,2
DA:232,0
DA:233,0
DA:236,0
DA:237,0
DA:243,0
DA:248,0
DA:249,0
DA:255,0
DA:258,0
DA:262,0
DA:266,0
DA:278,0
DA:279,0
DA:289,2
DA:290,0
DA:292,0
DA:297,0
DA:298,0
DA:304,0
DA:306,0
DA:313,0
DA:314,0
DA:324,2
DA:325,0
DA:326,0
DA:329,0
DA:330,0
DA:338,0
DA:340,0
DA:345,0
DA:352,0
DA:353,0
LF:88
LH:11
BRDA:14,0,0,0
BRDA:14,0,1,0
BRDA:14,1,0,0
BRDA:14,1,1,0
BRDA:14,1,2,0
BRDA:36,2,0,0
BRDA:36,2,1,0
BRDA:66,3,0,0
BRDA:66,3,1,0
BRDA:73,4,0,0
BRDA:73,4,1,0
BRDA:73,5,0,0
BRDA:73,5,1,0
BRDA:129,6,0,0
BRDA:129,6,1,0
BRDA:156,7,0,0
BRDA:156,7,1,0
BRDA:205,8,0,0
BRDA:205,8,1,0
BRDA:205,9,0,0
BRDA:205,9,1,0
BRDA:205,10,0,0
BRDA:205,10,1,0
BRDA:236,11,0,0
BRDA:236,11,1,0
BRDA:236,12,0,0
BRDA:236,12,1,0
BRDA:248,13,0,0
BRDA:248,13,1,0
BRDA:258,14,0,0
BRDA:258,14,1,0
BRDA:262,15,0,0
BRDA:262,15,1,0
BRDA:297,16,0,0
BRDA:297,16,1,0
BRDA:329,17,0,0
BRDA:329,17,1,0
BRF:37
BRH:0
end_of_record
TN:
SF:src\controllers\videoCallController.js
FN:13,(anonymous_0)
FN:67,(anonymous_1)
FN:91,(anonymous_2)
FN:119,(anonymous_3)
FN:143,(anonymous_4)
FNF:5
FNH:0
FNDA:0,(anonymous_0)
FNDA:0,(anonymous_1)
FNDA:0,(anonymous_2)
FNDA:0,(anonymous_3)
FNDA:0,(anonymous_4)
DA:1,2
DA:2,2
DA:3,2
DA:13,2
DA:14,0
DA:15,0
DA:16,0
DA:19,0
DA:21,0
DA:22,0
DA:31,0
DA:34,0
DA:35,0
DA:36,0
DA:38,0
DA:53,0
DA:56,0
DA:57,0
DA:67,2
DA:68,0
DA:69,0
DA:70,0
DA:72,0
DA:74,0
DA:80,0
DA:81,0
DA:91,2
DA:92,0
DA:93,0
DA:94,0
DA:95,0
DA:97,0
DA:99,0
DA:105,0
DA:108,0
DA:109,0
DA:119,2
DA:120,0
DA:121,0
DA:122,0
DA:124,0
DA:126,0
DA:132,0
DA:133,0
DA:143,2
DA:144,0
DA:145,0
DA:146,0
DA:148,0
DA:161,0
DA:162,0
DA:168,0
DA:171,0
DA:172,0
DA:178,0
DA:191,0
DA:192,0
DA:199,2
LF:58
LH:9
BRDA:21,0,0,0
BRDA:21,0,1,0
BRDA:35,1,0,0
BRDA:35,1,1,0
BRDA:36,2,0,0
BRDA:36,2,1,0
BRDA:47,3,0,0
BRDA:47,3,1,0
BRDA:59,4,0,0
BRDA:59,4,1,0
BRDA:83,5,0,0
BRDA:83,5,1,0
BRDA:111,6,0,0
BRDA:111,6,1,0
BRDA:161,7,0,0
BRDA:161,7,1,0
BRDA:171,8,0,0
BRDA:171,8,1,0
BRDA:171,9,0,0
BRDA:171,9,1,0
BRF:20
BRH:0
end_of_record
TN:
SF:src\controllers\workoutController.js
FN:12,(anonymous_0)
FN:44,(anonymous_1)
FN:73,(anonymous_2)
FN:111,(anonymous_3)
FN:140,(anonymous_4)
FN:166,(anonymous_5)
FN:243,(anonymous_6)
FN:275,(anonymous_7)
FN:308,(anonymous_8)
FN:409,(anonymous_9)
FN:476,(anonymous_10)
FN:511,(anonymous_11)
FN:534,(anonymous_12)
FN:564,(anonymous_13)
FN:595,(anonymous_14)
FN:625,(anonymous_15)
FNF:16
FNH:0
FNDA:0,(anonymous_0)
FNDA:0,(anonymous_1)
FNDA:0,(anonymous_2)
FNDA:0,(anonymous_3)
FNDA:0,(anonymous_4)
FNDA:0,(anonymous_5)
FNDA:0,(anonymous_6)
FNDA:0,(anonymous_7)
FNDA:0,(anonymous_8)
FNDA:0,(anonymous_9)
FNDA:0,(anonymous_10)
FNDA:0,(anonymous_11)
FNDA:0,(anonymous_12)
FNDA:0,(anonymous_13)
FNDA:0,(anonymous_14)
FNDA:0,(anonymous_15)
DA:1,2
DA:2,2
DA:3,2
DA:4,2
DA:5,2
DA:6,2
DA:7,2
DA:12,2
DA:13,0
DA:14,0
DA:16,0
DA:17,0
DA:18,0
DA:19,0
DA:20,0
DA:21,0
DA:23,0
DA:27,0
DA:33,0
DA:34,0
DA:44,2
DA:45,0
DA:46,0
DA:48,0
DA:50,0
DA:51,0
DA:57,0
DA:62,0
DA:63,0
DA:73,2
DA:74,0
DA:75,0
DA:76,0
DA:77,0
DA:79,0
DA:80,0
DA:86,0
DA:93,0
DA:100,0
DA:101,0
DA:111,2
DA:112,0
DA:113,0
DA:115,0
DA:117,0
DA:118,0
DA:124,0
DA:129,0
DA:130,0
DA:140,2
DA:141,0
DA:142,0
DA:149,0
DA:155,0
DA:156,0
DA:166,2
DA:167,0
DA:168,0
DA:171,0
DA:176,0
DA:177,0
DA:183,0
DA:186,0
DA:187,0
DA:194,0
DA:224,0
DA:226,0
DA:232,0
DA:233,0
DA:243,2
DA:244,0
DA:245,0
DA:247,0
DA:258,0
DA:264,0
DA:265,0
DA:275,2
DA:276,0
DA:277,0
DA:279,0
DA:284,0
DA:285,0
DA:291,0
DA:297,0
DA:298,0
DA:308,2
DA:309,0
DA:311,0
DA:312,0
DA:313,0
DA:315,0
DA:318,0
DA:323,0
DA:326,0
DA:331,0
DA:332,0
DA:333,0
DA:339,0
DA:342,0
DA:353,0
DA:355,0
DA:356,0
DA:357,0
DA:364,0
DA:367,0
DA:377,0
DA:379,0
DA:381,0
DA:395,0
DA:396,0
DA:397,0
DA:402,0
DA:409,2
DA:410,0
DA:412,0
DA:413,0
DA:415,0
DA:418,0
DA:425,0
DA:428,0
DA:429,0
DA:436,0
DA:438,0
DA:439,0
DA:441,0
DA:451,0
DA:453,0
DA:455,0
DA:462,0
DA:463,0
DA:464,0
DA:469,0
DA:476,2
DA:477,0
DA:478,0
DA:479,0
DA:481,0
DA:493,0
DA:500,0
DA:501,0
DA:511,2
DA:512,0
DA:513,0
DA:515,0
DA:517,0
DA:523,0
DA:524,0
DA:534,2
DA:535,0
DA:536,0
DA:537,0
DA:538,0
DA:540,0
DA:546,0
DA:553,0
DA:554,0
DA:564,2
DA:565,0
DA:566,0
DA:567,0
DA:568,0
DA:570,0
DA:577,0
DA:584,0
DA:585,0
DA:595,2
DA:596,0
DA:597,0
DA:598,0
DA:599,0
DA:601,0
DA:607,0
DA:614,0
DA:615,0
DA:625,2
DA:626,0
DA:627,0
DA:628,0
DA:629,0
DA:631,0
DA:637,0
DA:644,0
DA:645,0
LF:183
LH:23
BRDA:17,0,0,0
BRDA:17,0,1,0
BRDA:18,1,0,0
BRDA:18,1,1,0
BRDA:19,2,0,0
BRDA:19,2,1,0
BRDA:20,3,0,0
BRDA:20,3,1,0
BRDA:21,4,0,0
BRDA:21,4,1,0
BRDA:23,5,0,0
BRDA:23,5,1,0
BRDA:50,6,0,0
BRDA:50,6,1,0
BRDA:76,7,0,0
BRDA:76,7,1,0
BRDA:77,8,0,0
BRDA:77,8,1,0
BRDA:79,9,0,0
BRDA:79,9,1,0
BRDA:90,10,0,0
BRDA:90,10,1,0
BRDA:103,11,0,0
BRDA:103,11,1,0
BRDA:113,12,0,0
BRDA:113,12,1,0
BRDA:117,13,0,0
BRDA:117,13,1,0
BRDA:176,14,0,0
BRDA:176,14,1,0
BRDA:186,15,0,0
BRDA:186,15,1,0
BRDA:186,16,0,0
BRDA:186,16,1,0
BRDA:186,16,2,0
BRDA:284,17,0,0
BRDA:284,17,1,0
BRDA:323,18,0,0
BRDA:323,18,1,0
BRDA:331,19,0,0
BRDA:331,19,1,0
BRDA:350,20,0,0
BRDA:350,20,1,0
BRDA:355,21,0,0
BRDA:355,21,1,0
BRDA:556,22,0,0
BRDA:556,22,1,0
BRDA:587,23,0,0
BRDA:587,23,1,0
BRDA:617,24,0,0
BRDA:617,24,1,0
BRDA:629,25,0,0
BRDA:629,25,1,0
BRF:53
BRH:0
end_of_record
TN:
SF:src\database\index.js
FN:17,(anonymous_0)
FN:21,(anonymous_1)
FN:26,(anonymous_2)
FN:27,(anonymous_3)
FN:28,(anonymous_4)
FNF:5
FNH:0
FNDA:0,(anonymous_0)
FNDA:0,(anonymous_1)
FNDA:0,(anonymous_2)
FNDA:0,(anonymous_3)
FNDA:0,(anonymous_4)
DA:1,9
DA:2,9
DA:4,9
DA:17,9
DA:18,0
DA:21,9
DA:22,0
DA:25,9
DA:26,0
DA:27,0
DA:28,0
LF:11
LH:6
BRDA:5,0,0,9
BRDA:5,0,1,0
BRDA:6,1,0,9
BRDA:6,1,1,0
BRDA:7,2,0,9
BRDA:7,2,1,0
BRDA:8,3,0,9
BRDA:8,3,1,0
BRDA:10,4,0,9
BRDA:10,4,1,9
BRDA:11,5,0,9
BRDA:11,5,1,9
BRF:12
BRH:8
end_of_record
TN:
SF:src\database\migrate.js
FN:10,migrate
FN:41,(anonymous_1)
FN:57,(anonymous_2)
FN:61,(anonymous_3)
FNF:4
FNH:0
FNDA:0,migrate
FNDA:0,(anonymous_1)
FNDA:0,(anonymous_2)
FNDA:0,(anonymous_3)
DA:1,0
DA:2,0
DA:3,0
DA:4,0
DA:5,0
DA:11,0
DA:13,0
DA:14,0
DA:17,0
DA:18,0
DA:21,0
DA:23,0
DA:24,0
DA:25,0
DA:26,0
DA:27,0
DA:28,0
DA:29,0
DA:32,0
DA:40,0
DA:41,0
DA:42,0
DA:46,0
DA:47,0
DA:49,0
DA:50,0
DA:55,0
DA:56,0
DA:58,0
DA:59,0
DA:62,0
DA:63,0
DA:67,0
LF:33
LH:0
BRDA:55,0,0,0
BRDA:55,0,1,0
BRF:2
BRH:0
end_of_record
TN:
SF:src\database\reset.js
FN:10,reset
FN:17,(anonymous_1)
FN:52,(anonymous_2)
FN:56,(anonymous_3)
FNF:4
FNH:0
FNDA:0,reset
FNDA:0,(anonymous_1)
FNDA:0,(anonymous_2)
FNDA:0,(anonymous_3)
DA:1,0
DA:2,0
DA:3,0
DA:4,0
DA:5,0
DA:11,0
DA:13,0
DA:14,0
DA:15,0
DA:17,0
DA:19,0
DA:22,0
DA:29,0
DA:32,0
DA:33,0
DA:35,0
DA:39,0
DA:40,0
DA:43,0
DA:44,0
DA:46,0
DA:50,0
DA:51,0
DA:53,0
DA:54,0
DA:57,0
DA:58,0
DA:62,0
LF:28
LH:0
BRDA:50,0,0,0
BRDA:50,0,1,0
BRF:2
BRH:0
end_of_record
TN:
SF:src\database\seed.js
FN:9,seed
FN:244,(anonymous_1)
FN:248,(anonymous_2)
FNF:3
FNH:0
FNDA:0,seed
FNDA:0,(anonymous_1)
FNDA:0,(anonymous_2)
DA:1,0
DA:2,0
DA:3,0
DA:4,0
DA:10,0
DA:12,0
DA:13,0
DA:15,0
DA:17,0
DA:18,0
DA:21,0
DA:22,0
DA:31,0
DA:32,0
DA:35,0
DA:36,0
DA:37,0
DA:38,0
DA:47,0
DA:49,0
DA:66,0
DA:68,0
DA:71,0
DA:72,0
DA:73,0
DA:74,0
DA:75,0
DA:88,0
DA:90,0
DA:93,0
DA:94,0
DA:169,0
DA:170,0
DA:171,0
DA:185,0
DA:187,0
DA:190,0
DA:191,0
DA:199,0
DA:200,0
DA:212,0
DA:214,0
DA:216,0
DA:217,0
DA:218,0
DA:219,0
DA:220,0
DA:221,0
DA:222,0
DA:224,0
DA:225,0
DA:226,0
DA:227,0
DA:228,0
DA:229,0
DA:232,0
DA:233,0
DA:234,0
DA:236,0
DA:237,0
DA:242,0
DA:243,0
DA:245,0
DA:246,0
DA:249,0
DA:250,0
DA:254,0
LF:67
LH:0
BRDA:74,0,0,0
BRDA:74,0,1,0
BRDA:74,1,0,0
BRDA:74,1,1,0
BRDA:242,2,0,0
BRDA:242,2,1,0
BRF:6
BRH:0
end_of_record
TN:
SF:src\middleware\auth.js
FN:8,(anonymous_0)
FN:73,(anonymous_1)
FN:74,(anonymous_2)
FN:96,(anonymous_3)
FN:97,(anonymous_4)
FN:120,(anonymous_5)
FN:170,(anonymous_6)
FN:220,(anonymous_7)
FNF:8
FNH:7
FNDA:20,(anonymous_0)
FNDA:84,(anonymous_1)
FNDA:7,(anonymous_2)
FNDA:6,(anonymous_3)
FNDA:2,(anonymous_4)
FNDA:4,(anonymous_5)
FNDA:0,(anonymous_6)
FNDA:4,(anonymous_7)
DA:1,5
DA:2,5
DA:3,5
DA:8,5
DA:9,20
DA:11,20
DA:13,20
DA:14,3
DA:20,17
DA:23,17
DA:26,15
DA:31,15
DA:32,2
DA:39,13
DA:45,13
DA:48,2
DA:49,1
DA:55,1
DA:56,1
DA:62,0
DA:63,0
DA:73,5
DA:74,84
DA:75,7
DA:76,0
DA:82,7
DA:83,2
DA:89,5
DA:96,5
DA:97,6
DA:98,2
DA:99,0
DA:105,2
DA:106,1
DA:113,1
DA:120,5
DA:121,4
DA:122,4
DA:127,3
DA:128,0
DA:134,3
DA:137,3
DA:143,3
DA:146,3
DA:147,1
DA:156,2
DA:159,1
DA:160,1
DA:170,5
DA:171,0
DA:172,0
DA:177,0
DA:178,0
DA:184,0
DA:187,0
DA:193,0
DA:196,0
DA:197,0
DA:206,0
DA:209,0
DA:210,0
DA:220,5
DA:221,4
DA:222,4
DA:232,4
DA:233,0
DA:239,4
DA:242,4
DA:243,1
DA:247,3
DA:248,3
DA:249,1
DA:258,2
DA:259,2
DA:260,2
DA:262,2
DA:264,1
DA:269,1
DA:278,1
DA:279,1
DA:283,0
DA:289,0
DA:290,0
LF:83
LH:62
BRDA:13,0,0,3
BRDA:13,0,1,17
BRDA:13,1,0,20
BRDA:13,1,1,17
BRDA:31,2,0,2
BRDA:31,2,1,13
BRDA:31,3,0,15
BRDA:31,3,1,14
BRDA:48,4,0,1
BRDA:48,4,1,1
BRDA:55,5,0,1
BRDA:55,5,1,0
BRDA:75,6,0,0
BRDA:75,6,1,7
BRDA:82,7,0,2
BRDA:82,7,1,5
BRDA:98,8,0,0
BRDA:98,8,1,2
BRDA:105,9,0,1
BRDA:105,9,1,1
BRDA:127,10,0,0
BRDA:127,10,1,3
BRDA:146,11,0,1
BRDA:146,11,1,2
BRDA:146,12,0,3
BRDA:146,12,1,3
BRDA:177,13,0,0
BRDA:177,13,1,0
BRDA:196,14,0,0
BRDA:196,14,1,0
BRDA:232,15,0,0
BRDA:232,15,1,4
BRDA:242,16,0,1
BRDA:242,16,1,3
BRDA:242,17,0,4
BRDA:242,17,1,3
BRDA:247,18,0,3
BRDA:247,18,1,0
BRDA:248,19,0,1
BRDA:248,19,1,2
BRDA:262,20,0,1
BRDA:262,20,1,1
BRF:42
BRH:32
end_of_record
TN:
SF:src\middleware\chatAttachmentControl.js
FN:8,checkAttachmentPermission
FN:60,checkAttachmentSize
FNF:2
FNH:0
FNDA:0,checkAttachmentPermission
FNDA:0,checkAttachmentSize
DA:1,2
DA:9,0
DA:10,0
DA:13,0
DA:14,0
DA:18,0
DA:21,0
DA:23,0
DA:24,0
DA:36,0
DA:37,0
DA:38,0
DA:46,0
DA:49,0
DA:50,0
DA:61,0
DA:62,0
DA:65,0
DA:70,0
DA:72,0
DA:73,0
DA:82,0
DA:85,2
LF:23
LH:2
BRDA:13,0,0,0
BRDA:13,0,1,0
BRDA:13,1,0,0
BRDA:13,1,1,0
BRDA:18,2,0,0
BRDA:18,2,1,0
BRDA:23,3,0,0
BRDA:23,3,1,0
BRDA:37,4,0,0
BRDA:37,4,1,0
BRDA:37,5,0,0
BRDA:37,5,1,0
BRDA:37,5,2,0
BRDA:61,6,0,0
BRDA:61,6,1,0
BRDA:62,7,0,0
BRDA:62,7,1,0
BRDA:70,8,0,0
BRDA:70,8,1,0
BRDA:72,9,0,0
BRDA:72,9,1,0
BRF:21
BRH:0
end_of_record
TN:
SF:src\middleware\nutritionAccessControl.js
FN:8,checkNutritionAccess
FN:48,addNutritionAccessInfo
FNF:2
FNH:1
FNDA:5,checkNutritionAccess
FNDA:0,addNutritionAccessInfo
DA:1,3
DA:2,3
DA:9,5
DA:10,5
DA:12,5
DA:14,5
DA:15,1
DA:32,4
DA:34,4
DA:37,0
DA:38,0
DA:49,0
DA:50,0
DA:51,0
DA:52,0
DA:53,0
DA:55,0
DA:57,0
DA:58,0
DA:62,3
LF:20
LH:10
BRDA:14,0,0,1
BRDA:14,0,1,4
BRDA:24,1,0,1
BRDA:24,1,1,0
BRF:4
BRH:3
end_of_record
TN:
SF:src\middleware\premiumFeatureMiddleware.js
FN:8,(anonymous_0)
FN:53,(anonymous_1)
FNF:2
FNH:0
FNDA:0,(anonymous_0)
FNDA:0,(anonymous_1)
DA:1,2
DA:2,2
DA:8,2
DA:9,0
DA:10,0
DA:12,0
DA:17,0
DA:18,0
DA:24,0
DA:27,0
DA:28,0
DA:30,0
DA:41,0
DA:42,0
DA:53,2
DA:54,0
DA:55,0
DA:57,0
DA:62,0
DA:63,0
DA:69,0
DA:71,0
DA:72,0
DA:74,0
DA:84,0
DA:85,0
DA:92,2
LF:27
LH:5
BRDA:17,0,0,0
BRDA:17,0,1,0
BRDA:27,1,0,0
BRDA:27,1,1,0
BRDA:27,2,0,0
BRDA:27,2,1,0
BRDA:62,3,0,0
BRDA:62,3,1,0
BRDA:71,4,0,0
BRDA:71,4,1,0
BRF:10
BRH:0
end_of_record
TN:
SF:src\middleware\rateLimiter.js
FN:8,(anonymous_0)
FNF:1
FNH:1
FNDA:15,(anonymous_0)
DA:1,3
DA:8,3
DA:9,15
DA:24,3
DA:36,3
LF:5
LH:5
BRDA:8,0,0,0
BRDA:8,1,0,0
BRDA:38,2,0,3
BRDA:38,2,1,3
BRF:4
BRH:2
end_of_record
TN:
SF:src\middleware\upload.js
FN:18,(anonymous_0)
FN:19,(anonymous_1)
FN:84,(anonymous_2)
FNF:3
FNH:1
FNDA:10,(anonymous_0)
FNDA:0,(anonymous_1)
FNDA:0,(anonymous_2)
DA:1,2
DA:2,2
DA:3,2
DA:6,2
DA:9,2
DA:10,2
DA:13,2
DA:18,2
DA:19,10
DA:20,0
DA:21,0
DA:23,0
DA:31,2
DA:40,2
DA:49,2
DA:57,2
DA:66,2
DA:75,2
DA:84,2
DA:85,0
DA:86,0
DA:87,0
DA:94,0
DA:100,0
DA:101,0
DA:102,0
DA:108,0
LF:27
LH:16
BRDA:6,0,0,2
BRDA:6,0,1,2
BRDA:9,1,0,2
BRDA:9,1,1,2
BRDA:10,2,0,2
BRDA:10,2,1,2
BRDA:20,3,0,0
BRDA:20,3,1,0
BRDA:85,4,0,0
BRDA:85,4,1,0
BRDA:86,5,0,0
BRDA:86,5,1,0
BRDA:100,6,0,0
BRDA:100,6,1,0
BRDA:104,7,0,0
BRDA:104,7,1,0
BRF:16
BRH:6
end_of_record
TN:
SF:src\middleware\validation.js
FN:11,(anonymous_0)
FN:17,(anonymous_1)
FN:35,(anonymous_2)
FN:77,(anonymous_3)
FN:150,(anonymous_4)
FN:214,(anonymous_5)
FN:336,(anonymous_6)
FN:337,(anonymous_7)
FN:368,(anonymous_8)
FN:370,(anonymous_9)
FNF:10
FNH:0
FNDA:0,(anonymous_0)
FNDA:0,(anonymous_1)
FNDA:0,(anonymous_2)
FNDA:0,(anonymous_3)
FNDA:0,(anonymous_4)
FNDA:0,(anonymous_5)
FNDA:0,(anonymous_6)
FNDA:0,(anonymous_7)
FNDA:0,(anonymous_8)
FNDA:0,(anonymous_9)
DA:1,0
DA:11,0
DA:12,0
DA:13,0
DA:14,0
DA:17,0
DA:24,0
DA:30,0
DA:37,0
DA:38,0
DA:40,0
DA:45,0
DA:61,0
DA:78,0
DA:79,0
DA:80,0
DA:82,0
DA:83,0
DA:85,0
DA:99,0
DA:113,0
DA:135,0
DA:152,0
DA:153,0
DA:156,0
DA:157,0
DA:159,0
DA:167,0
DA:191,0
DA:207,0
DA:215,0
DA:216,0
DA:217,0
DA:218,0
DA:220,0
DA:221,0
DA:223,0
DA:224,0
DA:226,0
DA:241,0
DA:261,0
DA:280,0
DA:304,0
DA:317,0
DA:327,0
DA:336,0
DA:337,0
DA:338,0
DA:339,0
DA:346,0
DA:347,0
DA:354,0
DA:355,0
DA:361,0
DA:368,0
DA:370,0
DA:371,0
DA:372,0
DA:373,0
DA:377,0
DA:378,0
DA:383,0
DA:384,0
DA:385,0
DA:387,0
DA:390,0
LF:66
LH:0
BRDA:13,0,0,0
BRDA:13,0,1,0
BRDA:37,1,0,0
BRDA:37,1,1,0
BRDA:37,2,0,0
BRDA:37,2,1,0
BRDA:79,3,0,0
BRDA:79,3,1,0
BRDA:82,4,0,0
BRDA:82,4,1,0
BRDA:152,5,0,0
BRDA:152,5,1,0
BRDA:152,6,0,0
BRDA:152,6,1,0
BRDA:156,7,0,0
BRDA:156,7,1,0
BRDA:156,8,0,0
BRDA:156,8,1,0
BRDA:220,9,0,0
BRDA:220,9,1,0
BRDA:223,10,0,0
BRDA:223,10,1,0
BRDA:336,11,0,0
BRDA:336,12,0,0
BRDA:338,13,0,0
BRDA:338,13,1,0
BRDA:346,14,0,0
BRDA:346,14,1,0
BRDA:354,15,0,0
BRDA:354,15,1,0
BRDA:354,16,0,0
BRDA:354,16,1,0
BRDA:372,17,0,0
BRDA:372,17,1,0
BRDA:377,18,0,0
BRDA:377,18,1,0
BRDA:377,19,0,0
BRDA:377,19,1,0
BRDA:383,20,0,0
BRDA:383,20,1,0
BRDA:384,21,0,0
BRDA:384,21,1,0
BRDA:385,22,0,0
BRDA:385,22,1,0
BRF:44
BRH:0
end_of_record
TN:
SF:src\routes\admin.js
FNF:0
FNH:0
DA:1,2
DA:2,2
DA:3,2
DA:4,2
DA:11,2
DA:18,2
DA:25,2
DA:32,2
DA:39,2
DA:46,2
DA:53,2
DA:60,2
DA:67,2
DA:69,2
LF:14
LH:14
BRF:0
BRH:0
end_of_record
TN:
SF:src\routes\auth.js
FN:25,(anonymous_0)
FN:50,(anonymous_1)
FN:79,(anonymous_2)
FN:112,(anonymous_3)
FN:141,(anonymous_4)
FNF:5
FNH:2
FNDA:3,(anonymous_0)
FNDA:3,(anonymous_1)
FNDA:0,(anonymous_2)
FNDA:0,(anonymous_3)
FNDA:0,(anonymous_4)
DA:1,3
DA:2,3
DA:3,3
DA:4,3
DA:5,3
DA:6,3
DA:17,3
DA:26,3
DA:27,3
DA:28,2
DA:30,1
DA:39,3
DA:51,3
DA:52,3
DA:53,0
DA:55,3
DA:68,3
DA:80,0
DA:81,0
DA:82,0
DA:84,0
DA:93,3
DA:113,0
DA:114,0
DA:115,0
DA:117,0
DA:130,3
DA:142,0
DA:143,0
DA:144,0
DA:146,0
DA:159,3
DA:166,3
DA:173,3
DA:175,3
LF:35
LH:22
BRDA:27,0,0,2
BRDA:27,0,1,1
BRDA:52,1,0,0
BRDA:52,1,1,3
BRDA:81,2,0,0
BRDA:81,2,1,0
BRDA:114,3,0,0
BRDA:114,3,1,0
BRDA:143,4,0,0
BRDA:143,4,1,0
BRF:10
BRH:3
end_of_record
TN:
SF:src\routes\bookings.js
FN:7,(anonymous_0)
FN:8,(anonymous_1)
FN:9,(anonymous_2)
FN:10,(anonymous_3)
FN:11,(anonymous_4)
FNF:5
FNH:0
FNDA:0,(anonymous_0)
FNDA:0,(anonymous_1)
FNDA:0,(anonymous_2)
FNDA:0,(anonymous_3)
FNDA:0,(anonymous_4)
DA:1,2
DA:2,2
DA:3,2
DA:6,2
DA:7,0
DA:8,0
DA:9,0
DA:10,0
DA:11,0
DA:14,2
DA:15,2
DA:16,2
DA:17,2
DA:18,2
DA:20,2
LF:15
LH:10
BRF:0
BRH:0
end_of_record
TN:
SF:src\routes\coaches.js
FNF:0
FNH:0
DA:1,2
DA:2,2
DA:3,2
DA:4,2
DA:5,2
DA:12,2
DA:19,2
DA:26,2
DA:33,2
DA:40,2
DA:47,2
DA:54,2
DA:61,2
DA:68,2
DA:75,2
DA:82,2
DA:89,2
DA:96,2
DA:103,2
DA:110,2
DA:112,2
LF:21
LH:21
BRF:0
BRH:0
end_of_record
TN:
SF:src\routes\exercises.js
FNF:0
FNH:0
DA:1,2
DA:2,2
DA:3,2
DA:4,2
DA:7,2
DA:8,2
DA:9,2
DA:10,2
DA:13,2
DA:14,2
DA:15,2
DA:17,2
LF:12
LH:12
BRF:0
BRH:0
end_of_record
TN:
SF:src\routes\inbody.js
FNF:0
FNH:0
DA:1,2
DA:2,2
DA:3,2
DA:4,2
DA:5,2
DA:6,2
DA:9,2
DA:10,2
DA:11,2
DA:12,2
DA:13,2
DA:14,2
DA:15,2
DA:16,2
DA:17,2
DA:20,2
DA:21,2
DA:24,2
DA:26,2
LF:19
LH:19
BRF:0
BRH:0
end_of_record
TN:
SF:src\routes\intake.js
FNF:0
FNH:0
DA:1,2
DA:2,2
DA:3,2
DA:4,2
DA:12,2
DA:15,2
DA:18,2
DA:21,2
DA:23,2
LF:9
LH:9
BRF:0
BRH:0
end_of_record
TN:
SF:src\routes\messages.js
FNF:0
FNH:0
DA:1,2
DA:2,2
DA:3,2
DA:4,2
DA:5,2
DA:6,2
DA:9,2
DA:10,2
DA:13,2
DA:14,2
DA:15,2
DA:18,2
DA:27,2
DA:28,2
DA:30,2
LF:15
LH:15
BRF:0
BRH:0
end_of_record
TN:
SF:src\routes\notifications.js
FNF:0
FNH:0
DA:1,2
DA:2,2
DA:3,2
DA:4,2
DA:7,2
DA:8,2
DA:11,2
DA:12,2
DA:15,2
DA:16,2
DA:19,2
DA:21,2
LF:12
LH:12
BRF:0
BRH:0
end_of_record
TN:
SF:src\routes\nutrition.js
FNF:0
FNH:0
DA:1,3
DA:2,3
DA:3,3
DA:4,3
DA:5,3
DA:8,3
DA:9,3
DA:12,3
DA:15,3
DA:16,3
DA:17,3
DA:20,3
DA:21,3
DA:22,3
DA:24,3
LF:15
LH:15
BRF:0
BRH:0
end_of_record
TN:
SF:src\routes\orders.js
FNF:0
FNH:0
DA:1,2
DA:2,2
DA:3,2
DA:4,2
DA:11,2
DA:18,2
DA:25,2
DA:32,2
DA:39,2
DA:46,2
DA:53,2
DA:55,2
LF:12
LH:12
BRF:0
BRH:0
end_of_record
TN:
SF:src\routes\payments.js
FNF:0
FNH:0
DA:1,2
DA:2,2
DA:3,2
DA:4,2
DA:7,2
DA:8,2
DA:9,2
DA:10,2
DA:11,2
DA:12,2
DA:15,2
DA:16,2
DA:18,2
LF:13
LH:13
BRF:0
BRH:0
end_of_record
TN:
SF:src\routes\products.js
FNF:0
FNH:0
DA:1,2
DA:2,2
DA:3,2
DA:4,2
DA:11,2
DA:18,2
DA:25,2
DA:32,2
DA:39,2
DA:46,2
DA:53,2
DA:60,2
DA:67,2
DA:69,2
LF:14
LH:14
BRF:0
BRH:0
end_of_record
TN:
SF:src\routes\progress.js
FN:7,(anonymous_0)
FN:8,(anonymous_1)
FN:9,(anonymous_2)
FN:10,(anonymous_3)
FNF:4
FNH:0
FNDA:0,(anonymous_0)
FNDA:0,(anonymous_1)
FNDA:0,(anonymous_2)
FNDA:0,(anonymous_3)
DA:1,2
DA:2,2
DA:3,2
DA:6,2
DA:7,0
DA:8,0
DA:9,0
DA:10,0
DA:13,2
DA:14,2
DA:15,2
DA:16,2
DA:18,2
LF:13
LH:9
BRF:0
BRH:0
end_of_record
TN:
SF:src\routes\ratings.js
FNF:0
FNH:0
DA:1,2
DA:2,2
DA:3,2
DA:4,2
DA:6,2
DA:7,2
DA:8,2
DA:10,2
LF:8
LH:8
BRF:0
BRH:0
end_of_record
TN:
SF:src\routes\settings.js
FNF:0
FNH:0
DA:1,2
DA:2,2
DA:3,2
DA:4,2
DA:11,2
DA:18,2
DA:25,2
DA:32,2
DA:39,2
DA:46,2
DA:53,2
DA:55,2
LF:12
LH:12
BRF:0
BRH:0
end_of_record
TN:
SF:src\routes\users.js
FNF:0
FNH:0
DA:1,2
DA:2,2
DA:3,2
DA:4,2
DA:5,2
DA:6,2
DA:7,2
DA:14,2
DA:21,2
DA:31,2
DA:45,2
DA:56,2
DA:63,2
DA:74,2
DA:76,2
LF:15
LH:15
BRF:0
BRH:0
end_of_record
TN:
SF:src\routes\videoCalls.js
FNF:0
FNH:0
DA:1,2
DA:2,2
DA:3,2
DA:4,2
DA:11,2
DA:18,2
DA:25,2
DA:32,2
DA:39,2
DA:41,2
LF:10
LH:10
BRF:0
BRH:0
end_of_record
TN:
SF:src\routes\workouts.js
FNF:0
FNH:0
DA:1,2
DA:2,2
DA:3,2
DA:4,2
DA:7,2
DA:8,2
DA:9,2
DA:10,2
DA:13,2
DA:14,2
DA:15,2
DA:16,2
DA:17,2
DA:20,2
DA:21,2
DA:22,2
DA:23,2
DA:24,2
DA:25,2
DA:26,2
DA:28,2
LF:21
LH:21
BRF:0
BRH:0
end_of_record
TN:
SF:src\services\aiExtractionService.js
FN:21,extractInBodyData
FN:29,(anonymous_1)
FN:98,generateRealisticInBodyData
FN:170,calculateBodyShape
FN:182,validateInBodyImage
FNF:5
FNH:0
FNDA:0,extractInBodyData
FNDA:0,(anonymous_1)
FNDA:0,generateRealisticInBodyData
FNDA:0,calculateBodyShape
FNDA:0,validateInBodyImage
DA:1,2
DA:2,2
DA:22,0
DA:23,0
DA:29,0
DA:33,0
DA:35,0
DA:37,0
DA:46,0
DA:47,0
DA:99,0
DA:100,0
DA:102,0
DA:103,0
DA:104,0
DA:105,0
DA:106,0
DA:108,0
DA:109,0
DA:110,0
DA:112,0
DA:113,0
DA:114,0
DA:116,0
DA:117,0
DA:119,0
DA:122,0
DA:123,0
DA:124,0
DA:125,0
DA:127,0
DA:171,0
DA:172,0
DA:174,0
DA:175,0
DA:176,0
DA:183,0
DA:184,0
DA:186,0
DA:187,0
DA:190,0
DA:191,0
DA:194,0
DA:197,2
LF:44
LH:3
BRDA:123,0,0,0
BRDA:123,0,1,0
BRDA:123,1,0,0
BRDA:123,1,1,0
BRDA:124,2,0,0
BRDA:124,2,1,0
BRDA:125,3,0,0
BRDA:125,3,1,0
BRDA:174,4,0,0
BRDA:174,4,1,0
BRDA:175,5,0,0
BRDA:175,5,1,0
BRDA:186,6,0,0
BRDA:186,6,1,0
BRDA:190,7,0,0
BRDA:190,7,1,0
BRF:16
BRH:0
end_of_record
TN:
SF:src\services\coachCustomizationService.js
FN:16,(anonymous_0)
FN:195,(anonymous_1)
FN:292,(anonymous_2)
FN:353,(anonymous_3)
FNF:4
FNH:0
FNDA:0,(anonymous_0)
FNDA:0,(anonymous_1)
FNDA:0,(anonymous_2)
FNDA:0,(anonymous_3)
DA:1,2
DA:2,2
DA:3,2
DA:17,0
DA:19,0
DA:20,0
DA:23,0
DA:28,0
DA:29,0
DA:32,0
DA:35,0
DA:36,0
DA:64,0
DA:67,0
DA:72,0
DA:73,0
DA:74,0
DA:91,0
DA:96,0
DA:97,0
DA:98,0
DA:106,0
DA:111,0
DA:112,0
DA:113,0
DA:131,0
DA:136,0
DA:137,0
DA:161,0
DA:176,0
DA:178,0
DA:180,0
DA:183,0
DA:184,0
DA:185,0
DA:187,0
DA:196,0
DA:198,0
DA:199,0
DA:202,0
DA:207,0
DA:208,0
DA:211,0
DA:214,0
DA:215,0
DA:216,0
DA:218,0
DA:219,0
DA:220,0
DA:222,0
DA:223,0
DA:224,0
DA:226,0
DA:227,0
DA:228,0
DA:230,0
DA:231,0
DA:232,0
DA:234,0
DA:235,0
DA:236,0
DA:238,0
DA:239,0
DA:240,0
DA:243,0
DA:244,0
DA:247,0
DA:248,0
DA:250,0
DA:259,0
DA:274,0
DA:276,0
DA:278,0
DA:281,0
DA:282,0
DA:283,0
DA:285,0
DA:293,0
DA:295,0
DA:304,0
DA:305,0
DA:308,0
DA:311,0
DA:312,0
DA:316,0
DA:325,0
DA:340,0
DA:342,0
DA:345,0
DA:346,0
DA:354,0
DA:355,0
DA:369,0
DA:372,0
DA:373,0
DA:378,2
LF:96
LH:4
BRDA:16,0,0,0
BRDA:28,1,0,0
BRDA:28,1,1,0
BRDA:72,2,0,0
BRDA:72,2,1,0
BRDA:207,3,0,0
BRDA:207,3,1,0
BRDA:218,4,0,0
BRDA:218,4,1,0
BRDA:222,5,0,0
BRDA:222,5,1,0
BRDA:226,6,0,0
BRDA:226,6,1,0
BRDA:230,7,0,0
BRDA:230,7,1,0
BRDA:234,8,0,0
BRDA:234,8,1,0
BRDA:238,9,0,0
BRDA:238,9,1,0
BRDA:243,10,0,0
BRDA:243,10,1,0
BRDA:304,11,0,0
BRDA:304,11,1,0
BRDA:311,12,0,0
BRDA:311,12,1,0
BRDA:353,13,0,0
BRF:26
BRH:0
end_of_record
TN:
SF:src\services\emailService.js
FN:18,(anonymous_0)
FN:42,(anonymous_1)
FN:73,(anonymous_2)
FN:106,(anonymous_3)
FN:145,(anonymous_4)
FNF:5
FNH:0
FNDA:0,(anonymous_0)
FNDA:0,(anonymous_1)
FNDA:0,(anonymous_2)
FNDA:0,(anonymous_3)
FNDA:0,(anonymous_4)
DA:1,0
DA:2,0
DA:5,0
DA:18,0
DA:19,0
DA:20,0
DA:28,0
DA:30,0
DA:31,0
DA:34,0
DA:35,0
DA:42,0
DA:43,0
DA:45,0
DA:67,0
DA:73,0
DA:74,0
DA:76,0
DA:78,0
DA:100,0
DA:106,0
DA:107,0
DA:109,0
DA:139,0
DA:145,0
DA:146,0
DA:148,0
DA:170,0
LF:28
LH:0
BRDA:6,0,0,0
BRDA:6,0,1,0
BRDA:7,1,0,0
BRDA:7,1,1,0
BRDA:24,2,0,0
BRDA:24,2,1,0
BRDA:25,3,0,0
BRDA:25,3,1,0
BRF:8
BRH:0
end_of_record
TN:
SF:src\services\injuryMappingService.js
FN:11,(anonymous_0)
FN:19,(anonymous_1)
FN:38,(anonymous_2)
FN:47,(anonymous_3)
FN:55,(anonymous_4)
FN:64,(anonymous_5)
FN:101,(anonymous_6)
FN:116,(anonymous_7)
FN:135,(anonymous_8)
FN:154,(anonymous_9)
FN:225,(anonymous_10)
FN:249,(anonymous_11)
FN:282,(anonymous_12)
FN:304,(anonymous_13)
FNF:14
FNH:1
FNDA:2,(anonymous_0)
FNDA:0,(anonymous_1)
FNDA:0,(anonymous_2)
FNDA:0,(anonymous_3)
FNDA:0,(anonymous_4)
FNDA:0,(anonymous_5)
FNDA:0,(anonymous_6)
FNDA:0,(anonymous_7)
FNDA:0,(anonymous_8)
FNDA:0,(anonymous_9)
FNDA:0,(anonymous_10)
FNDA:0,(anonymous_11)
FNDA:0,(anonymous_12)
FNDA:0,(anonymous_13)
DA:1,2
DA:2,2
DA:3,2
DA:12,2
DA:13,2
DA:20,0
DA:21,0
DA:22,0
DA:23,0
DA:24,0
DA:25,0
DA:26,0
DA:28,0
DA:29,0
DA:30,0
DA:31,0
DA:39,0
DA:40,0
DA:48,0
DA:49,0
DA:56,0
DA:57,0
DA:65,0
DA:67,0
DA:68,0
DA:72,0
DA:74,0
DA:75,0
DA:76,0
DA:79,0
DA:80,0
DA:82,0
DA:83,0
DA:95,0
DA:102,0
DA:104,0
DA:105,0
DA:106,0
DA:109,0
DA:117,0
DA:119,0
DA:120,0
DA:124,0
DA:125,0
DA:126,0
DA:127,0
DA:131,0
DA:134,0
DA:135,0
DA:139,0
DA:140,0
DA:141,0
DA:142,0
DA:147,0
DA:155,0
DA:157,0
DA:158,0
DA:161,0
DA:163,0
DA:164,0
DA:168,0
DA:169,0
DA:172,0
DA:178,0
DA:180,0
DA:181,0
DA:187,0
DA:189,0
DA:191,0
DA:193,0
DA:209,0
DA:211,0
DA:214,0
DA:219,0
DA:226,0
DA:228,0
DA:229,0
DA:232,0
DA:234,0
DA:235,0
DA:240,0
DA:243,0
DA:250,0
DA:252,0
DA:254,0
DA:255,0
DA:258,0
DA:259,0
DA:260,0
DA:261,0
DA:272,0
DA:273,0
DA:276,0
DA:283,0
DA:285,0
DA:290,0
DA:291,0
DA:298,0
DA:305,0
DA:306,0
DA:311,2
DA:313,2
LF:102
LH:7
BRDA:39,0,0,0
BRDA:39,0,1,0
BRDA:57,1,0,0
BRDA:57,1,1,0
BRDA:67,2,0,0
BRDA:67,2,1,0
BRDA:67,3,0,0
BRDA:67,3,1,0
BRDA:76,4,0,0
BRDA:76,4,1,0
BRDA:76,5,0,0
BRDA:76,5,1,0
BRDA:82,6,0,0
BRDA:82,6,1,0
BRDA:105,7,0,0
BRDA:105,7,1,0
BRDA:105,8,0,0
BRDA:105,8,1,0
BRDA:116,9,0,0
BRDA:119,10,0,0
BRDA:119,10,1,0
BRDA:119,11,0,0
BRDA:119,11,1,0
BRDA:134,12,0,0
BRDA:134,12,1,0
BRDA:141,13,0,0
BRDA:141,13,1,0
BRDA:147,14,0,0
BRDA:147,14,1,0
BRDA:154,15,0,0
BRDA:157,16,0,0
BRDA:157,16,1,0
BRDA:157,17,0,0
BRDA:157,17,1,0
BRDA:163,18,0,0
BRDA:163,18,1,0
BRDA:163,19,0,0
BRDA:163,19,1,0
BRDA:174,20,0,0
BRDA:174,20,1,0
BRDA:174,20,2,0
BRDA:178,21,0,0
BRDA:178,21,1,0
BRDA:187,22,0,0
BRDA:187,22,1,0
BRDA:191,23,0,0
BRDA:191,23,1,0
BRDA:199,24,0,0
BRDA:199,24,1,0
BRDA:200,25,0,0
BRDA:200,25,1,0
BRDA:225,26,0,0
BRDA:228,27,0,0
BRDA:228,27,1,0
BRDA:228,28,0,0
BRDA:228,28,1,0
BRDA:255,29,0,0
BRDA:255,29,1,0
BRDA:255,30,0,0
BRDA:255,30,1,0
BRDA:260,31,0,0
BRDA:260,31,1,0
BRDA:272,32,0,0
BRDA:272,32,1,0
BRDA:293,33,0,0
BRDA:293,33,1,0
BRDA:294,34,0,0
BRDA:294,34,1,0
BRF:68
BRH:0
end_of_record
TN:
SF:src\services\intakeService.js
FN:18,(anonymous_0)
FN:144,(anonymous_1)
FN:253,(anonymous_2)
FN:317,(anonymous_3)
FNF:4
FNH:0
FNDA:0,(anonymous_0)
FNDA:0,(anonymous_1)
FNDA:0,(anonymous_2)
FNDA:0,(anonymous_3)
DA:1,2
DA:2,2
DA:3,2
DA:4,2
DA:19,0
DA:21,0
DA:22,0
DA:28,0
DA:31,0
DA:32,0
DA:36,0
DA:41,0
DA:42,0
DA:45,0
DA:46,0
DA:49,0
DA:52,0
DA:59,0
DA:61,0
DA:71,0
DA:74,0
DA:82,0
DA:86,0
DA:98,0
DA:104,0
DA:105,0
DA:106,0
DA:112,0
DA:115,0
DA:117,0
DA:119,0
DA:132,0
DA:133,0
DA:134,0
DA:136,0
DA:145,0
DA:147,0
DA:148,0
DA:151,0
DA:156,0
DA:157,0
DA:160,0
DA:161,0
DA:163,0
DA:164,0
DA:179,0
DA:182,0
DA:210,0
DA:224,0
DA:226,0
DA:228,0
DA:230,0
DA:242,0
DA:243,0
DA:244,0
DA:246,0
DA:254,0
DA:255,0
DA:266,0
DA:267,0
DA:275,0
DA:276,0
DA:277,0
DA:278,0
DA:280,0
DA:309,0
DA:310,0
DA:318,0
DA:319,0
DA:330,0
DA:331,0
DA:334,0
DA:335,0
DA:336,0
DA:337,0
DA:340,0
DA:342,0
DA:348,0
DA:349,0
DA:354,2
LF:80
LH:5
BRDA:31,0,0,0
BRDA:31,0,1,0
BRDA:31,1,0,0
BRDA:31,1,1,0
BRDA:41,2,0,0
BRDA:41,2,1,0
BRDA:49,3,0,0
BRDA:49,3,1,0
BRDA:49,4,0,0
BRDA:49,4,1,0
BRDA:59,5,0,0
BRDA:59,5,1,0
BRDA:105,6,0,0
BRDA:105,6,1,0
BRDA:124,7,0,0
BRDA:124,7,1,0
BRDA:156,8,0,0
BRDA:156,8,1,0
BRDA:163,9,0,0
BRDA:163,9,1,0
BRDA:200,10,0,0
BRDA:200,10,1,0
BRDA:201,11,0,0
BRDA:201,11,1,0
BRDA:202,12,0,0
BRDA:202,12,1,0
BRDA:233,13,0,0
BRDA:233,13,1,0
BRDA:266,14,0,0
BRDA:266,14,1,0
BRDA:277,15,0,0
BRDA:277,15,1,0
BRDA:292,16,0,0
BRDA:292,16,1,0
BRDA:330,17,0,0
BRDA:330,17,1,0
BRDA:340,18,0,0
BRDA:340,18,1,0
BRDA:340,18,2,0
BRDA:344,19,0,0
BRDA:344,19,1,0
BRF:41
BRH:0
end_of_record
TN:
SF:src\services\nutritionAccessService.js
FN:18,(anonymous_0)
FN:69,(anonymous_1)
FN:145,(anonymous_2)
FN:193,(anonymous_3)
FN:228,(anonymous_4)
FN:255,(anonymous_5)
FN:280,(anonymous_6)
FNF:7
FNH:1
FNDA:6,(anonymous_0)
FNDA:0,(anonymous_1)
FNDA:0,(anonymous_2)
FNDA:0,(anonymous_3)
FNDA:0,(anonymous_4)
FNDA:0,(anonymous_5)
FNDA:0,(anonymous_6)
DA:1,3
DA:2,3
DA:19,6
DA:20,6
DA:43,6
DA:44,0
DA:47,6
DA:49,6
DA:60,0
DA:61,0
DA:70,0
DA:72,0
DA:73,0
DA:76,0
DA:83,0
DA:84,0
DA:87,0
DA:90,0
DA:91,0
DA:92,0
DA:99,0
DA:100,0
DA:101,0
DA:109,0
DA:110,0
DA:112,0
DA:122,0
DA:124,0
DA:126,0
DA:134,0
DA:135,0
DA:136,0
DA:138,0
DA:146,0
DA:148,0
DA:155,0
DA:157,0
DA:158,0
DA:165,0
DA:168,0
DA:169,0
DA:177,0
DA:179,0
DA:185,0
DA:186,0
DA:194,0
DA:195,0
DA:208,0
DA:209,0
DA:212,0
DA:214,0
DA:220,0
DA:221,0
DA:229,0
DA:230,0
DA:239,0
DA:241,0
DA:247,0
DA:248,0
DA:256,0
DA:257,0
DA:265,0
DA:267,0
DA:272,0
DA:273,0
DA:281,0
DA:282,0
DA:293,0
DA:296,0
DA:297,0
DA:302,3
LF:71
LH:8
BRDA:43,0,0,0
BRDA:43,0,1,6
BRDA:52,1,0,6
BRDA:52,1,1,2
BRDA:55,2,0,1
BRDA:55,2,1,5
BRDA:56,3,0,6
BRDA:56,3,1,1
BRDA:83,4,0,0
BRDA:83,4,1,0
BRDA:90,5,0,0
BRDA:90,5,1,0
BRDA:99,6,0,0
BRDA:99,6,1,0
BRDA:157,7,0,0
BRDA:157,7,1,0
BRDA:168,8,0,0
BRDA:168,8,1,0
BRDA:208,9,0,0
BRDA:208,9,1,0
BRF:20
BRH:7
end_of_record
TN:
SF:src\services\nutritionGenerationService.js
FN:15,(anonymous_0)
FN:27,(anonymous_1)
FN:47,(anonymous_2)
FN:54,(anonymous_3)
FN:72,(anonymous_4)
FN:122,(anonymous_5)
FN:291,(anonymous_6)
FN:294,(anonymous_7)
FN:295,(anonymous_8)
FN:302,(anonymous_9)
FN:365,(anonymous_10)
FNF:11
FNH:0
FNDA:0,(anonymous_0)
FNDA:0,(anonymous_1)
FNDA:0,(anonymous_2)
FNDA:0,(anonymous_3)
FNDA:0,(anonymous_4)
FNDA:0,(anonymous_5)
FNDA:0,(anonymous_6)
FNDA:0,(anonymous_7)
FNDA:0,(anonymous_8)
FNDA:0,(anonymous_9)
FNDA:0,(anonymous_10)
DA:1,4
DA:2,4
DA:3,4
DA:17,0
DA:18,0
DA:20,0
DA:28,0
DA:37,0
DA:38,0
DA:39,0
DA:40,0
DA:41,0
DA:48,0
DA:55,0
DA:65,0
DA:66,0
DA:76,0
DA:86,0
DA:87,0
DA:88,0
DA:91,0
DA:94,0
DA:95,0
DA:96,0
DA:97,0
DA:98,0
DA:99,0
DA:100,0
DA:101,0
DA:102,0
DA:104,0
DA:105,0
DA:108,0
DA:109,0
DA:111,0
DA:124,0
DA:285,0
DA:292,0
DA:294,0
DA:295,0
DA:303,0
DA:311,0
DA:315,0
DA:319,0
DA:323,0
DA:329,0
DA:333,0
DA:337,0
DA:342,0
DA:346,0
DA:349,0
DA:350,0
DA:351,0
DA:352,0
DA:355,0
DA:359,0
DA:366,0
DA:368,0
DA:369,0
DA:372,0
DA:381,0
DA:382,0
DA:385,0
DA:388,0
DA:389,0
DA:390,0
DA:391,0
DA:392,0
DA:393,0
DA:394,0
DA:398,0
DA:399,0
DA:400,0
DA:401,0
DA:402,0
DA:405,0
DA:408,0
DA:433,0
DA:436,0
DA:437,0
DA:444,0
DA:461,0
DA:464,0
DA:484,0
DA:504,0
DA:524,0
DA:525,0
DA:547,0
DA:548,0
DA:549,0
DA:551,0
DA:558,0
DA:561,0
DA:562,0
DA:564,0
DA:566,0
DA:577,0
DA:578,0
DA:579,0
DA:580,0
DA:585,4
LF:101
LH:4
BRDA:17,0,0,0
BRDA:17,0,1,0
BRDA:37,1,0,0
BRDA:37,1,1,0
BRDA:38,2,0,0
BRDA:38,2,1,0
BRDA:39,3,0,0
BRDA:39,3,1,0
BRDA:40,4,0,0
BRDA:40,4,1,0
BRDA:65,5,0,0
BRDA:65,5,1,0
BRDA:86,6,0,0
BRDA:86,6,1,0
BRDA:94,7,0,0
BRDA:94,7,1,0
BRDA:94,8,0,0
BRDA:94,8,1,0
BRDA:97,9,0,0
BRDA:97,9,1,0
BRDA:97,10,0,0
BRDA:97,10,1,0
BRDA:100,11,0,0
BRDA:100,11,1,0
BRDA:122,12,0,0
BRDA:291,13,0,0
BRDA:292,14,0,0
BRDA:292,14,1,0
BRDA:295,15,0,0
BRDA:295,15,1,0
BRDA:329,16,0,0
BRDA:329,16,1,0
BRDA:333,17,0,0
BRDA:333,17,1,0
BRDA:337,18,0,0
BRDA:337,18,1,0
BRDA:349,19,0,0
BRDA:349,19,1,0
BRDA:352,20,0,0
BRDA:352,20,1,0
BRDA:365,21,0,0
BRDA:381,22,0,0
BRDA:381,22,1,0
BRDA:388,23,0,0
BRDA:388,23,1,0
BRDA:388,23,2,0
BRDA:388,23,3,0
BRDA:389,24,0,0
BRDA:389,24,1,0
BRDA:389,24,2,0
BRDA:390,25,0,0
BRDA:390,25,1,0
BRDA:390,25,2,0
BRDA:391,26,0,0
BRDA:391,26,1,0
BRDA:391,26,2,0
BRDA:392,27,0,0
BRDA:392,27,1,0
BRDA:392,27,2,0
BRDA:392,27,3,0
BRDA:393,28,0,0
BRDA:393,28,1,0
BRDA:393,28,2,0
BRDA:394,29,0,0
BRDA:394,29,1,0
BRDA:395,30,0,0
BRDA:395,30,1,0
BRDA:418,31,0,0
BRDA:418,31,1,0
BRDA:428,32,0,0
BRDA:428,32,1,0
BRDA:429,33,0,0
BRDA:429,33,1,0
BRDA:547,34,0,0
BRDA:547,34,1,0
BRF:75
BRH:0
end_of_record
TN:
SF:src\services\paymentService.js
FN:46,(anonymous_0)
FN:119,(anonymous_1)
FN:212,(anonymous_2)
FN:243,(anonymous_3)
FN:269,activateSubscription
FN:329,handleStripeCheckoutCompleted
FN:343,handleStripePaymentSucceeded
FN:354,handleStripePaymentFailed
FN:371,handleStripeSubscriptionCancelled
FN:386,(anonymous_9)
FN:428,(anonymous_10)
FN:457,(anonymous_11)
FNF:12
FNH:0
FNDA:0,(anonymous_0)
FNDA:0,(anonymous_1)
FNDA:0,(anonymous_2)
FNDA:0,(anonymous_3)
FNDA:0,activateSubscription
FNDA:0,handleStripeCheckoutCompleted
FNDA:0,handleStripePaymentSucceeded
FNDA:0,handleStripePaymentFailed
FNDA:0,handleStripeSubscriptionCancelled
FNDA:0,(anonymous_9)
FNDA:0,(anonymous_10)
FNDA:0,(anonymous_11)
DA:1,2
DA:2,2
DA:3,2
DA:4,2
DA:12,2
DA:18,2
DA:46,2
DA:47,0
DA:48,0
DA:53,0
DA:54,0
DA:57,0
DA:58,0
DA:60,0
DA:61,0
DA:64,0
DA:66,0
DA:97,0
DA:105,0
DA:111,0
DA:112,0
DA:119,2
DA:120,0
DA:121,0
DA:126,0
DA:127,0
DA:130,0
DA:131,0
DA:133,0
DA:134,0
DA:137,0
DA:140,0
DA:187,0
DA:190,0
DA:198,0
DA:204,0
DA:205,0
DA:212,2
DA:213,0
DA:214,0
DA:216,0
DA:217,0
DA:220,0
DA:221,0
DA:224,0
DA:225,0
DA:228,0
DA:229,0
DA:232,0
DA:235,0
DA:236,0
DA:243,2
DA:244,0
DA:245,0
DA:247,0
DA:249,0
DA:250,0
DA:251,0
DA:253,0
DA:261,0
DA:262,0
DA:270,0
DA:272,0
DA:273,0
DA:276,0
DA:277,0
DA:278,0
DA:280,0
DA:283,0
DA:295,0
DA:305,0
DA:314,0
DA:316,0
DA:319,0
DA:320,0
DA:322,0
DA:330,0
DA:331,0
DA:344,0
DA:345,0
DA:348,0
DA:355,0
DA:358,0
DA:365,0
DA:372,0
DA:380,0
DA:386,2
DA:387,0
DA:388,0
DA:393,0
DA:394,0
DA:397,0
DA:399,0
DA:401,0
DA:407,0
DA:414,0
DA:420,0
DA:421,0
DA:428,2
DA:429,0
DA:430,0
DA:447,0
DA:449,0
DA:450,0
DA:457,2
DA:458,0
DA:459,0
DA:470,0
DA:471,0
DA:474,0
DA:475,0
DA:476,0
DA:477,0
DA:479,0
DA:488,0
DA:489,0
DA:493,2
LF:117
LH:14
BRDA:46,0,0,0
BRDA:53,1,0,0
BRDA:53,1,1,0
BRDA:60,2,0,0
BRDA:60,2,1,0
BRDA:64,3,0,0
BRDA:64,3,1,0
BRDA:79,4,0,0
BRDA:79,4,1,0
BRDA:119,5,0,0
BRDA:126,6,0,0
BRDA:126,6,1,0
BRDA:133,7,0,0
BRDA:133,7,1,0
BRDA:137,8,0,0
BRDA:137,8,1,0
BRDA:164,9,0,0
BRDA:164,9,1,0
BRDA:165,10,0,0
BRDA:165,10,1,0
BRDA:214,11,0,0
BRDA:214,11,1,0
BRDA:214,11,2,0
BRDA:214,11,3,0
BRDA:214,11,4,0
BRDA:247,12,0,0
BRDA:247,12,1,0
BRDA:251,13,0,0
BRDA:251,13,1,0
BRDA:277,14,0,0
BRDA:277,14,1,0
BRDA:393,15,0,0
BRDA:393,15,1,0
BRDA:399,16,0,0
BRDA:399,16,1,0
BRDA:470,17,0,0
BRDA:470,17,1,0
BRDA:484,18,0,0
BRDA:484,18,1,0
BRDA:485,19,0,0
BRDA:485,19,1,0
BRF:41
BRH:0
end_of_record
TN:
SF:src\services\pushNotificationService.js
FN:31,(anonymous_0)
FN:90,(anonymous_1)
FN:140,(anonymous_2)
FN:168,(anonymous_3)
FN:182,(anonymous_4)
FN:195,(anonymous_5)
FN:208,(anonymous_6)
FN:221,(anonymous_7)
FN:235,(anonymous_8)
FN:249,(anonymous_9)
FN:263,(anonymous_10)
FN:277,(anonymous_11)
FN:291,(anonymous_12)
FN:305,(anonymous_13)
FN:319,(anonymous_14)
FN:336,(anonymous_15)
FN:377,(anonymous_16)
FN:398,removeDeviceToken
FN:413,removeMultipleDeviceTokens
FN:428,(anonymous_19)
FNF:20
FNH:0
FNDA:0,(anonymous_0)
FNDA:0,(anonymous_1)
FNDA:0,(anonymous_2)
FNDA:0,(anonymous_3)
FNDA:0,(anonymous_4)
FNDA:0,(anonymous_5)
FNDA:0,(anonymous_6)
FNDA:0,(anonymous_7)
FNDA:0,(anonymous_8)
FNDA:0,(anonymous_9)
FNDA:0,(anonymous_10)
FNDA:0,(anonymous_11)
FNDA:0,(anonymous_12)
FNDA:0,(anonymous_13)
FNDA:0,(anonymous_14)
FNDA:0,(anonymous_15)
FNDA:0,(anonymous_16)
FNDA:0,removeDeviceToken
FNDA:0,removeMultipleDeviceTokens
FNDA:0,(anonymous_19)
DA:1,2
DA:2,2
DA:3,2
DA:13,2
DA:14,2
DA:18,0
DA:22,0
DA:24,2
DA:25,2
DA:31,2
DA:32,0
DA:33,0
DA:34,0
DA:37,0
DA:38,0
DA:68,0
DA:70,0
DA:72,0
DA:75,0
DA:78,0
DA:80,0
DA:83,0
DA:90,2
DA:91,0
DA:92,0
DA:93,0
DA:96,0
DA:97,0
DA:100,0
DA:101,0
DA:130,0
DA:135,0
DA:138,0
DA:139,0
DA:140,0
DA:141,0
DA:144,0
DA:148,0
DA:149,0
DA:153,0
DA:160,0
DA:161,0
DA:168,2
DA:169,0
DA:171,0
DA:177,0
DA:178,0
DA:179,0
DA:182,0
DA:184,0
DA:187,0
DA:188,0
DA:195,2
DA:196,0
DA:198,0
DA:204,0
DA:205,0
DA:208,0
DA:210,0
DA:213,0
DA:214,0
DA:221,2
DA:222,0
DA:227,0
DA:232,0
DA:235,2
DA:236,0
DA:241,0
DA:246,0
DA:249,2
DA:250,0
DA:255,0
DA:260,0
DA:263,2
DA:264,0
DA:269,0
DA:274,0
DA:277,2
DA:278,0
DA:283,0
DA:288,0
DA:291,2
DA:292,0
DA:297,0
DA:302,0
DA:305,2
DA:306,0
DA:311,0
DA:316,0
DA:319,2
DA:320,0
DA:325,0
DA:330,0
DA:336,2
DA:337,0
DA:339,0
DA:344,0
DA:346,0
DA:358,0
DA:365,0
DA:366,0
DA:369,0
DA:370,0
DA:377,2
DA:378,0
DA:379,0
DA:386,0
DA:387,0
DA:390,0
DA:391,0
DA:399,0
DA:400,0
DA:404,0
DA:406,0
DA:414,0
DA:415,0
DA:419,0
DA:421,0
DA:428,2
DA:429,0
DA:430,0
DA:431,0
DA:434,0
DA:435,0
DA:448,0
DA:450,0
DA:452,0
DA:455,0
DA:456,0
DA:460,2
LF:130
LH:23
BRDA:14,0,0,0
BRDA:14,0,1,2
BRDA:16,1,0,2
BRDA:16,1,1,2
BRDA:31,2,0,0
BRDA:32,3,0,0
BRDA:32,3,1,0
BRDA:46,4,0,0
BRDA:46,4,1,0
BRDA:78,5,0,0
BRDA:78,5,1,0
BRDA:78,6,0,0
BRDA:78,6,1,0
BRDA:90,7,0,0
BRDA:91,8,0,0
BRDA:91,8,1,0
BRDA:96,9,0,0
BRDA:96,9,1,0
BRDA:96,10,0,0
BRDA:96,10,1,0
BRDA:109,11,0,0
BRDA:109,11,1,0
BRDA:138,12,0,0
BRDA:138,12,1,0
BRDA:141,13,0,0
BRDA:141,13,1,0
BRDA:141,14,0,0
BRDA:141,14,1,0
BRDA:141,14,2,0
BRDA:148,15,0,0
BRDA:148,15,1,0
BRDA:168,16,0,0
BRDA:177,17,0,0
BRDA:177,17,1,0
BRDA:195,18,0,0
BRDA:204,19,0,0
BRDA:204,19,1,0
BRDA:336,20,0,0
BRDA:344,21,0,0
BRDA:344,21,1,0
BRDA:428,22,0,0
BRDA:429,23,0,0
BRDA:429,23,1,0
BRDA:442,24,0,0
BRDA:442,24,1,0
BRF:45
BRH:3
end_of_record
TN:
SF:src\services\quotaService.js
FN:7,(anonymous_0)
FN:31,(anonymous_1)
FN:46,(anonymous_2)
FN:61,(anonymous_3)
FN:74,(anonymous_4)
FN:92,(anonymous_5)
FN:112,(anonymous_6)
FN:129,(anonymous_7)
FNF:8
FNH:8
FNDA:2,(anonymous_0)
FNDA:3,(anonymous_1)
FNDA:3,(anonymous_2)
FNDA:3,(anonymous_3)
FNDA:9,(anonymous_4)
FNDA:4,(anonymous_5)
FNDA:3,(anonymous_6)
FNDA:2,(anonymous_7)
DA:1,3
DA:2,3
DA:7,3
DA:8,2
DA:9,2
DA:19,1
DA:20,1
DA:23,1
DA:24,1
DA:31,3
DA:32,3
DA:33,3
DA:38,1
DA:39,1
DA:46,3
DA:47,3
DA:48,3
DA:53,1
DA:54,1
DA:61,3
DA:62,3
DA:63,1
DA:65,2
DA:66,1
DA:68,1
DA:74,3
DA:75,9
DA:76,9
DA:81,9
DA:84,0
DA:85,0
DA:92,3
DA:93,4
DA:94,4
DA:96,4
DA:99,3
DA:101,2
DA:104,0
DA:105,0
DA:112,3
DA:113,3
DA:114,3
DA:116,3
DA:118,2
DA:121,0
DA:122,0
DA:129,3
DA:130,2
DA:131,2
DA:139,1
DA:142,1
DA:143,1
LF:52
LH:46
BRDA:62,0,0,1
BRDA:62,0,1,2
BRDA:65,1,0,1
BRDA:65,1,1,1
BRDA:81,2,0,9
BRDA:81,2,1,3
BRDA:96,3,0,1
BRDA:96,3,1,3
BRDA:99,4,0,1
BRDA:99,4,1,2
BRDA:116,5,0,1
BRDA:116,5,1,2
BRF:12
BRH:12
end_of_record
TN:
SF:src\services\s3Service.js
FN:17,(anonymous_0)
FN:49,(anonymous_1)
FN:51,(anonymous_2)
FN:63,(anonymous_3)
FN:83,(anonymous_4)
FN:103,(anonymous_5)
FNF:6
FNH:6
FNDA:6,(anonymous_0)
FNDA:2,(anonymous_1)
FNDA:3,(anonymous_2)
FNDA:2,(anonymous_3)
FNDA:4,(anonymous_4)
FNDA:2,(anonymous_5)
DA:1,3
DA:2,3
DA:3,3
DA:6,3
DA:12,3
DA:17,3
DA:18,6
DA:19,6
DA:20,6
DA:22,6
DA:30,6
DA:32,4
DA:34,4
DA:41,2
DA:42,2
DA:49,3
DA:50,2
DA:51,3
DA:52,2
DA:53,1
DA:55,1
DA:56,1
DA:63,3
DA:64,2
DA:65,2
DA:70,2
DA:72,1
DA:75,1
DA:76,1
DA:83,3
DA:84,4
DA:85,4
DA:91,4
DA:92,3
DA:95,1
DA:96,1
DA:103,3
DA:104,2
DA:105,2
DA:110,2
DA:112,1
DA:120,1
DA:121,1
LF:43
LH:43
BRDA:9,0,0,3
BRDA:9,0,1,0
BRDA:12,1,0,3
BRDA:12,1,1,0
BRDA:17,2,0,2
BRDA:49,3,0,1
BRDA:83,4,0,3
BRF:7
BRH:5
end_of_record
TN:
SF:src\services\twilioService.js
FN:12,(anonymous_0)
FN:32,(anonymous_1)
FNF:2
FNH:0
FNDA:0,(anonymous_0)
FNDA:0,(anonymous_1)
DA:1,4
DA:2,4
DA:4,4
DA:12,4
DA:13,0
DA:14,0
DA:20,0
DA:21,0
DA:24,0
DA:25,0
DA:32,4
DA:33,0
DA:34,0
DA:40,0
DA:41,0
DA:44,0
DA:45,0
LF:17
LH:5
BRF:0
BRH:0
end_of_record
TN:
SF:src\services\videoCallService.js
FN:13,(anonymous_0)
FN:26,(anonymous_1)
FN:66,(anonymous_2)
FN:170,(anonymous_3)
FN:232,(anonymous_4)
FN:315,(anonymous_5)
FNF:6
FNH:1
FNDA:2,(anonymous_0)
FNDA:0,(anonymous_1)
FNDA:0,(anonymous_2)
FNDA:0,(anonymous_3)
FNDA:0,(anonymous_4)
FNDA:0,(anonymous_5)
DA:1,2
DA:2,2
DA:3,2
DA:4,2
DA:15,2
DA:16,2
DA:18,2
DA:19,2
DA:27,0
DA:28,0
DA:29,0
DA:33,0
DA:36,0
DA:37,0
DA:40,0
DA:49,0
DA:58,0
DA:59,0
DA:67,0
DA:69,0
DA:84,0
DA:85,0
DA:88,0
DA:91,0
DA:92,0
DA:96,0
DA:97,0
DA:101,0
DA:108,0
DA:110,0
DA:113,0
DA:115,0
DA:124,0
DA:127,0
DA:136,0
DA:137,0
DA:139,0
DA:140,0
DA:142,0
DA:162,0
DA:163,0
DA:171,0
DA:173,0
DA:190,0
DA:191,0
DA:194,0
DA:197,0
DA:198,0
DA:202,0
DA:205,0
DA:207,0
DA:209,0
DA:224,0
DA:225,0
DA:233,0
DA:235,0
DA:236,0
DA:239,0
DA:252,0
DA:253,0
DA:254,0
DA:257,0
DA:260,0
DA:261,0
DA:262,0
DA:266,0
DA:277,0
DA:286,0
DA:293,0
DA:294,0
DA:296,0
DA:298,0
DA:305,0
DA:306,0
DA:307,0
DA:308,0
DA:316,0
DA:317,0
DA:327,0
DA:328,0
DA:331,0
DA:334,0
DA:335,0
DA:339,0
DA:340,0
DA:344,0
DA:345,0
DA:346,0
DA:347,0
DA:349,0
DA:350,0
DA:358,0
DA:359,0
DA:365,0
DA:371,0
DA:372,0
DA:377,2
LF:97
LH:9
BRDA:18,0,0,2
BRDA:18,0,1,0
BRDA:18,1,0,2
BRDA:18,1,1,0
BRDA:26,2,0,0
BRDA:26,3,0,0
BRDA:28,4,0,0
BRDA:28,4,1,0
BRDA:28,5,0,0
BRDA:28,5,1,0
BRDA:33,6,0,0
BRDA:33,6,1,0
BRDA:84,7,0,0
BRDA:84,7,1,0
BRDA:91,8,0,0
BRDA:91,8,1,0
BRDA:91,9,0,0
BRDA:91,9,1,0
BRDA:96,10,0,0
BRDA:96,10,1,0
BRDA:96,11,0,0
BRDA:96,11,1,0
BRDA:108,12,0,0
BRDA:108,12,1,0
BRDA:190,13,0,0
BRDA:190,13,1,0
BRDA:197,14,0,0
BRDA:197,14,1,0
BRDA:197,15,0,0
BRDA:197,15,1,0
BRDA:214,16,0,0
BRDA:214,16,1,0
BRDA:252,17,0,0
BRDA:252,17,1,0
BRDA:260,18,0,0
BRDA:260,18,1,0
BRDA:260,19,0,0
BRDA:260,19,1,0
BRDA:273,20,0,0
BRDA:273,20,1,0
BRDA:327,21,0,0
BRDA:327,21,1,0
BRDA:334,22,0,0
BRDA:334,22,1,0
BRDA:334,23,0,0
BRDA:334,23,1,0
BRDA:339,24,0,0
BRDA:339,24,1,0
BRDA:339,25,0,0
BRDA:339,25,1,0
BRDA:349,26,0,0
BRDA:349,26,1,0
BRDA:358,27,0,0
BRDA:358,27,1,0
BRF:54
BRH:2
end_of_record
TN:
SF:src\services\workoutGenerationService.js
FN:16,(anonymous_0)
FN:236,(anonymous_1)
FN:256,(anonymous_2)
FN:265,(anonymous_3)
FN:311,(anonymous_4)
FN:325,(anonymous_5)
FN:337,(anonymous_6)
FNF:7
FNH:0
FNDA:0,(anonymous_0)
FNDA:0,(anonymous_1)
FNDA:0,(anonymous_2)
FNDA:0,(anonymous_3)
FNDA:0,(anonymous_4)
FNDA:0,(anonymous_5)
FNDA:0,(anonymous_6)
DA:1,2
DA:2,2
DA:3,2
DA:4,2
DA:5,2
DA:17,0
DA:19,0
DA:20,0
DA:23,0
DA:24,0
DA:25,0
DA:29,0
DA:36,0
DA:37,0
DA:40,0
DA:43,0
DA:51,0
DA:54,0
DA:60,0
DA:63,0
DA:88,0
DA:91,0
DA:107,0
DA:110,0
DA:112,0
DA:118,0
DA:119,0
DA:126,0
DA:128,0
DA:132,0
DA:149,0
DA:152,0
DA:153,0
DA:155,0
DA:157,0
DA:189,0
DA:190,0
DA:213,0
DA:215,0
DA:217,0
DA:225,0
DA:226,0
DA:227,0
DA:229,0
DA:237,0
DA:245,0
DA:246,0
DA:247,0
DA:250,0
DA:257,0
DA:258,0
DA:259,0
DA:266,0
DA:267,0
DA:274,0
DA:275,0
DA:278,0
DA:281,0
DA:284,0
DA:294,0
DA:296,0
DA:297,0
DA:298,0
DA:301,0
DA:303,0
DA:304,0
DA:312,0
DA:319,0
DA:326,0
DA:331,0
DA:338,0
DA:340,0
DA:341,0
DA:342,0
DA:343,0
DA:345,0
DA:346,0
DA:354,0
DA:358,2
DA:360,2
LF:80
LH:7
BRDA:16,0,0,0
BRDA:16,1,0,0
BRDA:24,2,0,0
BRDA:24,2,1,0
BRDA:36,3,0,0
BRDA:36,3,1,0
BRDA:44,4,0,0
BRDA:44,4,1,0
BRDA:44,4,2,0
BRDA:44,4,3,0
BRDA:45,5,0,0
BRDA:45,5,1,0
BRDA:45,5,2,0
BRDA:46,6,0,0
BRDA:46,6,1,0
BRDA:46,6,2,0
BRDA:46,6,3,0
BRDA:47,7,0,0
BRDA:47,7,1,0
BRDA:47,8,0,0
BRDA:47,8,1,0
BRDA:81,9,0,0
BRDA:81,9,1,0
BRDA:82,10,0,0
BRDA:82,10,1,0
BRDA:100,11,0,0
BRDA:100,11,1,0
BRDA:101,12,0,0
BRDA:101,12,1,0
BRDA:102,13,0,0
BRDA:102,13,1,0
BRDA:118,14,0,0
BRDA:118,14,1,0
BRDA:142,15,0,0
BRDA:142,15,1,0
BRDA:143,16,0,0
BRDA:143,16,1,0
BRDA:143,16,2,0
BRDA:144,17,0,0
BRDA:144,17,1,0
BRDA:145,18,0,0
BRDA:145,18,1,0
BRDA:145,18,2,0
BRDA:169,19,0,0
BRDA:169,19,1,0
BRDA:169,19,2,0
BRDA:170,20,0,0
BRDA:170,20,1,0
BRDA:170,20,2,0
BRDA:170,20,3,0
BRDA:173,21,0,0
BRDA:173,21,1,0
BRDA:173,21,2,0
BRDA:174,22,0,0
BRDA:174,22,1,0
BRDA:175,23,0,0
BRDA:175,23,1,0
BRDA:175,23,2,0
BRDA:177,24,0,0
BRDA:177,24,1,0
BRDA:178,25,0,0
BRDA:178,25,1,0
BRDA:178,25,2,0
BRDA:179,26,0,0
BRDA:179,26,1,0
BRDA:179,26,2,0
BRDA:180,27,0,0
BRDA:180,27,1,0
BRDA:180,27,2,0
BRDA:181,28,0,0
BRDA:181,28,1,0
BRDA:182,29,0,0
BRDA:182,29,1,0
BRDA:183,30,0,0
BRDA:183,30,1,0
BRDA:189,31,0,0
BRDA:189,31,1,0
BRDA:200,32,0,0
BRDA:200,32,1,0
BRDA:202,33,0,0
BRDA:202,33,1,0
BRDA:203,34,0,0
BRDA:203,34,1,0
BRDA:203,34,2,0
BRDA:204,35,0,0
BRDA:204,35,1,0
BRDA:204,35,2,0
BRDA:205,36,0,0
BRDA:205,36,1,0
BRDA:206,37,0,0
BRDA:206,37,1,0
BRDA:238,38,0,0
BRDA:238,38,1,0
BRDA:239,39,0,0
BRDA:239,39,1,0
BRDA:240,40,0,0
BRDA:240,40,1,0
BRDA:241,41,0,0
BRDA:241,41,1,0
BRDA:245,42,0,0
BRDA:245,42,1,0
BRDA:245,43,0,0
BRDA:245,43,1,0
BRDA:247,44,0,0
BRDA:247,44,1,0
BRDA:274,45,0,0
BRDA:274,45,1,0
BRDA:281,46,0,0
BRDA:281,46,1,0
BRDA:287,47,0,0
BRDA:287,47,1,0
BRDA:288,48,0,0
BRDA:288,48,1,0
BRDA:296,49,0,0
BRDA:296,49,1,0
BRDA:319,50,0,0
BRDA:319,50,1,0
BRDA:331,51,0,0
BRDA:331,51,1,0
BRDA:337,52,0,0
BRF:120
BRH:0
end_of_record
TN:
SF:src\services\workoutRecommendationService.js
FN:16,(anonymous_0)
FN:112,(anonymous_1)
FN:132,(anonymous_2)
FN:148,(anonymous_3)
FN:166,(anonymous_4)
FN:182,(anonymous_5)
FN:200,(anonymous_6)
FN:247,(anonymous_7)
FNF:8
FNH:0
FNDA:0,(anonymous_0)
FNDA:0,(anonymous_1)
FNDA:0,(anonymous_2)
FNDA:0,(anonymous_3)
FNDA:0,(anonymous_4)
FNDA:0,(anonymous_5)
FNDA:0,(anonymous_6)
FNDA:0,(anonymous_7)
DA:1,2
DA:2,2
DA:3,2
DA:17,0
DA:19,0
DA:36,0
DA:37,0
DA:40,0
DA:43,0
DA:44,0
DA:46,0
DA:47,0
DA:48,0
DA:52,0
DA:53,0
DA:57,0
DA:59,0
DA:60,0
DA:65,0
DA:67,0
DA:68,0
DA:76,0
DA:77,0
DA:85,0
DA:87,0
DA:88,0
DA:89,0
DA:92,0
DA:97,0
DA:104,0
DA:105,0
DA:113,0
DA:119,0
DA:121,0
DA:123,0
DA:124,0
DA:126,0
DA:127,0
DA:131,0
DA:132,0
DA:133,0
DA:134,0
DA:135,0
DA:139,0
DA:142,0
DA:149,0
DA:160,0
DA:167,0
DA:176,0
DA:183,0
DA:194,0
DA:201,0
DA:202,0
DA:203,0
DA:204,0
DA:207,0
DA:212,0
DA:213,0
DA:216,0
DA:219,0
DA:220,0
DA:228,0
DA:229,0
DA:236,0
DA:239,0
DA:240,0
DA:248,0
DA:249,0
DA:254,0
DA:255,0
DA:258,0
DA:259,0
DA:260,0
DA:263,0
DA:264,0
DA:273,0
DA:279,0
DA:280,0
DA:285,2
LF:79
LH:4
BRDA:36,0,0,0
BRDA:36,0,1,0
BRDA:43,1,0,0
BRDA:43,1,1,0
BRDA:44,2,0,0
BRDA:44,2,1,0
BRDA:46,3,0,0
BRDA:46,3,1,0
BRDA:57,4,0,0
BRDA:57,4,1,0
BRDA:57,5,0,0
BRDA:57,5,1,0
BRDA:65,6,0,0
BRDA:65,6,1,0
BRDA:65,7,0,0
BRDA:65,7,1,0
BRDA:71,8,0,0
BRDA:71,8,1,0
BRDA:72,9,0,0
BRDA:72,9,1,0
BRDA:87,10,0,0
BRDA:87,10,1,0
BRDA:121,11,0,0
BRDA:121,11,1,0
BRDA:126,12,0,0
BRDA:126,12,1,0
BRDA:131,13,0,0
BRDA:131,13,1,0
BRDA:131,14,0,0
BRDA:131,14,1,0
BRDA:160,15,0,0
BRDA:160,15,1,0
BRDA:176,16,0,0
BRDA:176,16,1,0
BRDA:194,17,0,0
BRDA:194,17,1,0
BRDA:203,18,0,0
BRDA:203,18,1,0
BRDA:212,19,0,0
BRDA:212,19,1,0
BRDA:219,20,0,0
BRDA:219,20,1,0
BRDA:219,21,0,0
BRDA:219,21,1,0
BRDA:228,22,0,0
BRDA:228,22,1,0
BRDA:228,23,0,0
BRDA:228,23,1,0
BRDA:254,24,0,0
BRDA:254,24,1,0
BRDA:263,25,0,0
BRDA:263,25,1,0
BRDA:263,26,0,0
BRDA:263,26,1,0
BRDA:266,27,0,0
BRDA:266,27,1,0
BRF:56
BRH:0
end_of_record
TN:
SF:src\services\workoutTemplateService.js
FN:19,(anonymous_0)
FN:28,(anonymous_1)
FN:60,(anonymous_2)
FN:94,(anonymous_3)
FN:124,(anonymous_4)
FN:158,(anonymous_5)
FN:164,(anonymous_6)
FN:175,(anonymous_7)
FN:205,(anonymous_8)
FN:216,(anonymous_9)
FN:227,(anonymous_10)
FN:238,(anonymous_11)
FN:249,(anonymous_12)
FN:263,(anonymous_13)
FN:270,(anonymous_14)
FN:277,(anonymous_15)
FN:284,(anonymous_16)
FN:292,(anonymous_17)
FN:296,(anonymous_18)
FN:300,(anonymous_19)
FN:304,(anonymous_20)
FN:308,(anonymous_21)
FN:312,(anonymous_22)
FN:316,(anonymous_23)
FN:320,(anonymous_24)
FN:329,(anonymous_25)
FN:350,(anonymous_26)
FN:351,(anonymous_27)
FN:357,(anonymous_28)
FN:367,(anonymous_29)
FN:401,(anonymous_30)
FN:429,(anonymous_31)
FN:441,(anonymous_32)
FN:446,(anonymous_33)
FN:451,(anonymous_34)
FN:464,(anonymous_35)
FN:504,(anonymous_36)
FN:509,(anonymous_37)
FN:513,(anonymous_38)
FN:514,(anonymous_39)
FN:521,(anonymous_40)
FN:549,(anonymous_41)
FN:555,(anonymous_42)
FN:556,(anonymous_43)
FN:579,(anonymous_44)
FN:594,(anonymous_45)
FN:596,(anonymous_46)
FN:602,(anonymous_47)
FNF:48
FNH:1
FNDA:2,(anonymous_0)
FNDA:0,(anonymous_1)
FNDA:0,(anonymous_2)
FNDA:0,(anonymous_3)
FNDA:0,(anonymous_4)
FNDA:0,(anonymous_5)
FNDA:0,(anonymous_6)
FNDA:0,(anonymous_7)
FNDA:0,(anonymous_8)
FNDA:0,(anonymous_9)
FNDA:0,(anonymous_10)
FNDA:0,(anonymous_11)
FNDA:0,(anonymous_12)
FNDA:0,(anonymous_13)
FNDA:0,(anonymous_14)
FNDA:0,(anonymous_15)
FNDA:0,(anonymous_16)
FNDA:0,(anonymous_17)
FNDA:0,(anonymous_18)
FNDA:0,(anonymous_19)
FNDA:0,(anonymous_20)
FNDA:0,(anonymous_21)
FNDA:0,(anonymous_22)
FNDA:0,(anonymous_23)
FNDA:0,(anonymous_24)
FNDA:0,(anonymous_25)
FNDA:0,(anonymous_26)
FNDA:0,(anonymous_27)
FNDA:0,(anonymous_28)
FNDA:0,(anonymous_29)
FNDA:0,(anonymous_30)
FNDA:0,(anonymous_31)
FNDA:0,(anonymous_32)
FNDA:0,(anonymous_33)
FNDA:0,(anonymous_34)
FNDA:0,(anonymous_35)
FNDA:0,(anonymous_36)
FNDA:0,(anonymous_37)
FNDA:0,(anonymous_38)
FNDA:0,(anonymous_39)
FNDA:0,(anonymous_40)
FNDA:0,(anonymous_41)
FNDA:0,(anonymous_42)
FNDA:0,(anonymous_43)
FNDA:0,(anonymous_44)
FNDA:0,(anonymous_45)
FNDA:0,(anonymous_46)
FNDA:0,(anonymous_47)
DA:1,2
DA:2,2
DA:3,2
DA:4,2
DA:12,2
DA:13,2
DA:14,2
DA:15,2
DA:16,2
DA:20,2
DA:21,2
DA:22,2
DA:29,0
DA:30,0
DA:32,0
DA:33,0
DA:35,0
DA:36,0
DA:38,0
DA:39,0
DA:40,0
DA:41,0
DA:45,0
DA:49,0
DA:50,0
DA:52,0
DA:53,0
DA:61,0
DA:62,0
DA:63,0
DA:66,0
DA:69,0
DA:72,0
DA:73,0
DA:75,0
DA:78,0
DA:79,0
DA:80,0
DA:82,0
DA:84,0
DA:86,0
DA:96,0
DA:98,0
DA:99,0
DA:100,0
DA:105,0
DA:106,0
DA:110,0
DA:112,0
DA:113,0
DA:115,0
DA:118,0
DA:125,0
DA:127,0
DA:128,0
DA:129,0
DA:134,0
DA:135,0
DA:139,0
DA:140,0
DA:144,0
DA:145,0
DA:148,0
DA:149,0
DA:153,0
DA:154,0
DA:158,0
DA:159,0
DA:160,0
DA:164,0
DA:165,0
DA:166,0
DA:176,0
DA:178,0
DA:179,0
DA:180,0
DA:185,0
DA:186,0
DA:189,0
DA:190,0
DA:194,0
DA:195,0
DA:199,0
DA:200,0
DA:201,0
DA:205,0
DA:206,0
DA:207,0
DA:210,0
DA:211,0
DA:212,0
DA:216,0
DA:217,0
DA:218,0
DA:221,0
DA:222,0
DA:223,0
DA:227,0
DA:228,0
DA:229,0
DA:232,0
DA:233,0
DA:234,0
DA:238,0
DA:239,0
DA:240,0
DA:248,0
DA:249,0
DA:250,0
DA:251,0
DA:252,0
DA:253,0
DA:264,0
DA:271,0
DA:278,0
DA:285,0
DA:286,0
DA:293,0
DA:295,0
DA:296,0
DA:299,0
DA:300,0
DA:303,0
DA:304,0
DA:307,0
DA:308,0
DA:311,0
DA:312,0
DA:315,0
DA:316,0
DA:319,0
DA:320,0
DA:323,0
DA:330,0
DA:351,0
DA:358,0
DA:359,0
DA:360,0
DA:361,0
DA:368,0
DA:377,0
DA:379,0
DA:382,0
DA:385,0
DA:388,0
DA:391,0
DA:392,0
DA:395,0
DA:409,0
DA:412,0
DA:414,0
DA:416,0
DA:420,0
DA:421,0
DA:428,0
DA:429,0
DA:433,0
DA:434,0
DA:440,0
DA:441,0
DA:445,0
DA:446,0
DA:450,0
DA:451,0
DA:452,0
DA:453,0
DA:454,0
DA:458,0
DA:470,0
DA:473,0
DA:474,0
DA:477,0
DA:478,0
DA:481,0
DA:482,0
DA:486,0
DA:489,0
DA:490,0
DA:494,0
DA:495,0
DA:498,0
DA:505,0
DA:507,0
DA:509,0
DA:510,0
DA:511,0
DA:513,0
DA:514,0
DA:516,0
DA:517,0
DA:518,0
DA:521,0
DA:523,0
DA:524,0
DA:538,0
DA:543,0
DA:550,0
DA:551,0
DA:553,0
DA:555,0
DA:556,0
DA:557,0
DA:560,0
DA:561,0
DA:565,0
DA:566,0
DA:569,0
DA:573,0
DA:580,0
DA:582,0
DA:583,0
DA:585,0
DA:588,0
DA:595,0
DA:596,0
DA:603,0
DA:606,0
DA:607,0
DA:611,0
DA:612,0
DA:615,0
DA:620,2
DA:622,2
LF:223
LH:14
BRDA:39,0,0,0
BRDA:39,0,1,0
BRDA:39,1,0,0
BRDA:39,1,1,0
BRDA:72,2,0,0
BRDA:72,2,1,0
BRDA:79,3,0,0
BRDA:79,3,1,0
BRDA:99,4,0,0
BRDA:99,4,1,0
BRDA:105,5,0,0
BRDA:105,5,1,0
BRDA:110,6,0,0
BRDA:110,6,1,0
BRDA:113,7,0,0
BRDA:113,7,1,0
BRDA:128,8,0,0
BRDA:128,8,1,0
BRDA:134,9,0,0
BRDA:134,9,1,0
BRDA:139,10,0,0
BRDA:139,10,1,0
BRDA:144,11,0,0
BRDA:144,11,1,0
BRDA:144,12,0,0
BRDA:144,12,1,0
BRDA:148,13,0,0
BRDA:148,13,1,0
BRDA:148,14,0,0
BRDA:148,14,1,0
BRDA:153,15,0,0
BRDA:153,15,1,0
BRDA:153,16,0,0
BRDA:153,16,1,0
BRDA:159,17,0,0
BRDA:159,17,1,0
BRDA:159,18,0,0
BRDA:159,18,1,0
BRDA:165,19,0,0
BRDA:165,19,1,0
BRDA:165,20,0,0
BRDA:165,20,1,0
BRDA:165,20,2,0
BRDA:165,20,3,0
BRDA:179,21,0,0
BRDA:179,21,1,0
BRDA:185,22,0,0
BRDA:185,22,1,0
BRDA:185,23,0,0
BRDA:185,23,1,0
BRDA:189,24,0,0
BRDA:189,24,1,0
BRDA:189,25,0,0
BRDA:189,25,1,0
BRDA:194,26,0,0
BRDA:194,26,1,0
BRDA:200,27,0,0
BRDA:200,27,1,0
BRDA:206,28,0,0
BRDA:206,28,1,0
BRDA:211,29,0,0
BRDA:211,29,1,0
BRDA:217,30,0,0
BRDA:217,30,1,0
BRDA:222,31,0,0
BRDA:222,31,1,0
BRDA:228,32,0,0
BRDA:228,32,1,0
BRDA:233,33,0,0
BRDA:233,33,1,0
BRDA:239,34,0,0
BRDA:239,34,1,0
BRDA:239,35,0,0
BRDA:239,35,1,0
BRDA:248,36,0,0
BRDA:248,36,1,0
BRDA:250,37,0,0
BRDA:250,37,1,0
BRDA:252,38,0,0
BRDA:252,38,1,0
BRDA:252,39,0,0
BRDA:252,39,1,0
BRDA:278,40,0,0
BRDA:278,40,1,0
BRDA:286,41,0,0
BRDA:286,41,1,0
BRDA:292,42,0,0
BRDA:295,43,0,0
BRDA:295,43,1,0
BRDA:299,44,0,0
BRDA:299,44,1,0
BRDA:303,45,0,0
BRDA:303,45,1,0
BRDA:307,46,0,0
BRDA:307,46,1,0
BRDA:311,47,0,0
BRDA:311,47,1,0
BRDA:315,48,0,0
BRDA:315,48,1,0
BRDA:319,49,0,0
BRDA:319,49,1,0
BRDA:379,50,0,0
BRDA:379,50,1,0
BRDA:382,51,0,0
BRDA:382,51,1,0
BRDA:385,52,0,0
BRDA:385,52,1,0
BRDA:388,53,0,0
BRDA:388,53,1,0
BRDA:392,54,0,0
BRDA:392,54,1,0
BRDA:403,55,0,0
BRDA:414,56,0,0
BRDA:414,56,1,0
BRDA:420,57,0,0
BRDA:420,57,1,0
BRDA:428,58,0,0
BRDA:428,58,1,0
BRDA:433,59,0,0
BRDA:433,59,1,0
BRDA:440,60,0,0
BRDA:440,60,1,0
BRDA:445,61,0,0
BRDA:445,61,1,0
BRDA:450,62,0,0
BRDA:450,62,1,0
BRDA:458,63,0,0
BRDA:458,63,1,0
BRDA:466,64,0,0
BRDA:467,65,0,0
BRDA:468,66,0,0
BRDA:469,67,0,0
BRDA:473,68,0,0
BRDA:473,68,1,0
BRDA:473,69,0,0
BRDA:473,69,1,0
BRDA:477,70,0,0
BRDA:477,70,1,0
BRDA:481,71,0,0
BRDA:481,71,1,0
BRDA:489,72,0,0
BRDA:489,72,1,0
BRDA:489,73,0,0
BRDA:489,73,1,0
BRDA:489,73,2,0
BRDA:494,74,0,0
BRDA:494,74,1,0
BRDA:494,75,0,0
BRDA:494,75,1,0
BRDA:505,76,0,0
BRDA:505,76,1,0
BRDA:511,77,0,0
BRDA:511,77,1,0
BRDA:511,78,0,0
BRDA:511,78,1,0
BRDA:516,79,0,0
BRDA:516,79,1,0
BRDA:523,80,0,0
BRDA:523,80,1,0
BRDA:551,81,0,0
BRDA:551,81,1,0
BRDA:560,82,0,0
BRDA:560,82,1,0
BRDA:560,83,0,0
BRDA:560,83,1,0
BRDA:565,84,0,0
BRDA:565,84,1,0
BRDA:565,85,0,0
BRDA:565,85,1,0
BRDA:579,86,0,0
BRDA:580,87,0,0
BRDA:580,87,1,0
BRDA:583,88,0,0
BRDA:583,88,1,0
BRDA:595,89,0,0
BRDA:595,89,1,0
BRDA:602,90,0,0
BRDA:603,91,0,0
BRDA:603,91,1,0
BRDA:606,92,0,0
BRDA:606,92,1,0
BRDA:606,93,0,0
BRDA:606,93,1,0
BRDA:611,94,0,0
BRDA:611,94,1,0
BRF:185
BRH:0
end_of_record
TN:
SF:src\sockets\index.js
FN:12,(anonymous_0)
FN:15,(anonymous_1)
FN:39,(anonymous_2)
FN:55,(anonymous_3)
FN:84,(anonymous_4)
FN:201,(anonymous_5)
FN:239,(anonymous_6)
FN:253,(anonymous_7)
FN:271,(anonymous_8)
FNF:9
FNH:1
FNDA:2,(anonymous_0)
FNDA:0,(anonymous_1)
FNDA:0,(anonymous_2)
FNDA:0,(anonymous_3)
FNDA:0,(anonymous_4)
FNDA:0,(anonymous_5)
FNDA:0,(anonymous_6)
FNDA:0,(anonymous_7)
FNDA:0,(anonymous_8)
DA:1,2
DA:2,2
DA:3,2
DA:4,2
DA:7,2
DA:12,2
DA:15,2
DA:16,0
DA:17,0
DA:19,0
DA:20,0
DA:24,0
DA:27,0
DA:28,0
DA:29,0
DA:31,0
DA:34,0
DA:35,0
DA:39,2
DA:40,0
DA:43,0
DA:46,0
DA:55,0
DA:56,0
DA:57,0
DA:60,0
DA:68,0
DA:69,0
DA:72,0
DA:73,0
DA:76,0
DA:77,0
DA:84,0
DA:85,0
DA:87,0
DA:88,0
DA:90,0
DA:93,0
DA:95,0
DA:96,0
DA:100,0
DA:101,0
DA:105,0
DA:106,0
DA:110,0
DA:111,0
DA:115,0
DA:120,0
DA:121,0
DA:122,0
DA:123,0
DA:126,0
DA:129,0
DA:134,0
DA:143,0
DA:146,0
DA:157,0
DA:159,0
DA:162,0
DA:177,0
DA:178,0
DA:179,0
DA:187,0
DA:190,0
DA:191,0
DA:192,0
DA:194,0
DA:201,0
DA:202,0
DA:203,0
DA:205,0
DA:213,0
DA:218,0
DA:219,0
DA:220,0
DA:222,0
DA:223,0
DA:232,0
DA:239,0
DA:240,0
DA:241,0
DA:243,0
DA:249,0
DA:253,0
DA:254,0
DA:255,0
DA:257,0
DA:263,0
DA:271,0
DA:272,0
DA:273,0
DA:277,2
DA:281,2
LF:93
LH:10
BRDA:19,0,0,0
BRDA:19,0,1,0
BRDA:68,1,0,0
BRDA:68,1,1,0
BRDA:88,2,0,0
BRDA:95,3,0,0
BRDA:95,3,1,0
BRDA:105,4,0,0
BRDA:105,4,1,0
BRDA:105,5,0,0
BRDA:105,5,1,0
BRDA:120,6,0,0
BRDA:120,6,1,0
BRDA:129,7,0,0
BRDA:129,7,1,0
BRDA:150,8,0,0
BRDA:150,8,1,0
BRDA:151,9,0,0
BRDA:151,9,1,0
BRDA:178,10,0,0
BRDA:178,10,1,0
BRDA:183,11,0,0
BRDA:183,11,1,0
BRDA:218,12,0,0
BRDA:218,12,1,0
BRDA:222,13,0,0
BRDA:222,13,1,0
BRF:27
BRH:0
end_of_record
TN:
SF:src\utils\helpers.js
FN:4,(anonymous_0)
FN:16,(anonymous_1)
FN:24,(anonymous_2)
FN:32,(anonymous_3)
FN:47,(anonymous_4)
FN:50,(anonymous_5)
FN:51,(anonymous_6)
FN:61,(anonymous_7)
FN:68,(anonymous_8)
FN:78,(anonymous_9)
FN:87,(anonymous_10)
FN:95,(anonymous_11)
FN:111,(anonymous_12)
FN:136,(anonymous_13)
FN:149,(anonymous_14)
FNF:15
FNH:1
FNDA:3,(anonymous_0)
FNDA:0,(anonymous_1)
FNDA:0,(anonymous_2)
FNDA:0,(anonymous_3)
FNDA:0,(anonymous_4)
FNDA:0,(anonymous_5)
FNDA:0,(anonymous_6)
FNDA:0,(anonymous_7)
FNDA:0,(anonymous_8)
FNDA:0,(anonymous_9)
FNDA:0,(anonymous_10)
FNDA:0,(anonymous_11)
FNDA:0,(anonymous_12)
FNDA:0,(anonymous_13)
FNDA:0,(anonymous_14)
DA:4,6
DA:5,3
DA:6,3
DA:7,3
DA:8,12
DA:10,3
DA:16,6
DA:17,0
DA:18,0
DA:24,6
DA:25,0
DA:26,0
DA:32,6
DA:33,0
DA:34,0
DA:47,6
DA:48,0
DA:50,0
DA:51,0
DA:52,0
DA:61,6
DA:62,0
DA:68,6
DA:69,0
DA:78,6
DA:79,0
DA:80,0
DA:81,0
DA:87,6
DA:88,0
DA:89,0
DA:95,6
DA:96,0
DA:97,0
DA:98,0
DA:99,0
DA:101,0
DA:102,0
DA:105,0
DA:111,6
DA:112,0
DA:130,0
DA:136,6
DA:137,0
DA:139,0
DA:140,0
DA:141,0
DA:143,0
DA:149,6
DA:150,0
DA:152,0
DA:153,0
DA:154,0
DA:155,0
DA:157,0
LF:55
LH:18
BRDA:4,0,0,0
BRDA:24,1,0,0
BRDA:24,2,0,0
BRDA:48,3,0,0
BRDA:48,3,1,0
BRDA:48,4,0,0
BRDA:48,4,1,0
BRDA:52,5,0,0
BRDA:52,5,1,0
BRDA:68,6,0,0
BRDA:88,7,0,0
BRDA:88,7,1,0
BRDA:101,8,0,0
BRDA:101,8,1,0
BRDA:101,9,0,0
BRDA:101,9,1,0
BRDA:101,9,2,0
BRDA:130,10,0,0
BRDA:130,10,1,0
BRDA:136,11,0,0
BRDA:137,12,0,0
BRDA:137,12,1,0
BRDA:149,13,0,0
BRDA:150,14,0,0
BRDA:150,14,1,0
BRDA:157,15,0,0
BRDA:157,15,1,0
BRF:27
BRH:0
end_of_record
TN:
SF:src\utils\logger.js
FN:21,(anonymous_0)
FN:50,(anonymous_1)
FNF:2
FNH:0
FNDA:0,(anonymous_0)
FNDA:0,(anonymous_1)
DA:1,0
DA:2,0
DA:4,0
DA:5,0
DA:7,0
DA:22,0
DA:23,0
DA:24,0
DA:26,0
DA:49,0
DA:51,0
DA:55,0
LF:12
LH:0
BRDA:4,0,0,0
BRDA:4,0,1,0
BRDA:5,1,0,0
BRDA:5,1,1,0
BRDA:23,2,0,0
BRDA:23,2,1,0
BRF:6
BRH:0
end_of_record
