TN:
SF:src\controllers\adminController.js
FN:5,(anonymous_0)
FN:11,(anonymous_1)
FN:93,(anonymous_2)
FN:152,(anonymous_3)
FN:175,(anonymous_4)
FN:226,(anonymous_5)
FN:379,(anonymous_6)
FN:436,(anonymous_7)
FN:483,(anonymous_8)
FN:559,(anonymous_9)
FN:613,(anonymous_10)
FN:675,(anonymous_11)
FN:748,(anonymous_12)
FN:830,(anonymous_13)
FN:879,(anonymous_14)
FN:947,(anonymous_15)
FN:1025,(anonymous_16)
FN:1075,(anonymous_17)
FN:1098,(anonymous_18)
FN:1156,(anonymous_19)
FN:1191,(anonymous_20)
FN:1223,(anonymous_21)
FN:1231,(anonymous_22)
FN:1256,(anonymous_23)
FNF:24
FNH:6
FNDA:2,(anonymous_0)
FNDA:0,(anonymous_1)
FNDA:0,(anonymous_2)
FNDA:0,(anonymous_3)
FNDA:0,(anonymous_4)
FNDA:1,(anonymous_5)
FNDA:0,(anonymous_6)
FNDA:0,(anonymous_7)
FNDA:0,(anonymous_8)
FNDA:0,(anonymous_9)
FNDA:0,(anonymous_10)
FNDA:0,(anonymous_11)
FNDA:0,(anonymous_12)
FNDA:0,(anonymous_13)
FNDA:0,(anonymous_14)
FNDA:0,(anonymous_15)
FNDA:0,(anonymous_16)
FNDA:1,(anonymous_17)
FNDA:1,(anonymous_18)
FNDA:1,(anonymous_19)
FNDA:1,(anonymous_20)
FNDA:0,(anonymous_21)
FNDA:0,(anonymous_22)
FNDA:0,(anonymous_23)
DA:1,4
DA:2,4
DA:3,4
DA:5,4
DA:6,4
DA:11,4
DA:12,0
DA:14,0
DA:20,0
DA:25,0
DA:35,0
DA:43,0
DA:50,0
DA:57,0
DA:82,0
DA:83,0
DA:93,4
DA:94,0
DA:102,0
DA:104,0
DA:115,0
DA:116,0
DA:118,0
DA:119,0
DA:120,0
DA:121,0
DA:124,0
DA:125,0
DA:126,0
DA:127,0
DA:130,0
DA:131,0
DA:132,0
DA:133,0
DA:136,0
DA:137,0
DA:138,0
DA:139,0
DA:142,0
DA:147,0
DA:149,0
DA:152,0
DA:153,0
DA:154,0
DA:157,0
DA:164,0
DA:165,0
DA:175,4
DA:176,0
DA:177,0
DA:179,0
DA:180,0
DA:186,0
DA:199,0
DA:200,0
DA:206,0
DA:207,0
DA:209,0
DA:215,0
DA:216,0
DA:226,4
DA:227,1
DA:228,1
DA:235,1
DA:237,1
DA:238,0
DA:244,1
DA:245,0
DA:251,1
DA:252,0
DA:258,1
DA:270,1
DA:271,0
DA:278,1
DA:279,1
DA:281,0
DA:285,0
DA:290,1
DA:295,1
DA:296,0
DA:302,1
DA:305,1
DA:311,1
DA:319,1
DA:324,1
DA:339,1
DA:356,1
DA:357,1
DA:359,1
DA:365,1
DA:368,0
DA:369,0
DA:379,4
DA:380,0
DA:381,0
DA:382,0
DA:384,0
DA:385,0
DA:391,0
DA:392,0
DA:398,0
DA:409,0
DA:410,0
DA:416,0
DA:422,0
DA:425,0
DA:426,0
DA:436,4
DA:437,0
DA:438,0
DA:440,0
DA:441,0
DA:447,0
DA:457,0
DA:458,0
DA:464,0
DA:469,0
DA:472,0
DA:473,0
DA:483,4
DA:484,0
DA:491,0
DA:493,0
DA:510,0
DA:511,0
DA:513,0
DA:514,0
DA:515,0
DA:516,0
DA:519,0
DA:520,0
DA:521,0
DA:522,0
DA:525,0
DA:526,0
DA:527,0
DA:528,0
DA:531,0
DA:537,0
DA:539,0
DA:541,0
DA:548,0
DA:549,0
DA:559,4
DA:560,0
DA:561,0
DA:563,0
DA:564,0
DA:570,0
DA:580,0
DA:581,0
DA:588,0
DA:593,0
DA:599,0
DA:602,0
DA:603,0
DA:613,4
DA:614,0
DA:615,0
DA:616,0
DA:618,0
DA:619,0
DA:625,0
DA:626,0
DA:632,0
DA:643,0
DA:644,0
DA:651,0
DA:656,0
DA:661,0
DA:664,0
DA:665,0
DA:675,4
DA:676,0
DA:677,0
DA:680,0
DA:689,0
DA:698,0
DA:700,0
DA:701,0
DA:702,0
DA:705,0
DA:706,0
DA:707,0
DA:710,0
DA:712,0
DA:715,0
DA:726,0
DA:737,0
DA:738,0
DA:748,4
DA:749,0
DA:757,0
DA:759,0
DA:760,0
DA:767,0
DA:776,0
DA:777,0
DA:779,0
DA:780,0
DA:781,0
DA:782,0
DA:785,0
DA:786,0
DA:787,0
DA:788,0
DA:791,0
DA:792,0
DA:793,0
DA:794,0
DA:797,0
DA:798,0
DA:799,0
DA:800,0
DA:803,0
DA:808,0
DA:810,0
DA:812,0
DA:819,0
DA:820,0
DA:830,4
DA:831,0
DA:832,0
DA:834,0
DA:835,0
DA:836,0
DA:838,0
DA:839,0
DA:840,0
DA:841,0
DA:844,0
DA:845,0
DA:846,0
DA:847,0
DA:850,0
DA:851,0
DA:852,0
DA:853,0
DA:856,0
DA:857,0
DA:859,0
DA:861,0
DA:868,0
DA:869,0
DA:879,4
DA:880,0
DA:893,0
DA:895,0
DA:927,0
DA:933,0
DA:936,0
DA:937,0
DA:947,4
DA:948,0
DA:949,0
DA:962,0
DA:964,0
DA:998,0
DA:999,0
DA:1005,0
DA:1011,0
DA:1014,0
DA:1015,0
DA:1025,4
DA:1026,0
DA:1027,0
DA:1030,0
DA:1037,0
DA:1038,0
DA:1044,0
DA:1049,0
DA:1050,0
DA:1056,0
DA:1061,0
DA:1064,0
DA:1065,0
DA:1075,4
DA:1076,1
DA:1077,1
DA:1081,1
DA:1087,0
DA:1088,0
DA:1098,4
DA:1099,1
DA:1100,1
DA:1110,1
DA:1112,1
DA:1129,1
DA:1130,0
DA:1136,1
DA:1142,1
DA:1145,0
DA:1146,0
DA:1156,4
DA:1157,1
DA:1158,1
DA:1160,1
DA:1161,0
DA:1167,1
DA:1175,1
DA:1180,0
DA:1181,0
DA:1191,4
DA:1192,1
DA:1193,1
DA:1195,1
DA:1200,1
DA:1201,0
DA:1207,1
DA:1212,0
DA:1213,0
DA:1223,4
DA:1224,0
DA:1225,0
DA:1230,0
DA:1231,0
DA:1232,0
DA:1239,0
DA:1245,0
DA:1246,0
DA:1256,4
DA:1257,0
DA:1258,0
DA:1261,0
DA:1262,0
DA:1271,0
DA:1276,0
DA:1279,0
DA:1280,0
DA:1287,4
LF:330
LH:69
BRDA:100,0,0,0
BRDA:101,1,0,0
BRDA:118,2,0,0
BRDA:118,2,1,0
BRDA:124,3,0,0
BRDA:124,3,1,0
BRDA:130,4,0,0
BRDA:130,4,1,0
BRDA:136,5,0,0
BRDA:136,5,1,0
BRDA:179,6,0,0
BRDA:179,6,1,0
BRDA:199,7,0,0
BRDA:199,7,1,0
BRDA:237,8,0,0
BRDA:237,8,1,1
BRDA:244,9,0,0
BRDA:244,9,1,1
BRDA:244,10,0,1
BRDA:244,10,1,0
BRDA:251,11,0,0
BRDA:251,11,1,1
BRDA:251,12,0,1
BRDA:251,12,1,1
BRDA:251,12,2,1
BRDA:270,13,0,0
BRDA:270,13,1,1
BRDA:278,14,0,1
BRDA:278,14,1,0
BRDA:279,15,0,0
BRDA:279,15,1,1
BRDA:295,16,0,0
BRDA:295,16,1,1
BRDA:384,17,0,0
BRDA:384,17,1,0
BRDA:391,18,0,0
BRDA:391,18,1,0
BRDA:409,19,0,0
BRDA:409,19,1,0
BRDA:440,20,0,0
BRDA:440,20,1,0
BRDA:457,21,0,0
BRDA:457,21,1,0
BRDA:489,22,0,0
BRDA:490,23,0,0
BRDA:513,24,0,0
BRDA:513,24,1,0
BRDA:519,25,0,0
BRDA:519,25,1,0
BRDA:525,26,0,0
BRDA:525,26,1,0
BRDA:563,27,0,0
BRDA:563,27,1,0
BRDA:580,28,0,0
BRDA:580,28,1,0
BRDA:618,29,0,0
BRDA:618,29,1,0
BRDA:625,30,0,0
BRDA:625,30,1,0
BRDA:643,31,0,0
BRDA:643,31,1,0
BRDA:677,32,0,0
BRDA:700,33,0,0
BRDA:700,33,1,0
BRDA:705,34,0,0
BRDA:705,34,1,0
BRDA:755,35,0,0
BRDA:756,36,0,0
BRDA:759,37,0,0
BRDA:759,37,1,0
BRDA:759,38,0,0
BRDA:759,38,1,0
BRDA:779,39,0,0
BRDA:779,39,1,0
BRDA:785,40,0,0
BRDA:785,40,1,0
BRDA:791,41,0,0
BRDA:791,41,1,0
BRDA:797,42,0,0
BRDA:797,42,1,0
BRDA:832,43,0,0
BRDA:832,44,0,0
BRDA:838,45,0,0
BRDA:838,45,1,0
BRDA:844,46,0,0
BRDA:844,46,1,0
BRDA:850,47,0,0
BRDA:850,47,1,0
BRDA:998,48,0,0
BRDA:998,48,1,0
BRDA:1037,49,0,0
BRDA:1037,49,1,0
BRDA:1049,50,0,0
BRDA:1049,50,1,0
BRDA:1129,51,0,0
BRDA:1129,51,1,1
BRDA:1158,52,0,0
BRDA:1158,53,0,0
BRDA:1158,54,0,0
BRDA:1160,55,0,0
BRDA:1160,55,1,1
BRDA:1160,56,0,1
BRDA:1160,56,1,1
BRDA:1160,56,2,1
BRDA:1200,57,0,0
BRDA:1200,57,1,1
BRF:106
BRH:17
end_of_record
TN:
SF:src\controllers\authController.js
FN:20,(anonymous_0)
FN:25,(anonymous_1)
FN:43,(anonymous_2)
FN:50,(anonymous_3)
FN:63,(anonymous_4)
FN:134,(anonymous_5)
FN:272,(anonymous_6)
FN:358,(anonymous_7)
FN:469,(anonymous_8)
FN:680,(anonymous_9)
FN:737,(anonymous_10)
FN:757,(anonymous_11)
FNF:12
FNH:5
FNDA:0,(anonymous_0)
FNDA:0,(anonymous_1)
FNDA:0,(anonymous_2)
FNDA:0,(anonymous_3)
FNDA:5,(anonymous_4)
FNDA:7,(anonymous_5)
FNDA:0,(anonymous_6)
FNDA:0,(anonymous_7)
FNDA:0,(anonymous_8)
FNDA:6,(anonymous_9)
FNDA:2,(anonymous_10)
FNDA:3,(anonymous_11)
DA:1,4
DA:2,4
DA:3,4
DA:4,4
DA:5,4
DA:6,4
DA:7,4
DA:8,4
DA:9,4
DA:11,4
DA:20,4
DA:21,0
DA:22,0
DA:25,4
DA:26,0
DA:27,0
DA:28,0
DA:31,0
DA:32,0
DA:35,0
DA:36,0
DA:37,0
DA:40,0
DA:43,4
DA:44,0
DA:47,0
DA:50,4
DA:51,0
DA:57,0
DA:63,4
DA:64,5
DA:66,5
DA:67,5
DA:69,5
DA:70,1
DA:76,4
DA:77,4
DA:78,1
DA:84,3
DA:87,3
DA:88,3
DA:91,3
DA:97,2
DA:104,2
DA:105,0
DA:107,2
DA:110,2
DA:112,2
DA:120,1
DA:121,1
DA:122,1
DA:127,5
DA:134,4
DA:135,7
DA:137,7
DA:138,7
DA:140,7
DA:141,1
DA:147,6
DA:150,6
DA:161,6
DA:162,2
DA:163,2
DA:169,4
DA:172,4
DA:178,4
DA:184,4
DA:186,4
DA:188,2
DA:200,2
DA:201,2
DA:204,2
DA:215,2
DA:216,2
DA:219,2
DA:225,2
DA:228,2
DA:232,4
DA:237,4
DA:240,4
DA:246,4
DA:247,4
DA:249,4
DA:258,0
DA:259,0
DA:260,0
DA:265,7
DA:272,4
DA:273,0
DA:274,0
DA:276,0
DA:277,0
DA:284,0
DA:285,0
DA:288,0
DA:293,0
DA:294,0
DA:300,0
DA:303,0
DA:304,0
DA:311,0
DA:313,0
DA:314,0
DA:321,0
DA:327,0
DA:333,0
DA:334,0
DA:336,0
DA:344,0
DA:347,0
DA:348,0
DA:358,4
DA:359,0
DA:361,0
DA:362,0
DA:364,0
DA:365,0
DA:371,0
DA:374,0
DA:379,0
DA:380,0
DA:381,0
DA:388,0
DA:391,0
DA:405,0
DA:408,0
DA:419,0
DA:420,0
DA:423,0
DA:429,0
DA:432,0
DA:435,0
DA:441,0
DA:442,0
DA:444,0
DA:452,0
DA:455,0
DA:456,0
DA:457,0
DA:462,0
DA:469,4
DA:470,0
DA:472,0
DA:473,0
DA:475,0
DA:476,0
DA:483,0
DA:484,0
DA:490,0
DA:491,0
DA:497,0
DA:504,0
DA:505,0
DA:506,0
DA:507,0
DA:508,0
DA:513,0
DA:514,0
DA:515,0
DA:520,0
DA:528,0
DA:529,0
DA:530,0
DA:531,0
DA:536,0
DA:544,0
DA:545,0
DA:546,0
DA:547,0
DA:552,0
DA:560,0
DA:561,0
DA:567,0
DA:570,0
DA:578,0
DA:580,0
DA:582,0
DA:583,0
DA:589,0
DA:591,0
DA:593,0
DA:602,0
DA:615,0
DA:616,0
DA:619,0
DA:625,0
DA:628,0
DA:631,0
DA:640,0
DA:645,0
DA:648,0
DA:654,0
DA:655,0
DA:657,0
DA:666,0
DA:667,0
DA:668,0
DA:673,0
DA:680,4
DA:681,6
DA:682,6
DA:684,6
DA:685,2
DA:692,4
DA:695,2
DA:700,2
DA:701,0
DA:707,2
DA:710,2
DA:720,2
DA:726,2
DA:727,2
DA:737,4
DA:738,2
DA:741,2
DA:746,0
DA:747,0
DA:757,4
DA:758,3
DA:759,3
DA:771,3
DA:772,1
DA:778,2
DA:779,2
DA:781,2
DA:787,0
DA:788,0
LF:227
LH:95
BRDA:27,0,0,0
BRDA:27,0,1,0
BRDA:27,1,0,0
BRDA:27,1,1,0
BRDA:27,1,2,0
BRDA:35,2,0,0
BRDA:35,2,1,0
BRDA:36,3,0,0
BRDA:36,3,1,0
BRDA:69,4,0,1
BRDA:69,4,1,4
BRDA:77,5,0,1
BRDA:77,5,1,3
BRDA:104,6,0,0
BRDA:104,6,1,2
BRDA:116,7,0,2
BRDA:116,7,1,0
BRDA:140,8,0,1
BRDA:140,8,1,6
BRDA:140,9,0,7
BRDA:140,9,1,7
BRDA:161,10,0,2
BRDA:161,10,1,4
BRDA:186,11,0,2
BRDA:186,11,1,2
BRDA:215,12,0,2
BRDA:215,12,1,0
BRDA:253,13,0,4
BRDA:253,13,1,4
BRDA:276,14,0,0
BRDA:276,14,1,0
BRDA:276,15,0,0
BRDA:276,15,1,0
BRDA:285,16,0,0
BRDA:285,16,1,0
BRDA:293,17,0,0
BRDA:293,17,1,0
BRDA:303,18,0,0
BRDA:303,18,1,0
BRDA:313,19,0,0
BRDA:313,19,1,0
BRDA:340,20,0,0
BRDA:340,20,1,0
BRDA:364,21,0,0
BRDA:364,21,1,0
BRDA:364,22,0,0
BRDA:364,22,1,0
BRDA:364,22,2,0
BRDA:364,22,3,0
BRDA:379,23,0,0
BRDA:379,23,1,0
BRDA:419,24,0,0
BRDA:419,24,1,0
BRDA:448,25,0,0
BRDA:448,25,1,0
BRDA:475,26,0,0
BRDA:475,26,1,0
BRDA:475,27,0,0
BRDA:475,27,1,0
BRDA:483,28,0,0
BRDA:483,28,1,0
BRDA:490,29,0,0
BRDA:490,29,1,0
BRDA:504,30,0,0
BRDA:504,30,1,0
BRDA:507,31,0,0
BRDA:507,31,1,0
BRDA:507,32,0,0
BRDA:507,32,1,0
BRDA:507,32,2,0
BRDA:514,33,0,0
BRDA:514,33,1,0
BRDA:514,34,0,0
BRDA:514,34,1,0
BRDA:521,35,0,0
BRDA:521,35,1,0
BRDA:522,36,0,0
BRDA:522,36,1,0
BRDA:523,37,0,0
BRDA:523,37,1,0
BRDA:524,38,0,0
BRDA:524,38,1,0
BRDA:528,39,0,0
BRDA:528,39,1,0
BRDA:530,40,0,0
BRDA:530,40,1,0
BRDA:530,41,0,0
BRDA:530,41,1,0
BRDA:530,41,2,0
BRDA:537,42,0,0
BRDA:537,42,1,0
BRDA:538,43,0,0
BRDA:538,43,1,0
BRDA:539,44,0,0
BRDA:539,44,1,0
BRDA:540,45,0,0
BRDA:540,45,1,0
BRDA:544,46,0,0
BRDA:544,46,1,0
BRDA:546,47,0,0
BRDA:546,47,1,0
BRDA:546,48,0,0
BRDA:546,48,1,0
BRDA:546,48,2,0
BRDA:553,49,0,0
BRDA:553,49,1,0
BRDA:554,50,0,0
BRDA:554,50,1,0
BRDA:555,51,0,0
BRDA:555,51,1,0
BRDA:560,52,0,0
BRDA:560,52,1,0
BRDA:580,53,0,0
BRDA:580,53,1,0
BRDA:582,54,0,0
BRDA:582,54,1,0
BRDA:589,55,0,0
BRDA:589,55,1,0
BRDA:612,56,0,0
BRDA:612,56,1,0
BRDA:661,57,0,0
BRDA:661,57,1,0
BRDA:684,58,0,2
BRDA:684,58,1,4
BRDA:700,59,0,0
BRDA:700,59,1,2
BRDA:717,60,0,2
BRDA:717,60,1,0
BRDA:771,61,0,1
BRDA:771,61,1,2
BRF:130
BRH:23
end_of_record
TN:
SF:src\controllers\bookingController.js
FN:6,(anonymous_0)
FN:15,(anonymous_1)
FN:26,(anonymous_2)
FN:31,(anonymous_3)
FN:83,(anonymous_4)
FN:109,(anonymous_5)
FN:121,(anonymous_6)
FN:142,(anonymous_7)
FN:229,(anonymous_8)
FN:230,(anonymous_9)
FN:249,(anonymous_10)
FN:302,(anonymous_11)
FN:304,(anonymous_12)
FN:323,(anonymous_13)
FN:371,(anonymous_14)
FN:373,(anonymous_15)
FNF:16
FNH:0
FNDA:0,(anonymous_0)
FNDA:0,(anonymous_1)
FNDA:0,(anonymous_2)
FNDA:0,(anonymous_3)
FNDA:0,(anonymous_4)
FNDA:0,(anonymous_5)
FNDA:0,(anonymous_6)
FNDA:0,(anonymous_7)
FNDA:0,(anonymous_8)
FNDA:0,(anonymous_9)
FNDA:0,(anonymous_10)
FNDA:0,(anonymous_11)
FNDA:0,(anonymous_12)
FNDA:0,(anonymous_13)
FNDA:0,(anonymous_14)
FNDA:0,(anonymous_15)
DA:1,2
DA:2,2
DA:3,2
DA:4,2
DA:6,2
DA:7,0
DA:8,0
DA:12,0
DA:15,2
DA:16,0
DA:20,0
DA:21,0
DA:22,0
DA:23,0
DA:26,2
DA:27,0
DA:28,0
DA:31,2
DA:32,0
DA:33,0
DA:34,0
DA:36,0
DA:37,0
DA:38,0
DA:41,0
DA:42,0
DA:54,0
DA:55,0
DA:56,0
DA:58,0
DA:61,0
DA:62,0
DA:63,0
DA:66,0
DA:68,0
DA:70,0
DA:75,0
DA:76,0
DA:83,2
DA:84,0
DA:85,0
DA:86,0
DA:87,0
DA:89,0
DA:93,0
DA:94,0
DA:100,0
DA:109,0
DA:114,0
DA:115,0
DA:116,0
DA:117,0
DA:118,0
DA:119,0
DA:120,0
DA:121,0
DA:122,0
DA:123,0
DA:126,0
DA:129,0
DA:134,0
DA:135,0
DA:142,2
DA:143,0
DA:145,0
DA:146,0
DA:154,0
DA:156,0
DA:157,0
DA:158,0
DA:160,0
DA:161,0
DA:167,0
DA:171,0
DA:172,0
DA:178,0
DA:180,0
DA:190,0
DA:191,0
DA:192,0
DA:198,0
DA:206,0
DA:208,0
DA:226,0
DA:228,0
DA:229,0
DA:230,0
DA:232,0
DA:238,0
DA:239,0
DA:240,0
DA:245,0
DA:249,2
DA:250,0
DA:252,0
DA:253,0
DA:254,0
DA:256,0
DA:258,0
DA:263,0
DA:264,0
DA:265,0
DA:271,0
DA:272,0
DA:274,0
DA:286,0
DA:287,0
DA:298,0
DA:300,0
DA:301,0
DA:302,0
DA:303,0
DA:304,0
DA:307,0
DA:312,0
DA:313,0
DA:314,0
DA:319,0
DA:323,2
DA:324,0
DA:326,0
DA:327,0
DA:328,0
DA:330,0
DA:332,0
DA:337,0
DA:338,0
DA:339,0
DA:345,0
DA:347,0
DA:358,0
DA:359,0
DA:367,0
DA:369,0
DA:370,0
DA:371,0
DA:372,0
DA:373,0
DA:376,0
DA:381,0
DA:382,0
DA:383,0
DA:388,0
LF:143
LH:12
BRDA:7,0,0,0
BRDA:7,0,1,0
BRDA:12,1,0,0
BRDA:12,1,1,0
BRDA:20,2,0,0
BRDA:20,2,1,0
BRDA:22,3,0,0
BRDA:22,3,1,0
BRDA:27,4,0,0
BRDA:27,4,1,0
BRDA:27,5,0,0
BRDA:27,5,1,0
BRDA:37,6,0,0
BRDA:37,6,1,0
BRDA:54,7,0,0
BRDA:54,7,1,0
BRDA:54,8,0,0
BRDA:54,8,1,0
BRDA:61,9,0,0
BRDA:61,9,1,0
BRDA:86,10,0,0
BRDA:86,10,1,0
BRDA:87,11,0,0
BRDA:87,11,1,0
BRDA:89,12,0,0
BRDA:89,12,1,0
BRDA:93,13,0,0
BRDA:93,13,1,0
BRDA:111,14,0,0
BRDA:111,14,1,0
BRDA:121,15,0,0
BRDA:121,15,1,0
BRDA:122,16,0,0
BRDA:122,16,1,0
BRDA:156,17,0,0
BRDA:156,17,1,0
BRDA:157,18,0,0
BRDA:157,18,1,0
BRDA:158,19,0,0
BRDA:158,19,1,0
BRDA:160,20,0,0
BRDA:160,20,1,0
BRDA:160,21,0,0
BRDA:160,21,1,0
BRDA:160,21,2,0
BRDA:167,22,0,0
BRDA:167,22,1,0
BRDA:171,23,0,0
BRDA:171,23,1,0
BRDA:187,24,0,0
BRDA:187,24,1,0
BRDA:190,25,0,0
BRDA:190,25,1,0
BRDA:203,26,0,0
BRDA:203,26,1,0
BRDA:203,27,0,0
BRDA:203,27,1,0
BRDA:220,28,0,0
BRDA:220,28,1,0
BRDA:221,29,0,0
BRDA:221,29,1,0
BRDA:263,30,0,0
BRDA:263,30,1,0
BRDA:272,31,0,0
BRDA:272,31,1,0
BRDA:272,32,0,0
BRDA:272,32,1,0
BRDA:283,33,0,0
BRDA:283,33,1,0
BRDA:283,34,0,0
BRDA:283,34,1,0
BRDA:283,35,0,0
BRDA:283,35,1,0
BRDA:283,36,0,0
BRDA:283,36,1,0
BRDA:286,37,0,0
BRDA:286,37,1,0
BRDA:294,38,0,0
BRDA:294,38,1,0
BRDA:294,39,0,0
BRDA:294,39,1,0
BRDA:303,40,0,0
BRDA:303,40,1,0
BRDA:337,41,0,0
BRDA:337,41,1,0
BRDA:355,42,0,0
BRDA:355,42,1,0
BRDA:358,43,0,0
BRDA:358,43,1,0
BRDA:372,44,0,0
BRDA:372,44,1,0
BRF:91
BRH:0
end_of_record
TN:
SF:src\controllers\coachController.js
FN:5,(anonymous_0)
FN:8,(anonymous_1)
FN:16,(anonymous_2)
FN:24,(anonymous_3)
FN:99,(anonymous_4)
FN:106,(anonymous_5)
FN:127,(anonymous_6)
FN:132,(anonymous_7)
FN:133,(anonymous_8)
FN:134,(anonymous_9)
FN:148,(anonymous_10)
FN:210,(anonymous_11)
FN:254,(anonymous_12)
FN:314,(anonymous_13)
FN:339,(anonymous_14)
FN:421,(anonymous_15)
FN:517,(anonymous_16)
FN:638,(anonymous_17)
FN:788,(anonymous_18)
FN:872,(anonymous_19)
FN:950,(anonymous_20)
FN:1034,(anonymous_21)
FNF:22
FNH:0
FNDA:0,(anonymous_0)
FNDA:0,(anonymous_1)
FNDA:0,(anonymous_2)
FNDA:0,(anonymous_3)
FNDA:0,(anonymous_4)
FNDA:0,(anonymous_5)
FNDA:0,(anonymous_6)
FNDA:0,(anonymous_7)
FNDA:0,(anonymous_8)
FNDA:0,(anonymous_9)
FNDA:0,(anonymous_10)
FNDA:0,(anonymous_11)
FNDA:0,(anonymous_12)
FNDA:0,(anonymous_13)
FNDA:0,(anonymous_14)
FNDA:0,(anonymous_15)
FNDA:0,(anonymous_16)
FNDA:0,(anonymous_17)
FNDA:0,(anonymous_18)
FNDA:0,(anonymous_19)
FNDA:0,(anonymous_20)
FNDA:0,(anonymous_21)
DA:1,2
DA:2,2
DA:3,2
DA:5,2
DA:6,2
DA:8,2
DA:9,0
DA:13,0
DA:16,2
DA:17,0
DA:18,0
DA:24,2
DA:25,0
DA:26,0
DA:27,0
DA:28,0
DA:31,0
DA:36,0
DA:37,0
DA:41,0
DA:49,0
DA:50,0
DA:53,0
DA:56,0
DA:64,0
DA:65,0
DA:72,0
DA:73,0
DA:74,0
DA:76,0
DA:77,0
DA:81,0
DA:82,0
DA:91,0
DA:92,0
DA:93,0
DA:95,0
DA:96,0
DA:99,0
DA:100,0
DA:106,0
DA:111,0
DA:112,0
DA:119,0
DA:120,0
DA:121,0
DA:123,0
DA:124,0
DA:127,0
DA:128,0
DA:129,0
DA:132,0
DA:133,0
DA:134,0
DA:138,0
DA:140,0
DA:141,0
DA:148,2
DA:149,0
DA:150,0
DA:152,0
DA:167,0
DA:168,0
DA:170,0
DA:171,0
DA:172,0
DA:173,0
DA:176,0
DA:177,0
DA:178,0
DA:179,0
DA:182,0
DA:188,0
DA:190,0
DA:192,0
DA:199,0
DA:200,0
DA:210,2
DA:211,0
DA:212,0
DA:214,0
DA:230,0
DA:231,0
DA:237,0
DA:243,0
DA:244,0
DA:254,2
DA:255,0
DA:256,0
DA:257,0
DA:260,0
DA:261,0
DA:267,0
DA:289,0
DA:290,0
DA:292,0
DA:293,0
DA:294,0
DA:295,0
DA:298,0
DA:299,0
DA:300,0
DA:301,0
DA:304,0
DA:309,0
DA:311,0
DA:314,0
DA:315,0
DA:316,0
DA:319,0
DA:328,0
DA:329,0
DA:339,2
DA:340,0
DA:341,0
DA:342,0
DA:344,0
DA:345,0
DA:346,0
DA:353,0
DA:354,0
DA:360,0
DA:373,0
DA:374,0
DA:376,0
DA:377,0
DA:378,0
DA:379,0
DA:382,0
DA:383,0
DA:384,0
DA:385,0
DA:388,0
DA:389,0
DA:390,0
DA:391,0
DA:394,0
DA:399,0
DA:401,0
DA:403,0
DA:410,0
DA:411,0
DA:421,2
DA:422,0
DA:423,0
DA:424,0
DA:426,0
DA:427,0
DA:433,0
DA:434,0
DA:435,0
DA:441,0
DA:442,0
DA:456,0
DA:457,0
DA:458,0
DA:461,0
DA:462,0
DA:463,0
DA:466,0
DA:467,0
DA:468,0
DA:471,0
DA:473,0
DA:475,0
DA:482,0
DA:484,0
DA:485,0
DA:486,0
DA:487,0
DA:488,0
DA:490,0
DA:491,0
DA:492,0
DA:493,0
DA:494,0
DA:495,0
DA:496,0
DA:497,0
DA:500,0
DA:502,0
DA:503,0
DA:504,0
DA:506,0
DA:507,0
DA:517,2
DA:518,0
DA:519,0
DA:520,0
DA:522,0
DA:523,0
DA:524,0
DA:530,0
DA:531,0
DA:537,0
DA:538,0
DA:544,0
DA:545,0
DA:551,0
DA:552,0
DA:553,0
DA:559,0
DA:560,0
DA:561,0
DA:568,0
DA:569,0
DA:576,0
DA:581,0
DA:582,0
DA:588,0
DA:589,0
DA:595,0
DA:608,0
DA:618,0
DA:624,0
DA:627,0
DA:628,0
DA:638,2
DA:639,0
DA:641,0
DA:642,0
DA:643,0
DA:645,0
DA:646,0
DA:647,0
DA:654,0
DA:655,0
DA:661,0
DA:664,0
DA:673,0
DA:674,0
DA:675,0
DA:681,0
DA:684,0
DA:698,0
DA:700,0
DA:717,0
DA:734,0
DA:736,0
DA:753,0
DA:754,0
DA:756,0
DA:766,0
DA:772,0
DA:775,0
DA:776,0
DA:777,0
DA:778,0
DA:788,2
DA:789,0
DA:790,0
DA:791,0
DA:794,0
DA:795,0
DA:802,0
DA:814,0
DA:824,0
DA:826,0
DA:827,0
DA:828,0
DA:831,0
DA:832,0
DA:833,0
DA:836,0
DA:838,0
DA:841,0
DA:853,0
DA:861,0
DA:862,0
DA:872,2
DA:873,0
DA:874,0
DA:875,0
DA:876,0
DA:878,0
DA:879,0
DA:886,0
DA:887,0
DA:894,0
DA:899,0
DA:900,0
DA:907,0
DA:919,0
DA:930,0
DA:936,0
DA:939,0
DA:940,0
DA:950,2
DA:951,0
DA:952,0
DA:955,0
DA:956,0
DA:963,0
DA:971,0
DA:981,0
DA:991,0
DA:1001,0
DA:1009,0
DA:1021,0
DA:1022,0
DA:1034,2
DA:1035,0
DA:1036,0
DA:1038,0
DA:1045,0
DA:1046,0
DA:1048,0
DA:1051,0
DA:1056,0
DA:1061,0
DA:1066,0
DA:1077,0
DA:1079,0
DA:1102,0
DA:1103,0
DA:1107,2
LF:316
LH:20
BRDA:13,0,0,0
BRDA:13,0,1,0
BRDA:28,1,0,0
BRDA:36,2,0,0
BRDA:36,2,1,0
BRDA:49,3,0,0
BRDA:49,3,1,0
BRDA:64,4,0,0
BRDA:64,4,1,0
BRDA:68,5,0,0
BRDA:68,5,1,0
BRDA:69,6,0,0
BRDA:69,6,1,0
BRDA:73,7,0,0
BRDA:73,7,1,0
BRDA:74,8,0,0
BRDA:74,8,1,0
BRDA:81,9,0,0
BRDA:81,9,1,0
BRDA:87,10,0,0
BRDA:87,10,1,0
BRDA:88,11,0,0
BRDA:88,11,1,0
BRDA:92,12,0,0
BRDA:92,12,1,0
BRDA:93,13,0,0
BRDA:93,13,1,0
BRDA:103,14,0,0
BRDA:103,14,1,0
BRDA:106,15,0,0
BRDA:106,15,1,0
BRDA:111,16,0,0
BRDA:111,16,1,0
BRDA:115,17,0,0
BRDA:115,17,1,0
BRDA:116,18,0,0
BRDA:116,18,1,0
BRDA:120,19,0,0
BRDA:120,19,1,0
BRDA:121,20,0,0
BRDA:121,20,1,0
BRDA:127,21,0,0
BRDA:127,21,1,0
BRDA:128,22,0,0
BRDA:128,22,1,0
BRDA:132,23,0,0
BRDA:132,23,1,0
BRDA:133,24,0,0
BRDA:133,24,1,0
BRDA:134,25,0,0
BRDA:134,25,1,0
BRDA:150,26,0,0
BRDA:150,27,0,0
BRDA:170,28,0,0
BRDA:170,28,1,0
BRDA:176,29,0,0
BRDA:176,29,1,0
BRDA:230,30,0,0
BRDA:230,30,1,0
BRDA:257,31,0,0
BRDA:257,32,0,0
BRDA:260,33,0,0
BRDA:260,33,1,0
BRDA:260,34,0,0
BRDA:260,34,1,0
BRDA:292,35,0,0
BRDA:292,35,1,0
BRDA:298,36,0,0
BRDA:298,36,1,0
BRDA:342,37,0,0
BRDA:342,38,0,0
BRDA:345,39,0,0
BRDA:345,39,1,0
BRDA:353,40,0,0
BRDA:353,40,1,0
BRDA:353,41,0,0
BRDA:353,41,1,0
BRDA:376,42,0,0
BRDA:376,42,1,0
BRDA:382,43,0,0
BRDA:382,43,1,0
BRDA:388,44,0,0
BRDA:388,44,1,0
BRDA:426,45,0,0
BRDA:426,45,1,0
BRDA:426,46,0,0
BRDA:426,46,1,0
BRDA:434,47,0,0
BRDA:434,47,1,0
BRDA:456,48,0,0
BRDA:456,48,1,0
BRDA:461,49,0,0
BRDA:461,49,1,0
BRDA:466,50,0,0
BRDA:466,50,1,0
BRDA:486,51,0,0
BRDA:486,51,1,0
BRDA:488,52,0,0
BRDA:488,52,1,0
BRDA:488,53,0,0
BRDA:488,53,1,0
BRDA:488,54,0,0
BRDA:488,54,1,0
BRDA:523,55,0,0
BRDA:523,55,1,0
BRDA:530,56,0,0
BRDA:530,56,1,0
BRDA:530,57,0,0
BRDA:530,57,1,0
BRDA:530,57,2,0
BRDA:530,57,3,0
BRDA:530,57,4,0
BRDA:537,58,0,0
BRDA:537,58,1,0
BRDA:537,59,0,0
BRDA:537,59,1,0
BRDA:544,60,0,0
BRDA:544,60,1,0
BRDA:552,61,0,0
BRDA:552,61,1,0
BRDA:560,62,0,0
BRDA:560,62,1,0
BRDA:560,63,0,0
BRDA:560,63,1,0
BRDA:568,64,0,0
BRDA:568,64,1,0
BRDA:568,65,0,0
BRDA:568,65,1,0
BRDA:581,66,0,0
BRDA:581,66,1,0
BRDA:588,67,0,0
BRDA:588,67,1,0
BRDA:588,68,0,0
BRDA:588,68,1,0
BRDA:621,69,0,0
BRDA:621,69,1,0
BRDA:646,70,0,0
BRDA:646,70,1,0
BRDA:654,71,0,0
BRDA:654,71,1,0
BRDA:654,72,0,0
BRDA:654,72,1,0
BRDA:673,73,0,0
BRDA:673,73,1,0
BRDA:698,74,0,0
BRDA:698,74,1,0
BRDA:734,75,0,0
BRDA:734,75,1,0
BRDA:769,76,0,0
BRDA:769,76,1,0
BRDA:791,77,0,0
BRDA:794,78,0,0
BRDA:794,78,1,0
BRDA:794,79,0,0
BRDA:794,79,1,0
BRDA:826,80,0,0
BRDA:826,80,1,0
BRDA:831,81,0,0
BRDA:831,81,1,0
BRDA:878,82,0,0
BRDA:878,82,1,0
BRDA:886,83,0,0
BRDA:886,83,1,0
BRDA:886,84,0,0
BRDA:886,84,1,0
BRDA:899,85,0,0
BRDA:899,85,1,0
BRDA:955,86,0,0
BRDA:955,86,1,0
BRDA:955,87,0,0
BRDA:955,87,1,0
BRDA:1045,88,0,0
BRDA:1045,88,1,0
BRDA:1090,89,0,0
BRDA:1090,89,1,0
BRDA:1091,90,0,0
BRDA:1091,90,1,0
BRDA:1092,91,0,0
BRDA:1092,91,1,0
BRDA:1093,92,0,0
BRDA:1093,92,1,0
BRDA:1094,93,0,0
BRDA:1094,93,1,0
BRDA:1095,94,0,0
BRDA:1095,94,1,0
BRF:185
BRH:0
end_of_record
TN:
SF:src\controllers\coachPlanController.js
FN:6,(anonymous_0)
FN:14,(anonymous_1)
FN:24,(anonymous_2)
FN:83,(anonymous_3)
FN:104,(anonymous_4)
FN:114,(anonymous_5)
FN:124,(anonymous_6)
FN:127,(anonymous_7)
FN:133,(anonymous_8)
FN:159,(anonymous_9)
FN:175,(anonymous_10)
FN:176,(anonymous_11)
FN:199,(anonymous_12)
FN:265,(anonymous_13)
FN:319,(anonymous_14)
FN:470,(anonymous_15)
FN:513,(anonymous_16)
FNF:17
FNH:0
FNDA:0,(anonymous_0)
FNDA:0,(anonymous_1)
FNDA:0,(anonymous_2)
FNDA:0,(anonymous_3)
FNDA:0,(anonymous_4)
FNDA:0,(anonymous_5)
FNDA:0,(anonymous_6)
FNDA:0,(anonymous_7)
FNDA:0,(anonymous_8)
FNDA:0,(anonymous_9)
FNDA:0,(anonymous_10)
FNDA:0,(anonymous_11)
FNDA:0,(anonymous_12)
FNDA:0,(anonymous_13)
FNDA:0,(anonymous_14)
FNDA:0,(anonymous_15)
FNDA:0,(anonymous_16)
DA:1,2
DA:2,2
DA:3,2
DA:4,2
DA:6,2
DA:7,0
DA:11,0
DA:14,2
DA:15,0
DA:16,0
DA:17,0
DA:18,0
DA:19,0
DA:21,0
DA:24,2
DA:25,0
DA:30,0
DA:31,0
DA:34,0
DA:36,0
DA:83,0
DA:84,0
DA:85,0
DA:86,0
DA:87,0
DA:88,0
DA:89,0
DA:104,0
DA:114,0
DA:121,0
DA:124,2
DA:125,0
DA:127,0
DA:133,0
DA:147,0
DA:148,0
DA:149,0
DA:150,0
DA:151,0
DA:153,0
DA:159,0
DA:174,0
DA:175,0
DA:176,0
DA:181,0
DA:199,2
DA:200,0
DA:201,0
DA:203,0
DA:205,0
DA:206,0
DA:213,0
DA:218,0
DA:219,0
DA:226,0
DA:234,0
DA:235,0
DA:241,0
DA:242,0
DA:244,0
DA:254,0
DA:255,0
DA:265,2
DA:266,0
DA:268,0
DA:269,0
DA:270,0
DA:272,0
DA:274,0
DA:275,0
DA:276,0
DA:282,0
DA:285,0
DA:290,0
DA:291,0
DA:292,0
DA:299,0
DA:306,0
DA:307,0
DA:308,0
DA:309,0
DA:311,0
DA:314,0
DA:318,0
DA:319,0
DA:322,0
DA:339,0
DA:341,0
DA:345,0
DA:346,0
DA:347,0
DA:349,0
DA:357,0
DA:358,0
DA:360,0
DA:361,0
DA:362,0
DA:363,0
DA:365,0
DA:383,0
DA:384,0
DA:386,0
DA:387,0
DA:388,0
DA:389,0
DA:390,0
DA:391,0
DA:392,0
DA:393,0
DA:394,0
DA:395,0
DA:397,0
DA:425,0
DA:426,0
DA:429,0
DA:444,0
DA:454,0
DA:457,0
DA:458,0
DA:459,0
DA:460,0
DA:470,2
DA:471,0
DA:472,0
DA:475,0
DA:480,0
DA:481,0
DA:488,0
DA:496,0
DA:502,0
DA:503,0
DA:513,2
DA:514,0
DA:516,0
DA:517,0
DA:523,0
DA:525,0
DA:528,0
DA:533,0
DA:534,0
DA:535,0
DA:542,0
DA:550,0
DA:566,0
DA:567,0
DA:570,0
DA:585,0
DA:591,0
DA:594,0
DA:595,0
DA:596,0
DA:597,0
DA:604,2
LF:153
LH:13
BRDA:11,0,0,0
BRDA:11,0,1,0
BRDA:15,1,0,0
BRDA:15,1,1,0
BRDA:15,2,0,0
BRDA:15,2,1,0
BRDA:16,3,0,0
BRDA:16,3,1,0
BRDA:17,4,0,0
BRDA:17,4,1,0
BRDA:19,5,0,0
BRDA:19,5,1,0
BRDA:30,6,0,0
BRDA:30,6,1,0
BRDA:84,7,0,0
BRDA:84,7,1,0
BRDA:85,8,0,0
BRDA:85,8,1,0
BRDA:85,8,2,0
BRDA:86,9,0,0
BRDA:86,9,1,0
BRDA:88,10,0,0
BRDA:88,10,1,0
BRDA:91,11,0,0
BRDA:91,11,1,0
BRDA:91,11,2,0
BRDA:92,12,0,0
BRDA:92,12,1,0
BRDA:92,12,2,0
BRDA:92,12,3,0
BRDA:93,13,0,0
BRDA:93,13,1,0
BRDA:93,13,2,0
BRDA:93,13,3,0
BRDA:94,14,0,0
BRDA:94,14,1,0
BRDA:95,15,0,0
BRDA:95,15,1,0
BRDA:96,16,0,0
BRDA:96,16,1,0
BRDA:97,17,0,0
BRDA:97,17,1,0
BRDA:97,18,0,0
BRDA:97,18,1,0
BRDA:98,19,0,0
BRDA:98,19,1,0
BRDA:98,20,0,0
BRDA:98,20,1,0
BRDA:99,21,0,0
BRDA:99,21,1,0
BRDA:100,22,0,0
BRDA:100,22,1,0
BRDA:112,23,0,0
BRDA:112,23,1,0
BRDA:114,24,0,0
BRDA:114,24,1,0
BRDA:116,25,0,0
BRDA:116,25,1,0
BRDA:125,26,0,0
BRDA:125,26,1,0
BRDA:127,27,0,0
BRDA:127,27,1,0
BRDA:133,28,0,0
BRDA:133,28,1,0
BRDA:148,29,0,0
BRDA:148,29,1,0
BRDA:149,30,0,0
BRDA:149,30,1,0
BRDA:150,31,0,0
BRDA:150,31,1,0
BRDA:159,32,0,0
BRDA:159,32,1,0
BRDA:185,33,0,0
BRDA:185,33,1,0
BRDA:185,34,0,0
BRDA:185,34,1,0
BRDA:205,35,0,0
BRDA:205,35,1,0
BRDA:218,36,0,0
BRDA:218,36,1,0
BRDA:234,37,0,0
BRDA:234,37,1,0
BRDA:274,38,0,0
BRDA:274,38,1,0
BRDA:290,39,0,0
BRDA:290,39,1,0
BRDA:306,40,0,0
BRDA:306,40,1,0
BRDA:307,41,0,0
BRDA:307,41,1,0
BRDA:308,42,0,0
BRDA:308,42,1,0
BRDA:308,42,2,0
BRDA:309,43,0,0
BRDA:309,43,1,0
BRDA:311,44,0,0
BRDA:311,44,1,0
BRDA:314,45,0,0
BRDA:314,45,1,0
BRDA:318,46,0,0
BRDA:318,46,1,0
BRDA:319,47,0,0
BRDA:319,47,1,0
BRDA:320,48,0,0
BRDA:320,48,1,0
BRDA:335,49,0,0
BRDA:335,49,1,0
BRDA:335,49,2,0
BRDA:341,50,0,0
BRDA:341,50,1,0
BRDA:341,51,0,0
BRDA:341,51,1,0
BRDA:343,52,0,0
BRDA:343,52,1,0
BRDA:346,53,0,0
BRDA:346,53,1,0
BRDA:347,54,0,0
BRDA:347,54,1,0
BRDA:354,55,0,0
BRDA:354,55,1,0
BRDA:358,56,0,0
BRDA:358,56,1,0
BRDA:361,57,0,0
BRDA:361,57,1,0
BRDA:362,58,0,0
BRDA:362,58,1,0
BRDA:362,58,2,0
BRDA:363,59,0,0
BRDA:363,59,1,0
BRDA:363,59,2,0
BRDA:375,60,0,0
BRDA:375,60,1,0
BRDA:375,60,2,0
BRDA:377,61,0,0
BRDA:377,61,1,0
BRDA:378,62,0,0
BRDA:378,62,1,0
BRDA:379,63,0,0
BRDA:379,63,1,0
BRDA:384,64,0,0
BRDA:384,64,1,0
BRDA:387,65,0,0
BRDA:387,65,1,0
BRDA:388,66,0,0
BRDA:388,66,1,0
BRDA:388,66,2,0
BRDA:388,66,3,0
BRDA:389,67,0,0
BRDA:389,67,1,0
BRDA:389,67,2,0
BRDA:389,67,3,0
BRDA:390,68,0,0
BRDA:390,68,1,0
BRDA:391,69,0,0
BRDA:391,69,1,0
BRDA:391,69,2,0
BRDA:391,69,3,0
BRDA:391,69,4,0
BRDA:392,70,0,0
BRDA:392,70,1,0
BRDA:392,70,2,0
BRDA:393,71,0,0
BRDA:393,71,1,0
BRDA:393,71,2,0
BRDA:394,72,0,0
BRDA:394,72,1,0
BRDA:394,72,2,0
BRDA:395,73,0,0
BRDA:395,73,1,0
BRDA:395,73,2,0
BRDA:409,74,0,0
BRDA:409,74,1,0
BRDA:410,75,0,0
BRDA:410,75,1,0
BRDA:411,76,0,0
BRDA:411,76,1,0
BRDA:411,76,2,0
BRDA:412,77,0,0
BRDA:412,77,1,0
BRDA:413,78,0,0
BRDA:413,78,1,0
BRDA:414,79,0,0
BRDA:414,79,1,0
BRDA:415,80,0,0
BRDA:415,80,1,0
BRDA:416,81,0,0
BRDA:416,81,1,0
BRDA:480,82,0,0
BRDA:480,82,1,0
BRDA:498,83,0,0
BRDA:498,83,1,0
BRDA:533,84,0,0
BRDA:533,84,1,0
BRF:193
BRH:0
end_of_record
TN:
SF:src\controllers\exerciseController.js
FN:5,(anonymous_0)
FN:33,(anonymous_1)
FN:121,(anonymous_2)
FN:143,(anonymous_3)
FN:192,(anonymous_4)
FN:229,(anonymous_5)
FN:230,(anonymous_6)
FN:231,(anonymous_7)
FN:232,(anonymous_8)
FN:248,(anonymous_9)
FN:281,(anonymous_10)
FN:322,(anonymous_11)
FN:366,(anonymous_12)
FN:394,(anonymous_13)
FNF:14
FNH:0
FNDA:0,(anonymous_0)
FNDA:0,(anonymous_1)
FNDA:0,(anonymous_2)
FNDA:0,(anonymous_3)
FNDA:0,(anonymous_4)
FNDA:0,(anonymous_5)
FNDA:0,(anonymous_6)
FNDA:0,(anonymous_7)
FNDA:0,(anonymous_8)
FNDA:0,(anonymous_9)
FNDA:0,(anonymous_10)
FNDA:0,(anonymous_11)
FNDA:0,(anonymous_12)
FNDA:0,(anonymous_13)
DA:1,2
DA:2,2
DA:3,2
DA:5,2
DA:6,0
DA:7,0
DA:8,0
DA:10,0
DA:33,2
DA:34,0
DA:41,0
DA:43,0
DA:76,0
DA:77,0
DA:80,0
DA:81,0
DA:82,0
DA:83,0
DA:87,0
DA:88,0
DA:89,0
DA:90,0
DA:94,0
DA:95,0
DA:96,0
DA:97,0
DA:101,0
DA:102,0
DA:103,0
DA:104,0
DA:108,0
DA:109,0
DA:110,0
DA:111,0
DA:114,0
DA:116,0
DA:117,0
DA:119,0
DA:121,0
DA:132,0
DA:133,0
DA:143,2
DA:144,0
DA:145,0
DA:147,0
DA:153,0
DA:154,0
DA:161,0
DA:162,0
DA:163,0
DA:164,0
DA:171,0
DA:172,0
DA:175,0
DA:181,0
DA:182,0
DA:192,2
DA:193,0
DA:194,0
DA:195,0
DA:197,0
DA:203,0
DA:204,0
DA:210,0
DA:211,0
DA:212,0
DA:214,0
DA:215,0
DA:218,0
DA:227,0
DA:229,0
DA:230,0
DA:231,0
DA:232,0
DA:235,0
DA:237,0
DA:238,0
DA:248,2
DA:249,0
DA:250,0
DA:252,0
DA:260,0
DA:262,0
DA:270,0
DA:271,0
DA:281,2
DA:282,0
DA:283,0
DA:285,0
DA:303,0
DA:305,0
DA:311,0
DA:312,0
DA:322,2
DA:323,0
DA:324,0
DA:325,0
DA:328,0
DA:334,0
DA:335,0
DA:343,0
DA:349,0
DA:355,0
DA:356,0
DA:366,2
DA:367,0
DA:368,0
DA:369,0
DA:371,0
DA:377,0
DA:383,0
DA:384,0
DA:394,2
DA:395,0
DA:396,0
DA:411,0
DA:417,0
DA:418,0
DA:425,2
LF:119
LH:13
BRDA:6,0,0,0
BRDA:6,0,1,0
BRDA:6,1,0,0
BRDA:6,1,1,0
BRDA:8,2,0,0
BRDA:8,2,1,0
BRDA:12,3,0,0
BRDA:12,3,1,0
BRDA:13,4,0,0
BRDA:13,4,1,0
BRDA:14,5,0,0
BRDA:14,5,1,0
BRDA:15,6,0,0
BRDA:15,6,1,0
BRDA:16,7,0,0
BRDA:16,7,1,0
BRDA:17,8,0,0
BRDA:17,8,1,0
BRDA:18,9,0,0
BRDA:18,9,1,0
BRDA:18,10,0,0
BRDA:18,10,1,0
BRDA:19,11,0,0
BRDA:19,11,1,0
BRDA:19,12,0,0
BRDA:19,12,1,0
BRDA:20,13,0,0
BRDA:20,13,1,0
BRDA:21,14,0,0
BRDA:21,14,1,0
BRDA:80,15,0,0
BRDA:80,15,1,0
BRDA:87,16,0,0
BRDA:87,16,1,0
BRDA:94,17,0,0
BRDA:94,17,1,0
BRDA:101,18,0,0
BRDA:101,18,1,0
BRDA:108,19,0,0
BRDA:108,19,1,0
BRDA:123,20,0,0
BRDA:123,20,1,0
BRDA:124,21,0,0
BRDA:124,21,1,0
BRDA:125,22,0,0
BRDA:125,22,1,0
BRDA:126,23,0,0
BRDA:126,23,1,0
BRDA:153,24,0,0
BRDA:153,24,1,0
BRDA:163,25,0,0
BRDA:163,25,1,0
BRDA:163,26,0,0
BRDA:163,26,1,0
BRDA:195,27,0,0
BRDA:203,28,0,0
BRDA:203,28,1,0
BRDA:212,29,0,0
BRDA:212,29,1,0
BRDA:214,30,0,0
BRDA:214,30,1,0
BRDA:229,31,0,0
BRDA:229,31,1,0
BRDA:231,32,0,0
BRDA:231,32,1,0
BRDA:334,33,0,0
BRDA:334,33,1,0
BRF:67
BRH:0
end_of_record
TN:
SF:src\controllers\inbodyController.js
FN:14,(anonymous_0)
FN:91,(anonymous_1)
FN:122,(anonymous_2)
FN:158,(anonymous_3)
FN:193,(anonymous_4)
FN:240,(anonymous_5)
FN:277,(anonymous_6)
FN:323,(anonymous_7)
FN:356,(anonymous_8)
FN:423,(anonymous_9)
FN:458,(anonymous_10)
FN:506,(anonymous_11)
FNF:12
FNH:4
FNDA:1,(anonymous_0)
FNDA:0,(anonymous_1)
FNDA:0,(anonymous_2)
FNDA:0,(anonymous_3)
FNDA:0,(anonymous_4)
FNDA:0,(anonymous_5)
FNDA:1,(anonymous_6)
FNDA:0,(anonymous_7)
FNDA:0,(anonymous_8)
FNDA:0,(anonymous_9)
FNDA:1,(anonymous_10)
FNDA:1,(anonymous_11)
DA:1,3
DA:2,3
DA:3,3
DA:4,3
DA:14,3
DA:15,1
DA:16,1
DA:39,1
DA:42,1
DA:43,0
DA:49,1
DA:73,1
DA:80,0
DA:81,0
DA:91,3
DA:92,0
DA:93,0
DA:94,0
DA:96,0
DA:104,0
DA:111,0
DA:112,0
DA:122,3
DA:123,0
DA:124,0
DA:126,0
DA:134,0
DA:135,0
DA:141,0
DA:147,0
DA:148,0
DA:158,3
DA:159,0
DA:160,0
DA:161,0
DA:163,0
DA:169,0
DA:170,0
DA:176,0
DA:182,0
DA:183,0
DA:193,3
DA:194,0
DA:195,0
DA:196,0
DA:197,0
DA:200,0
DA:205,0
DA:206,0
DA:212,0
DA:222,0
DA:229,0
DA:230,0
DA:240,3
DA:241,0
DA:242,0
DA:243,0
DA:246,0
DA:253,0
DA:254,0
DA:260,0
DA:266,0
DA:267,0
DA:277,3
DA:278,1
DA:279,1
DA:280,1
DA:282,1
DA:287,1
DA:288,1
DA:290,1
DA:291,0
DA:292,0
DA:293,0
DA:296,1
DA:297,0
DA:298,0
DA:299,0
DA:302,1
DA:304,1
DA:306,1
DA:312,0
DA:313,0
DA:323,3
DA:324,0
DA:325,0
DA:327,0
DA:332,0
DA:333,0
DA:339,0
DA:345,0
DA:346,0
DA:356,3
DA:357,0
DA:358,0
DA:366,0
DA:369,0
DA:376,0
DA:378,0
DA:394,0
DA:405,0
DA:412,0
DA:413,0
DA:423,3
DA:424,0
DA:425,0
DA:427,0
DA:432,0
DA:433,0
DA:440,0
DA:446,0
DA:447,0
DA:458,3
DA:459,1
DA:460,1
DA:461,1
DA:463,1
DA:464,0
DA:471,1
DA:474,1
DA:481,1
DA:486,1
DA:495,0
DA:496,0
DA:506,3
DA:507,1
DA:508,1
DA:510,1
DA:527,1
DA:533,0
DA:534,0
DA:541,3
LF:132
LH:46
BRDA:42,0,0,0
BRDA:42,0,1,1
BRDA:42,1,0,1
BRDA:42,1,1,1
BRDA:42,1,2,1
BRDA:66,2,0,1
BRDA:66,2,1,0
BRDA:94,3,0,0
BRDA:94,4,0,0
BRDA:134,5,0,0
BRDA:134,5,1,0
BRDA:169,6,0,0
BRDA:169,6,1,0
BRDA:205,7,0,0
BRDA:205,7,1,0
BRDA:253,8,0,0
BRDA:253,8,1,0
BRDA:290,9,0,0
BRDA:290,9,1,1
BRDA:296,10,0,0
BRDA:296,10,1,1
BRDA:332,11,0,0
BRDA:332,11,1,0
BRDA:376,12,0,0
BRDA:376,12,1,0
BRDA:432,13,0,0
BRDA:432,13,1,0
BRDA:463,14,0,0
BRDA:463,14,1,1
BRDA:498,15,0,0
BRDA:498,15,1,0
BRF:31
BRH:8
end_of_record
TN:
SF:src\controllers\intakeController.js
FN:7,(anonymous_0)
FN:40,(anonymous_1)
FN:74,(anonymous_2)
FN:97,(anonymous_3)
FNF:4
FNH:0
FNDA:0,(anonymous_0)
FNDA:0,(anonymous_1)
FNDA:0,(anonymous_2)
FNDA:0,(anonymous_3)
DA:1,2
DA:2,2
DA:7,2
DA:8,0
DA:9,0
DA:10,0
DA:13,0
DA:14,0
DA:20,0
DA:22,0
DA:29,0
DA:30,0
DA:40,2
DA:41,0
DA:42,0
DA:43,0
DA:45,0
DA:47,0
DA:54,0
DA:56,0
DA:57,0
DA:64,0
DA:74,2
DA:75,0
DA:76,0
DA:78,0
DA:80,0
DA:86,0
DA:87,0
DA:97,2
DA:98,0
DA:99,0
DA:101,0
DA:103,0
DA:109,0
DA:110,0
LF:36
LH:6
BRDA:13,0,0,0
BRDA:13,0,1,0
BRDA:13,1,0,0
BRDA:13,1,1,0
BRDA:32,2,0,0
BRDA:32,2,1,0
BRDA:56,3,0,0
BRDA:56,3,1,0
BRDA:66,4,0,0
BRDA:66,4,1,0
BRF:10
BRH:0
end_of_record
TN:
SF:src\controllers\messageController.js
FN:14,(anonymous_0)
FN:62,(anonymous_1)
FN:134,(anonymous_2)
FN:172,(anonymous_3)
FN:173,(anonymous_4)
FN:270,(anonymous_5)
FN:325,(anonymous_6)
FN:366,(anonymous_7)
FN:423,(anonymous_8)
FN:473,(anonymous_9)
FN:502,(anonymous_10)
FNF:11
FNH:4
FNDA:0,(anonymous_0)
FNDA:0,(anonymous_1)
FNDA:1,(anonymous_2)
FNDA:0,(anonymous_3)
FNDA:0,(anonymous_4)
FNDA:1,(anonymous_5)
FNDA:1,(anonymous_6)
FNDA:0,(anonymous_7)
FNDA:1,(anonymous_8)
FNDA:0,(anonymous_9)
FNDA:0,(anonymous_10)
DA:1,3
DA:2,3
DA:3,3
DA:4,3
DA:14,3
DA:15,0
DA:16,0
DA:17,0
DA:19,0
DA:44,0
DA:51,0
DA:52,0
DA:62,3
DA:63,0
DA:64,0
DA:65,0
DA:66,0
DA:69,0
DA:75,0
DA:76,0
DA:82,0
DA:101,0
DA:102,0
DA:105,0
DA:106,0
DA:107,0
DA:108,0
DA:111,0
DA:112,0
DA:114,0
DA:116,0
DA:123,0
DA:124,0
DA:134,3
DA:135,1
DA:137,1
DA:138,1
DA:147,1
DA:149,1
DA:151,1
DA:154,1
DA:156,0
DA:163,0
DA:164,0
DA:167,0
DA:172,0
DA:173,0
DA:176,0
DA:177,0
DA:178,0
DA:180,0
DA:181,0
DA:185,0
DA:192,0
DA:196,1
DA:197,0
DA:201,1
DA:215,1
DA:218,1
DA:222,1
DA:233,1
DA:235,1
DA:238,1
DA:243,1
DA:249,1
DA:256,0
DA:257,0
DA:258,0
DA:263,1
DA:270,3
DA:271,1
DA:272,1
DA:273,1
DA:276,1
DA:282,1
DA:283,0
DA:290,1
DA:300,1
DA:301,1
DA:308,1
DA:314,0
DA:315,0
DA:325,3
DA:326,1
DA:327,1
DA:328,1
DA:330,1
DA:331,0
DA:338,1
DA:344,1
DA:355,0
DA:356,0
DA:366,3
DA:367,0
DA:368,0
DA:369,0
DA:372,0
DA:378,0
DA:379,0
DA:386,0
DA:387,0
DA:389,0
DA:390,0
DA:397,0
DA:406,0
DA:412,0
DA:413,0
DA:423,3
DA:424,1
DA:425,1
DA:426,1
DA:428,1
DA:434,1
DA:435,0
DA:441,1
DA:446,1
DA:457,1
DA:462,0
DA:463,0
DA:473,3
DA:474,0
DA:475,0
DA:477,0
DA:485,0
DA:491,0
DA:492,0
DA:502,3
DA:503,0
DA:504,0
DA:505,0
DA:507,0
DA:508,0
DA:514,0
DA:529,0
DA:531,0
DA:532,0
DA:533,0
DA:536,0
DA:538,0
DA:540,0
DA:547,0
DA:548,0
DA:555,3
LF:143
LH:55
BRDA:17,0,0,0
BRDA:17,1,0,0
BRDA:66,2,0,0
BRDA:66,3,0,0
BRDA:75,4,0,0
BRDA:75,4,1,0
BRDA:105,5,0,0
BRDA:105,5,1,0
BRDA:143,6,0,0
BRDA:154,7,0,0
BRDA:154,7,1,1
BRDA:154,8,0,1
BRDA:154,8,1,0
BRDA:163,9,0,0
BRDA:163,9,1,0
BRDA:176,10,0,0
BRDA:176,10,1,0
BRDA:196,11,0,0
BRDA:196,11,1,1
BRDA:218,12,0,1
BRDA:218,12,1,0
BRDA:220,13,0,0
BRDA:220,13,1,0
BRDA:260,14,0,0
BRDA:260,14,1,0
BRDA:282,15,0,0
BRDA:282,15,1,1
BRDA:303,16,0,1
BRDA:303,16,1,0
BRDA:330,17,0,0
BRDA:330,17,1,1
BRDA:348,18,0,0
BRDA:348,18,1,1
BRDA:378,19,0,0
BRDA:378,19,1,0
BRDA:389,20,0,0
BRDA:389,20,1,0
BRDA:434,21,0,0
BRDA:434,21,1,1
BRDA:487,22,0,0
BRDA:487,22,1,0
BRDA:507,23,0,0
BRDA:507,23,1,0
BRDA:507,24,0,0
BRDA:507,24,1,0
BRDA:531,25,0,0
BRDA:531,25,1,0
BRF:47
BRH:9
end_of_record
TN:
SF:src\controllers\notificationController.js
FN:13,(anonymous_0)
FN:53,(anonymous_1)
FN:80,(anonymous_2)
FN:124,(anonymous_3)
FN:230,(anonymous_4)
FN:271,(anonymous_5)
FN:306,(anonymous_6)
FNF:7
FNH:0
FNDA:0,(anonymous_0)
FNDA:0,(anonymous_1)
FNDA:0,(anonymous_2)
FNDA:0,(anonymous_3)
FNDA:0,(anonymous_4)
FNDA:0,(anonymous_5)
FNDA:0,(anonymous_6)
DA:1,2
DA:2,2
DA:3,2
DA:13,2
DA:14,0
DA:15,0
DA:16,0
DA:18,0
DA:19,0
DA:25,0
DA:26,0
DA:32,0
DA:39,0
DA:42,0
DA:43,0
DA:53,2
DA:54,0
DA:55,0
DA:57,0
DA:58,0
DA:64,0
DA:66,0
DA:69,0
DA:70,0
DA:80,2
DA:81,0
DA:82,0
DA:84,0
DA:89,0
DA:91,0
DA:96,0
DA:101,0
DA:107,0
DA:113,0
DA:114,0
DA:124,2
DA:125,0
DA:126,0
DA:138,0
DA:140,0
DA:141,0
DA:142,0
DA:144,0
DA:145,0
DA:146,0
DA:147,0
DA:149,0
DA:150,0
DA:151,0
DA:152,0
DA:154,0
DA:155,0
DA:156,0
DA:157,0
DA:159,0
DA:160,0
DA:161,0
DA:162,0
DA:164,0
DA:165,0
DA:166,0
DA:167,0
DA:169,0
DA:170,0
DA:171,0
DA:172,0
DA:174,0
DA:175,0
DA:176,0
DA:177,0
DA:179,0
DA:180,0
DA:181,0
DA:182,0
DA:184,0
DA:185,0
DA:186,0
DA:187,0
DA:189,0
DA:190,0
DA:191,0
DA:192,0
DA:195,0
DA:196,0
DA:202,0
DA:204,0
DA:211,0
DA:213,0
DA:219,0
DA:220,0
DA:230,2
DA:231,0
DA:232,0
DA:233,0
DA:235,0
DA:253,0
DA:260,0
DA:261,0
DA:271,2
DA:272,0
DA:273,0
DA:275,0
DA:287,0
DA:295,0
DA:296,0
DA:306,2
DA:307,0
DA:308,0
DA:310,0
DA:317,0
DA:323,0
DA:324,0
DA:331,2
LF:113
LH:11
BRDA:18,0,0,0
BRDA:18,0,1,0
BRDA:25,1,0,0
BRDA:25,1,1,0
BRDA:57,2,0,0
BRDA:57,2,1,0
BRDA:89,3,0,0
BRDA:89,3,1,0
BRDA:144,4,0,0
BRDA:144,4,1,0
BRDA:149,5,0,0
BRDA:149,5,1,0
BRDA:154,6,0,0
BRDA:154,6,1,0
BRDA:159,7,0,0
BRDA:159,7,1,0
BRDA:164,8,0,0
BRDA:164,8,1,0
BRDA:169,9,0,0
BRDA:169,9,1,0
BRDA:174,10,0,0
BRDA:174,10,1,0
BRDA:179,11,0,0
BRDA:179,11,1,0
BRDA:184,12,0,0
BRDA:184,12,1,0
BRDA:189,13,0,0
BRDA:189,13,1,0
BRDA:195,14,0,0
BRDA:195,14,1,0
BRDA:233,15,0,0
BRDA:233,16,0,0
BRDA:289,17,0,0
BRDA:289,17,1,0
BRF:34
BRH:0
end_of_record
TN:
SF:src\controllers\nutritionController.js
FN:7,(anonymous_0)
FN:54,(anonymous_1)
FN:76,(anonymous_2)
FN:107,(anonymous_3)
FN:156,(anonymous_4)
FN:196,(anonymous_5)
FN:235,(anonymous_6)
FN:258,(anonymous_7)
FN:292,(anonymous_8)
FN:312,(anonymous_9)
FN:331,(anonymous_10)
FN:363,(anonymous_11)
FN:442,(anonymous_12)
FN:481,(anonymous_13)
FN:504,(anonymous_14)
FNF:15
FNH:13
FNDA:6,(anonymous_0)
FNDA:3,(anonymous_1)
FNDA:0,(anonymous_2)
FNDA:3,(anonymous_3)
FNDA:5,(anonymous_4)
FNDA:1,(anonymous_5)
FNDA:1,(anonymous_6)
FNDA:1,(anonymous_7)
FNDA:1,(anonymous_8)
FNDA:1,(anonymous_9)
FNDA:3,(anonymous_10)
FNDA:3,(anonymous_11)
FNDA:2,(anonymous_12)
FNDA:2,(anonymous_13)
FNDA:0,(anonymous_14)
DA:1,4
DA:2,4
DA:3,4
DA:4,4
DA:5,4
DA:7,4
DA:8,6
DA:13,6
DA:14,2
DA:17,4
DA:19,4
DA:46,4
DA:48,4
DA:54,4
DA:55,3
DA:56,3
DA:57,3
DA:59,2
DA:65,1
DA:66,1
DA:76,4
DA:77,0
DA:78,0
DA:79,0
DA:81,0
DA:82,0
DA:89,0
DA:96,0
DA:97,0
DA:107,4
DA:108,3
DA:110,3
DA:112,3
DA:132,2
DA:145,1
DA:146,1
DA:156,4
DA:157,5
DA:158,5
DA:161,5
DA:163,5
DA:164,2
DA:171,3
DA:172,1
DA:178,2
DA:185,0
DA:186,0
DA:196,4
DA:197,1
DA:198,1
DA:206,1
DA:207,0
DA:213,1
DA:215,1
DA:216,0
DA:222,1
DA:224,0
DA:225,0
DA:235,4
DA:236,1
DA:237,1
DA:239,1
DA:247,0
DA:248,0
DA:258,4
DA:259,1
DA:260,1
DA:262,1
DA:276,1
DA:281,0
DA:282,0
DA:292,4
DA:293,1
DA:294,1
DA:312,1
DA:320,0
DA:321,0
DA:331,4
DA:332,3
DA:333,3
DA:335,3
DA:346,2
DA:352,1
DA:353,1
DA:363,4
DA:364,3
DA:366,3
DA:371,3
DA:373,3
DA:376,3
DA:388,2
DA:391,2
DA:392,1
DA:399,1
DA:401,1
DA:402,1
DA:404,1
DA:417,2
DA:419,2
DA:421,2
DA:428,1
DA:429,1
DA:430,1
DA:435,3
DA:442,4
DA:443,2
DA:444,2
DA:445,2
DA:447,2
DA:463,2
DA:470,0
DA:471,0
DA:481,4
DA:482,2
DA:483,2
DA:485,2
DA:487,2
DA:493,0
DA:494,0
DA:504,4
DA:505,0
DA:506,0
DA:507,0
DA:510,0
DA:512,0
DA:513,0
DA:521,0
DA:527,0
DA:529,0
DA:535,0
DA:538,0
DA:539,0
LF:132
LH:96
BRDA:13,0,0,2
BRDA:13,0,1,4
BRDA:81,1,0,0
BRDA:81,1,1,0
BRDA:110,2,0,3
BRDA:110,2,1,1
BRDA:163,3,0,2
BRDA:163,3,1,3
BRDA:171,4,0,1
BRDA:171,4,1,2
BRDA:171,5,0,3
BRDA:171,5,1,1
BRDA:171,5,2,1
BRDA:181,6,0,2
BRDA:181,6,1,2
BRDA:206,7,0,0
BRDA:206,7,1,1
BRDA:215,8,0,0
BRDA:215,8,1,1
BRDA:512,9,0,0
BRDA:512,9,1,0
BRF:21
BRH:15
end_of_record
TN:
SF:src\controllers\orderController.js
FN:13,(anonymous_0)
FN:58,(anonymous_1)
FN:118,(anonymous_2)
FN:297,(anonymous_3)
FN:350,(anonymous_4)
FN:418,(anonymous_5)
FN:508,(anonymous_6)
FN:555,(anonymous_7)
FNF:8
FNH:3
FNDA:0,(anonymous_0)
FNDA:0,(anonymous_1)
FNDA:1,(anonymous_2)
FNDA:0,(anonymous_3)
FNDA:0,(anonymous_4)
FNDA:1,(anonymous_5)
FNDA:1,(anonymous_6)
FNDA:0,(anonymous_7)
DA:1,3
DA:2,3
DA:3,3
DA:13,3
DA:14,0
DA:15,0
DA:16,0
DA:18,0
DA:27,0
DA:28,0
DA:30,0
DA:31,0
DA:32,0
DA:33,0
DA:36,0
DA:37,0
DA:39,0
DA:41,0
DA:47,0
DA:48,0
DA:58,3
DA:59,0
DA:60,0
DA:61,0
DA:62,0
DA:65,0
DA:66,0
DA:69,0
DA:70,0
DA:71,0
DA:74,0
DA:76,0
DA:77,0
DA:83,0
DA:86,0
DA:98,0
DA:107,0
DA:108,0
DA:118,3
DA:119,1
DA:121,1
DA:122,1
DA:128,1
DA:131,1
DA:132,0
DA:138,1
DA:139,0
DA:145,1
DA:148,1
DA:149,1
DA:151,1
DA:153,1
DA:158,1
DA:159,0
DA:160,0
DA:166,1
DA:169,1
DA:170,0
DA:171,0
DA:177,1
DA:178,1
DA:180,1
DA:188,1
DA:195,1
DA:196,1
DA:197,1
DA:198,1
DA:201,1
DA:204,1
DA:228,1
DA:231,1
DA:232,1
DA:248,1
DA:249,1
DA:252,1
DA:274,1
DA:281,1
DA:284,0
DA:285,0
DA:286,0
DA:287,0
DA:297,3
DA:298,0
DA:299,0
DA:300,0
DA:302,0
DA:304,0
DA:305,0
DA:311,0
DA:323,0
DA:324,0
DA:330,0
DA:336,0
DA:339,0
DA:340,0
DA:350,3
DA:351,0
DA:352,0
DA:354,0
DA:366,0
DA:367,0
DA:369,0
DA:370,0
DA:371,0
DA:372,0
DA:375,0
DA:376,0
DA:377,0
DA:378,0
DA:381,0
DA:382,0
DA:383,0
DA:384,0
DA:387,0
DA:388,0
DA:390,0
DA:393,0
DA:394,0
DA:396,0
DA:407,0
DA:408,0
DA:418,3
DA:419,1
DA:421,1
DA:422,1
DA:423,1
DA:424,1
DA:425,1
DA:427,1
DA:430,1
DA:431,1
DA:434,1
DA:435,1
DA:436,1
DA:439,1
DA:441,1
DA:442,0
DA:443,0
DA:449,1
DA:452,1
DA:453,0
DA:454,0
DA:461,1
DA:466,1
DA:467,1
DA:474,1
DA:484,1
DA:485,1
DA:487,1
DA:492,1
DA:495,0
DA:496,0
DA:497,0
DA:498,0
DA:508,3
DA:509,1
DA:510,1
DA:511,1
DA:512,1
DA:514,1
DA:515,1
DA:517,1
DA:518,1
DA:519,1
DA:522,1
DA:524,1
DA:525,0
DA:531,1
DA:533,1
DA:544,0
DA:545,0
DA:555,3
DA:556,0
DA:558,0
DA:561,0
DA:568,0
DA:578,0
DA:594,0
DA:605,0
DA:606,0
DA:613,3
LF:181
LH:81
BRDA:16,0,0,0
BRDA:16,1,0,0
BRDA:30,2,0,0
BRDA:30,2,1,0
BRDA:69,3,0,0
BRDA:69,3,1,0
BRDA:76,4,0,0
BRDA:76,4,1,0
BRDA:126,5,0,1
BRDA:131,6,0,0
BRDA:131,6,1,1
BRDA:131,7,0,1
BRDA:131,7,1,1
BRDA:138,8,0,0
BRDA:138,8,1,1
BRDA:158,9,0,0
BRDA:158,9,1,1
BRDA:169,10,0,0
BRDA:169,10,1,1
BRDA:195,11,0,0
BRDA:195,11,1,1
BRDA:224,12,0,1
BRDA:224,12,1,1
BRDA:304,13,0,0
BRDA:304,13,1,0
BRDA:323,14,0,0
BRDA:323,14,1,0
BRDA:352,15,0,0
BRDA:352,16,0,0
BRDA:369,17,0,0
BRDA:369,17,1,0
BRDA:375,18,0,0
BRDA:375,18,1,0
BRDA:381,19,0,0
BRDA:381,19,1,0
BRDA:434,20,0,1
BRDA:434,20,1,0
BRDA:441,21,0,0
BRDA:441,21,1,1
BRDA:452,22,0,0
BRDA:452,22,1,1
BRDA:481,23,0,1
BRDA:481,23,1,0
BRDA:517,24,0,1
BRDA:517,24,1,0
BRDA:524,25,0,0
BRDA:524,25,1,1
BRF:47
BRH:16
end_of_record
TN:
SF:src\controllers\paymentController.js
FN:13,(anonymous_0)
FN:62,(anonymous_1)
FN:87,(anonymous_2)
FN:107,(anonymous_3)
FN:130,(anonymous_4)
FN:153,(anonymous_5)
FN:176,(anonymous_6)
FN:216,(anonymous_7)
FNF:8
FNH:1
FNDA:0,(anonymous_0)
FNDA:0,(anonymous_1)
FNDA:0,(anonymous_2)
FNDA:1,(anonymous_3)
FNDA:0,(anonymous_4)
FNDA:0,(anonymous_5)
FNDA:0,(anonymous_6)
FNDA:0,(anonymous_7)
DA:1,3
DA:2,3
DA:3,3
DA:13,3
DA:14,0
DA:15,0
DA:16,0
DA:19,0
DA:20,0
DA:21,0
DA:28,0
DA:29,0
DA:37,0
DA:39,0
DA:42,0
DA:45,0
DA:51,0
DA:52,0
DA:62,3
DA:63,0
DA:64,0
DA:68,0
DA:69,0
DA:71,0
DA:72,0
DA:75,0
DA:76,0
DA:77,0
DA:79,0
DA:80,0
DA:87,3
DA:88,0
DA:89,0
DA:92,0
DA:95,0
DA:97,0
DA:99,0
DA:100,0
DA:107,3
DA:108,1
DA:109,1
DA:111,1
DA:113,1
DA:119,0
DA:120,0
DA:130,3
DA:131,0
DA:132,0
DA:134,0
DA:136,0
DA:142,0
DA:143,0
DA:153,3
DA:154,0
DA:155,0
DA:157,0
DA:159,0
DA:165,0
DA:166,0
DA:176,3
DA:177,0
DA:178,0
DA:179,0
DA:182,0
DA:183,0
DA:192,0
DA:193,0
DA:195,0
DA:198,0
DA:205,0
DA:206,0
DA:216,3
DA:217,0
DA:218,0
DA:219,0
DA:222,0
DA:234,0
DA:235,0
DA:241,0
DA:244,0
DA:264,0
DA:270,0
DA:271,0
DA:278,3
LF:84
LH:16
BRDA:16,0,0,0
BRDA:16,1,0,0
BRDA:20,2,0,0
BRDA:20,2,1,0
BRDA:28,3,0,0
BRDA:28,3,1,0
BRDA:37,4,0,0
BRDA:37,4,1,0
BRDA:54,5,0,0
BRDA:54,5,1,0
BRDA:145,6,0,0
BRDA:145,6,1,0
BRDA:179,7,0,0
BRDA:179,8,0,0
BRDA:182,9,0,0
BRDA:182,9,1,0
BRDA:192,10,0,0
BRDA:192,10,1,0
BRDA:208,11,0,0
BRDA:208,11,1,0
BRDA:234,12,0,0
BRDA:234,12,1,0
BRDA:246,13,0,0
BRDA:246,13,1,0
BRF:24
BRH:0
end_of_record
TN:
SF:src\controllers\productController.js
FN:13,(anonymous_0)
FN:143,(anonymous_1)
FN:200,(anonymous_2)
FN:229,(anonymous_3)
FN:264,(anonymous_4)
FN:298,(anonymous_5)
FN:365,(anonymous_6)
FN:443,(anonymous_7)
FN:479,(anonymous_8)
FN:558,(anonymous_9)
FNF:10
FNH:5
FNDA:1,(anonymous_0)
FNDA:0,(anonymous_1)
FNDA:1,(anonymous_2)
FNDA:0,(anonymous_3)
FNDA:0,(anonymous_4)
FNDA:1,(anonymous_5)
FNDA:1,(anonymous_6)
FNDA:1,(anonymous_7)
FNDA:0,(anonymous_8)
FNDA:0,(anonymous_9)
DA:1,4
DA:2,4
DA:3,4
DA:13,4
DA:14,1
DA:26,1
DA:28,1
DA:38,1
DA:39,1
DA:42,1
DA:43,0
DA:49,0
DA:50,0
DA:54,1
DA:55,0
DA:56,0
DA:57,0
DA:61,1
DA:62,0
DA:63,0
DA:64,0
DA:67,1
DA:68,0
DA:69,0
DA:70,0
DA:74,1
DA:75,0
DA:76,0
DA:77,0
DA:81,1
DA:82,0
DA:85,1
DA:88,1
DA:89,1
DA:90,1
DA:92,1
DA:95,1
DA:96,1
DA:98,1
DA:101,1
DA:102,1
DA:103,1
DA:105,1
DA:106,0
DA:107,0
DA:108,0
DA:111,1
DA:112,0
DA:113,0
DA:114,0
DA:117,1
DA:118,1
DA:120,1
DA:132,0
DA:133,0
DA:143,4
DA:144,0
DA:145,0
DA:147,0
DA:159,0
DA:160,0
DA:167,0
DA:180,0
DA:189,0
DA:190,0
DA:200,4
DA:201,1
DA:202,1
DA:212,1
DA:218,0
DA:219,0
DA:229,4
DA:230,0
DA:231,0
DA:233,0
DA:247,0
DA:253,0
DA:254,0
DA:264,4
DA:265,0
DA:266,0
DA:267,0
DA:269,0
DA:282,0
DA:287,0
DA:288,0
DA:298,4
DA:299,1
DA:312,1
DA:315,1
DA:316,0
DA:322,1
DA:345,1
DA:351,1
DA:354,0
DA:355,0
DA:365,4
DA:366,1
DA:367,1
DA:380,1
DA:382,1
DA:416,1
DA:417,0
DA:423,1
DA:429,1
DA:432,0
DA:433,0
DA:443,4
DA:444,1
DA:445,1
DA:448,1
DA:453,1
DA:454,0
DA:460,1
DA:465,1
DA:468,0
DA:469,0
DA:479,4
DA:480,0
DA:481,0
DA:482,0
DA:483,0
DA:486,0
DA:487,0
DA:494,0
DA:499,0
DA:500,0
DA:507,0
DA:512,0
DA:514,0
DA:522,0
DA:530,0
DA:538,0
DA:544,0
DA:547,0
DA:548,0
DA:558,4
DA:559,0
DA:560,0
DA:561,0
DA:563,0
DA:564,0
DA:571,0
DA:572,0
DA:573,0
DA:574,0
DA:576,0
DA:579,0
DA:581,0
DA:582,0
DA:588,0
DA:594,0
DA:597,0
DA:598,0
DA:605,4
LF:155
LH:63
BRDA:22,0,0,1
BRDA:23,1,0,1
BRDA:24,2,0,1
BRDA:25,3,0,1
BRDA:42,4,0,0
BRDA:42,4,1,1
BRDA:54,5,0,0
BRDA:54,5,1,1
BRDA:61,6,0,0
BRDA:61,6,1,1
BRDA:67,7,0,0
BRDA:67,7,1,1
BRDA:74,8,0,0
BRDA:74,8,1,1
BRDA:81,9,0,0
BRDA:81,9,1,1
BRDA:89,10,0,1
BRDA:89,10,1,0
BRDA:90,11,0,0
BRDA:90,11,1,1
BRDA:105,12,0,0
BRDA:105,12,1,1
BRDA:111,13,0,0
BRDA:111,13,1,1
BRDA:159,14,0,0
BRDA:159,14,1,0
BRDA:231,15,0,0
BRDA:267,16,0,0
BRDA:267,17,0,0
BRDA:307,18,0,1
BRDA:310,19,0,1
BRDA:315,20,0,0
BRDA:315,20,1,1
BRDA:315,21,0,1
BRDA:315,21,1,1
BRDA:315,21,2,1
BRDA:332,22,0,1
BRDA:332,22,1,1
BRDA:333,23,0,1
BRDA:333,23,1,1
BRDA:334,24,0,1
BRDA:334,24,1,1
BRDA:334,24,2,1
BRDA:338,25,0,1
BRDA:338,25,1,1
BRDA:339,26,0,1
BRDA:339,26,1,1
BRDA:341,27,0,1
BRDA:341,27,1,1
BRDA:406,28,0,1
BRDA:406,28,1,0
BRDA:407,29,0,0
BRDA:407,29,1,1
BRDA:408,30,0,0
BRDA:408,30,1,1
BRDA:410,31,0,0
BRDA:410,31,1,1
BRDA:416,32,0,0
BRDA:416,32,1,1
BRDA:453,33,0,0
BRDA:453,33,1,1
BRDA:486,34,0,0
BRDA:486,34,1,0
BRDA:486,35,0,0
BRDA:486,35,1,0
BRDA:486,35,2,0
BRDA:499,36,0,0
BRDA:499,36,1,0
BRDA:512,37,0,0
BRDA:512,37,1,0
BRDA:561,38,0,0
BRDA:563,39,0,0
BRDA:563,39,1,0
BRDA:571,40,0,0
BRDA:571,40,1,0
BRDA:573,41,0,0
BRDA:573,41,1,0
BRDA:581,42,0,0
BRDA:581,42,1,0
BRF:79
BRH:39
end_of_record
TN:
SF:src\controllers\progressController.js
FN:9,(anonymous_0)
FN:33,(anonymous_1)
FN:99,(anonymous_2)
FN:175,(anonymous_3)
FNF:4
FNH:4
FNDA:2,(anonymous_0)
FNDA:2,(anonymous_1)
FNDA:2,(anonymous_2)
FNDA:2,(anonymous_3)
DA:1,4
DA:2,4
DA:9,4
DA:10,2
DA:11,2
DA:12,2
DA:20,2
DA:25,0
DA:26,0
DA:33,4
DA:34,2
DA:50,2
DA:52,2
DA:53,0
DA:59,2
DA:86,2
DA:91,0
DA:92,0
DA:99,4
DA:100,2
DA:101,2
DA:116,2
DA:118,2
DA:155,2
DA:156,0
DA:162,2
DA:167,0
DA:168,0
DA:175,4
DA:176,2
DA:177,2
DA:179,2
DA:184,2
DA:185,0
DA:191,2
DA:196,0
DA:197,0
LF:37
LH:26
BRDA:11,0,0,2
BRDA:11,1,0,2
BRDA:52,2,0,0
BRDA:52,2,1,2
BRDA:70,3,0,2
BRDA:70,3,1,0
BRDA:71,4,0,2
BRDA:71,4,1,2
BRDA:72,5,0,2
BRDA:72,5,1,2
BRDA:73,6,0,2
BRDA:73,6,1,2
BRDA:74,7,0,2
BRDA:74,7,1,2
BRDA:75,8,0,2
BRDA:75,8,1,2
BRDA:76,9,0,2
BRDA:76,9,1,2
BRDA:77,10,0,2
BRDA:77,10,1,2
BRDA:78,11,0,2
BRDA:78,11,1,2
BRDA:79,12,0,2
BRDA:79,12,1,2
BRDA:80,13,0,2
BRDA:80,13,1,2
BRDA:81,14,0,2
BRDA:81,14,1,2
BRDA:82,15,0,2
BRDA:82,15,1,2
BRDA:137,16,0,2
BRDA:137,16,1,0
BRDA:138,17,0,2
BRDA:138,17,1,2
BRDA:139,18,0,2
BRDA:139,18,1,2
BRDA:140,19,0,2
BRDA:140,19,1,2
BRDA:141,20,0,2
BRDA:141,20,1,2
BRDA:142,21,0,2
BRDA:142,21,1,2
BRDA:143,22,0,2
BRDA:143,22,1,2
BRDA:144,23,0,2
BRDA:144,23,1,2
BRDA:145,24,0,2
BRDA:145,24,1,2
BRDA:146,25,0,2
BRDA:146,25,1,2
BRDA:147,26,0,2
BRDA:147,26,1,2
BRDA:148,27,0,2
BRDA:148,27,1,2
BRDA:149,28,0,2
BRDA:149,28,1,2
BRDA:155,29,0,0
BRDA:155,29,1,2
BRDA:184,30,0,0
BRDA:184,30,1,2
BRF:60
BRH:55
end_of_record
TN:
SF:src\controllers\ratingController.js
FN:7,(anonymous_0)
FN:89,(anonymous_1)
FN:144,(anonymous_2)
FN:184,(anonymous_3)
FNF:4
FNH:4
FNDA:4,(anonymous_0)
FNDA:3,(anonymous_1)
FNDA:2,(anonymous_2)
FNDA:3,(anonymous_3)
DA:1,3
DA:2,3
DA:7,3
DA:8,4
DA:10,4
DA:11,4
DA:14,4
DA:15,1
DA:22,3
DA:23,3
DA:24,1
DA:30,2
DA:33,2
DA:40,1
DA:43,1
DA:50,1
DA:52,1
DA:60,1
DA:62,1
DA:64,1
DA:75,1
DA:76,1
DA:77,1
DA:82,4
DA:89,3
DA:90,3
DA:91,3
DA:92,3
DA:93,3
DA:96,3
DA:106,3
DA:108,3
DA:109,1
DA:110,1
DA:113,3
DA:114,3
DA:116,3
DA:119,2
DA:120,2
DA:122,2
DA:123,1
DA:124,1
DA:127,2
DA:128,2
DA:131,2
DA:140,2
DA:144,2
DA:145,2
DA:149,2
DA:154,2
DA:156,2
DA:173,1
DA:174,1
DA:184,3
DA:185,3
DA:186,3
DA:189,3
DA:190,1
DA:196,2
DA:211,2
DA:217,0
DA:218,0
LF:62
LH:60
BRDA:14,0,0,1
BRDA:14,0,1,3
BRDA:14,1,0,4
BRDA:14,1,1,4
BRDA:23,2,0,1
BRDA:23,2,1,2
BRDA:92,3,0,2
BRDA:92,4,0,2
BRDA:108,5,0,1
BRDA:108,5,1,2
BRDA:122,6,0,1
BRDA:122,6,1,1
BRDA:154,7,0,2
BRDA:154,7,1,0
BRDA:166,8,0,2
BRDA:166,8,1,1
BRDA:167,9,0,2
BRDA:167,9,1,1
BRDA:189,10,0,1
BRDA:189,10,1,2
BRDA:189,11,0,3
BRDA:189,11,1,2
BRF:22
BRH:21
end_of_record
TN:
SF:src\controllers\settingsController.js
FN:8,(anonymous_0)
FN:59,(anonymous_1)
FN:157,(anonymous_2)
FN:209,(anonymous_3)
FN:275,(anonymous_4)
FN:317,(anonymous_5)
FN:381,(anonymous_6)
FNF:7
FNH:0
FNDA:0,(anonymous_0)
FNDA:0,(anonymous_1)
FNDA:0,(anonymous_2)
FNDA:0,(anonymous_3)
FNDA:0,(anonymous_4)
FNDA:0,(anonymous_5)
FNDA:0,(anonymous_6)
DA:1,4
DA:2,4
DA:3,4
DA:8,4
DA:9,0
DA:10,0
DA:12,0
DA:35,0
DA:36,0
DA:42,0
DA:48,0
DA:49,0
DA:59,4
DA:60,0
DA:61,0
DA:79,0
DA:81,0
DA:139,0
DA:146,0
DA:147,0
DA:157,4
DA:158,0
DA:159,0
DA:162,0
DA:167,0
DA:168,0
DA:174,0
DA:185,0
DA:186,0
DA:192,0
DA:198,0
DA:199,0
DA:209,4
DA:210,0
DA:211,0
DA:220,0
DA:223,0
DA:228,0
DA:229,0
DA:235,0
DA:250,0
DA:251,0
DA:257,0
DA:264,0
DA:265,0
DA:275,4
DA:276,0
DA:277,0
DA:279,0
DA:293,0
DA:294,0
DA:300,0
DA:306,0
DA:307,0
DA:317,4
DA:318,0
DA:319,0
DA:320,0
DA:322,0
DA:323,0
DA:330,0
DA:335,0
DA:336,0
DA:343,0
DA:344,0
DA:346,0
DA:347,0
DA:354,0
DA:357,0
DA:362,0
DA:364,0
DA:370,0
DA:371,0
DA:381,4
DA:382,0
DA:383,0
DA:384,0
DA:386,0
DA:387,0
DA:394,0
DA:399,0
DA:400,0
DA:406,0
DA:407,0
DA:409,0
DA:410,0
DA:417,0
DA:426,0
DA:428,0
DA:434,0
DA:435,0
DA:442,4
LF:92
LH:11
BRDA:35,0,0,0
BRDA:35,0,1,0
BRDA:167,1,0,0
BRDA:167,1,1,0
BRDA:167,2,0,0
BRDA:167,2,1,0
BRDA:185,3,0,0
BRDA:185,3,1,0
BRDA:228,4,0,0
BRDA:228,4,1,0
BRDA:228,5,0,0
BRDA:228,5,1,0
BRDA:250,6,0,0
BRDA:250,6,1,0
BRDA:293,7,0,0
BRDA:293,7,1,0
BRDA:322,8,0,0
BRDA:322,8,1,0
BRDA:322,9,0,0
BRDA:322,9,1,0
BRDA:335,10,0,0
BRDA:335,10,1,0
BRDA:346,11,0,0
BRDA:346,11,1,0
BRDA:386,12,0,0
BRDA:386,12,1,0
BRDA:399,13,0,0
BRDA:399,13,1,0
BRDA:409,14,0,0
BRDA:409,14,1,0
BRF:30
BRH:0
end_of_record
TN:
SF:src\controllers\storeController.js
FN:9,(anonymous_0)
FN:43,(anonymous_1)
FN:70,(anonymous_2)
FNF:3
FNH:3
FNDA:1,(anonymous_0)
FNDA:1,(anonymous_1)
FNDA:1,(anonymous_2)
DA:1,3
DA:2,3
DA:9,3
DA:10,1
DA:11,1
DA:12,1
DA:14,1
DA:19,1
DA:20,0
DA:26,1
DA:27,1
DA:29,1
DA:35,0
DA:36,0
DA:43,3
DA:44,1
DA:45,1
DA:46,1
DA:47,1
DA:49,1
DA:51,1
DA:52,1
DA:55,1
DA:62,0
DA:63,0
DA:70,3
DA:71,1
DA:72,1
DA:73,1
DA:74,1
DA:75,1
DA:77,1
DA:82,0
DA:83,0
LF:34
LH:27
BRDA:12,0,0,0
BRDA:19,1,0,0
BRDA:19,1,1,1
BRDA:19,2,0,1
BRDA:19,2,1,1
BRDA:26,3,0,1
BRDA:26,3,1,0
BRDA:27,4,0,1
BRDA:27,4,1,0
BRDA:46,5,0,1
BRDA:46,5,1,0
BRDA:47,6,0,1
BRDA:47,6,1,0
BRDA:51,7,0,1
BRDA:51,7,1,0
BRDA:72,8,0,0
BRF:16
BRH:8
end_of_record
TN:
SF:src\controllers\userController.js
FN:11,(anonymous_0)
FN:65,(anonymous_1)
FN:146,(anonymous_2)
FN:168,(anonymous_3)
FN:179,(anonymous_4)
FN:192,(anonymous_5)
FN:233,(anonymous_6)
FN:294,(anonymous_7)
FN:302,(anonymous_8)
FN:371,(anonymous_9)
FN:427,(anonymous_10)
FN:476,(anonymous_11)
FN:534,(anonymous_12)
FN:569,(anonymous_13)
FNF:14
FNH:5
FNDA:0,(anonymous_0)
FNDA:1,(anonymous_1)
FNDA:0,(anonymous_2)
FNDA:2,(anonymous_3)
FNDA:2,(anonymous_4)
FNDA:2,(anonymous_5)
FNDA:2,(anonymous_6)
FNDA:0,(anonymous_7)
FNDA:0,(anonymous_8)
FNDA:0,(anonymous_9)
FNDA:0,(anonymous_10)
FNDA:0,(anonymous_11)
FNDA:0,(anonymous_12)
FNDA:0,(anonymous_13)
DA:1,5
DA:2,5
DA:3,5
DA:4,5
DA:5,5
DA:6,5
DA:11,5
DA:12,0
DA:13,0
DA:16,0
DA:17,0
DA:23,0
DA:38,0
DA:39,0
DA:45,0
DA:46,0
DA:48,0
DA:54,0
DA:55,0
DA:65,5
DA:66,1
DA:67,1
DA:68,1
DA:69,0
DA:72,1
DA:75,1
DA:76,0
DA:93,1
DA:95,1
DA:125,1
DA:126,1
DA:128,1
DA:135,0
DA:136,0
DA:146,5
DA:147,0
DA:148,0
DA:149,0
DA:151,0
DA:152,0
DA:158,0
DA:160,0
DA:161,0
DA:168,5
DA:169,2
DA:176,2
DA:179,5
DA:180,2
DA:186,2
DA:192,5
DA:193,2
DA:194,2
DA:195,2
DA:197,2
DA:198,0
DA:204,2
DA:210,2
DA:212,2
DA:213,2
DA:219,2
DA:220,2
DA:222,0
DA:223,0
DA:233,5
DA:234,2
DA:235,2
DA:243,2
DA:245,2
DA:253,2
DA:255,2
DA:256,2
DA:263,2
DA:271,2
DA:272,2
DA:274,0
DA:276,0
DA:277,0
DA:284,0
DA:294,5
DA:295,0
DA:296,0
DA:302,5
DA:303,0
DA:304,0
DA:305,0
DA:307,0
DA:308,0
DA:314,0
DA:315,0
DA:316,0
DA:317,0
DA:320,0
DA:321,0
DA:333,0
DA:334,0
DA:335,0
DA:338,0
DA:339,0
DA:340,0
DA:342,0
DA:343,0
DA:344,0
DA:346,0
DA:347,0
DA:348,0
DA:351,0
DA:353,0
DA:355,0
DA:360,0
DA:361,0
DA:371,5
DA:372,0
DA:373,0
DA:374,0
DA:375,0
DA:386,0
DA:388,0
DA:404,0
DA:405,0
DA:407,0
DA:409,0
DA:416,0
DA:417,0
DA:427,5
DA:428,0
DA:436,0
DA:438,0
DA:453,0
DA:454,0
DA:456,0
DA:458,0
DA:465,0
DA:466,0
DA:476,5
DA:477,0
DA:478,0
DA:481,0
DA:482,0
DA:488,0
DA:493,0
DA:494,0
DA:500,0
DA:503,0
DA:507,0
DA:511,0
DA:523,0
DA:524,0
DA:534,5
DA:535,0
DA:537,0
DA:542,0
DA:543,0
DA:549,0
DA:551,0
DA:558,0
DA:559,0
DA:569,5
DA:570,0
DA:571,0
DA:574,0
DA:575,0
DA:583,0
DA:585,0
DA:590,0
DA:597,0
DA:598,0
LF:166
LH:54
BRDA:16,0,0,0
BRDA:16,0,1,0
BRDA:16,1,0,0
BRDA:16,1,1,0
BRDA:16,1,2,0
BRDA:38,2,0,0
BRDA:38,2,1,0
BRDA:68,3,0,0
BRDA:68,3,1,1
BRDA:75,4,0,0
BRDA:75,4,1,1
BRDA:75,5,0,1
BRDA:75,5,1,0
BRDA:151,6,0,0
BRDA:151,6,1,0
BRDA:176,7,0,2
BRDA:176,7,1,0
BRDA:186,8,0,2
BRDA:186,8,1,0
BRDA:197,9,0,0
BRDA:197,9,1,2
BRDA:197,10,0,2
BRDA:197,10,1,2
BRDA:212,11,0,2
BRDA:212,11,1,0
BRDA:225,12,0,0
BRDA:225,12,1,0
BRDA:250,13,0,2
BRDA:250,13,1,0
BRDA:255,14,0,2
BRDA:255,14,1,0
BRDA:276,15,0,0
BRDA:276,15,1,0
BRDA:276,16,0,0
BRDA:276,16,1,0
BRDA:286,17,0,0
BRDA:286,17,1,0
BRDA:307,18,0,0
BRDA:307,18,1,0
BRDA:307,19,0,0
BRDA:307,19,1,0
BRDA:307,19,2,0
BRDA:315,20,0,0
BRDA:315,20,1,0
BRDA:317,21,0,0
BRDA:317,21,1,0
BRDA:333,22,0,0
BRDA:333,22,1,0
BRDA:338,23,0,0
BRDA:338,23,1,0
BRDA:342,24,0,0
BRDA:342,24,1,0
BRDA:346,25,0,0
BRDA:346,25,1,0
BRDA:374,26,0,0
BRDA:374,26,1,0
BRDA:401,27,0,0
BRDA:401,27,1,0
BRDA:450,28,0,0
BRDA:450,28,1,0
BRDA:450,29,0,0
BRDA:450,29,1,0
BRDA:450,30,0,0
BRDA:450,30,1,0
BRDA:481,31,0,0
BRDA:481,31,1,0
BRDA:481,32,0,0
BRDA:481,32,1,0
BRDA:493,33,0,0
BRDA:493,33,1,0
BRDA:503,34,0,0
BRDA:503,34,1,0
BRDA:507,35,0,0
BRDA:507,35,1,0
BRDA:542,36,0,0
BRDA:542,36,1,0
BRDA:574,37,0,0
BRDA:574,37,1,0
BRF:78
BRH:11
end_of_record
TN:
SF:src\controllers\videoCallController.js
FN:13,(anonymous_0)
FN:67,(anonymous_1)
FN:91,(anonymous_2)
FN:119,(anonymous_3)
FN:143,(anonymous_4)
FNF:5
FNH:1
FNDA:0,(anonymous_0)
FNDA:0,(anonymous_1)
FNDA:0,(anonymous_2)
FNDA:1,(anonymous_3)
FNDA:0,(anonymous_4)
DA:1,3
DA:2,3
DA:3,3
DA:13,3
DA:14,0
DA:15,0
DA:16,0
DA:19,0
DA:21,0
DA:22,0
DA:31,0
DA:34,0
DA:35,0
DA:36,0
DA:38,0
DA:53,0
DA:56,0
DA:57,0
DA:67,3
DA:68,0
DA:69,0
DA:70,0
DA:72,0
DA:74,0
DA:80,0
DA:81,0
DA:91,3
DA:92,0
DA:93,0
DA:94,0
DA:95,0
DA:97,0
DA:99,0
DA:105,0
DA:108,0
DA:109,0
DA:119,3
DA:120,1
DA:121,1
DA:122,1
DA:124,1
DA:126,1
DA:132,0
DA:133,0
DA:143,3
DA:144,0
DA:145,0
DA:146,0
DA:148,0
DA:161,0
DA:162,0
DA:168,0
DA:171,0
DA:172,0
DA:178,0
DA:191,0
DA:192,0
DA:199,3
LF:58
LH:14
BRDA:21,0,0,0
BRDA:21,0,1,0
BRDA:35,1,0,0
BRDA:35,1,1,0
BRDA:36,2,0,0
BRDA:36,2,1,0
BRDA:47,3,0,0
BRDA:47,3,1,0
BRDA:59,4,0,0
BRDA:59,4,1,0
BRDA:83,5,0,0
BRDA:83,5,1,0
BRDA:111,6,0,0
BRDA:111,6,1,0
BRDA:161,7,0,0
BRDA:161,7,1,0
BRDA:171,8,0,0
BRDA:171,8,1,0
BRDA:171,9,0,0
BRDA:171,9,1,0
BRF:20
BRH:0
end_of_record
TN:
SF:src\controllers\workoutController.js
FN:10,(anonymous_0)
FN:32,(anonymous_1)
FN:88,(anonymous_2)
FN:106,(anonymous_3)
FN:138,(anonymous_4)
FN:167,(anonymous_5)
FN:205,(anonymous_6)
FN:234,(anonymous_7)
FN:260,(anonymous_8)
FN:299,(anonymous_9)
FN:332,(anonymous_10)
FN:409,(anonymous_11)
FN:427,(anonymous_12)
FN:449,(anonymous_13)
FN:526,(anonymous_14)
FN:561,(anonymous_15)
FN:594,(anonymous_16)
FN:704,(anonymous_17)
FN:793,(anonymous_18)
FN:828,(anonymous_19)
FN:851,(anonymous_20)
FN:881,(anonymous_21)
FN:912,(anonymous_22)
FN:942,(anonymous_23)
FNF:24
FNH:4
FNDA:1,(anonymous_0)
FNDA:1,(anonymous_1)
FNDA:1,(anonymous_2)
FNDA:0,(anonymous_3)
FNDA:0,(anonymous_4)
FNDA:0,(anonymous_5)
FNDA:0,(anonymous_6)
FNDA:0,(anonymous_7)
FNDA:1,(anonymous_8)
FNDA:0,(anonymous_9)
FNDA:0,(anonymous_10)
FNDA:0,(anonymous_11)
FNDA:0,(anonymous_12)
FNDA:0,(anonymous_13)
FNDA:0,(anonymous_14)
FNDA:0,(anonymous_15)
FNDA:0,(anonymous_16)
FNDA:0,(anonymous_17)
FNDA:0,(anonymous_18)
FNDA:0,(anonymous_19)
FNDA:0,(anonymous_20)
FNDA:0,(anonymous_21)
FNDA:0,(anonymous_22)
FNDA:0,(anonymous_23)
DA:1,3
DA:2,3
DA:3,3
DA:4,3
DA:5,3
DA:6,3
DA:7,3
DA:8,3
DA:10,3
DA:11,1
DA:12,1
DA:13,1
DA:14,1
DA:15,1
DA:17,0
DA:32,3
DA:33,1
DA:38,1
DA:39,0
DA:42,1
DA:44,1
DA:88,1
DA:89,1
DA:90,1
DA:100,1
DA:106,3
DA:107,0
DA:108,0
DA:110,0
DA:111,0
DA:112,0
DA:113,0
DA:114,0
DA:115,0
DA:117,0
DA:121,0
DA:127,0
DA:128,0
DA:138,3
DA:139,0
DA:140,0
DA:142,0
DA:144,0
DA:145,0
DA:151,0
DA:156,0
DA:157,0
DA:167,3
DA:168,0
DA:169,0
DA:170,0
DA:171,0
DA:173,0
DA:174,0
DA:180,0
DA:187,0
DA:194,0
DA:195,0
DA:205,3
DA:206,0
DA:207,0
DA:209,0
DA:211,0
DA:212,0
DA:218,0
DA:223,0
DA:224,0
DA:234,3
DA:235,0
DA:236,0
DA:243,0
DA:249,0
DA:250,0
DA:260,3
DA:261,1
DA:262,1
DA:270,1
DA:271,0
DA:277,1
DA:279,1
DA:280,0
DA:286,1
DA:288,0
DA:289,0
DA:299,3
DA:300,0
DA:301,0
DA:303,0
DA:316,0
DA:321,0
DA:322,0
DA:332,3
DA:333,0
DA:335,0
DA:336,0
DA:338,0
DA:339,0
DA:345,0
DA:347,0
DA:352,0
DA:353,0
DA:354,0
DA:360,0
DA:362,0
DA:388,0
DA:390,0
DA:395,0
DA:396,0
DA:397,0
DA:402,0
DA:409,3
DA:410,0
DA:411,0
DA:416,0
DA:417,0
DA:427,3
DA:428,0
DA:429,0
DA:436,0
DA:438,0
DA:439,0
DA:449,3
DA:450,0
DA:451,0
DA:454,0
DA:459,0
DA:460,0
DA:466,0
DA:469,0
DA:470,0
DA:477,0
DA:507,0
DA:509,0
DA:515,0
DA:516,0
DA:526,3
DA:527,0
DA:528,0
DA:530,0
DA:544,0
DA:550,0
DA:551,0
DA:561,3
DA:562,0
DA:563,0
DA:565,0
DA:570,0
DA:571,0
DA:577,0
DA:583,0
DA:584,0
DA:594,3
DA:595,0
DA:597,0
DA:598,0
DA:599,0
DA:601,0
DA:604,0
DA:609,0
DA:612,0
DA:617,0
DA:618,0
DA:619,0
DA:625,0
DA:628,0
DA:639,0
DA:641,0
DA:642,0
DA:643,0
DA:650,0
DA:653,0
DA:672,0
DA:674,0
DA:676,0
DA:690,0
DA:691,0
DA:692,0
DA:697,0
DA:704,3
DA:705,0
DA:707,0
DA:708,0
DA:710,0
DA:713,0
DA:720,0
DA:723,0
DA:724,0
DA:725,0
DA:731,0
DA:733,0
DA:736,0
DA:737,0
DA:744,0
DA:746,0
DA:747,0
DA:749,0
DA:768,0
DA:770,0
DA:772,0
DA:779,0
DA:780,0
DA:781,0
DA:786,0
DA:793,3
DA:794,0
DA:795,0
DA:796,0
DA:798,0
DA:810,0
DA:817,0
DA:818,0
DA:828,3
DA:829,0
DA:830,0
DA:832,0
DA:834,0
DA:840,0
DA:841,0
DA:851,3
DA:852,0
DA:853,0
DA:854,0
DA:855,0
DA:857,0
DA:863,0
DA:870,0
DA:871,0
DA:881,3
DA:882,0
DA:883,0
DA:884,0
DA:885,0
DA:887,0
DA:894,0
DA:901,0
DA:902,0
DA:912,3
DA:913,0
DA:914,0
DA:915,0
DA:916,0
DA:918,0
DA:924,0
DA:931,0
DA:932,0
DA:942,3
DA:943,0
DA:944,0
DA:945,0
DA:946,0
DA:948,0
DA:954,0
DA:961,0
DA:962,0
LF:254
LH:50
BRDA:11,0,0,0
BRDA:11,0,1,1
BRDA:12,1,0,1
BRDA:12,1,1,0
BRDA:12,1,2,0
BRDA:13,2,0,0
BRDA:13,2,1,1
BRDA:15,3,0,1
BRDA:15,3,1,0
BRDA:19,4,0,0
BRDA:19,4,1,0
BRDA:19,4,2,0
BRDA:20,5,0,0
BRDA:20,5,1,0
BRDA:20,5,2,0
BRDA:20,5,3,0
BRDA:21,6,0,0
BRDA:21,6,1,0
BRDA:21,6,2,0
BRDA:21,6,3,0
BRDA:22,7,0,0
BRDA:22,7,1,0
BRDA:23,8,0,0
BRDA:23,8,1,0
BRDA:24,9,0,0
BRDA:24,9,1,0
BRDA:25,10,0,0
BRDA:25,10,1,0
BRDA:25,11,0,0
BRDA:25,11,1,0
BRDA:26,12,0,0
BRDA:26,12,1,0
BRDA:26,13,0,0
BRDA:26,13,1,0
BRDA:27,14,0,0
BRDA:27,14,1,0
BRDA:28,15,0,0
BRDA:28,15,1,0
BRDA:38,16,0,0
BRDA:38,16,1,1
BRDA:89,17,0,1
BRDA:89,17,1,0
BRDA:111,18,0,0
BRDA:111,18,1,0
BRDA:112,19,0,0
BRDA:112,19,1,0
BRDA:113,20,0,0
BRDA:113,20,1,0
BRDA:114,21,0,0
BRDA:114,21,1,0
BRDA:115,22,0,0
BRDA:115,22,1,0
BRDA:117,23,0,0
BRDA:117,23,1,0
BRDA:144,24,0,0
BRDA:144,24,1,0
BRDA:170,25,0,0
BRDA:170,25,1,0
BRDA:171,26,0,0
BRDA:171,26,1,0
BRDA:173,27,0,0
BRDA:173,27,1,0
BRDA:184,28,0,0
BRDA:184,28,1,0
BRDA:197,29,0,0
BRDA:197,29,1,0
BRDA:207,30,0,0
BRDA:207,30,1,0
BRDA:211,31,0,0
BRDA:211,31,1,0
BRDA:270,32,0,0
BRDA:270,32,1,1
BRDA:279,33,0,0
BRDA:279,33,1,1
BRDA:338,34,0,0
BRDA:338,34,1,0
BRDA:338,35,0,0
BRDA:338,35,1,0
BRDA:352,36,0,0
BRDA:352,36,1,0
BRDA:379,37,0,0
BRDA:379,37,1,0
BRDA:379,37,2,0
BRDA:379,37,3,0
BRDA:380,38,0,0
BRDA:380,38,1,0
BRDA:459,39,0,0
BRDA:459,39,1,0
BRDA:469,40,0,0
BRDA:469,40,1,0
BRDA:469,41,0,0
BRDA:469,41,1,0
BRDA:469,41,2,0
BRDA:570,42,0,0
BRDA:570,42,1,0
BRDA:609,43,0,0
BRDA:609,43,1,0
BRDA:617,44,0,0
BRDA:617,44,1,0
BRDA:636,45,0,0
BRDA:636,45,1,0
BRDA:641,46,0,0
BRDA:641,46,1,0
BRDA:664,47,0,0
BRDA:664,47,1,0
BRDA:664,47,2,0
BRDA:665,48,0,0
BRDA:665,48,1,0
BRDA:731,49,0,0
BRDA:731,49,1,0
BRDA:756,50,0,0
BRDA:756,50,1,0
BRDA:759,51,0,0
BRDA:759,51,1,0
BRDA:759,52,0,0
BRDA:759,52,1,0
BRDA:873,53,0,0
BRDA:873,53,1,0
BRDA:904,54,0,0
BRDA:904,54,1,0
BRDA:934,55,0,0
BRDA:934,55,1,0
BRDA:946,56,0,0
BRDA:946,56,1,0
BRF:124
BRH:8
end_of_record
TN:
SF:src\database\index.js
FN:17,(anonymous_0)
FN:21,(anonymous_1)
FN:26,(anonymous_2)
FN:27,(anonymous_3)
FN:28,(anonymous_4)
FNF:5
FNH:1
FNDA:0,(anonymous_0)
FNDA:0,(anonymous_1)
FNDA:0,(anonymous_2)
FNDA:0,(anonymous_3)
FNDA:7,(anonymous_4)
DA:1,22
DA:2,22
DA:4,22
DA:17,22
DA:18,0
DA:21,22
DA:22,0
DA:25,22
DA:26,0
DA:27,0
DA:28,7
LF:11
LH:7
BRDA:5,0,0,22
BRDA:5,0,1,0
BRDA:6,1,0,22
BRDA:6,1,1,0
BRDA:7,2,0,22
BRDA:7,2,1,0
BRDA:8,3,0,22
BRDA:8,3,1,0
BRDA:10,4,0,22
BRDA:10,4,1,22
BRDA:11,5,0,22
BRDA:11,5,1,22
BRF:12
BRH:8
end_of_record
TN:
SF:src\database\migrate.js
FN:10,migrate
FN:41,(anonymous_1)
FN:57,(anonymous_2)
FN:61,(anonymous_3)
FNF:4
FNH:0
FNDA:0,migrate
FNDA:0,(anonymous_1)
FNDA:0,(anonymous_2)
FNDA:0,(anonymous_3)
DA:1,0
DA:2,0
DA:3,0
DA:4,0
DA:5,0
DA:11,0
DA:13,0
DA:14,0
DA:17,0
DA:18,0
DA:21,0
DA:23,0
DA:24,0
DA:25,0
DA:26,0
DA:27,0
DA:28,0
DA:29,0
DA:32,0
DA:40,0
DA:41,0
DA:42,0
DA:46,0
DA:47,0
DA:49,0
DA:50,0
DA:55,0
DA:56,0
DA:58,0
DA:59,0
DA:62,0
DA:63,0
DA:67,0
LF:33
LH:0
BRDA:55,0,0,0
BRDA:55,0,1,0
BRF:2
BRH:0
end_of_record
TN:
SF:src\database\reset.js
FN:10,reset
FN:17,(anonymous_1)
FN:52,(anonymous_2)
FN:56,(anonymous_3)
FNF:4
FNH:0
FNDA:0,reset
FNDA:0,(anonymous_1)
FNDA:0,(anonymous_2)
FNDA:0,(anonymous_3)
DA:1,0
DA:2,0
DA:3,0
DA:4,0
DA:5,0
DA:11,0
DA:13,0
DA:14,0
DA:15,0
DA:17,0
DA:19,0
DA:22,0
DA:29,0
DA:32,0
DA:33,0
DA:35,0
DA:39,0
DA:40,0
DA:43,0
DA:44,0
DA:46,0
DA:50,0
DA:51,0
DA:53,0
DA:54,0
DA:57,0
DA:58,0
DA:62,0
LF:28
LH:0
BRDA:50,0,0,0
BRDA:50,0,1,0
BRF:2
BRH:0
end_of_record
TN:
SF:src\database\seed.js
FN:9,seed
FN:244,(anonymous_1)
FN:248,(anonymous_2)
FNF:3
FNH:0
FNDA:0,seed
FNDA:0,(anonymous_1)
FNDA:0,(anonymous_2)
DA:1,0
DA:2,0
DA:3,0
DA:4,0
DA:10,0
DA:12,0
DA:13,0
DA:15,0
DA:17,0
DA:18,0
DA:21,0
DA:22,0
DA:31,0
DA:32,0
DA:35,0
DA:36,0
DA:37,0
DA:38,0
DA:47,0
DA:49,0
DA:66,0
DA:68,0
DA:71,0
DA:72,0
DA:73,0
DA:74,0
DA:75,0
DA:88,0
DA:90,0
DA:93,0
DA:94,0
DA:169,0
DA:170,0
DA:171,0
DA:185,0
DA:187,0
DA:190,0
DA:191,0
DA:199,0
DA:200,0
DA:212,0
DA:214,0
DA:216,0
DA:217,0
DA:218,0
DA:219,0
DA:220,0
DA:221,0
DA:222,0
DA:224,0
DA:225,0
DA:226,0
DA:227,0
DA:228,0
DA:229,0
DA:232,0
DA:233,0
DA:234,0
DA:236,0
DA:237,0
DA:242,0
DA:243,0
DA:245,0
DA:246,0
DA:249,0
DA:250,0
DA:254,0
LF:67
LH:0
BRDA:74,0,0,0
BRDA:74,0,1,0
BRDA:74,1,0,0
BRDA:74,1,1,0
BRDA:242,2,0,0
BRDA:242,2,1,0
BRF:6
BRH:0
end_of_record
TN:
SF:src\middleware\auth.js
FN:8,(anonymous_0)
FN:73,(anonymous_1)
FN:74,(anonymous_2)
FN:96,(anonymous_3)
FN:97,(anonymous_4)
FN:120,(anonymous_5)
FN:170,(anonymous_6)
FN:220,(anonymous_7)
FNF:8
FNH:7
FNDA:24,(anonymous_0)
FNDA:120,(anonymous_1)
FNDA:7,(anonymous_2)
FNDA:6,(anonymous_3)
FNDA:2,(anonymous_4)
FNDA:5,(anonymous_5)
FNDA:0,(anonymous_6)
FNDA:4,(anonymous_7)
DA:1,6
DA:2,6
DA:3,6
DA:8,6
DA:9,24
DA:11,24
DA:13,24
DA:14,3
DA:20,21
DA:23,21
DA:26,19
DA:31,19
DA:32,2
DA:39,17
DA:45,17
DA:48,2
DA:49,1
DA:55,1
DA:56,1
DA:62,0
DA:63,0
DA:73,6
DA:74,120
DA:75,7
DA:76,0
DA:82,7
DA:83,2
DA:89,5
DA:96,6
DA:97,6
DA:98,2
DA:99,0
DA:105,2
DA:106,1
DA:113,1
DA:120,6
DA:121,5
DA:122,5
DA:127,4
DA:128,0
DA:134,4
DA:137,4
DA:143,4
DA:146,4
DA:147,1
DA:156,3
DA:159,1
DA:160,1
DA:170,6
DA:171,0
DA:172,0
DA:177,0
DA:178,0
DA:184,0
DA:187,0
DA:193,0
DA:196,0
DA:197,0
DA:206,0
DA:209,0
DA:210,0
DA:220,6
DA:221,4
DA:222,4
DA:232,4
DA:233,0
DA:239,4
DA:242,4
DA:243,1
DA:247,3
DA:248,3
DA:249,1
DA:258,2
DA:259,2
DA:260,2
DA:262,2
DA:264,1
DA:269,1
DA:278,1
DA:279,1
DA:283,0
DA:289,0
DA:290,0
LF:83
LH:62
BRDA:13,0,0,3
BRDA:13,0,1,21
BRDA:13,1,0,24
BRDA:13,1,1,21
BRDA:31,2,0,2
BRDA:31,2,1,17
BRDA:31,3,0,19
BRDA:31,3,1,18
BRDA:48,4,0,1
BRDA:48,4,1,1
BRDA:55,5,0,1
BRDA:55,5,1,0
BRDA:75,6,0,0
BRDA:75,6,1,7
BRDA:82,7,0,2
BRDA:82,7,1,5
BRDA:98,8,0,0
BRDA:98,8,1,2
BRDA:105,9,0,1
BRDA:105,9,1,1
BRDA:127,10,0,0
BRDA:127,10,1,4
BRDA:146,11,0,1
BRDA:146,11,1,3
BRDA:146,12,0,4
BRDA:146,12,1,4
BRDA:177,13,0,0
BRDA:177,13,1,0
BRDA:196,14,0,0
BRDA:196,14,1,0
BRDA:232,15,0,0
BRDA:232,15,1,4
BRDA:242,16,0,1
BRDA:242,16,1,3
BRDA:242,17,0,4
BRDA:242,17,1,3
BRDA:247,18,0,3
BRDA:247,18,1,0
BRDA:248,19,0,1
BRDA:248,19,1,2
BRDA:262,20,0,1
BRDA:262,20,1,1
BRF:42
BRH:32
end_of_record
TN:
SF:src\middleware\chatAttachmentControl.js
FN:8,checkAttachmentPermission
FN:60,checkAttachmentSize
FNF:2
FNH:0
FNDA:0,checkAttachmentPermission
FNDA:0,checkAttachmentSize
DA:1,2
DA:9,0
DA:10,0
DA:13,0
DA:14,0
DA:18,0
DA:21,0
DA:23,0
DA:24,0
DA:36,0
DA:37,0
DA:38,0
DA:46,0
DA:49,0
DA:50,0
DA:61,0
DA:62,0
DA:65,0
DA:70,0
DA:72,0
DA:73,0
DA:82,0
DA:85,2
LF:23
LH:2
BRDA:13,0,0,0
BRDA:13,0,1,0
BRDA:13,1,0,0
BRDA:13,1,1,0
BRDA:18,2,0,0
BRDA:18,2,1,0
BRDA:23,3,0,0
BRDA:23,3,1,0
BRDA:37,4,0,0
BRDA:37,4,1,0
BRDA:37,5,0,0
BRDA:37,5,1,0
BRDA:37,5,2,0
BRDA:61,6,0,0
BRDA:61,6,1,0
BRDA:62,7,0,0
BRDA:62,7,1,0
BRDA:70,8,0,0
BRDA:70,8,1,0
BRDA:72,9,0,0
BRDA:72,9,1,0
BRF:21
BRH:0
end_of_record
TN:
SF:src\middleware\nutritionAccessControl.js
FN:8,checkNutritionAccess
FN:48,addNutritionAccessInfo
FNF:2
FNH:1
FNDA:8,checkNutritionAccess
FNDA:0,addNutritionAccessInfo
DA:1,3
DA:2,3
DA:9,8
DA:10,8
DA:12,8
DA:14,8
DA:15,1
DA:32,7
DA:34,7
DA:37,0
DA:38,0
DA:49,0
DA:50,0
DA:51,0
DA:52,0
DA:53,0
DA:55,0
DA:57,0
DA:58,0
DA:62,3
LF:20
LH:10
BRDA:14,0,0,1
BRDA:14,0,1,7
BRDA:24,1,0,1
BRDA:24,1,1,0
BRF:4
BRH:3
end_of_record
TN:
SF:src\middleware\premiumFeatureMiddleware.js
FN:8,(anonymous_0)
FN:53,(anonymous_1)
FNF:2
FNH:0
FNDA:0,(anonymous_0)
FNDA:0,(anonymous_1)
DA:1,2
DA:2,2
DA:8,2
DA:9,0
DA:10,0
DA:12,0
DA:17,0
DA:18,0
DA:24,0
DA:27,0
DA:28,0
DA:30,0
DA:41,0
DA:42,0
DA:53,2
DA:54,0
DA:55,0
DA:57,0
DA:62,0
DA:63,0
DA:69,0
DA:71,0
DA:72,0
DA:74,0
DA:84,0
DA:85,0
DA:92,2
LF:27
LH:5
BRDA:17,0,0,0
BRDA:17,0,1,0
BRDA:27,1,0,0
BRDA:27,1,1,0
BRDA:27,2,0,0
BRDA:27,2,1,0
BRDA:62,3,0,0
BRDA:62,3,1,0
BRDA:71,4,0,0
BRDA:71,4,1,0
BRF:10
BRH:0
end_of_record
TN:
SF:src\middleware\rateLimiter.js
FN:8,(anonymous_0)
FNF:1
FNH:1
FNDA:15,(anonymous_0)
DA:1,3
DA:8,3
DA:9,15
DA:24,3
DA:36,3
LF:5
LH:5
BRDA:8,0,0,0
BRDA:8,1,0,0
BRDA:38,2,0,3
BRDA:38,2,1,3
BRF:4
BRH:2
end_of_record
TN:
SF:src\middleware\upload.js
FN:18,(anonymous_0)
FN:19,(anonymous_1)
FN:84,(anonymous_2)
FNF:3
FNH:2
FNDA:30,(anonymous_0)
FNDA:1,(anonymous_1)
FNDA:0,(anonymous_2)
DA:1,6
DA:2,6
DA:3,6
DA:6,6
DA:9,6
DA:10,6
DA:13,6
DA:18,6
DA:19,30
DA:20,1
DA:21,1
DA:23,0
DA:31,6
DA:40,6
DA:49,6
DA:57,6
DA:66,6
DA:75,6
DA:84,6
DA:85,0
DA:86,0
DA:87,0
DA:94,0
DA:100,0
DA:101,0
DA:102,0
DA:108,0
LF:27
LH:18
BRDA:6,0,0,6
BRDA:6,0,1,6
BRDA:9,1,0,6
BRDA:9,1,1,6
BRDA:10,2,0,6
BRDA:10,2,1,6
BRDA:20,3,0,1
BRDA:20,3,1,0
BRDA:85,4,0,0
BRDA:85,4,1,0
BRDA:86,5,0,0
BRDA:86,5,1,0
BRDA:100,6,0,0
BRDA:100,6,1,0
BRDA:104,7,0,0
BRDA:104,7,1,0
BRF:16
BRH:7
end_of_record
TN:
SF:src\middleware\validation.js
FN:11,(anonymous_0)
FN:17,(anonymous_1)
FN:35,(anonymous_2)
FN:77,(anonymous_3)
FN:153,(anonymous_4)
FN:217,(anonymous_5)
FN:339,(anonymous_6)
FN:340,(anonymous_7)
FN:371,(anonymous_8)
FN:373,(anonymous_9)
FNF:10
FNH:0
FNDA:0,(anonymous_0)
FNDA:0,(anonymous_1)
FNDA:0,(anonymous_2)
FNDA:0,(anonymous_3)
FNDA:0,(anonymous_4)
FNDA:0,(anonymous_5)
FNDA:0,(anonymous_6)
FNDA:0,(anonymous_7)
FNDA:0,(anonymous_8)
FNDA:0,(anonymous_9)
DA:1,4
DA:11,4
DA:12,0
DA:13,0
DA:14,0
DA:17,0
DA:24,0
DA:30,4
DA:37,0
DA:38,0
DA:40,0
DA:45,4
DA:61,4
DA:78,0
DA:79,0
DA:80,0
DA:82,0
DA:83,0
DA:85,0
DA:102,4
DA:116,4
DA:138,4
DA:155,0
DA:156,0
DA:159,0
DA:160,0
DA:162,0
DA:170,4
DA:194,4
DA:210,4
DA:218,0
DA:219,0
DA:220,0
DA:221,0
DA:223,0
DA:224,0
DA:226,0
DA:227,0
DA:229,0
DA:244,4
DA:264,4
DA:283,4
DA:307,4
DA:320,4
DA:330,4
DA:339,4
DA:340,0
DA:341,0
DA:342,0
DA:349,0
DA:350,0
DA:357,0
DA:358,0
DA:364,0
DA:371,4
DA:373,0
DA:374,0
DA:375,0
DA:376,0
DA:380,0
DA:381,0
DA:386,0
DA:387,0
DA:388,0
DA:390,0
DA:393,4
LF:66
LH:20
BRDA:13,0,0,0
BRDA:13,0,1,0
BRDA:37,1,0,0
BRDA:37,1,1,0
BRDA:37,2,0,0
BRDA:37,2,1,0
BRDA:79,3,0,0
BRDA:79,3,1,0
BRDA:82,4,0,0
BRDA:82,4,1,0
BRDA:155,5,0,0
BRDA:155,5,1,0
BRDA:155,6,0,0
BRDA:155,6,1,0
BRDA:159,7,0,0
BRDA:159,7,1,0
BRDA:159,8,0,0
BRDA:159,8,1,0
BRDA:223,9,0,0
BRDA:223,9,1,0
BRDA:226,10,0,0
BRDA:226,10,1,0
BRDA:339,11,0,0
BRDA:339,12,0,0
BRDA:341,13,0,0
BRDA:341,13,1,0
BRDA:349,14,0,0
BRDA:349,14,1,0
BRDA:357,15,0,0
BRDA:357,15,1,0
BRDA:357,16,0,0
BRDA:357,16,1,0
BRDA:375,17,0,0
BRDA:375,17,1,0
BRDA:380,18,0,0
BRDA:380,18,1,0
BRDA:380,19,0,0
BRDA:380,19,1,0
BRDA:386,20,0,0
BRDA:386,20,1,0
BRDA:387,21,0,0
BRDA:387,21,1,0
BRDA:388,22,0,0
BRDA:388,22,1,0
BRF:44
BRH:0
end_of_record
TN:
SF:src\routes\admin.js
FNF:0
FNH:0
DA:1,3
DA:2,3
DA:3,3
DA:4,3
DA:5,3
DA:12,3
DA:19,3
DA:26,3
DA:33,3
DA:40,3
DA:47,3
DA:54,3
DA:61,3
DA:68,3
DA:75,3
DA:82,3
DA:89,3
DA:96,3
DA:103,3
DA:110,3
DA:117,3
DA:124,3
DA:131,3
DA:138,3
DA:145,3
DA:152,3
DA:159,3
DA:166,3
DA:173,3
DA:180,3
DA:187,3
DA:189,3
LF:32
LH:32
BRF:0
BRH:0
end_of_record
TN:
SF:src\routes\auth.js
FN:25,(anonymous_0)
FN:50,(anonymous_1)
FN:79,(anonymous_2)
FN:112,(anonymous_3)
FN:141,(anonymous_4)
FNF:5
FNH:2
FNDA:3,(anonymous_0)
FNDA:3,(anonymous_1)
FNDA:0,(anonymous_2)
FNDA:0,(anonymous_3)
FNDA:0,(anonymous_4)
DA:1,3
DA:2,3
DA:3,3
DA:4,3
DA:5,3
DA:6,3
DA:17,3
DA:26,3
DA:27,3
DA:28,2
DA:30,1
DA:39,3
DA:51,3
DA:52,3
DA:53,0
DA:55,3
DA:68,3
DA:80,0
DA:81,0
DA:82,0
DA:84,0
DA:93,3
DA:113,0
DA:114,0
DA:115,0
DA:117,0
DA:130,3
DA:142,0
DA:143,0
DA:144,0
DA:146,0
DA:159,3
DA:166,3
DA:173,3
DA:180,3
DA:182,3
LF:36
LH:23
BRDA:27,0,0,2
BRDA:27,0,1,1
BRDA:52,1,0,0
BRDA:52,1,1,3
BRDA:81,2,0,0
BRDA:81,2,1,0
BRDA:114,3,0,0
BRDA:114,3,1,0
BRDA:143,4,0,0
BRDA:143,4,1,0
BRF:10
BRH:3
end_of_record
TN:
SF:src\routes\bookings.js
FNF:0
FNH:0
DA:1,2
DA:2,2
DA:3,2
DA:4,2
DA:6,2
DA:7,2
DA:8,2
DA:9,2
DA:10,2
DA:12,2
LF:10
LH:10
BRF:0
BRH:0
end_of_record
TN:
SF:src\routes\coaches.js
FNF:0
FNH:0
DA:1,2
DA:2,2
DA:3,2
DA:4,2
DA:5,2
DA:12,2
DA:19,2
DA:26,2
DA:33,2
DA:40,2
DA:47,2
DA:54,2
DA:61,2
DA:68,2
DA:75,2
DA:82,2
DA:89,2
DA:96,2
DA:103,2
DA:110,2
DA:117,2
DA:119,2
LF:22
LH:22
BRF:0
BRH:0
end_of_record
TN:
SF:src\routes\exercises.js
FNF:0
FNH:0
DA:1,2
DA:2,2
DA:3,2
DA:4,2
DA:7,2
DA:8,2
DA:9,2
DA:10,2
DA:11,2
DA:14,2
DA:15,2
DA:16,2
DA:18,2
LF:13
LH:13
BRF:0
BRH:0
end_of_record
TN:
SF:src\routes\inbody.js
FNF:0
FNH:0
DA:1,3
DA:2,3
DA:3,3
DA:4,3
DA:5,3
DA:6,3
DA:9,3
DA:10,3
DA:11,3
DA:12,3
DA:13,3
DA:14,3
DA:15,3
DA:16,3
DA:17,3
DA:20,3
DA:21,3
DA:24,3
DA:26,3
LF:19
LH:19
BRF:0
BRH:0
end_of_record
TN:
SF:src\routes\intake.js
FNF:0
FNH:0
DA:1,2
DA:2,2
DA:3,2
DA:4,2
DA:12,2
DA:15,2
DA:18,2
DA:21,2
DA:23,2
LF:9
LH:9
BRF:0
BRH:0
end_of_record
TN:
SF:src\routes\messages.js
FNF:0
FNH:0
DA:1,3
DA:2,3
DA:3,3
DA:4,3
DA:5,3
DA:6,3
DA:9,3
DA:10,3
DA:11,3
DA:12,3
DA:15,3
DA:16,3
DA:17,3
DA:18,3
DA:19,3
DA:22,3
DA:31,3
DA:32,3
DA:34,3
LF:19
LH:19
BRF:0
BRH:0
end_of_record
TN:
SF:src\routes\notifications.js
FNF:0
FNH:0
DA:1,2
DA:2,2
DA:3,2
DA:4,2
DA:7,2
DA:8,2
DA:11,2
DA:12,2
DA:15,2
DA:16,2
DA:19,2
DA:21,2
LF:12
LH:12
BRF:0
BRH:0
end_of_record
TN:
SF:src\routes\nutrition.js
FNF:0
FNH:0
DA:1,3
DA:2,3
DA:3,3
DA:4,3
DA:5,3
DA:8,3
DA:9,3
DA:10,3
DA:13,3
DA:16,3
DA:17,3
DA:18,3
DA:21,3
DA:22,3
DA:23,3
DA:26,3
DA:27,3
DA:28,3
DA:30,3
LF:19
LH:19
BRF:0
BRH:0
end_of_record
TN:
SF:src\routes\orders.js
FNF:0
FNH:0
DA:1,3
DA:2,3
DA:3,3
DA:4,3
DA:11,3
DA:18,3
DA:25,3
DA:32,3
DA:39,3
DA:46,3
DA:53,3
DA:60,3
DA:67,3
DA:69,3
LF:14
LH:14
BRF:0
BRH:0
end_of_record
TN:
SF:src\routes\payments.js
FNF:0
FNH:0
DA:1,3
DA:2,3
DA:3,3
DA:4,3
DA:7,3
DA:8,3
DA:9,3
DA:10,3
DA:11,3
DA:12,3
DA:15,3
DA:16,3
DA:18,3
LF:13
LH:13
BRF:0
BRH:0
end_of_record
TN:
SF:src\routes\products.js
FNF:0
FNH:0
DA:1,2
DA:2,2
DA:3,2
DA:4,2
DA:11,2
DA:18,2
DA:25,2
DA:32,2
DA:39,2
DA:46,2
DA:53,2
DA:60,2
DA:67,2
DA:69,2
LF:14
LH:14
BRF:0
BRH:0
end_of_record
TN:
SF:src\routes\progress.js
FNF:0
FNH:0
DA:1,4
DA:2,4
DA:3,4
DA:4,4
DA:6,4
DA:7,4
DA:8,4
DA:9,4
DA:11,4
LF:9
LH:9
BRF:0
BRH:0
end_of_record
TN:
SF:src\routes\ratings.js
FNF:0
FNH:0
DA:1,3
DA:2,3
DA:3,3
DA:4,3
DA:6,3
DA:7,3
DA:8,3
DA:10,3
LF:8
LH:8
BRF:0
BRH:0
end_of_record
TN:
SF:src\routes\settings.js
FNF:0
FNH:0
DA:1,3
DA:2,3
DA:3,3
DA:4,3
DA:11,3
DA:18,3
DA:25,3
DA:32,3
DA:39,3
DA:46,3
DA:53,3
DA:55,3
LF:12
LH:12
BRF:0
BRH:0
end_of_record
TN:
SF:src\routes\store.js
FNF:0
FNH:0
DA:1,3
DA:2,3
DA:3,3
DA:4,3
DA:5,3
DA:8,3
DA:9,3
DA:10,3
DA:11,3
DA:12,3
DA:15,3
DA:18,3
DA:21,3
DA:23,3
LF:14
LH:14
BRF:0
BRH:0
end_of_record
TN:
SF:src\routes\subscriptions.js
FNF:0
FNH:0
DA:1,3
DA:2,3
DA:3,3
DA:6,3
DA:8,3
LF:5
LH:5
BRF:0
BRH:0
end_of_record
TN:
SF:src\routes\users.js
FNF:0
FNH:0
DA:1,4
DA:2,4
DA:3,4
DA:4,4
DA:5,4
DA:6,4
DA:7,4
DA:8,4
DA:15,4
DA:22,4
DA:29,4
DA:36,4
DA:43,4
DA:50,4
DA:57,4
DA:64,4
DA:78,4
DA:89,4
DA:96,4
DA:107,4
DA:109,4
LF:21
LH:21
BRF:0
BRH:0
end_of_record
TN:
SF:src\routes\videoCalls.js
FNF:0
FNH:0
DA:1,3
DA:2,3
DA:3,3
DA:4,3
DA:11,3
DA:18,3
DA:25,3
DA:32,3
DA:39,3
DA:41,3
LF:10
LH:10
BRF:0
BRH:0
end_of_record
TN:
SF:src\routes\workouts.js
FNF:0
FNH:0
DA:1,3
DA:2,3
DA:3,3
DA:4,3
DA:7,3
DA:8,3
DA:9,3
DA:10,3
DA:13,3
DA:14,3
DA:15,3
DA:16,3
DA:17,3
DA:18,3
DA:19,3
DA:20,3
DA:21,3
DA:22,3
DA:25,3
DA:26,3
DA:27,3
DA:28,3
DA:29,3
DA:30,3
DA:31,3
DA:33,3
LF:26
LH:26
BRF:0
BRH:0
end_of_record
TN:
SF:src\services\aiExtractionService.js
FN:21,extractInBodyData
FN:29,(anonymous_1)
FN:98,generateRealisticInBodyData
FN:170,calculateBodyShape
FN:182,validateInBodyImage
FNF:5
FNH:0
FNDA:0,extractInBodyData
FNDA:0,(anonymous_1)
FNDA:0,generateRealisticInBodyData
FNDA:0,calculateBodyShape
FNDA:0,validateInBodyImage
DA:1,2
DA:2,2
DA:22,0
DA:23,0
DA:29,0
DA:33,0
DA:35,0
DA:37,0
DA:46,0
DA:47,0
DA:99,0
DA:100,0
DA:102,0
DA:103,0
DA:104,0
DA:105,0
DA:106,0
DA:108,0
DA:109,0
DA:110,0
DA:112,0
DA:113,0
DA:114,0
DA:116,0
DA:117,0
DA:119,0
DA:122,0
DA:123,0
DA:124,0
DA:125,0
DA:127,0
DA:171,0
DA:172,0
DA:174,0
DA:175,0
DA:176,0
DA:183,0
DA:184,0
DA:186,0
DA:187,0
DA:190,0
DA:191,0
DA:194,0
DA:197,2
LF:44
LH:3
BRDA:123,0,0,0
BRDA:123,0,1,0
BRDA:123,1,0,0
BRDA:123,1,1,0
BRDA:124,2,0,0
BRDA:124,2,1,0
BRDA:125,3,0,0
BRDA:125,3,1,0
BRDA:174,4,0,0
BRDA:174,4,1,0
BRDA:175,5,0,0
BRDA:175,5,1,0
BRDA:186,6,0,0
BRDA:186,6,1,0
BRDA:190,7,0,0
BRDA:190,7,1,0
BRF:16
BRH:0
end_of_record
TN:
SF:src\services\coachCustomizationService.js
FN:16,(anonymous_0)
FN:212,(anonymous_1)
FN:309,(anonymous_2)
FN:370,(anonymous_3)
FNF:4
FNH:0
FNDA:0,(anonymous_0)
FNDA:0,(anonymous_1)
FNDA:0,(anonymous_2)
FNDA:0,(anonymous_3)
DA:1,3
DA:2,3
DA:3,3
DA:17,0
DA:19,0
DA:20,0
DA:23,0
DA:28,0
DA:29,0
DA:32,0
DA:35,0
DA:36,0
DA:64,0
DA:67,0
DA:72,0
DA:73,0
DA:74,0
DA:91,0
DA:96,0
DA:97,0
DA:98,0
DA:106,0
DA:111,0
DA:112,0
DA:113,0
DA:131,0
DA:136,0
DA:137,0
DA:178,0
DA:193,0
DA:195,0
DA:197,0
DA:200,0
DA:201,0
DA:202,0
DA:204,0
DA:213,0
DA:215,0
DA:216,0
DA:219,0
DA:224,0
DA:225,0
DA:228,0
DA:231,0
DA:232,0
DA:233,0
DA:235,0
DA:236,0
DA:237,0
DA:239,0
DA:240,0
DA:241,0
DA:243,0
DA:244,0
DA:245,0
DA:247,0
DA:248,0
DA:249,0
DA:251,0
DA:252,0
DA:253,0
DA:255,0
DA:256,0
DA:257,0
DA:260,0
DA:261,0
DA:264,0
DA:265,0
DA:267,0
DA:276,0
DA:291,0
DA:293,0
DA:295,0
DA:298,0
DA:299,0
DA:300,0
DA:302,0
DA:310,0
DA:312,0
DA:321,0
DA:322,0
DA:325,0
DA:328,0
DA:329,0
DA:333,0
DA:342,0
DA:357,0
DA:359,0
DA:362,0
DA:363,0
DA:371,0
DA:372,0
DA:386,0
DA:389,0
DA:390,0
DA:395,3
LF:96
LH:4
BRDA:16,0,0,0
BRDA:28,1,0,0
BRDA:28,1,1,0
BRDA:72,2,0,0
BRDA:72,2,1,0
BRDA:153,3,0,0
BRDA:153,3,1,0
BRDA:154,4,0,0
BRDA:154,4,1,0
BRDA:166,5,0,0
BRDA:166,5,1,0
BRDA:167,6,0,0
BRDA:167,6,1,0
BRDA:168,7,0,0
BRDA:168,7,1,0
BRDA:169,8,0,0
BRDA:169,8,1,0
BRDA:170,9,0,0
BRDA:170,9,1,0
BRDA:224,10,0,0
BRDA:224,10,1,0
BRDA:235,11,0,0
BRDA:235,11,1,0
BRDA:239,12,0,0
BRDA:239,12,1,0
BRDA:243,13,0,0
BRDA:243,13,1,0
BRDA:247,14,0,0
BRDA:247,14,1,0
BRDA:251,15,0,0
BRDA:251,15,1,0
BRDA:255,16,0,0
BRDA:255,16,1,0
BRDA:260,17,0,0
BRDA:260,17,1,0
BRDA:321,18,0,0
BRDA:321,18,1,0
BRDA:328,19,0,0
BRDA:328,19,1,0
BRDA:370,20,0,0
BRF:40
BRH:0
end_of_record
TN:
SF:src\services\emailService.js
FN:18,(anonymous_0)
FN:42,(anonymous_1)
FN:73,(anonymous_2)
FN:106,(anonymous_3)
FN:145,(anonymous_4)
FNF:5
FNH:0
FNDA:0,(anonymous_0)
FNDA:0,(anonymous_1)
FNDA:0,(anonymous_2)
FNDA:0,(anonymous_3)
FNDA:0,(anonymous_4)
DA:1,0
DA:2,0
DA:5,0
DA:18,0
DA:19,0
DA:20,0
DA:28,0
DA:30,0
DA:31,0
DA:34,0
DA:35,0
DA:42,0
DA:43,0
DA:45,0
DA:67,0
DA:73,0
DA:74,0
DA:76,0
DA:78,0
DA:100,0
DA:106,0
DA:107,0
DA:109,0
DA:139,0
DA:145,0
DA:146,0
DA:148,0
DA:170,0
LF:28
LH:0
BRDA:6,0,0,0
BRDA:6,0,1,0
BRDA:7,1,0,0
BRDA:7,1,1,0
BRDA:24,2,0,0
BRDA:24,2,1,0
BRDA:25,3,0,0
BRDA:25,3,1,0
BRF:8
BRH:0
end_of_record
TN:
SF:src\services\exerciseCatalogService.js
FN:6,(anonymous_0)
FN:11,(anonymous_1)
FN:19,(anonymous_2)
FN:33,(anonymous_3)
FNF:4
FNH:4
FNDA:7,(anonymous_0)
FNDA:1,(anonymous_1)
FNDA:58,(anonymous_2)
FNDA:1,(anonymous_3)
DA:1,7
DA:2,7
DA:3,7
DA:7,7
DA:8,7
DA:12,1
DA:13,1
DA:14,1
DA:15,1
DA:16,1
DA:17,1
DA:18,1
DA:19,1
DA:20,58
DA:21,58
DA:24,1
DA:26,0
DA:27,0
DA:28,0
DA:29,0
DA:34,1
DA:35,1
DA:39,7
LF:23
LH:19
BRDA:12,0,0,0
BRDA:12,0,1,1
BRDA:19,1,0,1
BRDA:19,1,1,0
BRDA:20,2,0,58
BRDA:20,2,1,0
BRDA:20,3,0,58
BRDA:20,3,1,58
BRDA:35,4,0,1
BRDA:35,4,1,1
BRF:10
BRH:7
end_of_record
TN:
SF:src\services\injuryMappingService.js
FN:11,(anonymous_0)
FN:19,(anonymous_1)
FN:34,(anonymous_2)
FN:58,(anonymous_3)
FN:67,(anonymous_4)
FN:75,(anonymous_5)
FN:84,(anonymous_6)
FN:121,(anonymous_7)
FN:136,(anonymous_8)
FN:155,(anonymous_9)
FN:174,(anonymous_10)
FN:245,(anonymous_11)
FN:269,(anonymous_12)
FN:302,(anonymous_13)
FN:324,(anonymous_14)
FNF:15
FNH:7
FNDA:8,(anonymous_0)
FNDA:0,(anonymous_1)
FNDA:0,(anonymous_2)
FNDA:5,(anonymous_3)
FNDA:0,(anonymous_4)
FNDA:0,(anonymous_5)
FNDA:2,(anonymous_6)
FNDA:1,(anonymous_7)
FNDA:1,(anonymous_8)
FNDA:1,(anonymous_9)
FNDA:1,(anonymous_10)
FNDA:0,(anonymous_11)
FNDA:0,(anonymous_12)
FNDA:0,(anonymous_13)
FNDA:0,(anonymous_14)
DA:1,8
DA:2,8
DA:3,8
DA:12,8
DA:13,8
DA:20,0
DA:21,0
DA:22,0
DA:24,0
DA:25,0
DA:26,0
DA:27,0
DA:29,0
DA:30,0
DA:33,0
DA:34,0
DA:35,0
DA:36,0
DA:42,0
DA:44,0
DA:45,0
DA:46,0
DA:48,0
DA:49,0
DA:50,0
DA:51,0
DA:59,5
DA:60,0
DA:68,0
DA:69,0
DA:76,0
DA:77,0
DA:85,2
DA:87,2
DA:88,0
DA:92,2
DA:94,2
DA:95,2
DA:96,2
DA:99,2
DA:100,2
DA:102,2
DA:103,1
DA:115,1
DA:122,1
DA:124,1
DA:125,1
DA:126,0
DA:129,1
DA:137,1
DA:139,1
DA:140,0
DA:144,1
DA:145,1
DA:146,1
DA:147,1
DA:151,1
DA:154,1
DA:155,1
DA:159,1
DA:160,1
DA:161,1
DA:162,1
DA:167,0
DA:175,1
DA:177,1
DA:178,0
DA:181,1
DA:183,1
DA:184,0
DA:188,1
DA:189,1
DA:192,1
DA:198,1
DA:200,1
DA:201,1
DA:207,1
DA:209,1
DA:211,1
DA:213,1
DA:229,1
DA:231,0
DA:234,0
DA:239,1
DA:246,0
DA:248,0
DA:249,0
DA:252,0
DA:254,0
DA:255,0
DA:260,0
DA:263,0
DA:270,0
DA:272,0
DA:274,0
DA:275,0
DA:278,0
DA:279,0
DA:280,0
DA:281,0
DA:292,0
DA:293,0
DA:296,0
DA:303,0
DA:305,0
DA:310,0
DA:311,0
DA:318,0
DA:325,0
DA:326,0
DA:331,8
DA:333,8
LF:112
LH:52
BRDA:34,0,0,0
BRDA:34,0,1,0
BRDA:35,1,0,0
BRDA:35,1,1,0
BRDA:37,2,0,0
BRDA:37,2,1,0
BRDA:37,2,2,0
BRDA:37,2,3,0
BRDA:38,3,0,0
BRDA:38,3,1,0
BRDA:38,3,2,0
BRDA:38,3,3,0
BRDA:39,4,0,0
BRDA:39,4,1,0
BRDA:40,5,0,0
BRDA:40,5,1,0
BRDA:59,6,0,0
BRDA:59,6,1,5
BRDA:77,7,0,0
BRDA:77,7,1,0
BRDA:87,8,0,0
BRDA:87,8,1,2
BRDA:87,9,0,2
BRDA:87,9,1,2
BRDA:96,10,0,0
BRDA:96,10,1,2
BRDA:96,11,0,2
BRDA:96,11,1,2
BRDA:102,12,0,1
BRDA:102,12,1,1
BRDA:125,13,0,0
BRDA:125,13,1,1
BRDA:125,14,0,1
BRDA:125,14,1,1
BRDA:136,15,0,0
BRDA:139,16,0,0
BRDA:139,16,1,1
BRDA:139,17,0,1
BRDA:139,17,1,1
BRDA:154,18,0,1
BRDA:154,18,1,0
BRDA:161,19,0,1
BRDA:161,19,1,0
BRDA:167,20,0,0
BRDA:167,20,1,0
BRDA:174,21,0,0
BRDA:177,22,0,0
BRDA:177,22,1,1
BRDA:177,23,0,1
BRDA:177,23,1,1
BRDA:183,24,0,0
BRDA:183,24,1,1
BRDA:183,25,0,1
BRDA:183,25,1,1
BRDA:194,26,0,1
BRDA:194,26,1,0
BRDA:194,26,2,0
BRDA:198,27,0,1
BRDA:198,27,1,0
BRDA:207,28,0,1
BRDA:207,28,1,0
BRDA:211,29,0,1
BRDA:211,29,1,0
BRDA:219,30,0,1
BRDA:219,30,1,0
BRDA:220,31,0,1
BRDA:220,31,1,0
BRDA:245,32,0,0
BRDA:248,33,0,0
BRDA:248,33,1,0
BRDA:248,34,0,0
BRDA:248,34,1,0
BRDA:275,35,0,0
BRDA:275,35,1,0
BRDA:275,36,0,0
BRDA:275,36,1,0
[...]
BRDA:260,19,0,1
BRDA:260,19,1,0
BRDA:265,20,0,1
BRDA:265,20,1,0
BRDA:274,21,0,1
BRDA:274,21,1,0
BRDA:302,22,0,1
BRDA:302,22,1,0
BRDA:302,22,2,0
BRDA:330,23,0,0
BRDA:330,23,1,4
BRDA:337,24,0,1
BRDA:337,24,1,3
BRDA:337,25,0,4
BRDA:337,25,1,1
BRDA:342,26,0,0
BRDA:342,26,1,3
BRDA:342,27,0,3
BRDA:342,27,1,0
BRDA:350,28,0,3
BRDA:350,28,1,1
BRDA:355,29,0,1
BRDA:355,29,1,2
BRDA:364,30,0,1
BRDA:364,30,1,1
BRF:61
BRH:21
end_of_record
TN:
SF:src\services\workoutGenerationService.js
FN:17,(anonymous_0)
FN:249,(anonymous_1)
FN:269,(anonymous_2)
FN:278,(anonymous_3)
FN:324,(anonymous_4)
FN:338,(anonymous_5)
FN:350,(anonymous_6)
FNF:7
FNH:0
FNDA:0,(anonymous_0)
FNDA:0,(anonymous_1)
FNDA:0,(anonymous_2)
FNDA:0,(anonymous_3)
FNDA:0,(anonymous_4)
FNDA:0,(anonymous_5)
FNDA:0,(anonymous_6)
DA:1,7
DA:2,7
DA:3,7
DA:4,7
DA:5,7
DA:6,7
DA:18,0
DA:20,0
DA:21,0
DA:24,0
DA:25,0
DA:26,0
DA:30,0
DA:37,0
DA:38,0
DA:41,0
DA:44,0
DA:52,0
DA:55,0
DA:61,0
DA:64,0
DA:89,0
DA:92,0
DA:108,0
DA:109,0
DA:116,0
DA:118,0
DA:124,0
DA:125,0
DA:132,0
DA:134,0
DA:138,0
DA:155,0
DA:158,0
DA:159,0
DA:161,0
DA:162,0
DA:164,0
DA:165,0
DA:166,0
DA:167,0
DA:168,0
DA:170,0
DA:202,0
DA:203,0
DA:226,0
DA:228,0
DA:230,0
DA:238,0
DA:239,0
DA:240,0
DA:242,0
DA:250,0
DA:258,0
DA:259,0
DA:260,0
DA:263,0
DA:270,0
DA:271,0
DA:272,0
DA:279,0
DA:280,0
DA:287,0
DA:288,0
DA:291,0
DA:294,0
DA:297,0
DA:307,0
DA:309,0
DA:310,0
DA:311,0
DA:314,0
DA:316,0
DA:317,0
DA:325,0
DA:332,0
DA:339,0
DA:344,0
DA:351,0
DA:353,0
DA:354,0
DA:355,0
DA:356,0
DA:358,0
DA:359,0
DA:367,0
DA:371,7
DA:373,7
LF:88
LH:8
BRDA:17,0,0,0
BRDA:17,1,0,0
BRDA:25,2,0,0
BRDA:25,2,1,0
BRDA:37,3,0,0
BRDA:37,3,1,0
BRDA:45,4,0,0
BRDA:45,4,1,0
BRDA:45,4,2,0
BRDA:45,4,3,0
BRDA:46,5,0,0
BRDA:46,5,1,0
BRDA:46,5,2,0
BRDA:47,6,0,0
BRDA:47,6,1,0
BRDA:47,6,2,0
BRDA:47,6,3,0
BRDA:48,7,0,0
BRDA:48,7,1,0
BRDA:48,8,0,0
BRDA:48,8,1,0
BRDA:82,9,0,0
BRDA:82,9,1,0
BRDA:83,10,0,0
BRDA:83,10,1,0
BRDA:101,11,0,0
BRDA:101,11,1,0
BRDA:102,12,0,0
BRDA:102,12,1,0
BRDA:103,13,0,0
BRDA:103,13,1,0
BRDA:124,14,0,0
BRDA:124,14,1,0
BRDA:148,15,0,0
BRDA:148,15,1,0
BRDA:149,16,0,0
BRDA:149,16,1,0
BRDA:149,16,2,0
BRDA:150,17,0,0
BRDA:150,17,1,0
BRDA:151,18,0,0
BRDA:151,18,1,0
BRDA:151,18,2,0
BRDA:164,19,0,0
BRDA:164,19,1,0
BRDA:164,19,2,0
BRDA:164,19,3,0
BRDA:165,20,0,0
BRDA:165,20,1,0
BRDA:165,20,2,0
BRDA:165,20,3,0
BRDA:166,21,0,0
BRDA:166,21,1,0
BRDA:166,21,2,0
BRDA:166,21,3,0
BRDA:167,22,0,0
BRDA:167,22,1,0
BRDA:167,22,2,0
BRDA:167,22,3,0
BRDA:168,23,0,0
BRDA:168,23,1,0
BRDA:168,23,2,0
BRDA:168,23,3,0
BRDA:186,24,0,0
BRDA:186,24,1,0
BRDA:186,24,2,0
BRDA:187,25,0,0
BRDA:187,25,1,0
BRDA:188,26,0,0
BRDA:188,26,1,0
BRDA:188,26,2,0
BRDA:190,27,0,0
BRDA:190,27,1,0
BRDA:194,28,0,0
BRDA:194,28,1,0
BRDA:195,29,0,0
BRDA:195,29,1,0
BRDA:196,30,0,0
BRDA:196,30,1,0
BRDA:202,31,0,0
BRDA:202,31,1,0
BRDA:213,32,0,0
BRDA:213,32,1,0
BRDA:215,33,0,0
BRDA:215,33,1,0
BRDA:216,34,0,0
BRDA:216,34,1,0
BRDA:216,34,2,0
BRDA:217,35,0,0
BRDA:217,35,1,0
BRDA:217,35,2,0
BRDA:218,36,0,0
BRDA:218,36,1,0
BRDA:219,37,0,0
BRDA:219,37,1,0
BRDA:251,38,0,0
BRDA:251,38,1,0
BRDA:252,39,0,0
BRDA:252,39,1,0
BRDA:253,40,0,0
BRDA:253,40,1,0
BRDA:254,41,0,0
BRDA:254,41,1,0
BRDA:258,42,0,0
BRDA:258,42,1,0
BRDA:258,43,0,0
BRDA:258,43,1,0
BRDA:260,44,0,0
BRDA:260,44,1,0
BRDA:287,45,0,0
BRDA:287,45,1,0
BRDA:294,46,0,0
BRDA:294,46,1,0
BRDA:300,47,0,0
BRDA:300,47,1,0
BRDA:301,48,0,0
BRDA:301,48,1,0
BRDA:309,49,0,0
BRDA:309,49,1,0
BRDA:332,50,0,0
BRDA:332,50,1,0
BRDA:344,51,0,0
BRDA:344,51,1,0
BRDA:350,52,0,0
BRF:124
BRH:0
end_of_record
TN:
SF:src\services\workoutRecommendationService.js
FN:16,(anonymous_0)
FN:112,(anonymous_1)
FN:132,(anonymous_2)
FN:148,(anonymous_3)
FN:166,(anonymous_4)
FN:182,(anonymous_5)
FN:200,(anonymous_6)
FN:247,(anonymous_7)
FNF:8
FNH:0
FNDA:0,(anonymous_0)
FNDA:0,(anonymous_1)
FNDA:0,(anonymous_2)
FNDA:0,(anonymous_3)
FNDA:0,(anonymous_4)
FNDA:0,(anonymous_5)
FNDA:0,(anonymous_6)
FNDA:0,(anonymous_7)
DA:1,3
DA:2,3
DA:3,3
DA:17,0
DA:19,0
DA:36,0
DA:37,0
DA:40,0
DA:43,0
DA:44,0
DA:46,0
DA:47,0
DA:48,0
DA:52,0
DA:53,0
DA:57,0
DA:59,0
DA:60,0
DA:65,0
DA:67,0
DA:68,0
DA:76,0
DA:77,0
DA:85,0
DA:87,0
DA:88,0
DA:89,0
DA:92,0
DA:97,0
DA:104,0
DA:105,0
DA:113,0
DA:119,0
DA:121,0
DA:123,0
DA:124,0
DA:126,0
DA:127,0
DA:131,0
DA:132,0
DA:133,0
DA:134,0
DA:135,0
DA:139,0
DA:142,0
DA:149,0
DA:160,0
DA:167,0
DA:176,0
DA:183,0
DA:194,0
DA:201,0
DA:202,0
DA:203,0
DA:204,0
DA:207,0
DA:212,0
DA:213,0
DA:216,0
DA:219,0
DA:220,0
DA:228,0
DA:229,0
DA:236,0
DA:239,0
DA:240,0
DA:248,0
DA:249,0
DA:254,0
DA:255,0
DA:258,0
DA:259,0
DA:260,0
DA:263,0
DA:264,0
DA:273,0
DA:279,0
DA:280,0
DA:285,3
LF:79
LH:4
BRDA:36,0,0,0
BRDA:36,0,1,0
BRDA:43,1,0,0
BRDA:43,1,1,0
BRDA:44,2,0,0
BRDA:44,2,1,0
BRDA:46,3,0,0
BRDA:46,3,1,0
BRDA:57,4,0,0
BRDA:57,4,1,0
BRDA:57,5,0,0
BRDA:57,5,1,0
BRDA:65,6,0,0
BRDA:65,6,1,0
BRDA:65,7,0,0
BRDA:65,7,1,0
BRDA:71,8,0,0
BRDA:71,8,1,0
BRDA:72,9,0,0
BRDA:72,9,1,0
BRDA:87,10,0,0
BRDA:87,10,1,0
BRDA:121,11,0,0
BRDA:121,11,1,0
BRDA:126,12,0,0
BRDA:126,12,1,0
BRDA:131,13,0,0
BRDA:131,13,1,0
BRDA:131,14,0,0
BRDA:131,14,1,0
BRDA:160,15,0,0
BRDA:160,15,1,0
BRDA:176,16,0,0
BRDA:176,16,1,0
BRDA:194,17,0,0
BRDA:194,17,1,0
BRDA:203,18,0,0
BRDA:203,18,1,0
BRDA:212,19,0,0
BRDA:212,19,1,0
BRDA:219,20,0,0
BRDA:219,20,1,0
BRDA:219,21,0,0
BRDA:219,21,1,0
BRDA:228,22,0,0
BRDA:228,22,1,0
BRDA:228,23,0,0
BRDA:228,23,1,0
BRDA:254,24,0,0
BRDA:254,24,1,0
BRDA:263,25,0,0
BRDA:263,25,1,0
BRDA:263,26,0,0
BRDA:263,26,1,0
BRDA:266,27,0,0
BRDA:266,27,1,0
BRF:56
BRH:0
end_of_record
TN:
SF:src\services\workoutTemplateService.js
FN:20,(anonymous_0)
FN:30,(anonymous_1)
FN:49,(anonymous_2)
FN:72,(anonymous_3)
FN:123,(anonymous_4)
FN:130,(anonymous_5)
FN:144,(anonymous_6)
FN:159,(anonymous_7)
FN:161,(anonymous_8)
FN:163,(anonymous_9)
FN:179,(anonymous_10)
FN:209,(anonymous_11)
FN:243,(anonymous_12)
FN:249,(anonymous_13)
FN:260,(anonymous_14)
FN:290,(anonymous_15)
FN:301,(anonymous_16)
FN:312,(anonymous_17)
FN:323,(anonymous_18)
FN:334,(anonymous_19)
FN:348,(anonymous_20)
FN:355,(anonymous_21)
FN:362,(anonymous_22)
FN:369,(anonymous_23)
FN:377,(anonymous_24)
FN:381,(anonymous_25)
FN:385,(anonymous_26)
FN:389,(anonymous_27)
FN:393,(anonymous_28)
FN:397,(anonymous_29)
FN:401,(anonymous_30)
FN:405,(anonymous_31)
FN:414,(anonymous_32)
FN:435,(anonymous_33)
FN:436,(anonymous_34)
FN:442,(anonymous_35)
FN:452,(anonymous_36)
FN:486,(anonymous_37)
FN:520,(anonymous_38)
FN:532,(anonymous_39)
FN:542,(anonymous_40)
FN:553,(anonymous_41)
FN:558,(anonymous_42)
FN:571,(anonymous_43)
FN:611,(anonymous_44)
FN:616,(anonymous_45)
FN:620,(anonymous_46)
FN:621,(anonymous_47)
FN:628,(anonymous_48)
FN:656,(anonymous_49)
FN:662,(anonymous_50)
FN:663,(anonymous_51)
FN:686,(anonymous_52)
FN:709,(anonymous_53)
FN:716,(anonymous_54)
FN:718,(anonymous_55)
FN:724,(anonymous_56)
FNF:57
FNH:1
FNDA:7,(anonymous_0)
FNDA:0,(anonymous_1)
FNDA:0,(anonymous_2)
FNDA:0,(anonymous_3)
FNDA:0,(anonymous_4)
FNDA:0,(anonymous_5)
FNDA:0,(anonymous_6)
FNDA:0,(anonymous_7)
FNDA:0,(anonymous_8)
FNDA:0,(anonymous_9)
FNDA:0,(anonymous_10)
FNDA:0,(anonymous_11)
FNDA:0,(anonymous_12)
FNDA:0,(anonymous_13)
FNDA:0,(anonymous_14)
FNDA:0,(anonymous_15)
FNDA:0,(anonymous_16)
FNDA:0,(anonymous_17)
FNDA:0,(anonymous_18)
FNDA:0,(anonymous_19)
FNDA:0,(anonymous_20)
FNDA:0,(anonymous_21)
FNDA:0,(anonymous_22)
FNDA:0,(anonymous_23)
FNDA:0,(anonymous_24)
FNDA:0,(anonymous_25)
FNDA:0,(anonymous_26)
FNDA:0,(anonymous_27)
FNDA:0,(anonymous_28)
FNDA:0,(anonymous_29)
FNDA:0,(anonymous_30)
FNDA:0,(anonymous_31)
FNDA:0,(anonymous_32)
FNDA:0,(anonymous_33)
FNDA:0,(anonymous_34)
FNDA:0,(anonymous_35)
FNDA:0,(anonymous_36)
FNDA:0,(anonymous_37)
FNDA:0,(anonymous_38)
FNDA:0,(anonymous_39)
FNDA:0,(anonymous_40)
FNDA:0,(anonymous_41)
FNDA:0,(anonymous_42)
FNDA:0,(anonymous_43)
FNDA:0,(anonymous_44)
FNDA:0,(anonymous_45)
FNDA:0,(anonymous_46)
FNDA:0,(anonymous_47)
FNDA:0,(anonymous_48)
FNDA:0,(anonymous_49)
FNDA:0,(anonymous_50)
FNDA:0,(anonymous_51)
FNDA:0,(anonymous_52)
FNDA:0,(anonymous_53)
FNDA:0,(anonymous_54)
FNDA:0,(anonymous_55)
FNDA:0,(anonymous_56)
DA:1,7
DA:2,7
DA:3,7
DA:4,7
DA:12,7
DA:13,7
DA:14,7
DA:15,7
DA:16,7
DA:17,7
DA:21,7
DA:22,7
DA:23,7
DA:24,7
DA:31,0
DA:32,0
DA:34,0
DA:35,0
DA:36,0
DA:39,0
DA:41,0
DA:42,0
DA:44,0
DA:45,0
DA:50,0
DA:51,0
DA:53,0
DA:54,0
DA:55,0
DA:57,0
DA:58,0
DA:60,0
DA:61,0
DA:64,0
DA:73,0
DA:74,0
DA:75,0
DA:77,0
DA:78,0
DA:79,0
DA:80,0
DA:81,0
DA:85,0
DA:86,0
DA:89,0
DA:90,0
DA:91,0
DA:95,0
DA:98,0
DA:99,0
DA:102,0
DA:103,0
DA:105,0
DA:106,0
DA:110,0
DA:111,0
DA:112,0
DA:114,0
DA:116,0
DA:118,0
DA:124,0
DA:125,0
DA:128,0
DA:130,0
DA:131,0
DA:132,0
DA:133,0
DA:144,0
DA:145,0
DA:146,0
DA:149,0
DA:150,0
DA:151,0
DA:154,0
DA:155,0
DA:158,0
DA:159,0
DA:160,0
DA:161,0
DA:162,0
DA:163,0
DA:164,0
DA:165,0
DA:172,0
DA:173,0
DA:181,0
DA:183,0
DA:184,0
DA:185,0
DA:190,0
DA:191,0
DA:195,0
DA:197,0
DA:198,0
DA:200,0
DA:203,0
DA:210,0
DA:212,0
DA:213,0
DA:214,0
DA:219,0
DA:220,0
DA:224,0
DA:225,0
DA:229,0
DA:230,0
DA:233,0
DA:234,0
DA:238,0
DA:239,0
DA:243,0
DA:244,0
DA:245,0
DA:249,0
DA:250,0
DA:251,0
DA:261,0
DA:263,0
DA:264,0
DA:265,0
DA:270,0
DA:271,0
DA:274,0
DA:275,0
DA:279,0
DA:280,0
DA:284,0
DA:285,0
DA:286,0
DA:290,0
DA:291,0
DA:292,0
DA:295,0
DA:296,0
DA:297,0
DA:301,0
DA:302,0
DA:303,0
DA:306,0
DA:307,0
DA:308,0
DA:312,0
DA:313,0
DA:314,0
DA:317,0
DA:318,0
DA:319,0
DA:323,0
DA:324,0
DA:325,0
DA:333,0
DA:334,0
DA:335,0
DA:336,0
DA:337,0
DA:338,0
DA:349,0
DA:356,0
DA:363,0
DA:370,0
DA:371,0
DA:378,0
DA:380,0
DA:381,0
DA:384,0
DA:385,0
DA:388,0
DA:389,0
DA:392,0
DA:393,0
DA:396,0
DA:397,0
DA:400,0
DA:401,0
DA:404,0
DA:405,0
DA:408,0
DA:415,0
DA:436,0
DA:443,0
DA:444,0
DA:445,0
DA:446,0
DA:453,0
DA:462,0
DA:464,0
DA:467,0
DA:470,0
DA:473,0
DA:476,0
DA:477,0
DA:480,0
DA:494,0
DA:497,0
DA:499,0
DA:501,0
DA:504,0
DA:511,0
DA:517,0
DA:518,0
DA:520,0
DA:521,0
DA:522,0
DA:523,0
DA:524,0
DA:525,0
DA:526,0
DA:527,0
DA:531,0
DA:532,0
DA:533,0
DA:534,0
DA:536,0
DA:541,0
DA:542,0
DA:543,0
DA:544,0
DA:545,0
DA:547,0
DA:552,0
DA:553,0
DA:557,0
DA:558,0
DA:559,0
DA:560,0
DA:561,0
DA:565,0
DA:577,0
DA:580,0
DA:581,0
DA:584,0
DA:585,0
DA:588,0
DA:589,0
DA:593,0
DA:596,0
DA:597,0
DA:601,0
DA:602,0
DA:605,0
DA:612,0
DA:614,0
DA:616,0
DA:617,0
DA:618,0
DA:620,0
DA:621,0
DA:623,0
DA:624,0
DA:625,0
DA:628,0
DA:630,0
DA:631,0
DA:645,0
DA:650,0
DA:657,0
DA:658,0
DA:660,0
DA:662,0
DA:663,0
DA:664,0
DA:667,0
DA:668,0
DA:672,0
DA:673,0
DA:676,0
DA:680,0
DA:687,0
DA:688,0
DA:689,0
DA:691,0
DA:692,0
DA:693,0
DA:694,0
DA:695,0
DA:696,0
DA:698,0
DA:701,0
DA:702,0
DA:703,0
DA:706,0
DA:710,0
DA:717,0
DA:718,0
DA:725,0
DA:728,0
DA:729,0
DA:733,0
DA:734,0
DA:737,0
DA:742,7
DA:744,7
LF:292
LH:16
BRDA:49,0,0,0
BRDA:54,1,0,0
BRDA:54,1,1,0
BRDA:54,2,0,0
BRDA:54,2,1,0
BRDA:57,3,0,0
BRDA:57,3,1,0
BRDA:77,4,0,0
BRDA:77,4,1,0
BRDA:78,5,0,0
BRDA:78,5,1,0
BRDA:80,6,0,0
BRDA:80,6,1,0
BRDA:85,7,0,0
BRDA:85,7,1,0
BRDA:85,8,0,0
BRDA:85,8,1,0
BRDA:85,8,2,0
BRDA:89,9,0,0
BRDA:89,9,1,0
BRDA:90,10,0,0
BRDA:90,10,1,0
BRDA:102,11,0,0
BRDA:102,11,1,0
BRDA:105,12,0,0
BRDA:105,12,1,0
BRDA:111,13,0,0
BRDA:111,13,1,0
BRDA:116,14,0,0
BRDA:116,14,1,0
BRDA:124,15,0,0
BRDA:124,15,1,0
BRDA:131,16,0,0
BRDA:131,16,1,0
BRDA:131,17,0,0
BRDA:131,17,1,0
BRDA:132,18,0,0
BRDA:132,18,1,0
BRDA:135,19,0,0
BRDA:135,19,1,0
BRDA:135,19,2,0
BRDA:136,20,0,0
BRDA:136,20,1,0
BRDA:137,21,0,0
BRDA:137,21,1,0
BRDA:138,22,0,0
BRDA:138,22,1,0
BRDA:138,22,2,0
BRDA:139,23,0,0
BRDA:139,23,1,0
BRDA:139,23,2,0
BRDA:145,24,0,0
BRDA:145,24,1,0
BRDA:145,25,0,0
BRDA:145,25,1,0
BRDA:150,26,0,0
BRDA:150,26,1,0
BRDA:154,27,0,0
BRDA:154,27,1,0
BRDA:158,28,0,0
BRDA:158,28,1,0
BRDA:158,29,0,0
BRDA:158,29,1,0
BRDA:160,30,0,0
BRDA:160,30,1,0
BRDA:160,31,0,0
BRDA:160,31,1,0
BRDA:162,32,0,0
BRDA:162,32,1,0
BRDA:162,33,0,0
BRDA:162,33,1,0
BRDA:164,34,0,0
BRDA:164,34,1,0
BRDA:184,35,0,0
BRDA:184,35,1,0
BRDA:190,36,0,0
BRDA:190,36,1,0
BRDA:195,37,0,0
BRDA:195,37,1,0
BRDA:198,38,0,0
BRDA:198,38,1,0
BRDA:213,39,0,0
BRDA:213,39,1,0
BRDA:219,40,0,0
BRDA:219,40,1,0
BRDA:224,41,0,0
BRDA:224,41,1,0
BRDA:229,42,0,0
BRDA:229,42,1,0
BRDA:229,43,0,0
BRDA:229,43,1,0
BRDA:233,44,0,0
BRDA:233,44,1,0
BRDA:233,45,0,0
BRDA:233,45,1,0
BRDA:238,46,0,0
BRDA:238,46,1,0
BRDA:238,47,0,0
BRDA:238,47,1,0
BRDA:244,48,0,0
BRDA:244,48,1,0
BRDA:244,49,0,0
BRDA:244,49,1,0
BRDA:250,50,0,0
BRDA:250,50,1,0
BRDA:250,51,0,0
BRDA:250,51,1,0
BRDA:250,51,2,0
BRDA:250,51,3,0
BRDA:264,52,0,0
BRDA:264,52,1,0
BRDA:270,53,0,0
BRDA:270,53,1,0
BRDA:270,54,0,0
BRDA:270,54,1,0
BRDA:274,55,0,0
BRDA:274,55,1,0
BRDA:274,56,0,0
BRDA:274,56,1,0
BRDA:279,57,0,0
BRDA:279,57,1,0
BRDA:285,58,0,0
BRDA:285,58,1,0
BRDA:291,59,0,0
BRDA:291,59,1,0
BRDA:296,60,0,0
BRDA:296,60,1,0
BRDA:302,61,0,0
BRDA:302,61,1,0
BRDA:307,62,0,0
BRDA:307,62,1,0
BRDA:313,63,0,0
BRDA:313,63,1,0
BRDA:318,64,0,0
BRDA:318,64,1,0
BRDA:324,65,0,0
BRDA:324,65,1,0
BRDA:324,66,0,0
BRDA:324,66,1,0
BRDA:333,67,0,0
BRDA:333,67,1,0
BRDA:335,68,0,0
BRDA:335,68,1,0
BRDA:337,69,0,0
BRDA:337,69,1,0
BRDA:337,70,0,0
BRDA:337,70,1,0
BRDA:363,71,0,0
BRDA:363,71,1,0
BRDA:371,72,0,0
BRDA:371,72,1,0
BRDA:377,73,0,0
BRDA:380,74,0,0
BRDA:380,74,1,0
BRDA:384,75,0,0
BRDA:384,75,1,0
BRDA:388,76,0,0
BRDA:388,76,1,0
BRDA:392,77,0,0
BRDA:392,77,1,0
BRDA:396,78,0,0
BRDA:396,78,1,0
BRDA:400,79,0,0
BRDA:400,79,1,0
BRDA:404,80,0,0
BRDA:404,80,1,0
BRDA:464,81,0,0
BRDA:464,81,1,0
BRDA:467,82,0,0
BRDA:467,82,1,0
BRDA:470,83,0,0
BRDA:470,83,1,0
BRDA:473,84,0,0
BRDA:473,84,1,0
BRDA:477,85,0,0
BRDA:477,85,1,0
BRDA:488,86,0,0
BRDA:499,87,0,0
BRDA:499,87,1,0
BRDA:517,88,0,0
BRDA:517,88,1,0
BRDA:518,89,0,0
BRDA:518,89,1,0
BRDA:521,90,0,0
BRDA:521,90,1,0
BRDA:521,91,0,0
BRDA:521,91,1,0
BRDA:521,91,2,0
BRDA:523,92,0,0
BRDA:523,92,1,0
BRDA:525,93,0,0
BRDA:525,93,1,0
BRDA:526,94,0,0
BRDA:526,94,1,0
BRDA:531,95,0,0
BRDA:531,95,1,0
BRDA:533,96,0,0
BRDA:533,96,1,0
BRDA:533,97,0,0
BRDA:533,97,1,0
BRDA:541,98,0,0
BRDA:541,98,1,0
BRDA:543,99,0,0
BRDA:543,99,1,0
BRDA:543,100,0,0
BRDA:543,100,1,0
BRDA:544,101,0,0
BRDA:544,101,1,0
BRDA:552,102,0,0
BRDA:552,102,1,0
BRDA:557,103,0,0
BRDA:557,103,1,0
BRDA:565,104,0,0
BRDA:565,104,1,0
BRDA:573,105,0,0
BRDA:574,106,0,0
BRDA:575,107,0,0
BRDA:576,108,0,0
BRDA:580,109,0,0
BRDA:580,109,1,0
BRDA:580,110,0,0
BRDA:580,110,1,0
BRDA:584,111,0,0
BRDA:584,111,1,0
BRDA:588,112,0,0
BRDA:588,112,1,0
BRDA:596,113,0,0
BRDA:596,113,1,0
BRDA:596,114,0,0
BRDA:596,114,1,0
BRDA:596,114,2,0
BRDA:601,115,0,0
BRDA:601,115,1,0
BRDA:601,116,0,0
BRDA:601,116,1,0
BRDA:612,117,0,0
BRDA:612,117,1,0
BRDA:618,118,0,0
BRDA:618,118,1,0
BRDA:618,119,0,0
BRDA:618,119,1,0
BRDA:623,120,0,0
BRDA:623,120,1,0
BRDA:630,121,0,0
BRDA:630,121,1,0
BRDA:658,122,0,0
BRDA:658,122,1,0
BRDA:667,123,0,0
BRDA:667,123,1,0
BRDA:667,124,0,0
BRDA:667,124,1,0
BRDA:672,125,0,0
BRDA:672,125,1,0
BRDA:672,126,0,0
BRDA:672,126,1,0
BRDA:686,127,0,0
BRDA:687,128,0,0
BRDA:687,128,1,0
BRDA:688,129,0,0
BRDA:688,129,1,0
BRDA:689,130,0,0
BRDA:691,131,0,0
BRDA:691,131,1,0
BRDA:691,132,0,0
BRDA:691,132,1,0
BRDA:702,133,0,0
BRDA:702,133,1,0
BRDA:709,134,0,0
BRDA:709,135,0,0
BRDA:710,136,0,0
BRDA:710,136,1,0
BRDA:717,137,0,0
BRDA:717,137,1,0
BRDA:724,138,0,0
BRDA:725,139,0,0
BRDA:725,139,1,0
BRDA:728,140,0,0
BRDA:728,140,1,0
BRDA:728,141,0,0
BRDA:728,141,1,0
BRDA:733,142,0,0
BRDA:733,142,1,0
BRF:282
BRH:0
end_of_record
TN:
SF:src\sockets\index.js
FN:12,(anonymous_0)
FN:15,(anonymous_1)
FN:39,(anonymous_2)
FN:55,(anonymous_3)
FN:84,(anonymous_4)
FN:210,(anonymous_5)
FN:248,(anonymous_6)
FN:262,(anonymous_7)
FN:280,(anonymous_8)
FNF:9
FNH:1
FNDA:2,(anonymous_0)
FNDA:0,(anonymous_1)
FNDA:0,(anonymous_2)
FNDA:0,(anonymous_3)
FNDA:0,(anonymous_4)
FNDA:0,(anonymous_5)
FNDA:0,(anonymous_6)
FNDA:0,(anonymous_7)
FNDA:0,(anonymous_8)
DA:1,2
DA:2,2
DA:3,2
DA:4,2
DA:7,2
DA:12,2
DA:15,2
DA:16,0
DA:17,0
DA:19,0
DA:20,0
DA:24,0
DA:27,0
DA:28,0
DA:29,0
DA:31,0
DA:34,0
DA:35,0
DA:39,2
DA:40,0
DA:43,0
DA:46,0
DA:55,0
DA:56,0
DA:57,0
DA:60,0
DA:68,0
DA:69,0
DA:72,0
DA:73,0
DA:76,0
DA:77,0
DA:84,0
DA:85,0
DA:87,0
DA:88,0
DA:90,0
DA:93,0
DA:95,0
DA:96,0
DA:100,0
DA:101,0
DA:105,0
DA:106,0
DA:110,0
DA:111,0
DA:115,0
DA:120,0
DA:121,0
DA:122,0
DA:123,0
DA:126,0
DA:129,0
DA:134,0
DA:143,0
DA:146,0
DA:157,0
DA:159,0
DA:161,0
DA:176,0
DA:181,0
DA:184,0
DA:185,0
DA:186,0
DA:193,0
DA:196,0
DA:199,0
DA:200,0
DA:201,0
DA:203,0
DA:210,0
DA:211,0
DA:212,0
DA:214,0
DA:222,0
DA:227,0
DA:228,0
DA:229,0
DA:231,0
DA:232,0
DA:241,0
DA:248,0
DA:249,0
DA:250,0
DA:252,0
DA:258,0
DA:262,0
DA:263,0
DA:264,0
DA:266,0
DA:272,0
DA:280,0
DA:281,0
DA:282,0
DA:286,2
DA:290,2
LF:96
LH:10
BRDA:19,0,0,0
BRDA:19,0,1,0
BRDA:68,1,0,0
BRDA:68,1,1,0
BRDA:88,2,0,0
BRDA:95,3,0,0
BRDA:95,3,1,0
BRDA:105,4,0,0
BRDA:105,4,1,0
BRDA:105,5,0,0
BRDA:105,5,1,0
BRDA:120,6,0,0
BRDA:120,6,1,0
BRDA:129,7,0,0
BRDA:129,7,1,0
BRDA:150,8,0,0
BRDA:150,8,1,0
BRDA:151,9,0,0
BRDA:151,9,1,0
BRDA:185,10,0,0
BRDA:185,10,1,0
BRDA:190,11,0,0
BRDA:190,11,1,0
BRDA:227,12,0,0
BRDA:227,12,1,0
BRDA:231,13,0,0
BRDA:231,13,1,0
BRF:27
BRH:0
end_of_record
TN:
SF:src\utils\helpers.js
FN:4,(anonymous_0)
FN:16,(anonymous_1)
FN:24,(anonymous_2)
FN:32,(anonymous_3)
FN:47,(anonymous_4)
FN:50,(anonymous_5)
FN:51,(anonymous_6)
FN:61,(anonymous_7)
FN:68,(anonymous_8)
FN:78,(anonymous_9)
FN:87,(anonymous_10)
FN:95,(anonymous_11)
FN:111,(anonymous_12)
FN:136,(anonymous_13)
FN:149,(anonymous_14)
FNF:15
FNH:1
FNDA:3,(anonymous_0)
FNDA:0,(anonymous_1)
FNDA:0,(anonymous_2)
FNDA:0,(anonymous_3)
FNDA:0,(anonymous_4)
FNDA:0,(anonymous_5)
FNDA:0,(anonymous_6)
FNDA:0,(anonymous_7)
FNDA:0,(anonymous_8)
FNDA:0,(anonymous_9)
FNDA:0,(anonymous_10)
FNDA:0,(anonymous_11)
FNDA:0,(anonymous_12)
FNDA:0,(anonymous_13)
FNDA:0,(anonymous_14)
DA:4,7
DA:5,3
DA:6,3
DA:7,3
DA:8,12
DA:10,3
DA:16,7
DA:17,0
DA:18,0
DA:24,7
DA:25,0
DA:26,0
DA:32,7
DA:33,0
DA:34,0
DA:47,7
DA:48,0
DA:50,0
DA:51,0
DA:52,0
DA:61,7
DA:62,0
DA:68,7
DA:69,0
DA:78,7
DA:79,0
DA:80,0
DA:81,0
DA:87,7
DA:88,0
DA:89,0
DA:95,7
DA:96,0
DA:97,0
DA:98,0
DA:99,0
DA:101,0
DA:102,0
DA:105,0
DA:111,7
DA:112,0
DA:130,0
DA:136,7
DA:137,0
DA:139,0
DA:140,0
DA:141,0
DA:143,0
DA:149,7
DA:150,0
DA:152,0
DA:153,0
DA:154,0
DA:155,0
DA:157,0
LF:55
LH:18
BRDA:4,0,0,0
BRDA:24,1,0,0
BRDA:24,2,0,0
BRDA:48,3,0,0
BRDA:48,3,1,0
BRDA:48,4,0,0
BRDA:48,4,1,0
BRDA:52,5,0,0
BRDA:52,5,1,0
BRDA:68,6,0,0
BRDA:88,7,0,0
BRDA:88,7,1,0
BRDA:101,8,0,0
BRDA:101,8,1,0
BRDA:101,9,0,0
BRDA:101,9,1,0
BRDA:101,9,2,0
BRDA:130,10,0,0
BRDA:130,10,1,0
BRDA:136,11,0,0
BRDA:137,12,0,0
BRDA:137,12,1,0
BRDA:149,13,0,0
BRDA:150,14,0,0
BRDA:150,14,1,0
BRDA:157,15,0,0
BRDA:157,15,1,0
BRF:27
BRH:0
end_of_record
TN:
SF:src\utils\logger.js
FN:21,(anonymous_0)
FN:50,(anonymous_1)
FNF:2
FNH:0
FNDA:0,(anonymous_0)
FNDA:0,(anonymous_1)
DA:1,0
DA:2,0
DA:4,0
DA:5,0
DA:7,0
DA:22,0
DA:23,0
DA:24,0
DA:26,0
DA:49,0
DA:51,0
DA:55,0
LF:12
LH:0
BRDA:4,0,0,0
BRDA:4,0,1,0
BRDA:5,1,0,0
BRDA:5,1,1,0
BRDA:23,2,0,0
BRDA:23,2,1,0
BRF:6
BRH:0
end_of_record
TN:
SF:src\utils\userProfileMapper.js
FN:1,(anonymous_0)
FN:8,(anonymous_1)
FN:19,(anonymous_2)
FNF:3
FNH:0
FNDA:0,(anonymous_0)
FNDA:0,(anonymous_1)
FNDA:0,(anonymous_2)
DA:1,5
DA:2,0
DA:3,0
DA:4,0
DA:5,0
DA:8,5
DA:9,0
DA:10,0
DA:11,0
DA:12,0
DA:13,0
DA:15,0
DA:19,5
DA:20,0
DA:21,0
DA:24,0
DA:27,0
DA:54,5
LF:18
LH:4
BRDA:2,0,0,0
BRDA:2,0,1,0
BRDA:3,1,0,0
BRDA:3,1,1,0
BRDA:4,2,0,0
BRDA:4,2,1,0
BRDA:9,3,0,0
BRDA:9,3,1,0
BRDA:10,4,0,0
BRDA:10,4,1,0
BRDA:13,5,0,0
BRDA:13,5,1,0
BRDA:20,6,0,0
BRDA:20,6,1,0
BRDA:21,7,0,0
BRDA:21,7,1,0
BRDA:21,7,2,0
BRDA:24,8,0,0
BRDA:24,8,1,0
BRDA:29,9,0,0
BRDA:29,9,1,0
BRDA:29,9,2,0
BRDA:30,10,0,0
BRDA:30,10,1,0
BRDA:30,10,2,0
BRDA:31,11,0,0
BRDA:31,11,1,0
BRDA:32,12,0,0
BRDA:32,12,1,0
BRDA:33,13,0,0
BRDA:33,13,1,0
BRDA:33,14,0,0
BRDA:33,14,1,0
BRDA:34,15,0,0
BRDA:34,15,1,0
BRDA:35,16,0,0
BRDA:35,16,1,0
BRDA:36,17,0,0
BRDA:36,17,1,0
BRDA:38,18,0,0
BRDA:38,18,1,0
BRDA:39,19,0,0
BRDA:39,19,1,0
BRDA:39,19,2,0
BRDA:40,20,0,0
BRDA:40,20,1,0
BRDA:40,20,2,0
BRDA:41,21,0,0
BRDA:41,21,1,0
BRDA:41,21,2,0
BRDA:44,22,0,0
BRDA:44,22,1,0
BRDA:44,22,2,0
BRDA:47,23,0,0
BRDA:47,23,1,0
BRDA:48,24,0,0
BRDA:48,24,1,0
BRDA:49,25,0,0
BRDA:49,25,1,0
BRDA:50,26,0,0
BRDA:50,26,1,0
BRF:61
BRH:0
end_of_record
