SF:lib\models\home_summary.dart
DA:4,2
DA:26,0
DA:27,0
DA:28,0
DA:29,0
DA:30,0
DA:31,0
DA:32,0
DA:33,0
DA:34,0
DA:36,0
DA:37,0
DA:39,0
DA:40,0
DA:44,0
DA:45,0
DA:46,0
DA:47,0
DA:48,0
DA:49,0
DA:50,0
DA:51,0
DA:52,0
DA:53,0
DA:55,0
DA:57,0
DA:60,0
DA:62,0
DA:80,2
DA:100,0
DA:102,0
DA:104,0
DA:105,0
DA:106,0
DA:107,0
DA:108,0
DA:109,0
DA:110,0
DA:111,0
DA:112,0
DA:117,1
DA:127,0
DA:128,0
DA:129,0
DA:130,0
DA:133,12
DA:140,9
DA:144,0
DA:145,0
DA:146,0
DA:151,5
DA:161,0
DA:162,0
DA:163,0
DA:164,0
DA:169,1
DA:181,0
DA:182,0
DA:183,0
DA:184,0
DA:185,0
DA:190,0
DA:204,0
DA:205,0
DA:206,0
DA:207,0
DA:208,0
DA:209,0
DA:214,13
DA:228,0
DA:229,0
DA:230,0
DA:231,0
DA:232,0
DA:233,0
DA:237,0
DA:238,0
DA:239,0
DA:240,0
DA:242,0
LF:80
LH:8
end_of_record
SF:lib\screens\home\home_screen.dart
DA:19,1
DA:21,1
DA:23,1
DA:24,1
DA:25,1
DA:26,1
DA:27,1
DA:28,1
DA:29,2
DA:30,1
DA:31,2
DA:32,4
DA:33,3
DA:35,1
DA:36,1
DA:37,1
DA:38,0
DA:39,0
DA:40,0
DA:41,0
DA:44,1
DA:47,1
DA:48,1
DA:51,1
DA:54,0
DA:55,0
DA:56,1
DA:58,1
DA:60,1
DA:62,1
DA:63,1
DA:64,0
DA:65,0
DA:66,0
DA:69,0
DA:71,0
DA:74,1
DA:77,0
DA:79,1
DA:80,1
DA:82,2
DA:83,0
DA:84,0
DA:85,0
DA:86,0
DA:88,1
DA:89,1
DA:90,1
DA:91,1
DA:92,1
DA:94,0
DA:96,1
DA:97,1
DA:108,1
DA:109,1
DA:110,2
DA:113,0
DA:114,0
DA:117,0
DA:118,0
DA:121,1
DA:122,1
DA:123,0
DA:126,2
DA:129,0
DA:130,0
DA:133,0
DA:134,0
DA:137,0
DA:138,0
DA:141,0
DA:142,0
DA:145,0
DA:146,0
DA:147,0
DA:149,0
DA:152,0
DA:153,0
DA:155,0
DA:157,0
DA:158,0
DA:159,0
DA:160,0
DA:166,0
DA:167,0
DA:168,0
DA:169,0
DA:181,0
DA:182,0
DA:183,0
DA:186,0
DA:187,0
DA:188,0
DA:190,0
DA:191,0
DA:195,0
DA:197,0
DA:201,0
DA:212,1
DA:232,1
DA:234,1
DA:235,1
DA:236,2
DA:237,2
DA:238,2
DA:239,2
DA:240,2
DA:241,2
DA:242,2
DA:244,1
DA:254,1
DA:256,1
DA:257,1
DA:259,1
DA:260,1
DA:261,1
DA:263,1
DA:264,5
DA:266,4
DA:270,1
DA:272,1
DA:273,1
DA:275,1
DA:276,1
DA:277,1
DA:279,4
DA:281,1
DA:282,1
DA:288,1
DA:289,1
DA:290,1
DA:291,1
DA:292,1
DA:297,1
DA:298,1
DA:299,2
DA:303,1
DA:305,0
DA:307,1
DA:308,1
DA:309,1
DA:310,1
DA:313,1
DA:317,1
DA:320,1
DA:324,1
DA:327,1
DA:328,2
DA:332,1
DA:333,1
DA:335,1
DA:336,1
DA:337,1
DA:339,1
DA:341,1
DA:342,1
DA:343,1
DA:344,3
DA:346,5
DA:350,1
DA:351,5
DA:352,1
DA:357,7
DA:368,1
DA:380,1
DA:382,2
DA:383,1
DA:384,1
DA:386,1
DA:387,1
DA:388,1
DA:390,1
DA:392,1
DA:393,2
DA:395,4
DA:397,5
DA:398,5
DA:407,1
DA:423,1
DA:425,1
DA:426,1
DA:434,2
DA:435,1
DA:437,1
DA:441,1
DA:443,1
DA:447,1
DA:449,1
DA:452,2
DA:457,1
DA:459,1
DA:463,1
DA:467,1
DA:468,1
DA:470,1
DA:472,1
DA:473,5
DA:475,2
DA:477,3
DA:487,1
DA:509,1
DA:511,1
DA:512,1
DA:513,2
DA:514,2
DA:515,2
DA:517,1
DA:518,1
DA:521,1
DA:524,2
DA:525,1
DA:526,1
DA:527,6
DA:529,1
DA:530,1
DA:532,1
DA:533,7
DA:535,8
DA:546,1
DA:550,1
DA:552,1
DA:553,1
DA:554,3
DA:555,3
DA:556,3
DA:559,1
DA:560,1
DA:562,1
DA:564,1
DA:565,4
DA:567,4
DA:568,1
DA:569,2
DA:570,2
DA:571,2
DA:573,4
DA:583,1
DA:589,1
DA:591,3
DA:592,3
DA:593,4
DA:594,1
DA:596,1
DA:597,1
DA:598,1
DA:599,6
DA:601,7
DA:605,1
DA:606,1
DA:607,1
DA:610,3
DA:611,2
DA:620,1
DA:630,1
DA:632,1
DA:633,2
DA:634,1
DA:636,0
DA:637,0
DA:639,0
DA:644,2
DA:645,2
DA:646,2
DA:648,1
DA:649,1
DA:651,1
DA:653,1
DA:654,1
DA:655,1
DA:656,4
DA:658,1
DA:660,1
DA:661,3
DA:662,1
DA:669,4
DA:671,1
DA:672,1
DA:673,2
DA:676,5
DA:679,1
DA:680,1
DA:681,4
DA:685,2
DA:686,1
DA:688,1
DA:689,1
DA:690,6
DA:691,9
DA:696,2
DA:697,9
DA:698,1
DA:699,1
DA:700,1
DA:709,1
DA:711,1
DA:712,2
DA:713,6
DA:714,1
DA:715,2
DA:716,1
DA:717,8
DA:722,1
DA:726,1
DA:728,5
DA:729,1
DA:730,1
DA:732,1
DA:734,1
DA:735,1
DA:736,1
DA:737,5
DA:739,9
DA:743,1
DA:745,7
DA:754,0
DA:758,0
DA:760,0
DA:761,0
DA:762,0
DA:763,0
DA:764,0
DA:765,0
DA:766,0
DA:767,0
DA:770,0
DA:772,0
DA:779,1
DA:783,1
DA:785,1
DA:786,1
DA:787,1
DA:789,1
DA:790,1
DA:791,3
DA:793,4
DA:794,2
DA:803,0
DA:808,0
DA:810,0
DA:811,0
DA:814,0
DA:815,0
DA:816,0
DA:818,0
DA:820,0
DA:821,0
DA:823,0
DA:824,0
DA:826,0
DA:827,0
DA:829,0
DA:830,0
LF:352
LH:264
end_of_record
SF:lib\state\app_state.dart
DA:18,6
DA:25,6
DA:27,5
DA:28,5
DA:31,0
DA:32,6
DA:33,0
DA:78,9
DA:79,6
DA:80,8
DA:81,6
DA:82,6
DA:84,3
DA:85,3
DA:86,3
DA:87,3
DA:88,6
DA:89,6
DA:90,6
DA:91,6
DA:92,3
DA:93,2
DA:94,4
DA:95,4
DA:98,3
DA:99,2
DA:101,2
DA:102,2
DA:103,4
DA:110,6
DA:111,0
DA:112,0
DA:116,3
DA:117,3
DA:118,3
DA:121,5
DA:122,6
DA:123,9
DA:124,4
DA:127,4
DA:128,4
DA:129,8
DA:130,8
DA:131,8
DA:132,16
DA:135,4
DA:136,4
DA:137,0
DA:140,0
DA:141,0
DA:143,0
DA:145,0
DA:146,0
DA:149,0
DA:150,0
DA:151,0
DA:152,0
DA:153,0
DA:154,0
DA:155,0
DA:156,0
DA:159,0
DA:163,1
DA:164,1
DA:167,4
DA:169,1
DA:170,1
DA:171,1
DA:172,2
DA:175,5
DA:179,1
DA:180,1
DA:183,0
DA:185,0
DA:186,0
DA:187,0
DA:188,0
DA:189,0
DA:190,0
DA:191,0
DA:194,0
DA:198,0
DA:199,0
DA:202,0
DA:204,0
DA:208,4
DA:209,4
DA:210,8
DA:211,0
DA:212,0
DA:215,0
DA:217,13
DA:218,1
DA:219,1
DA:222,12
DA:223,0
DA:224,0
DA:226,4
DA:227,4
DA:228,4
DA:229,4
DA:230,8
DA:231,8
DA:232,8
DA:235,0
DA:236,0
DA:237,0
DA:238,0
DA:241,0
DA:242,0
DA:243,0
DA:244,0
DA:245,0
DA:246,0
DA:247,0
DA:250,1
DA:251,1
DA:252,1
DA:253,1
DA:254,1
DA:255,1
DA:256,1
DA:257,1
DA:258,2
DA:259,1
DA:260,1
DA:261,1
DA:262,1
DA:263,1
DA:266,1
DA:267,1
DA:268,1
DA:271,1
DA:272,1
DA:273,1
DA:274,1
DA:275,1
DA:278,0
DA:279,0
DA:280,0
DA:283,2
DA:284,4
DA:285,2
DA:286,6
DA:289,2
DA:290,2
DA:291,2
DA:292,2
DA:293,2
DA:296,3
DA:297,3
DA:298,3
DA:299,3
DA:300,3
DA:303,0
DA:304,0
DA:305,0
DA:306,0
DA:307,0
DA:308,0
DA:311,1
DA:312,3
DA:313,5
DA:314,1
DA:315,1
DA:316,1
DA:317,2
DA:320,1
DA:321,3
DA:322,1
DA:323,1
DA:324,1
DA:325,1
DA:326,2
DA:329,0
DA:330,0
DA:331,0
DA:332,0
DA:333,0
DA:334,0
DA:335,0
DA:338,0
DA:339,0
DA:340,0
DA:341,0
DA:344,1
DA:345,2
DA:346,1
DA:347,2
DA:348,1
DA:349,2
DA:352,0
DA:354,0
DA:361,0
DA:365,0
DA:366,0
DA:368,0
DA:373,0
DA:374,0
DA:375,0
DA:376,0
DA:377,0
DA:381,2
DA:383,1
DA:384,1
DA:386,1
DA:387,1
DA:388,1
DA:389,1
DA:390,1
DA:391,1
DA:394,1
DA:396,1
DA:397,1
DA:398,1
DA:399,1
DA:400,1
DA:401,1
DA:407,0
DA:414,0
DA:415,0
DA:416,0
DA:417,0
DA:418,0
DA:419,0
DA:421,0
DA:422,0
DA:423,0
DA:424,0
DA:425,0
DA:426,0
DA:430,0
DA:436,4
DA:437,4
DA:439,1
DA:440,3
DA:441,1
DA:444,8
DA:445,1
DA:446,2
DA:447,1
DA:449,10
DA:453,5
DA:454,5
DA:456,0
DA:457,0
DA:458,0
DA:460,4
DA:461,4
DA:462,4
DA:464,8
DA:465,1
DA:466,1
DA:467,2
DA:468,1
DA:470,2
DA:471,6
DA:472,2
DA:476,0
DA:477,0
DA:478,0
DA:479,0
DA:481,0
DA:482,0
DA:483,0
DA:486,0
DA:489,0
DA:491,0
DA:494,0
DA:495,0
DA:496,0
DA:498,0
DA:499,0
DA:506,2
DA:510,2
DA:512,6
DA:516,4
DA:517,8
DA:518,4
DA:519,4
DA:520,3
DA:521,3
DA:522,1
DA:526,2
DA:527,4
DA:528,2
DA:529,2
DA:531,4
DA:532,2
DA:533,2
DA:538,2
DA:539,4
DA:540,2
DA:541,2
DA:542,4
DA:545,2
DA:546,2
DA:547,0
DA:550,0
DA:552,0
LF:300
LH:186
end_of_record
SF:lib\localization\app_localizations.dart
DA:4,3
DA:16,2
DA:17,2
DA:18,1
DA:568,2
DA:569,4
DA:570,4
DA:576,4
DA:578,2
DA:580,10
DA:582,2
DA:584,2
DA:586,0
DA:592,4
LF:14
LH:13
end_of_record
SF:lib\screens\nutrition\nutrition_preferences_flow.dart
DA:8,1
DA:12,1
DA:13,1
DA:30,1
DA:32,1
DA:33,5
DA:34,5
DA:35,4
DA:36,3
DA:37,3
DA:38,3
DA:39,3
DA:40,3
DA:41,3
DA:42,5
DA:45,1
DA:47,2
DA:48,1
DA:51,1
DA:52,2
DA:53,1
DA:54,0
DA:56,1
DA:61,1
DA:62,3
DA:63,4
DA:66,3
DA:67,2
DA:68,2
DA:69,1
DA:70,1
DA:71,1
DA:72,1
DA:73,1
DA:74,1
DA:75,1
DA:77,7
DA:79,3
DA:82,0
DA:83,0
DA:84,0
DA:86,0
DA:90,1
DA:91,2
DA:92,2
DA:94,2
DA:95,2
DA:100,1
DA:102,1
DA:103,2
DA:104,1
DA:105,1
DA:106,1
DA:107,1
DA:109,1
DA:111,1
DA:113,1
DA:115,1
DA:116,2
DA:118,1
DA:119,4
DA:120,5
DA:124,1
DA:125,1
DA:127,0
DA:130,1
DA:132,1
DA:133,3
DA:135,1
DA:136,1
DA:140,1
DA:141,1
DA:143,1
DA:144,1
DA:145,2
DA:147,1
DA:148,1
DA:149,1
DA:150,1
DA:151,1
DA:152,5
DA:156,1
DA:157,1
DA:158,2
DA:159,4
DA:160,1
DA:161,1
DA:173,1
DA:174,1
DA:175,1
DA:176,1
DA:178,1
DA:179,1
DA:180,3
DA:181,3
DA:183,1
DA:184,1
DA:186,1
DA:187,1
DA:188,1
DA:189,1
DA:190,1
DA:191,4
DA:192,4
DA:193,4
DA:194,4
DA:195,3
DA:198,1
DA:200,1
DA:201,1
DA:202,3
DA:209,1
DA:234,1
DA:236,1
DA:237,1
DA:239,1
DA:240,5
DA:242,1
DA:244,2
DA:245,1
DA:246,1
DA:247,1
DA:250,5
DA:252,1
DA:254,2
DA:255,1
DA:256,1
DA:257,1
DA:264,2
DA:265,1
DA:266,1
DA:267,1
DA:268,1
DA:269,1
DA:270,1
DA:271,1
DA:272,1
DA:277,1
DA:312,1
DA:314,1
DA:315,1
DA:316,1
DA:318,1
DA:319,5
DA:321,1
DA:322,2
DA:323,1
DA:324,1
DA:325,3
DA:326,3
DA:327,3
DA:329,1
DA:332,1
DA:333,2
DA:334,1
DA:335,1
DA:336,3
DA:337,3
DA:338,3
DA:340,1
DA:343,1
DA:344,2
DA:345,1
DA:346,1
DA:347,3
DA:348,3
DA:349,3
DA:351,1
DA:354,1
DA:355,2
DA:356,1
DA:357,1
DA:358,3
DA:359,3
DA:360,3
DA:362,1
DA:366,5
DA:368,1
DA:370,2
DA:371,1
DA:372,1
DA:373,1
DA:380,2
DA:381,1
DA:382,1
DA:383,1
DA:384,1
DA:385,1
DA:386,1
DA:391,1
DA:413,1
DA:415,1
DA:416,1
DA:418,1
DA:419,5
DA:421,1
DA:423,2
DA:424,1
DA:425,1
DA:426,1
DA:429,5
DA:431,1
DA:432,1
DA:434,1
DA:435,2
DA:436,2
DA:440,1
DA:442,3
DA:443,3
DA:450,2
DA:451,1
DA:452,1
DA:453,1
DA:454,1
DA:455,1
DA:456,1
DA:457,1
DA:462,1
DA:466,1
DA:468,2
DA:469,1
DA:471,1
DA:472,4
DA:474,7
DA:481,1
DA:495,1
DA:497,1
DA:500,1
DA:501,1
DA:502,1
DA:503,4
DA:504,1
DA:507,1
DA:508,1
DA:509,7
DA:510,7
DA:512,1
DA:514,1
DA:515,2
DA:517,1
DA:518,1
DA:519,3
DA:533,1
DA:547,1
DA:549,2
DA:550,1
DA:551,1
DA:552,1
DA:554,1
DA:555,4
DA:557,1
DA:559,1
DA:560,1
DA:561,2
DA:562,2
DA:563,3
DA:564,4
DA:567,1
LF:258
LH:252
end_of_record
SF:lib\design_system\design_tokens.dart
DA:6,0
DA:63,0
DA:75,0
DA:85,0
DA:93,0
DA:110,0
DA:144,0
LF:7
LH:0
end_of_record
SF:lib\models\quota_models.dart
DA:4,2
DA:6,2
DA:8,0
DA:15,1
DA:17,1
DA:18,0
DA:20,0
DA:21,0
DA:22,0
DA:29,0
DA:31,0
DA:33,0
DA:42,3
DA:58,0
DA:59,0
DA:60,0
DA:61,0
DA:62,0
DA:63,0
DA:64,0
DA:69,2
DA:81,0
DA:82,0
DA:83,0
DA:84,0
DA:85,0
DA:90,2
DA:102,0
DA:103,0
DA:104,0
DA:105,0
DA:106,0
DA:111,1
DA:123,0
DA:124,0
DA:125,0
DA:126,0
DA:127,0
DA:132,1
DA:148,0
DA:149,0
DA:150,0
DA:151,0
DA:152,0
DA:153,0
DA:154,0
DA:159,1
DA:167,0
DA:168,0
DA:169,0
DA:173,0
DA:174,0
DA:175,0
DA:178,0
DA:179,0
DA:181,0
DA:182,0
DA:183,0
DA:184,0
DA:185,0
DA:186,0
DA:190,9
DA:204,0
DA:205,0
DA:206,0
DA:207,0
DA:209,0
DA:210,0
DA:211,0
DA:214,0
DA:215,0
DA:216,0
DA:217,0
DA:218,0
DA:219,0
DA:221,1
DA:228,1
DA:229,0
DA:230,0
DA:231,0
DA:232,0
DA:233,1
DA:236,1
DA:245,0
DA:246,0
DA:247,0
LF:86
LH:15
end_of_record
SF:lib\widgets\nutrition_expiry_banner.dart
DA:6,1
DA:19,3
DA:21,1
DA:23,2
DA:24,2
DA:25,2
DA:31,1
DA:33,1
DA:36,1
DA:41,1
DA:43,1
DA:44,1
DA:45,1
DA:46,1
DA:48,1
DA:50,1
DA:51,1
DA:52,1
DA:53,1
DA:56,2
DA:57,1
DA:58,1
DA:59,1
DA:65,1
DA:66,1
DA:67,1
DA:68,1
DA:69,1
DA:70,2
DA:72,1
DA:73,1
DA:75,1
DA:76,1
DA:78,1
DA:80,1
DA:89,1
DA:90,2
DA:91,1
DA:93,1
DA:94,1
DA:95,3
LF:41
LH:41
end_of_record
SF:lib\design_system\theme_extensions.dart
DA:12,10
DA:20,1
DA:28,0
DA:36,1
DA:44,1
DA:45,0
DA:46,1
DA:47,1
DA:48,1
DA:49,1
DA:53,0
DA:55,0
DA:59,0
DA:60,0
DA:61,0
DA:62,0
DA:63,0
DA:64,0
DA:65,0
DA:66,0
DA:68,0
DA:71,0
DA:74,0
DA:75,0
DA:76,0
DA:77,0
DA:78,0
DA:79,0
LF:28
LH:8
end_of_record
SF:lib\design_system\typography.dart
DA:6,0
DA:23,3
DA:28,0
DA:33,1
DA:39,1
DA:48,3
DA:49,2
DA:50,2
DA:51,2
DA:52,2
DA:53,2
DA:54,2
DA:55,1
DA:56,1
DA:57,1
DA:58,1
DA:59,1
DA:60,1
DA:61,1
DA:62,1
DA:63,1
LF:21
LH:19
end_of_record
SF:lib\models\intake_models.dart
DA:2,3
DA:7,2
DA:14,4
DA:15,2
DA:16,2
DA:17,2
DA:18,4
DA:21,4
DA:22,4
DA:23,4
DA:24,4
DA:25,4
DA:30,3
DA:38,2
DA:48,4
DA:49,2
DA:50,2
DA:51,2
DA:52,2
DA:53,2
DA:54,2
DA:55,4
DA:58,4
DA:59,4
DA:60,4
DA:61,4
DA:62,4
DA:63,4
DA:64,8
DA:65,4
DA:70,20
DA:80,6
DA:81,4
DA:82,7
DA:84,1
DA:89,1
DA:90,1
DA:91,1
DA:92,1
DA:96,8
DA:97,10
DA:98,10
DA:99,8
DA:102,3
DA:104,3
DA:105,6
DA:106,4
DA:108,6
DA:109,4
DA:111,6
DA:116,2
DA:117,2
DA:118,2
DA:119,2
DA:122,0
DA:125,2
DA:126,2
DA:127,0
DA:128,0
DA:132,2
DA:133,2
DA:134,2
DA:135,0
LF:63
LH:59
end_of_record
SF:lib\screens\intake\first_intake_screen.dart
DA:10,1
DA:21,1
DA:22,1
DA:50,1
DA:52,1
DA:53,4
DA:54,4
DA:55,4
DA:58,4
DA:60,1
DA:61,2
DA:62,1
DA:63,3
DA:69,3
DA:71,1
DA:72,1
DA:73,1
DA:74,1
DA:76,3
DA:78,1
DA:79,3
DA:84,1
DA:86,2
DA:87,1
DA:88,2
DA:89,1
DA:91,1
DA:93,1
DA:98,1
DA:99,1
DA:100,3
DA:101,1
DA:102,1
DA:106,1
DA:108,1
DA:109,1
DA:111,1
DA:113,1
DA:114,1
DA:117,1
DA:119,1
DA:120,4
DA:124,1
DA:127,1
DA:129,1
DA:130,4
DA:134,1
DA:137,1
DA:139,1
DA:140,4
DA:144,1
DA:146,2
DA:147,1
DA:154,2
DA:155,1
DA:174,1
DA:184,1
DA:186,2
DA:187,2
DA:188,1
DA:189,1
DA:191,1
DA:194,1
DA:196,1
DA:198,1
DA:199,5
DA:201,6
DA:203,1
DA:212,1
DA:222,1
DA:224,1
DA:228,1
DA:229,1
DA:230,2
DA:231,1
DA:232,1
DA:233,3
DA:234,4
DA:237,1
DA:243,9
LF:80
LH:80
end_of_record
SF:lib\screens\intake\intake_state.dart
DA:19,1
DA:20,1
DA:22,0
DA:25,1
DA:26,0
DA:27,1
DA:28,0
DA:29,1
DA:30,1
DA:31,0
DA:32,0
DA:34,0
DA:38,1
DA:39,1
DA:41,2
DA:42,2
DA:44,0
DA:48,0
DA:49,0
DA:51,0
DA:52,0
DA:54,0
DA:58,0
DA:59,0
DA:60,0
DA:61,0
DA:62,0
DA:63,0
DA:64,0
DA:65,0
DA:66,0
DA:67,0
DA:68,0
LF:33
LH:10
end_of_record
SF:lib\screens\intake\widgets\option_card.dart
DA:8,1
DA:16,1
DA:18,1
DA:19,1
DA:21,1
DA:24,1
DA:25,1
DA:26,2
DA:27,1
DA:28,1
DA:29,1
DA:30,4
DA:33,1
DA:34,1
DA:35,1
DA:37,1
DA:38,1
DA:41,1
DA:42,1
DA:44,2
DA:45,1
DA:46,2
DA:51,1
DA:53,1
DA:54,1
DA:56,1
DA:57,3
LF:27
LH:27
end_of_record
SF:lib\screens\intake\second_intake_screen.dart
DA:9,1
DA:18,1
DA:19,2
DA:20,1
DA:21,2
DA:27,1
DA:28,1
DA:46,1
DA:48,1
DA:49,2
DA:50,3
DA:51,3
DA:52,3
DA:53,2
DA:54,2
DA:55,3
DA:56,1
DA:59,1
DA:60,3
DA:61,3
DA:62,1
DA:63,1
DA:64,0
DA:65,0
DA:66,0
DA:69,1
DA:70,1
DA:71,1
DA:72,2
DA:73,1
DA:74,1
DA:75,1
DA:76,1
DA:80,1
DA:82,2
DA:83,2
DA:84,2
DA:85,1
DA:88,1
DA:89,4
DA:90,2
DA:93,4
DA:94,1
DA:97,4
DA:98,1
DA:101,1
DA:104,1
DA:110,1
DA:111,1
DA:113,0
DA:114,0
DA:116,0
DA:117,0
DA:120,2
DA:121,2
DA:123,1
DA:124,1
DA:125,3
DA:127,4
DA:128,4
DA:129,4
DA:130,2
DA:131,1
DA:132,1
DA:133,1
DA:134,2
DA:135,2
DA:136,3
DA:137,1
DA:138,2
DA:139,1
DA:143,1
DA:144,1
DA:145,2
DA:147,3
DA:149,1
DA:150,3
DA:155,1
DA:156,1
DA:157,3
DA:160,0
DA:161,0
DA:162,0
DA:163,0
DA:166,1
DA:168,2
DA:169,3
DA:170,1
DA:171,2
DA:172,1
DA:174,1
DA:176,1
DA:181,1
DA:182,2
DA:183,1
DA:184,1
DA:186,1
DA:188,1
DA:189,1
DA:192,1
DA:193,1
DA:194,1
DA:195,1
DA:200,1
DA:201,1
DA:206,1
DA:207,1
DA:215,1
DA:218,1
DA:220,1
DA:221,1
DA:223,1
DA:224,1
DA:225,1
DA:226,1
DA:227,2
DA:228,2
DA:229,4
DA:234,4
DA:236,1
DA:238,1
DA:239,1
DA:240,1
DA:241,1
DA:242,2
DA:243,2
DA:244,4
DA:252,1
DA:255,1
DA:257,1
DA:258,1
DA:263,0
DA:266,1
DA:267,1
DA:268,2
DA:269,1
DA:271,0
DA:274,0
DA:275,0
DA:276,0
DA:277,0
DA:278,0
DA:279,0
DA:280,0
DA:281,0
DA:283,0
DA:293,1
DA:295,2
DA:296,1
DA:303,2
DA:304,1
DA:310,1
DA:312,2
DA:325,1
DA:326,4
DA:327,1
DA:328,4
DA:329,1
DA:332,0
DA:333,0
DA:334,0
DA:336,0
DA:341,1
DA:351,1
DA:353,2
DA:354,1
DA:355,1
DA:356,2
DA:357,1
DA:360,1
DA:362,1
DA:364,1
DA:365,5
DA:367,1
DA:368,1
DA:369,4
DA:372,1
DA:381,0
LF:178
LH:151
end_of_record
SF:lib\theme\app_theme.dart
DA:8,0
DA:14,1
DA:15,1
DA:48,1
DA:50,1
DA:56,1
DA:61,1
DA:63,1
DA:67,1
DA:68,1
DA:76,1
DA:80,1
DA:81,1
DA:84,1
DA:85,1
DA:88,1
DA:89,1
DA:92,2
DA:94,1
DA:95,1
DA:96,1
DA:97,1
DA:98,1
DA:100,1
DA:101,1
DA:105,1
DA:106,1
DA:107,1
DA:108,1
DA:109,1
DA:111,1
DA:112,1
DA:116,1
DA:117,1
DA:118,1
DA:119,1
DA:121,1
DA:122,1
DA:127,1
DA:128,1
DA:130,1
DA:133,1
DA:139,2
DA:140,2
DA:141,1
DA:142,1
DA:145,1
DA:148,1
DA:150,1
DA:151,0
DA:154,0
DA:156,1
DA:157,0
DA:160,0
DA:163,1
DA:171,1
DA:173,2
DA:175,1
DA:176,1
DA:179,1
DA:180,1
DA:181,0
DA:186,1
DA:187,0
DA:194,1
DA:195,1
DA:200,0
DA:201,0
DA:234,0
DA:236,0
DA:242,0
DA:247,0
DA:249,0
DA:253,0
DA:254,0
DA:262,0
DA:266,0
DA:267,0
DA:270,0
DA:271,0
DA:274,0
DA:275,0
DA:278,0
DA:280,0
DA:281,0
DA:282,0
DA:283,0
DA:284,0
DA:286,0
DA:287,0
DA:291,0
DA:292,0
DA:293,0
DA:294,0
DA:295,0
DA:297,0
DA:298,0
DA:302,0
DA:303,0
DA:305,0
DA:307,0
DA:308,0
DA:313,0
DA:316,0
DA:318,0
DA:319,0
DA:321,0
DA:322,0
DA:324,0
DA:325,0
DA:327,0
DA:328,0
DA:331,0
DA:339,0
DA:341,0
DA:343,0
DA:344,0
DA:347,0
DA:348,0
DA:349,0
DA:354,0
DA:355,0
DA:362,0
DA:363,0
LF:124
LH:59
end_of_record
SF:lib\demo\demo_data.dart
DA:25,0
DA:26,0
DA:27,0
DA:31,0
DA:32,0
DA:33,0
DA:35,0
DA:36,0
DA:37,0
DA:38,0
DA:43,0
DA:44,0
DA:45,0
DA:47,0
DA:50,0
DA:51,0
DA:54,0
DA:55,0
DA:56,0
DA:59,0
DA:64,0
DA:65,0
DA:66,0
DA:69,0
DA:70,0
DA:71,0
DA:74,0
DA:77,0
DA:78,0
DA:85,0
DA:86,0
DA:87,0
DA:90,0
DA:92,0
DA:93,0
LF:35
LH:0
end_of_record
SF:lib\demo\demo_session.dart
DA:4,0
DA:6,0
DA:7,0
DA:8,0
DA:9,0
DA:10,0
DA:11,0
DA:13,0
LF:8
LH:0
end_of_record
SF:lib\widgets\demo_banner.dart
DA:5,3
DA:6,0
DA:8,0
DA:9,0
DA:10,0
DA:11,0
DA:12,0
DA:13,0
DA:14,0
DA:16,0
DA:17,0
DA:18,0
LF:12
LH:1
end_of_record
SF:lib\widgets\quota_usage_banner.dart
DA:8,1
DA:19,1
DA:21,1
DA:22,2
DA:23,2
DA:24,1
DA:25,1
DA:26,2
DA:27,1
DA:28,2
DA:29,5
DA:30,2
DA:31,3
DA:33,1
DA:34,1
DA:36,1
DA:38,1
DA:41,1
DA:43,1
DA:44,1
DA:45,4
DA:46,4
DA:52,1
DA:54,1
DA:59,1
DA:61,1
DA:62,3
DA:66,1
DA:69,1
DA:70,1
DA:73,1
DA:74,1
DA:75,1
DA:76,1
DA:78,1
DA:79,1
DA:82,1
DA:84,1
DA:85,1
DA:89,1
DA:90,3
DA:96,1
DA:97,4
DA:98,4
DA:99,1
DA:103,1
DA:105,1
DA:106,1
DA:107,4
DA:113,1
DA:114,1
DA:116,1
DA:117,1
DA:121,1
DA:122,2
DA:130,1
DA:131,2
DA:132,3
DA:137,1
DA:138,1
DA:139,1
DA:141,1
DA:143,1
DA:144,2
DA:146,1
DA:148,1
DA:149,2
DA:151,1
DA:153,4
DA:154,1
DA:165,1
DA:177,1
DA:179,1
DA:181,1
DA:182,1
DA:183,1
DA:184,2
DA:186,1
DA:187,1
DA:188,4
DA:191,1
DA:192,1
DA:193,4
DA:200,1
DA:201,1
DA:203,1
DA:204,1
DA:205,1
DA:206,1
DA:208,1
LF:90
LH:90
end_of_record
SF:lib\widgets\subscription_manager_sheet.dart
DA:9,3
DA:11,0
DA:12,0
DA:13,0
DA:18,0
DA:19,0
DA:26,0
DA:27,0
DA:34,0
DA:36,0
DA:37,0
DA:38,0
DA:39,0
DA:40,0
DA:41,0
DA:43,0
DA:45,0
DA:47,0
DA:48,0
DA:49,0
DA:50,0
DA:51,0
DA:53,0
DA:54,0
DA:55,0
DA:56,0
DA:59,0
DA:60,0
DA:61,0
DA:66,0
DA:67,0
DA:68,0
DA:74,0
DA:75,0
DA:77,0
DA:78,0
DA:79,0
DA:81,0
DA:82,0
DA:83,0
DA:85,0
DA:86,0
DA:87,0
DA:96,0
DA:97,0
DA:98,0
DA:99,0
DA:102,0
DA:103,0
DA:104,0
DA:105,0
DA:106,0
DA:110,0
DA:112,0
DA:113,0
DA:114,0
DA:115,0
DA:116,0
DA:118,0
DA:120,0
DA:121,0
DA:122,0
DA:125,0
DA:126,0
DA:133,0
DA:152,0
DA:153,0
DA:154,0
DA:156,0
DA:158,0
DA:160,0
DA:161,0
DA:162,0
DA:163,0
DA:164,0
DA:167,0
DA:169,0
DA:171,0
DA:172,0
DA:173,0
DA:174,0
DA:175,0
DA:176,0
DA:177,0
DA:180,0
DA:182,0
DA:184,0
DA:185,0
DA:186,0
DA:187,0
DA:188,0
DA:189,0
DA:190,0
DA:197,0
DA:209,0
DA:211,0
DA:212,0
DA:213,0
DA:214,0
DA:217,0
DA:218,0
DA:220,0
DA:222,0
DA:223,0
DA:224,0
DA:225,0
DA:226,0
DA:227,0
DA:230,0
DA:231,0
DA:232,0
DA:233,0
DA:237,0
DA:238,0
DA:239,0
DA:242,0
DA:243,0
DA:244,0
DA:247,0
DA:248,0
DA:250,0
DA:251,0
DA:252,0
DA:254,0
DA:255,0
DA:257,0
DA:263,0
DA:264,0
DA:265,0
DA:268,0
DA:271,0
DA:272,0
DA:273,0
DA:274,0
DA:277,0
DA:278,0
DA:281,0
DA:283,0
DA:286,0
DA:296,0
DA:300,0
DA:302,0
DA:303,0
DA:305,0
DA:306,0
DA:307,0
DA:308,0
DA:310,0
DA:311,0
DA:312,0
DA:319,0
DA:322,0
DA:324,0
DA:325,0
DA:326,0
DA:327,0
DA:329,0
DA:330,0
DA:332,0
DA:334,0
DA:335,0
DA:336,0
DA:337,0
DA:340,0
DA:341,0
DA:343,0
DA:344,0
DA:345,0
DA:346,0
DA:348,0
DA:350,0
DA:352,0
DA:362,0
DA:363,0
DA:364,0
DA:365,0
DA:366,0
DA:367,0
DA:368,0
DA:370,0
DA:371,0
DA:372,0
DA:373,0
DA:374,0
DA:376,0
DA:377,0
DA:378,0
DA:379,0
DA:380,0
DA:382,0
DA:383,0
DA:384,0
DA:385,0
DA:386,0
DA:388,0
DA:389,0
DA:390,0
DA:391,0
DA:392,0
DA:394,0
DA:395,0
DA:396,0
DA:397,0
DA:398,0
DA:405,0
DA:419,0
DA:423,0
DA:425,0
DA:426,0
DA:428,0
DA:429,0
DA:430,0
DA:431,0
DA:433,0
DA:434,0
DA:435,0
LF:216
LH:1
end_of_record
SF:lib\services\subscription_service.dart
DA:11,0
DA:12,0
DA:13,0
DA:14,0
DA:17,0
DA:18,0
DA:19,0
DA:20,0
DA:23,0
DA:25,0
DA:26,0
DA:27,0
DA:28,0
DA:30,0
DA:31,0
DA:33,0
DA:34,0
DA:36,0
DA:37,0
DA:41,0
DA:42,0
DA:47,0
DA:48,0
DA:51,0
DA:54,0
DA:57,0
DA:58,0
DA:61,0
DA:65,0
DA:67,0
LF:30
LH:0
end_of_record
SF:lib\services\api_service.dart
DA:7,18
DA:13,6
DA:15,6
DA:18,18
DA:19,12
DA:32,6
DA:33,0
DA:35,0
DA:36,0
DA:38,0
DA:42,0
DA:43,0
DA:44,0
DA:47,6
DA:48,18
DA:50,24
DA:51,2
DA:52,2
DA:53,0
DA:54,0
DA:56,6
DA:57,2
DA:58,0
DA:60,4
DA:62,2
DA:64,2
DA:65,4
DA:66,2
DA:67,2
DA:70,6
DA:74,0
DA:76,0
DA:78,0
DA:80,0
DA:81,0
DA:82,0
DA:90,0
DA:91,0
DA:93,0
DA:96,2
DA:103,24
DA:112,0
DA:114,0
DA:115,0
DA:117,0
DA:119,0
DA:120,0
DA:121,0
DA:123,0
DA:124,0
DA:125,0
DA:126,0
DA:127,0
DA:128,0
DA:129,0
DA:130,0
DA:132,0
DA:135,0
DA:139,2
DA:140,2
DA:141,6
DA:142,0
DA:144,2
DA:145,2
DA:146,2
DA:147,2
DA:149,2
DA:150,6
DA:151,0
DA:160,2
DA:161,4
DA:162,0
DA:165,4
DA:168,2
DA:169,2
LF:75
LH:36
end_of_record
SF:lib\navigation\app_navigator.dart
DA:3,0
LF:1
LH:0
end_of_record
SF:lib\services\home_summary_service.dart
DA:7,12
DA:11,3
DA:13,12
DA:14,0
DA:15,0
DA:17,0
DA:18,0
DA:19,0
DA:21,0
DA:22,0
DA:25,2
DA:26,2
DA:27,2
DA:28,2
DA:29,4
DA:30,2
LF:16
LH:9
end_of_record
SF:lib\services\nutrition_intake_flag_store.dart
DA:7,0
DA:8,0
DA:10,0
DA:11,0
DA:14,0
DA:15,0
DA:17,0
DA:18,0
DA:21,0
DA:22,0
DA:24,0
DA:25,0
DA:28,0
DA:29,0
DA:31,0
DA:33,0
DA:35,0
DA:39,0
DA:40,0
DA:42,0
DA:43,0
DA:46,0
DA:48,0
DA:49,0
DA:50,0
DA:51,0
DA:52,0
DA:54,0
DA:55,0
DA:61,0
DA:62,0
DA:64,0
DA:67,0
DA:68,0
DA:70,0
DA:73,0
DA:74,0
DA:75,0
LF:38
LH:0
end_of_record
SF:lib\services\quota_service.dart
DA:6,12
DA:10,3
DA:12,0
DA:15,0
DA:19,0
DA:21,0
DA:31,12
DA:32,0
LF:8
LH:3
end_of_record
SF:lib\widgets\demo_mode_indicator.dart
DA:7,1
DA:11,1
DA:13,1
DA:14,1
DA:15,1
DA:16,1
DA:17,1
DA:18,1
DA:19,1
DA:20,1
DA:24,1
DA:25,1
DA:26,1
DA:28,1
DA:29,0
DA:30,0
DA:42,0
DA:43,0
DA:46,0
DA:47,0
DA:48,0
DA:49,0
DA:50,0
DA:55,1
DA:60,1
DA:62,1
DA:63,1
DA:65,1
DA:68,1
DA:69,1
DA:70,1
DA:71,2
DA:76,1
DA:77,1
DA:80,1
DA:81,1
DA:84,1
DA:85,1
DA:87,3
DA:92,1
DA:94,3
DA:99,1
DA:100,1
DA:104,1
DA:105,1
DA:106,1
LF:46
LH:37
end_of_record
SF:lib\demo\demo_launcher.dart
DA:9,0
DA:11,0
DA:12,0
DA:15,0
DA:16,0
DA:17,0
DA:18,0
DA:24,0
DA:26,0
DA:27,0
DA:28,0
DA:29,0
DA:30,0
DA:31,0
DA:32,0
DA:34,0
DA:35,0
DA:36,0
DA:37,0
DA:38,0
DA:41,0
DA:43,0
DA:44,0
DA:45,0
DA:46,0
DA:49,0
DA:51,0
DA:53,0
DA:60,0
DA:62,0
DA:63,0
DA:65,0
DA:66,0
DA:67,0
DA:70,0
DA:71,0
DA:72,0
DA:74,0
DA:75,0
DA:78,0
DA:79,0
DA:81,0
DA:84,0
DA:85,0
DA:86,0
DA:88,0
DA:89,0
DA:96,0
DA:100,0
DA:102,0
DA:103,0
DA:104,0
DA:106,0
DA:109,0
DA:110,0
DA:112,0
DA:116,0
DA:117,0
DA:120,0
DA:124,0
DA:125,0
DA:128,0
DA:132,0
DA:133,0
DA:143,0
DA:157,0
DA:159,0
DA:161,0
DA:162,0
DA:163,0
DA:164,0
DA:166,0
LF:72
LH:0
end_of_record
