{"D:\\mobile applicatio\\Git_Repo\\FitCoach\\backend\\api\\stripeWebhook.js": {"path":"D:\\mobile applicatio\\Git_Repo\\FitCoach\\backend\\api\\stripeWebhook.js","statementMap":{"0":{"start":{"line":1,"column":16},"end":{"line":1,"column":34}},"1":{"start":{"line":2,"column":15},"end":{"line":2,"column":31}},"2":{"start":{"line":3,"column":15},"end":{"line":3,"column":32}},"3":{"start":{"line":4,"column":15},"end":{"line":4,"column":41}},"4":{"start":{"line":5,"column":15},"end":{"line":5,"column":52}},"5":{"start":{"line":7,"column":0},"end":{"line":38,"column":3}},"6":{"start":{"line":8,"column":14},"end":{"line":8,"column":45}},"7":{"start":{"line":11,"column":2},"end":{"line":19,"column":3}},"8":{"start":{"line":12,"column":4},"end":{"line":16,"column":6}},"9":{"start":{"line":18,"column":4},"end":{"line":18,"column":65}},"10":{"start":{"line":22,"column":2},"end":{"line":34,"column":3}},"11":{"start":{"line":23,"column":26},"end":{"line":23,"column":43}},"12":{"start":{"line":24,"column":4},"end":{"line":27,"column":7}},"13":{"start":{"line":28,"column":9},"end":{"line":34,"column":3}},"14":{"start":{"line":29,"column":26},"end":{"line":29,"column":43}},"15":{"start":{"line":30,"column":4},"end":{"line":33,"column":7}},"16":{"start":{"line":37,"column":2},"end":{"line":37,"column":31}},"17":{"start":{"line":40,"column":0},"end":{"line":40,"column":24}}},"fnMap":{"0":{"name":"(anonymous_0)","decl":{"start":{"line":7,"column":67},"end":{"line":7,"column":68}},"loc":{"start":{"line":7,"column":87},"end":{"line":38,"column":1}},"line":7}},"branchMap":{"0":{"loc":{"start":{"line":22,"column":2},"end":{"line":34,"column":3}},"type":"if","locations":[{"start":{"line":22,"column":2},"end":{"line":34,"column":3}},{"start":{"line":28,"column":9},"end":{"line":34,"column":3}}],"line":22},"1":{"loc":{"start":{"line":28,"column":9},"end":{"line":34,"column":3}},"type":"if","locations":[{"start":{"line":28,"column":9},"end":{"line":34,"column":3}},{"start":{},"end":{}}],"line":28}},"s":{"0":4,"1":4,"2":4,"3":4,"4":0,"5":0,"6":0,"7":0,"8":0,"9":0,"10":0,"11":0,"12":0,"13":0,"14":0,"15":0,"16":0,"17":0},"f":{"0":0},"b":{"0":[0,0],"1":[0,0]},"inputSourceMap":null,"_coverageSchema":"1a1c01bbd47fc00a2c39e90264f33305004495a9","hash":"a70c2beee83f2e6c803b5ecae454f1b2fec04daf"}
,"D:\\mobile applicatio\\Git_Repo\\FitCoach\\backend\\src\\affiliate.controller.ts": {"path":"D:\\mobile applicatio\\Git_Repo\\FitCoach\\backend\\src\\affiliate.controller.ts","statementMap":{"0":{"start":{"line":1,"column":0},"end":{"line":1,"column":52}},"1":{"start":{"line":2,"column":0},"end":{"line":2,"column":46}},"2":{"start":{"line":4,"column":15},"end":{"line":4,"column":23}},"3":{"start":{"line":5,"column":15},"end":{"line":5,"column":33}},"4":{"start":{"line":8,"column":0},"end":{"line":15,"column":3}},"5":{"start":{"line":9,"column":2},"end":{"line":14,"column":3}},"6":{"start":{"line":10,"column":23},"end":{"line":10,"column":56}},"7":{"start":{"line":11,"column":4},"end":{"line":11,"column":25}},"8":{"start":{"line":13,"column":4},"end":{"line":13,"column":67}},"9":{"start":{"line":18,"column":0},"end":{"line":28,"column":3}},"10":{"start":{"line":19,"column":2},"end":{"line":27,"column":3}},"11":{"start":{"line":20,"column":45},"end":{"line":20,"column":53}},"12":{"start":{"line":21,"column":22},"end":{"line":23,"column":6}},"13":{"start":{"line":24,"column":4},"end":{"line":24,"column":36}},"14":{"start":{"line":26,"column":4},"end":{"line":26,"column":67}},"15":{"start":{"line":30,"column":0},"end":{"line":30,"column":22}}},"fnMap":{"0":{"name":"(anonymous_0)","decl":{"start":{"line":8,"column":16},"end":{"line":8,"column":21}},"loc":{"start":{"line":8,"column":54},"end":{"line":15,"column":1}}},"1":{"name":"(anonymous_1)","decl":{"start":{"line":18,"column":17},"end":{"line":18,"column":22}},"loc":{"start":{"line":18,"column":55},"end":{"line":28,"column":1}}}},"branchMap":{},"s":{"0":4,"1":4,"2":4,"3":4,"4":4,"5":0,"6":0,"7":0,"8":0,"9":4,"10":0,"11":0,"12":0,"13":0,"14":0,"15":4},"f":{"0":0,"1":0},"b":{}}
,"D:\\mobile applicatio\\Git_Repo\\FitCoach\\backend\\src\\auth.controller.ts": {"path":"D:\\mobile applicatio\\Git_Repo\\FitCoach\\backend\\src\\auth.controller.ts","statementMap":{"0":{"start":{"line":1,"column":0},"end":{"line":1,"column":42}},"1":{"start":{"line":2,"column":0},"end":{"line":2,"column":46}},"2":{"start":{"line":3,"column":0},"end":{"line":3,"column":31}},"3":{"start":{"line":4,"column":0},"end":{"line":4,"column":26}},"4":{"start":{"line":5,"column":0},"end":{"line":5,"column":28}},"5":{"start":{"line":6,"column":0},"end":{"line":6,"column":48}},"6":{"start":{"line":7,"column":0},"end":{"line":7,"column":35}},"7":{"start":{"line":9,"column":15},"end":{"line":9,"column":23}},"8":{"start":{"line":10,"column":15},"end":{"line":10,"column":33}},"9":{"start":{"line":11,"column":64},"end":{"line":14,"column":2}},"10":{"start":{"line":17,"column":0},"end":{"line":21,"column":1}},"11":{"start":{"line":18,"column":2},"end":{"line":20,"column":5}},"12":{"start":{"line":23,"column":27},"end":{"line":26,"column":1}},"13":{"start":{"line":24,"column":2},"end":{"line":24,"column":28}},"14":{"start":{"line":24,"column":14},"end":{"line":24,"column":28}},"15":{"start":{"line":25,"column":2},"end":{"line":25,"column":47}},"16":{"start":{"line":28,"column":29},"end":{"line":33,"column":1}},"17":{"start":{"line":29,"column":2},"end":{"line":29,"column":58}},"18":{"start":{"line":29,"column":42},"end":{"line":29,"column":58}},"19":{"start":{"line":30,"column":17},"end":{"line":30,"column":45}},"20":{"start":{"line":31,"column":17},"end":{"line":31,"column":48}},"21":{"start":{"line":32,"column":2},"end":{"line":32,"column":40}},"22":{"start":{"line":35,"column":21},"end":{"line":49,"column":2}},"23":{"start":{"line":42,"column":7},"end":{"line":49,"column":2}},"24":{"start":{"line":57,"column":23},"end":{"line":57,"column":48}},"25":{"start":{"line":58,"column":24},"end":{"line":58,"column":62}},"26":{"start":{"line":59,"column":22},"end":{"line":59,"column":42}},"27":{"start":{"line":60,"column":14},"end":{"line":60,"column":64}},"28":{"start":{"line":61,"column":2},"end":{"line":82,"column":3}},"29":{"start":{"line":62,"column":4},"end":{"line":70,"column":7}},"30":{"start":{"line":72,"column":48},"end":{"line":72,"column":50}},"31":{"start":{"line":73,"column":4},"end":{"line":75,"column":5}},"32":{"start":{"line":74,"column":6},"end":{"line":74,"column":37}},"33":{"start":{"line":76,"column":4},"end":{"line":78,"column":5}},"34":{"start":{"line":77,"column":6},"end":{"line":77,"column":51}},"35":{"start":{"line":79,"column":4},"end":{"line":81,"column":5}},"36":{"start":{"line":80,"column":6},"end":{"line":80,"column":91}},"37":{"start":{"line":83,"column":2},"end":{"line":83,"column":14}},"38":{"start":{"line":86,"column":35},"end":{"line":94,"column":1}},"39":{"start":{"line":87,"column":17},"end":{"line":87,"column":47}},"40":{"start":{"line":88,"column":2},"end":{"line":88,"column":32}},"41":{"start":{"line":88,"column":15},"end":{"line":88,"column":32}},"42":{"start":{"line":89,"column":14},"end":{"line":89,"column":56}},"43":{"start":{"line":90,"column":2},"end":{"line":90,"column":29}},"44":{"start":{"line":90,"column":12},"end":{"line":90,"column":29}},"45":{"start":{"line":91,"column":15},"end":{"line":91,"column":40}},"46":{"start":{"line":92,"column":2},"end":{"line":92,"column":30}},"47":{"start":{"line":92,"column":13},"end":{"line":92,"column":30}},"48":{"start":{"line":93,"column":2},"end":{"line":93,"column":26}},"49":{"start":{"line":97,"column":0},"end":{"line":116,"column":3}},"50":{"start":{"line":98,"column":2},"end":{"line":115,"column":3}},"51":{"start":{"line":99,"column":61},"end":{"line":99,"column":69}},"52":{"start":{"line":100,"column":4},"end":{"line":102,"column":5}},"53":{"start":{"line":101,"column":6},"end":{"line":101,"column":73}},"54":{"start":{"line":103,"column":21},"end":{"line":103,"column":71}},"55":{"start":{"line":104,"column":4},"end":{"line":106,"column":5}},"56":{"start":{"line":105,"column":6},"end":{"line":105,"column":69}},"57":{"start":{"line":107,"column":19},"end":{"line":107,"column":50}},"58":{"start":{"line":108,"column":17},"end":{"line":110,"column":6}},"59":{"start":{"line":111,"column":18},"end":{"line":111,"column":72}},"60":{"start":{"line":112,"column":4},"end":{"line":112,"column":57}},"61":{"start":{"line":114,"column":4},"end":{"line":114,"column":54}},"62":{"start":{"line":119,"column":0},"end":{"line":134,"column":3}},"63":{"start":{"line":120,"column":2},"end":{"line":133,"column":3}},"64":{"start":{"line":121,"column":24},"end":{"line":121,"column":32}},"65":{"start":{"line":122,"column":22},"end":{"line":122,"column":100}},"66":{"start":{"line":123,"column":28},"end":{"line":123,"column":79}},"67":{"start":{"line":124,"column":4},"end":{"line":124,"column":80}},"68":{"start":{"line":124,"column":16},"end":{"line":124,"column":80}},"69":{"start":{"line":125,"column":15},"end":{"line":125,"column":65}},"70":{"start":{"line":126,"column":4},"end":{"line":128,"column":5}},"71":{"start":{"line":127,"column":6},"end":{"line":127,"column":79}},"72":{"start":{"line":129,"column":18},"end":{"line":129,"column":72}},"73":{"start":{"line":130,"column":4},"end":{"line":130,"column":30}},"74":{"start":{"line":132,"column":4},"end":{"line":132,"column":62}},"75":{"start":{"line":137,"column":0},"end":{"line":152,"column":3}},"76":{"start":{"line":138,"column":2},"end":{"line":151,"column":3}},"77":{"start":{"line":139,"column":28},"end":{"line":139,"column":36}},"78":{"start":{"line":140,"column":18},"end":{"line":140,"column":150}},"79":{"start":{"line":141,"column":28},"end":{"line":141,"column":38}},"80":{"start":{"line":142,"column":4},"end":{"line":142,"column":82}},"81":{"start":{"line":142,"column":16},"end":{"line":142,"column":82}},"82":{"start":{"line":143,"column":15},"end":{"line":143,"column":65}},"83":{"start":{"line":144,"column":4},"end":{"line":146,"column":5}},"84":{"start":{"line":145,"column":6},"end":{"line":145,"column":79}},"85":{"start":{"line":147,"column":18},"end":{"line":147,"column":72}},"86":{"start":{"line":148,"column":4},"end":{"line":148,"column":30}},"87":{"start":{"line":150,"column":4},"end":{"line":150,"column":64}},"88":{"start":{"line":155,"column":0},"end":{"line":174,"column":3}},"89":{"start":{"line":156,"column":2},"end":{"line":173,"column":3}},"90":{"start":{"line":157,"column":27},"end":{"line":157,"column":35}},"91":{"start":{"line":158,"column":20},"end":{"line":161,"column":6}},"92":{"start":{"line":162,"column":18},"end":{"line":162,"column":31}},"93":{"start":{"line":163,"column":17},"end":{"line":163,"column":29}},"94":{"start":{"line":164,"column":4},"end":{"line":164,"column":79}},"95":{"start":{"line":164,"column":16},"end":{"line":164,"column":79}},"96":{"start":{"line":165,"column":15},"end":{"line":165,"column":65}},"97":{"start":{"line":166,"column":4},"end":{"line":168,"column":5}},"98":{"start":{"line":167,"column":6},"end":{"line":167,"column":79}},"99":{"start":{"line":169,"column":18},"end":{"line":169,"column":72}},"100":{"start":{"line":170,"column":4},"end":{"line":170,"column":30}},"101":{"start":{"line":172,"column":4},"end":{"line":172,"column":61}},"102":{"start":{"line":177,"column":0},"end":{"line":191,"column":3}},"103":{"start":{"line":178,"column":2},"end":{"line":190,"column":3}},"104":{"start":{"line":179,"column":27},"end":{"line":179,"column":35}},"105":{"start":{"line":180,"column":20},"end":{"line":180,"column":64}},"106":{"start":{"line":181,"column":18},"end":{"line":181,"column":38}},"107":{"start":{"line":182,"column":4},"end":{"line":182,"column":79}},"108":{"start":{"line":182,"column":16},"end":{"line":182,"column":79}},"109":{"start":{"line":183,"column":28},"end":{"line":183,"column":59}},"110":{"start":{"line":184,"column":17},"end":{"line":184,"column":91}},"111":{"start":{"line":185,"column":18},"end":{"line":185,"column":89}},"112":{"start":{"line":186,"column":29},"end":{"line":186,"column":106}},"113":{"start":{"line":187,"column":4},"end":{"line":187,"column":104}},"114":{"start":{"line":189,"column":4},"end":{"line":189,"column":61}},"115":{"start":{"line":193,"column":0},"end":{"line":211,"column":3}},"116":{"start":{"line":194,"column":2},"end":{"line":210,"column":3}},"117":{"start":{"line":195,"column":24},"end":{"line":195,"column":32}},"118":{"start":{"line":196,"column":4},"end":{"line":198,"column":5}},"119":{"start":{"line":197,"column":6},"end":{"line":197,"column":66}},"120":{"start":{"line":199,"column":20},"end":{"line":199,"column":61}},"121":{"start":{"line":200,"column":18},"end":{"line":200,"column":38}},"122":{"start":{"line":201,"column":4},"end":{"line":201,"column":91}},"123":{"start":{"line":201,"column":16},"end":{"line":201,"column":91}},"124":{"start":{"line":202,"column":28},"end":{"line":202,"column":59}},"125":{"start":{"line":203,"column":17},"end":{"line":203,"column":91}},"126":{"start":{"line":204,"column":20},"end":{"line":204,"column":56}},"127":{"start":{"line":205,"column":24},"end":{"line":205,"column":66}},"128":{"start":{"line":206,"column":29},"end":{"line":206,"column":106}},"129":{"start":{"line":207,"column":4},"end":{"line":207,"column":116}},"130":{"start":{"line":209,"column":4},"end":{"line":209,"column":61}},"131":{"start":{"line":213,"column":0},"end":{"line":213,"column":22}}},"fnMap":{"0":{"name":"(anonymous_1)","decl":{"start":{"line":23,"column":27},"end":{"line":23,"column":28}},"loc":{"start":{"line":23,"column":74},"end":{"line":26,"column":1}}},"1":{"name":"(anonymous_2)","decl":{"start":{"line":28,"column":29},"end":{"line":28,"column":30}},"loc":{"start":{"line":28,"column":73},"end":{"line":33,"column":1}}},"2":{"name":"(anonymous_3)","decl":{"start":{"line":35,"column":21},"end":{"line":35,"column":22}},"loc":{"start":{"line":42,"column":7},"end":{"line":49,"column":2}}},"3":{"name":"upsertPhoneUser","decl":{"start":{"line":51,"column":15},"end":{"line":51,"column":30}},"loc":{"start":{"line":55,"column":33},"end":{"line":84,"column":1}}},"4":{"name":"(anonymous_5)","decl":{"start":{"line":86,"column":35},"end":{"line":86,"column":36}},"loc":{"start":{"line":86,"column":72},"end":{"line":94,"column":1}}},"5":{"name":"(anonymous_6)","decl":{"start":{"line":97,"column":28},"end":{"line":97,"column":33}},"loc":{"start":{"line":97,"column":47},"end":{"line":116,"column":1}}},"6":{"name":"(anonymous_7)","decl":{"start":{"line":119,"column":35},"end":{"line":119,"column":40}},"loc":{"start":{"line":119,"column":54},"end":{"line":134,"column":1}}},"7":{"name":"(anonymous_8)","decl":{"start":{"line":137,"column":37},"end":{"line":137,"column":42}},"loc":{"start":{"line":137,"column":56},"end":{"line":152,"column":1}}},"8":{"name":"(anonymous_9)","decl":{"start":{"line":155,"column":34},"end":{"line":155,"column":39}},"loc":{"start":{"line":155,"column":53},"end":{"line":174,"column":1}}},"9":{"name":"(anonymous_10)","decl":{"start":{"line":177,"column":34},"end":{"line":177,"column":39}},"loc":{"start":{"line":177,"column":53},"end":{"line":191,"column":1}}},"10":{"name":"(anonymous_11)","decl":{"start":{"line":193,"column":39},"end":{"line":193,"column":44}},"loc":{"start":{"line":193,"column":58},"end":{"line":211,"column":1}}}},"branchMap":{"0":{"loc":{"start":{"line":17,"column":0},"end":{"line":21,"column":1}},"type":"if","locations":[{"start":{"line":17,"column":0},"end":{"line":21,"column":1}}]},"1":{"loc":{"start":{"line":24,"column":2},"end":{"line":24,"column":28}},"type":"if","locations":[{"start":{"line":24,"column":2},"end":{"line":24,"column":28}}]},"2":{"loc":{"start":{"line":25,"column":9},"end":{"line":25,"column":46}},"type":"binary-expr","locations":[{"start":{"line":25,"column":9},"end":{"line":25,"column":36}},{"start":{"line":25,"column":40},"end":{"line":25,"column":46}}]},"3":{"loc":{"start":{"line":29,"column":2},"end":{"line":29,"column":58}},"type":"if","locations":[{"start":{"line":29,"column":2},"end":{"line":29,"column":58}}]},"4":{"loc":{"start":{"line":29,"column":6},"end":{"line":29,"column":40}},"type":"binary-expr","locations":[{"start":{"line":29,"column":6},"end":{"line":29,"column":14}},{"start":{"line":29,"column":18},"end":{"line":29,"column":40}}]},"5":{"loc":{"start":{"line":31,"column":17},"end":{"line":31,"column":48}},"type":"binary-expr","locations":[{"start":{"line":31,"column":17},"end":{"line":31,"column":23}},{"start":{"line":31,"column":27},"end":{"line":31,"column":48}}]},"6":{"loc":{"start":{"line":59,"column":22},"end":{"line":59,"column":42}},"type":"binary-expr","locations":[{"start":{"line":59,"column":22},"end":{"line":59,"column":26}},{"start":{"line":59,"column":30},"end":{"line":59,"column":42}}]},"7":{"loc":{"start":{"line":61,"column":2},"end":{"line":82,"column":3}},"type":"if","locations":[{"start":{"line":61,"column":2},"end":{"line":82,"column":3}},{"start":{"line":71,"column":9},"end":{"line":82,"column":3}}]},"8":{"loc":{"start":{"line":73,"column":4},"end":{"line":75,"column":5}},"type":"if","locations":[{"start":{"line":73,"column":4},"end":{"line":75,"column":5}}]},"9":{"loc":{"start":{"line":76,"column":4},"end":{"line":78,"column":5}},"type":"if","locations":[{"start":{"line":76,"column":4},"end":{"line":78,"column":5}}]},"10":{"loc":{"start":{"line":76,"column":8},"end":{"line":76,"column":67}},"type":"binary-expr","locations":[{"start":{"line":76,"column":8},"end":{"line":76,"column":23}},{"start":{"line":76,"column":27},"end":{"line":76,"column":67}}]},"11":{"loc":{"start":{"line":79,"column":4},"end":{"line":81,"column":5}},"type":"if","locations":[{"start":{"line":79,"column":4},"end":{"line":81,"column":5}}]},"12":{"loc":{"start":{"line":88,"column":2},"end":{"line":88,"column":32}},"type":"if","locations":[{"start":{"line":88,"column":2},"end":{"line":88,"column":32}}]},"13":{"loc":{"start":{"line":89,"column":14},"end":{"line":89,"column":56}},"type":"cond-expr","locations":[{"start":{"line":89,"column":38},"end":{"line":89,"column":47}},{"start":{"line":89,"column":50},"end":{"line":89,"column":56}}]},"14":{"loc":{"start":{"line":90,"column":2},"end":{"line":90,"column":29}},"type":"if","locations":[{"start":{"line":90,"column":2},"end":{"line":90,"column":29}}]},"15":{"loc":{"start":{"line":92,"column":2},"end":{"line":92,"column":30}},"type":"if","locations":[{"start":{"line":92,"column":2},"end":{"line":92,"column":30}}]},"16":{"loc":{"start":{"line":100,"column":4},"end":{"line":102,"column":5}},"type":"if","locations":[{"start":{"line":100,"column":4},"end":{"line":102,"column":5}}]},"17":{"loc":{"start":{"line":100,"column":8},"end":{"line":100,"column":45}},"type":"binary-expr","locations":[{"start":{"line":100,"column":8},"end":{"line":100,"column":13}},{"start":{"line":100,"column":17},"end":{"line":100,"column":23}},{"start":{"line":100,"column":27},"end":{"line":100,"column":36}},{"start":{"line":100,"column":40},"end":{"line":100,"column":45}}]},"18":{"loc":{"start":{"line":104,"column":4},"end":{"line":106,"column":5}},"type":"if","locations":[{"start":{"line":104,"column":4},"end":{"line":106,"column":5}}]},"19":{"loc":{"start":{"line":124,"column":4},"end":{"line":124,"column":80}},"type":"if","locations":[{"start":{"line":124,"column":4},"end":{"line":124,"column":80}}]},"20":{"loc":{"start":{"line":126,"column":4},"end":{"line":128,"column":5}},"type":"if","locations":[{"start":{"line":126,"column":4},"end":{"line":128,"column":5}}]},"21":{"loc":{"start":{"line":142,"column":4},"end":{"line":142,"column":82}},"type":"if","locations":[{"start":{"line":142,"column":4},"end":{"line":142,"column":82}}]},"22":{"loc":{"start":{"line":144,"column":4},"end":{"line":146,"column":5}},"type":"if","locations":[{"start":{"line":144,"column":4},"end":{"line":146,"column":5}}]},"23":{"loc":{"start":{"line":164,"column":4},"end":{"line":164,"column":79}},"type":"if","locations":[{"start":{"line":164,"column":4},"end":{"line":164,"column":79}}]},"24":{"loc":{"start":{"line":166,"column":4},"end":{"line":168,"column":5}},"type":"if","locations":[{"start":{"line":166,"column":4},"end":{"line":168,"column":5}}]},"25":{"loc":{"start":{"line":182,"column":4},"end":{"line":182,"column":79}},"type":"if","locations":[{"start":{"line":182,"column":4},"end":{"line":182,"column":79}}]},"26":{"loc":{"start":{"line":186,"column":29},"end":{"line":186,"column":106}},"type":"cond-expr","locations":[{"start":{"line":186,"column":78},"end":{"line":186,"column":93}},{"start":{"line":186,"column":96},"end":{"line":186,"column":106}}]},"27":{"loc":{"start":{"line":186,"column":29},"end":{"line":186,"column":75}},"type":"binary-expr","locations":[{"start":{"line":186,"column":29},"end":{"line":186,"column":50}},{"start":{"line":186,"column":54},"end":{"line":186,"column":75}}]},"28":{"loc":{"start":{"line":196,"column":4},"end":{"line":198,"column":5}},"type":"if","locations":[{"start":{"line":196,"column":4},"end":{"line":198,"column":5}}]},"29":{"loc":{"start":{"line":201,"column":4},"end":{"line":201,"column":91}},"type":"if","locations":[{"start":{"line":201,"column":4},"end":{"line":201,"column":91}}]},"30":{"loc":{"start":{"line":206,"column":29},"end":{"line":206,"column":106}},"type":"cond-expr","locations":[{"start":{"line":206,"column":78},"end":{"line":206,"column":93}},{"start":{"line":206,"column":96},"end":{"line":206,"column":106}}]},"31":{"loc":{"start":{"line":206,"column":29},"end":{"line":206,"column":75}},"type":"binary-expr","locations":[{"start":{"line":206,"column":29},"end":{"line":206,"column":50}},{"start":{"line":206,"column":54},"end":{"line":206,"column":75}}]}},"s":{"0":5,"1":5,"2":5,"3":5,"4":5,"5":5,"6":5,"7":5,"8":5,"9":5,"10":5,"11":5,"12":5,"13":2,"14":0,"15":2,"16":5,"17":2,"18":1,"19":1,"20":1,"21":1,"22":5,"23":2,"24":2,"25":2,"26":2,"27":2,"28":2,"29":1,"30":1,"31":1,"32":1,"33":1,"34":0,"35":1,"36":1,"37":2,"38":5,"39":2,"40":2,"41":2,"42":0,"43":0,"44":0,"45":0,"46":0,"47":0,"48":0,"49":5,"50":0,"51":0,"52":0,"53":0,"54":0,"55":0,"56":0,"57":0,"58":0,"59":0,"60":0,"61":0,"62":5,"63":0,"64":0,"65":0,"66":0,"67":0,"68":0,"69":0,"70":0,"71":0,"72":0,"73":0,"74":0,"75":5,"76":0,"77":0,"78":0,"79":0,"80":0,"81":0,"82":0,"83":0,"84":0,"85":0,"86":0,"87":0,"88":5,"89":0,"90":0,"91":0,"92":0,"93":0,"94":0,"95":0,"96":0,"97":0,"98":0,"99":0,"100":0,"101":0,"102":5,"103":0,"104":0,"105":0,"106":0,"107":0,"108":0,"109":0,"110":0,"111":0,"112":0,"113":0,"114":0,"115":5,"116":3,"117":3,"118":3,"119":1,"120":2,"121":2,"122":2,"123":0,"124":2,"125":2,"126":2,"127":2,"128":2,"129":2,"130":0,"131":5},"f":{"0":2,"1":2,"2":2,"3":2,"4":2,"5":0,"6":0,"7":0,"8":0,"9":0,"10":3},"b":{"0":[5],"1":[0],"2":[2,1],"3":[1],"4":[2,1],"5":[1,0],"6":[2,0],"7":[1,1],"8":[1],"9":[0],"10":[1,0],"11":[1],"12":[2],"13":[0,0],"14":[0],"15":[0],"16":[0],"17":[0,0,0,0],"18":[0],"19":[0],"20":[0],"21":[0],"22":[0],"23":[0],"24":[0],"25":[0],"26":[0,0],"27":[0,0],"28":[1],"29":[0],"30":[1,1],"31":[2,1]}}
,"D:\\mobile applicatio\\Git_Repo\\FitCoach\\backend\\src\\categories.controller.ts": {"path":"D:\\mobile applicatio\\Git_Repo\\FitCoach\\backend\\src\\categories.controller.ts","statementMap":{"0":{"start":{"line":1,"column":0},"end":{"line":1,"column":33}},"1":{"start":{"line":2,"column":0},"end":{"line":2,"column":46}},"2":{"start":{"line":4,"column":15},"end":{"line":4,"column":23}},"3":{"start":{"line":5,"column":15},"end":{"line":5,"column":33}},"4":{"start":{"line":8,"column":0},"end":{"line":15,"column":3}},"5":{"start":{"line":9,"column":2},"end":{"line":14,"column":3}},"6":{"start":{"line":10,"column":23},"end":{"line":10,"column":55}},"7":{"start":{"line":11,"column":4},"end":{"line":11,"column":25}},"8":{"start":{"line":13,"column":4},"end":{"line":13,"column":66}},"9":{"start":{"line":18,"column":0},"end":{"line":27,"column":3}},"10":{"start":{"line":19,"column":2},"end":{"line":26,"column":3}},"11":{"start":{"line":20,"column":21},"end":{"line":22,"column":6}},"12":{"start":{"line":23,"column":4},"end":{"line":23,"column":23}},"13":{"start":{"line":25,"column":4},"end":{"line":25,"column":64}},"14":{"start":{"line":29,"column":0},"end":{"line":29,"column":22}}},"fnMap":{"0":{"name":"(anonymous_0)","decl":{"start":{"line":8,"column":26},"end":{"line":8,"column":31}},"loc":{"start":{"line":8,"column":45},"end":{"line":15,"column":1}}},"1":{"name":"(anonymous_1)","decl":{"start":{"line":18,"column":39},"end":{"line":18,"column":44}},"loc":{"start":{"line":18,"column":58},"end":{"line":27,"column":1}}}},"branchMap":{},"s":{"0":4,"1":4,"2":4,"3":4,"4":4,"5":0,"6":0,"7":0,"8":0,"9":4,"10":0,"11":0,"12":0,"13":0,"14":4},"f":{"0":0,"1":0},"b":{}}
,"D:\\mobile applicatio\\Git_Repo\\FitCoach\\backend\\src\\coaches.controller.ts": {"path":"D:\\mobile applicatio\\Git_Repo\\FitCoach\\backend\\src\\coaches.controller.ts","statementMap":{"0":{"start":{"line":1,"column":0},"end":{"line":1,"column":52}},"1":{"start":{"line":2,"column":0},"end":{"line":2,"column":54}},"2":{"start":{"line":3,"column":0},"end":{"line":3,"column":78}},"3":{"start":{"line":5,"column":15},"end":{"line":5,"column":23}},"4":{"start":{"line":6,"column":15},"end":{"line":6,"column":33}},"5":{"start":{"line":12,"column":63},"end":{"line":16,"column":2}},"6":{"start":{"line":18,"column":60},"end":{"line":20,"column":2}},"7":{"start":{"line":22,"column":49},"end":{"line":27,"column":2}},"8":{"start":{"line":29,"column":51},"end":{"line":31,"column":2}},"9":{"start":{"line":33,"column":24},"end":{"line":76,"column":1}},"10":{"start":{"line":34,"column":14},"end":{"line":34,"column":24}},"11":{"start":{"line":35,"column":23},"end":{"line":35,"column":69}},"12":{"start":{"line":38,"column":4},"end":{"line":59,"column":6}},"13":{"start":{"line":61,"column":29},"end":{"line":61,"column":51}},"14":{"start":{"line":62,"column":24},"end":{"line":62,"column":109}},"15":{"start":{"line":63,"column":22},"end":{"line":63,"column":111}},"16":{"start":{"line":65,"column":2},"end":{"line":75,"column":4}},"17":{"start":{"line":79,"column":0},"end":{"line":89,"column":3}},"18":{"start":{"line":80,"column":2},"end":{"line":88,"column":3}},"19":{"start":{"line":81,"column":58},"end":{"line":81,"column":66}},"20":{"start":{"line":82,"column":18},"end":{"line":84,"column":6}},"21":{"start":{"line":85,"column":4},"end":{"line":85,"column":32}},"22":{"start":{"line":87,"column":4},"end":{"line":87,"column":64}},"23":{"start":{"line":92,"column":0},"end":{"line":150,"column":3}},"24":{"start":{"line":93,"column":17},"end":{"line":93,"column":27}},"25":{"start":{"line":94,"column":17},"end":{"line":94,"column":84}},"26":{"start":{"line":95,"column":2},"end":{"line":149,"column":3}},"27":{"start":{"line":96,"column":18},"end":{"line":99,"column":6}},"28":{"start":{"line":100,"column":4},"end":{"line":102,"column":5}},"29":{"start":{"line":101,"column":6},"end":{"line":101,"column":65}},"30":{"start":{"line":104,"column":58},"end":{"line":117,"column":6}},"31":{"start":{"line":109,"column":60},"end":{"line":109,"column":64}},"32":{"start":{"line":119,"column":21},"end":{"line":119,"column":56}},"33":{"start":{"line":121,"column":18},"end":{"line":121,"column":70}},"34":{"start":{"line":121,"column":41},"end":{"line":121,"column":69}},"35":{"start":{"line":122,"column":24},"end":{"line":125,"column":6}},"36":{"start":{"line":124,"column":58},"end":{"line":124,"column":82}},"37":{"start":{"line":127,"column":4},"end":{"line":145,"column":7}},"38":{"start":{"line":134,"column":23},"end":{"line":134,"column":49}},"39":{"start":{"line":136,"column":21},"end":{"line":141,"column":10}},"40":{"start":{"line":147,"column":4},"end":{"line":147,"column":58}},"41":{"start":{"line":148,"column":4},"end":{"line":148,"column":72}},"42":{"start":{"line":152,"column":0},"end":{"line":177,"column":3}},"43":{"start":{"line":153,"column":30},"end":{"line":153,"column":40}},"44":{"start":{"line":154,"column":2},"end":{"line":176,"column":3}},"45":{"start":{"line":155,"column":71},"end":{"line":166,"column":6}},"46":{"start":{"line":158,"column":51},"end":{"line":158,"column":55}},"47":{"start":{"line":168,"column":4},"end":{"line":170,"column":5}},"48":{"start":{"line":169,"column":6},"end":{"line":169,"column":66}},"49":{"start":{"line":172,"column":4},"end":{"line":172,"column":75}},"50":{"start":{"line":174,"column":4},"end":{"line":174,"column":56}},"51":{"start":{"line":175,"column":4},"end":{"line":175,"column":70}},"52":{"start":{"line":179,"column":0},"end":{"line":199,"column":3}},"53":{"start":{"line":180,"column":22},"end":{"line":180,"column":32}},"54":{"start":{"line":181,"column":17},"end":{"line":181,"column":84}},"55":{"start":{"line":182,"column":25},"end":{"line":182,"column":54}},"56":{"start":{"line":183,"column":20},"end":{"line":183,"column":73}},"57":{"start":{"line":184,"column":2},"end":{"line":198,"column":3}},"58":{"start":{"line":185,"column":21},"end":{"line":193,"column":6}},"59":{"start":{"line":194,"column":4},"end":{"line":194,"column":47}},"60":{"start":{"line":196,"column":4},"end":{"line":196,"column":57}},"61":{"start":{"line":197,"column":4},"end":{"line":197,"column":65}},"62":{"start":{"line":201,"column":0},"end":{"line":248,"column":3}},"63":{"start":{"line":202,"column":22},"end":{"line":202,"column":32}},"64":{"start":{"line":203,"column":98},"end":{"line":203,"column":null}},"65":{"start":{"line":213,"column":2},"end":{"line":215,"column":3}},"66":{"start":{"line":214,"column":4},"end":{"line":214,"column":84}},"67":{"start":{"line":217,"column":2},"end":{"line":247,"column":3}},"68":{"start":{"line":218,"column":4},"end":{"line":229,"column":5}},"69":{"start":{"line":219,"column":26},"end":{"line":219,"column":71}},"70":{"start":{"line":220,"column":6},"end":{"line":222,"column":7}},"71":{"start":{"line":221,"column":8},"end":{"line":221,"column":49}},"72":{"start":{"line":223,"column":6},"end":{"line":228,"column":7}},"73":{"start":{"line":224,"column":32},"end":{"line":224,"column":80}},"74":{"start":{"line":225,"column":8},"end":{"line":227,"column":9}},"75":{"start":{"line":226,"column":10},"end":{"line":226,"column":55}},"76":{"start":{"line":231,"column":20},"end":{"line":242,"column":6}},"77":{"start":{"line":243,"column":4},"end":{"line":243,"column":34}},"78":{"start":{"line":245,"column":4},"end":{"line":245,"column":55}},"79":{"start":{"line":246,"column":4},"end":{"line":246,"column":63}},"80":{"start":{"line":251,"column":0},"end":{"line":260,"column":3}},"81":{"start":{"line":252,"column":2},"end":{"line":259,"column":3}},"82":{"start":{"line":253,"column":24},"end":{"line":255,"column":6}},"83":{"start":{"line":256,"column":4},"end":{"line":256,"column":26}},"84":{"start":{"line":258,"column":4},"end":{"line":258,"column":68}},"85":{"start":{"line":262,"column":0},"end":{"line":297,"column":3}},"86":{"start":{"line":263,"column":17},"end":{"line":263,"column":27}},"87":{"start":{"line":264,"column":17},"end":{"line":264,"column":84}},"88":{"start":{"line":265,"column":2},"end":{"line":296,"column":3}},"89":{"start":{"line":266,"column":18},"end":{"line":269,"column":6}},"90":{"start":{"line":270,"column":4},"end":{"line":272,"column":5}},"91":{"start":{"line":271,"column":6},"end":{"line":271,"column":65}},"92":{"start":{"line":274,"column":27},"end":{"line":277,"column":6}},"93":{"start":{"line":276,"column":60},"end":{"line":276,"column":64}},"94":{"start":{"line":279,"column":70},"end":{"line":279,"column":75}},"95":{"start":{"line":281,"column":4},"end":{"line":292,"column":7}},"96":{"start":{"line":294,"column":4},"end":{"line":294,"column":56}},"97":{"start":{"line":295,"column":4},"end":{"line":295,"column":70}},"98":{"start":{"line":300,"column":0},"end":{"line":313,"column":3}},"99":{"start":{"line":301,"column":2},"end":{"line":312,"column":3}},"100":{"start":{"line":302,"column":18},"end":{"line":305,"column":6}},"101":{"start":{"line":306,"column":4},"end":{"line":308,"column":5}},"102":{"start":{"line":307,"column":6},"end":{"line":307,"column":65}},"103":{"start":{"line":309,"column":4},"end":{"line":309,"column":20}},"104":{"start":{"line":311,"column":4},"end":{"line":311,"column":70}},"105":{"start":{"line":315,"column":0},"end":{"line":315,"column":22}}},"fnMap":{"0":{"name":"(anonymous_0)","decl":{"start":{"line":33,"column":24},"end":{"line":33,"column":29}},"loc":{"start":{"line":33,"column":50},"end":{"line":76,"column":1}}},"1":{"name":"(anonymous_1)","decl":{"start":{"line":79,"column":24},"end":{"line":79,"column":29}},"loc":{"start":{"line":79,"column":62},"end":{"line":89,"column":1}}},"2":{"name":"(anonymous_2)","decl":{"start":{"line":92,"column":29},"end":{"line":92,"column":34}},"loc":{"start":{"line":92,"column":67},"end":{"line":150,"column":1}}},"3":{"name":"(anonymous_3)","decl":{"start":{"line":109,"column":54},"end":{"line":109,"column":57}},"loc":{"start":{"line":109,"column":60},"end":{"line":109,"column":64}}},"4":{"name":"(anonymous_4)","decl":{"start":{"line":121,"column":34},"end":{"line":121,"column":35}},"loc":{"start":{"line":121,"column":41},"end":{"line":121,"column":69}}},"5":{"name":"(anonymous_5)","decl":{"start":{"line":124,"column":43},"end":{"line":124,"column":44}},"loc":{"start":{"line":124,"column":58},"end":{"line":124,"column":82}}},"6":{"name":"(anonymous_6)","decl":{"start":{"line":134,"column":16},"end":{"line":134,"column":17}},"loc":{"start":{"line":134,"column":23},"end":{"line":134,"column":49}}},"7":{"name":"(anonymous_7)","decl":{"start":{"line":136,"column":13},"end":{"line":136,"column":14}},"loc":{"start":{"line":136,"column":21},"end":{"line":141,"column":10}}},"8":{"name":"(anonymous_8)","decl":{"start":{"line":152,"column":40},"end":{"line":152,"column":45}},"loc":{"start":{"line":152,"column":78},"end":{"line":177,"column":1}}},"9":{"name":"(anonymous_9)","decl":{"start":{"line":158,"column":45},"end":{"line":158,"column":48}},"loc":{"start":{"line":158,"column":51},"end":{"line":158,"column":55}}},"10":{"name":"(anonymous_10)","decl":{"start":{"line":179,"column":33},"end":{"line":179,"column":38}},"loc":{"start":{"line":179,"column":71},"end":{"line":199,"column":1}}},"11":{"name":"(anonymous_11)","decl":{"start":{"line":201,"column":34},"end":{"line":201,"column":39}},"loc":{"start":{"line":201,"column":72},"end":{"line":248,"column":1}}},"12":{"name":"(anonymous_12)","decl":{"start":{"line":251,"column":31},"end":{"line":251,"column":36}},"loc":{"start":{"line":251,"column":69},"end":{"line":260,"column":1}}},"13":{"name":"(anonymous_13)","decl":{"start":{"line":262,"column":27},"end":{"line":262,"column":32}},"loc":{"start":{"line":262,"column":65},"end":{"line":297,"column":1}}},"14":{"name":"(anonymous_14)","decl":{"start":{"line":276,"column":54},"end":{"line":276,"column":57}},"loc":{"start":{"line":276,"column":60},"end":{"line":276,"column":64}}},"15":{"name":"(anonymous_15)","decl":{"start":{"line":300,"column":19},"end":{"line":300,"column":24}},"loc":{"start":{"line":300,"column":57},"end":{"line":313,"column":1}}}},"branchMap":{"0":{"loc":{"start":{"line":62,"column":24},"end":{"line":62,"column":109}},"type":"cond-expr","locations":[{"start":{"line":62,"column":65},"end":{"line":62,"column":102}},{"start":{"line":62,"column":105},"end":{"line":62,"column":109}}]},"1":{"loc":{"start":{"line":63,"column":22},"end":{"line":63,"column":111}},"type":"cond-expr","locations":[{"start":{"line":63,"column":46},"end":{"line":63,"column":104}},{"start":{"line":63,"column":107},"end":{"line":63,"column":111}}]},"2":{"loc":{"start":{"line":72,"column":27},"end":{"line":72,"column":58}},"type":"binary-expr","locations":[{"start":{"line":72,"column":27},"end":{"line":72,"column":53}},{"start":{"line":72,"column":57},"end":{"line":72,"column":58}}]},"3":{"loc":{"start":{"line":73,"column":25},"end":{"line":73,"column":54}},"type":"binary-expr","locations":[{"start":{"line":73,"column":25},"end":{"line":73,"column":49}},{"start":{"line":73,"column":53},"end":{"line":73,"column":54}}]},"4":{"loc":{"start":{"line":74,"column":17},"end":{"line":74,"column":46}},"type":"binary-expr","locations":[{"start":{"line":74,"column":17},"end":{"line":74,"column":41}},{"start":{"line":74,"column":45},"end":{"line":74,"column":46}}]},"5":{"loc":{"start":{"line":94,"column":17},"end":{"line":94,"column":84}},"type":"cond-expr","locations":[{"start":{"line":94,"column":56},"end":{"line":94,"column":72}},{"start":{"line":94,"column":75},"end":{"line":94,"column":84}}]},"6":{"loc":{"start":{"line":100,"column":4},"end":{"line":102,"column":5}},"type":"if","locations":[{"start":{"line":100,"column":4},"end":{"line":102,"column":5}}]},"7":{"loc":{"start":{"line":109,"column":6},"end":{"line":109,"column":89}},"type":"cond-expr","locations":[{"start":{"line":109,"column":15},"end":{"line":109,"column":65}},{"start":{"line":109,"column":68},"end":{"line":109,"column":89}}]},"8":{"loc":{"start":{"line":110,"column":6},"end":{"line":115,"column":31}},"type":"cond-expr","locations":[{"start":{"line":111,"column":10},"end":{"line":114,"column":12}},{"start":{"line":115,"column":10},"end":{"line":115,"column":31}}]},"9":{"loc":{"start":{"line":124,"column":15},"end":{"line":124,"column":108}},"type":"cond-expr","locations":[{"start":{"line":124,"column":30},"end":{"line":124,"column":101}},{"start":{"line":124,"column":104},"end":{"line":124,"column":108}}]},"10":{"loc":{"start":{"line":124,"column":65},"end":{"line":124,"column":81}},"type":"binary-expr","locations":[{"start":{"line":124,"column":65},"end":{"line":124,"column":76}},{"start":{"line":124,"column":80},"end":{"line":124,"column":81}}]},"11":{"loc":{"start":{"line":142,"column":28},"end":{"line":144,"column":14}},"type":"cond-expr","locations":[{"start":{"line":143,"column":10},"end":{"line":143,"column":74}},{"start":{"line":144,"column":10},"end":{"line":144,"column":14}}]},"12":{"loc":{"start":{"line":168,"column":4},"end":{"line":170,"column":5}},"type":"if","locations":[{"start":{"line":168,"column":4},"end":{"line":170,"column":5}}]},"13":{"loc":{"start":{"line":181,"column":17},"end":{"line":181,"column":84}},"type":"cond-expr","locations":[{"start":{"line":181,"column":56},"end":{"line":181,"column":72}},{"start":{"line":181,"column":75},"end":{"line":181,"column":84}}]},"14":{"loc":{"start":{"line":182,"column":32},"end":{"line":182,"column":53}},"type":"binary-expr","locations":[{"start":{"line":182,"column":32},"end":{"line":182,"column":47}},{"start":{"line":182,"column":51},"end":{"line":182,"column":53}}]},"15":{"loc":{"start":{"line":183,"column":20},"end":{"line":183,"column":73}},"type":"cond-expr","locations":[{"start":{"line":183,"column":54},"end":{"line":183,"column":68}},{"start":{"line":183,"column":71},"end":{"line":183,"column":73}}]},"16":{"loc":{"start":{"line":188,"column":12},"end":{"line":188,"column":36}},"type":"cond-expr","locations":[{"start":{"line":188,"column":21},"end":{"line":188,"column":31}},{"start":{"line":188,"column":34},"end":{"line":188,"column":36}}]},"17":{"loc":{"start":{"line":213,"column":2},"end":{"line":215,"column":3}},"type":"if","locations":[{"start":{"line":213,"column":2},"end":{"line":215,"column":3}}]},"18":{"loc":{"start":{"line":213,"column":6},"end":{"line":213,"column":63}},"type":"binary-expr","locations":[{"start":{"line":213,"column":6},"end":{"line":213,"column":13}},{"start":{"line":213,"column":17},"end":{"line":213,"column":24}},{"start":{"line":213,"column":28},"end":{"line":213,"column":63}}]},"19":{"loc":{"start":{"line":218,"column":4},"end":{"line":229,"column":5}},"type":"if","locations":[{"start":{"line":218,"column":4},"end":{"line":229,"column":5}}]},"20":{"loc":{"start":{"line":220,"column":6},"end":{"line":222,"column":7}},"type":"if","locations":[{"start":{"line":220,"column":6},"end":{"line":222,"column":7}}]},"21":{"loc":{"start":{"line":223,"column":6},"end":{"line":228,"column":7}},"type":"if","locations":[{"start":{"line":223,"column":6},"end":{"line":228,"column":7}}]},"22":{"loc":{"start":{"line":225,"column":8},"end":{"line":227,"column":9}},"type":"if","locations":[{"start":{"line":225,"column":8},"end":{"line":227,"column":9}}]},"23":{"loc":{"start":{"line":264,"column":17},"end":{"line":264,"column":84}},"type":"cond-expr","locations":[{"start":{"line":264,"column":56},"end":{"line":264,"column":72}},{"start":{"line":264,"column":75},"end":{"line":264,"column":84}}]},"24":{"loc":{"start":{"line":270,"column":4},"end":{"line":272,"column":5}},"type":"if","locations":[{"start":{"line":270,"column":4},"end":{"line":272,"column":5}}]},"25":{"loc":{"start":{"line":276,"column":6},"end":{"line":276,"column":89}},"type":"cond-expr","locations":[{"start":{"line":276,"column":15},"end":{"line":276,"column":65}},{"start":{"line":276,"column":68},"end":{"line":276,"column":89}}]},"26":{"loc":{"start":{"line":306,"column":4},"end":{"line":308,"column":5}},"type":"if","locations":[{"start":{"line":306,"column":4},"end":{"line":308,"column":5}}]}},"s":{"0":4,"1":4,"2":4,"3":4,"4":4,"5":4,"6":4,"7":4,"8":4,"9":4,"10":0,"11":0,"12":0,"13":0,"14":0,"15":0,"16":0,"17":4,"18":0,"19":0,"20":0,"21":0,"22":0,"23":4,"24":0,"25":0,"26":0,"27":0,"28":0,"29":0,"30":0,"31":0,"32":0,"33":0,"34":0,"35":0,"36":0,"37":0,"38":0,"39":0,"40":0,"41":0,"42":4,"43":0,"44":0,"45":0,"46":0,"47":0,"48":0,"49":0,"50":0,"51":0,"52":4,"53":0,"54":0,"55":0,"56":0,"57":0,"58":0,"59":0,"60":0,"61":0,"62":4,"63":4,"64":4,"65":4,"66":1,"67":3,"68":3,"69":3,"70":3,"71":1,"72":2,"73":1,"74":1,"75":0,"76":2,"77":2,"78":0,"79":0,"80":4,"81":0,"82":0,"83":0,"84":0,"85":4,"86":0,"87":0,"88":0,"89":0,"90":0,"91":0,"92":0,"93":0,"94":0,"95":0,"96":0,"97":0,"98":4,"99":0,"100":0,"101":0,"102":0,"103":0,"104":0,"105":4},"f":{"0":0,"1":0,"2":0,"3":0,"4":0,"5":0,"6":0,"7":0,"8":0,"9":0,"10":0,"11":4,"12":0,"13":0,"14":0,"15":0},"b":{"0":[0,0],"1":[0,0],"2":[0,0],"3":[0,0],"4":[0,0],"5":[0,0],"6":[0],"7":[0,0],"8":[0,0],"9":[0,0],"10":[0,0],"11":[0,0],"12":[0],"13":[0,0],"14":[0,0],"15":[0,0],"16":[0,0],"17":[1],"18":[4,3,3],"19":[3],"20":[1],"21":[1],"22":[0],"23":[0,0],"24":[0],"25":[0,0],"26":[0]}}
,"D:\\mobile applicatio\\Git_Repo\\FitCoach\\backend\\src\\commission.controller.ts": {"path":"D:\\mobile applicatio\\Git_Repo\\FitCoach\\backend\\src\\commission.controller.ts","statementMap":{"0":{"start":{"line":1,"column":0},"end":{"line":1,"column":52}},"1":{"start":{"line":2,"column":0},"end":{"line":2,"column":46}},"2":{"start":{"line":4,"column":15},"end":{"line":4,"column":23}},"3":{"start":{"line":5,"column":15},"end":{"line":5,"column":33}},"4":{"start":{"line":8,"column":0},"end":{"line":23,"column":3}},"5":{"start":{"line":9,"column":2},"end":{"line":22,"column":3}},"6":{"start":{"line":10,"column":37},"end":{"line":10,"column":46}},"7":{"start":{"line":11,"column":22},"end":{"line":11,"column":24}},"8":{"start":{"line":12,"column":4},"end":{"line":18,"column":5}},"9":{"start":{"line":13,"column":6},"end":{"line":13,"column":94}},"10":{"start":{"line":14,"column":11},"end":{"line":18,"column":5}},"11":{"start":{"line":15,"column":6},"end":{"line":15,"column":102}},"12":{"start":{"line":17,"column":6},"end":{"line":17,"column":55}},"13":{"start":{"line":19,"column":4},"end":{"line":19,"column":26}},"14":{"start":{"line":21,"column":4},"end":{"line":21,"column":68}},"15":{"start":{"line":25,"column":0},"end":{"line":25,"column":22}}},"fnMap":{"0":{"name":"(anonymous_0)","decl":{"start":{"line":8,"column":16},"end":{"line":8,"column":21}},"loc":{"start":{"line":8,"column":54},"end":{"line":23,"column":1}}}},"branchMap":{"0":{"loc":{"start":{"line":12,"column":4},"end":{"line":18,"column":5}},"type":"if","locations":[{"start":{"line":12,"column":4},"end":{"line":18,"column":5}},{"start":{"line":14,"column":11},"end":{"line":18,"column":5}}]},"1":{"loc":{"start":{"line":14,"column":11},"end":{"line":18,"column":5}},"type":"if","locations":[{"start":{"line":14,"column":11},"end":{"line":18,"column":5}},{"start":{"line":16,"column":11},"end":{"line":18,"column":5}}]}},"s":{"0":4,"1":4,"2":4,"3":4,"4":4,"5":0,"6":0,"7":0,"8":0,"9":0,"10":0,"11":0,"12":0,"13":0,"14":0,"15":4},"f":{"0":0},"b":{"0":[0,0],"1":[0,0]}}
,"D:\\mobile applicatio\\Git_Repo\\FitCoach\\backend\\src\\delivery.controller.ts": {"path":"D:\\mobile applicatio\\Git_Repo\\FitCoach\\backend\\src\\delivery.controller.ts","statementMap":{"0":{"start":{"line":1,"column":0},"end":{"line":1,"column":52}},"1":{"start":{"line":2,"column":0},"end":{"line":2,"column":46}},"2":{"start":{"line":4,"column":15},"end":{"line":4,"column":23}},"3":{"start":{"line":5,"column":15},"end":{"line":5,"column":33}},"4":{"start":{"line":8,"column":0},"end":{"line":22,"column":3}},"5":{"start":{"line":9,"column":2},"end":{"line":21,"column":3}},"6":{"start":{"line":10,"column":24},"end":{"line":10,"column":33}},"7":{"start":{"line":11,"column":4},"end":{"line":11,"column":78}},"8":{"start":{"line":11,"column":18},"end":{"line":11,"column":78}},"9":{"start":{"line":12,"column":21},"end":{"line":14,"column":6}},"10":{"start":{"line":15,"column":4},"end":{"line":17,"column":5}},"11":{"start":{"line":16,"column":6},"end":{"line":16,"column":73}},"12":{"start":{"line":18,"column":4},"end":{"line":18,"column":23}},"13":{"start":{"line":20,"column":4},"end":{"line":20,"column":70}},"14":{"start":{"line":24,"column":0},"end":{"line":24,"column":22}}},"fnMap":{"0":{"name":"(anonymous_0)","decl":{"start":{"line":8,"column":16},"end":{"line":8,"column":21}},"loc":{"start":{"line":8,"column":54},"end":{"line":22,"column":1}}}},"branchMap":{"0":{"loc":{"start":{"line":11,"column":4},"end":{"line":11,"column":78}},"type":"if","locations":[{"start":{"line":11,"column":4},"end":{"line":11,"column":78}}]},"1":{"loc":{"start":{"line":15,"column":4},"end":{"line":17,"column":5}},"type":"if","locations":[{"start":{"line":15,"column":4},"end":{"line":17,"column":5}}]}},"s":{"0":4,"1":4,"2":4,"3":4,"4":4,"5":0,"6":0,"7":0,"8":0,"9":0,"10":0,"11":0,"12":0,"13":0,"14":4},"f":{"0":0},"b":{"0":[0],"1":[0]}}
,"D:\\mobile applicatio\\Git_Repo\\FitCoach\\backend\\src\\demo.controller.ts": {"path":"D:\\mobile applicatio\\Git_Repo\\FitCoach\\backend\\src\\demo.controller.ts","statementMap":{"0":{"start":{"line":1,"column":0},"end":{"line":1,"column":52}},"1":{"start":{"line":2,"column":0},"end":{"line":2,"column":77}},"2":{"start":{"line":4,"column":15},"end":{"line":4,"column":23}},"3":{"start":{"line":6,"column":0},"end":{"line":14,"column":3}},"4":{"start":{"line":7,"column":18},"end":{"line":7,"column":57}},"5":{"start":{"line":8,"column":18},"end":{"line":8,"column":41}},"6":{"start":{"line":9,"column":2},"end":{"line":13,"column":5}},"7":{"start":{"line":16,"column":0},"end":{"line":16,"column":22}}},"fnMap":{"0":{"name":"(anonymous_0)","decl":{"start":{"line":6,"column":32},"end":{"line":6,"column":33}},"loc":{"start":{"line":6,"column":64},"end":{"line":14,"column":1}}}},"branchMap":{"0":{"loc":{"start":{"line":7,"column":18},"end":{"line":7,"column":57}},"type":"binary-expr","locations":[{"start":{"line":7,"column":18},"end":{"line":7,"column":47}},{"start":{"line":7,"column":51},"end":{"line":7,"column":57}}]}},"s":{"0":5,"1":5,"2":5,"3":5,"4":1,"5":1,"6":1,"7":5},"f":{"0":1},"b":{"0":[1,0]}}
,"D:\\mobile applicatio\\Git_Repo\\FitCoach\\backend\\src\\intake.controller.ts": {"path":"D:\\mobile applicatio\\Git_Repo\\FitCoach\\backend\\src\\intake.controller.ts","statementMap":{"0":{"start":{"line":1,"column":0},"end":{"line":1,"column":33}},"1":{"start":{"line":4,"column":34},"end":{"line":174,"column":1}},"2":{"start":{"line":5,"column":17},"end":{"line":5,"column":25}},"3":{"start":{"line":7,"column":26},"end":{"line":46,"column":3}},"4":{"start":{"line":8,"column":4},"end":{"line":10,"column":5}},"5":{"start":{"line":9,"column":6},"end":{"line":9,"column":65}},"6":{"start":{"line":12,"column":27},"end":{"line":12,"column":89}},"7":{"start":{"line":14,"column":6},"end":{"line":22,"column":43}},"8":{"start":{"line":24,"column":4},"end":{"line":45,"column":6}},"9":{"start":{"line":48,"column":2},"end":{"line":60,"column":5}},"10":{"start":{"line":49,"column":23},"end":{"line":49,"column":33}},"11":{"start":{"line":50,"column":4},"end":{"line":52,"column":5}},"12":{"start":{"line":51,"column":6},"end":{"line":51,"column":67}},"13":{"start":{"line":53,"column":4},"end":{"line":59,"column":5}},"14":{"start":{"line":54,"column":21},"end":{"line":54,"column":78}},"15":{"start":{"line":55,"column":6},"end":{"line":55,"column":59}},"16":{"start":{"line":57,"column":6},"end":{"line":57,"column":53}},"17":{"start":{"line":58,"column":6},"end":{"line":58,"column":76}},"18":{"start":{"line":62,"column":2},"end":{"line":92,"column":5}},"19":{"start":{"line":63,"column":71},"end":{"line":63,"column":79}},"20":{"start":{"line":64,"column":4},"end":{"line":66,"column":5}},"21":{"start":{"line":65,"column":6},"end":{"line":65,"column":106}},"22":{"start":{"line":67,"column":22},"end":{"line":67,"column":70}},"23":{"start":{"line":68,"column":4},"end":{"line":91,"column":5}},"24":{"start":{"line":69,"column":21},"end":{"line":86,"column":8}},"25":{"start":{"line":87,"column":6},"end":{"line":87,"column":59}},"26":{"start":{"line":89,"column":6},"end":{"line":89,"column":64}},"27":{"start":{"line":90,"column":6},"end":{"line":90,"column":70}},"28":{"start":{"line":94,"column":2},"end":{"line":146,"column":5}},"29":{"start":{"line":104,"column":8},"end":{"line":104,"column":16}},"30":{"start":{"line":106,"column":4},"end":{"line":108,"column":5}},"31":{"start":{"line":107,"column":6},"end":{"line":107,"column":67}},"32":{"start":{"line":109,"column":4},"end":{"line":117,"column":5}},"33":{"start":{"line":116,"column":6},"end":{"line":116,"column":119}},"34":{"start":{"line":119,"column":21},"end":{"line":119,"column":78}},"35":{"start":{"line":120,"column":4},"end":{"line":122,"column":5}},"36":{"start":{"line":121,"column":6},"end":{"line":121,"column":121}},"37":{"start":{"line":124,"column":28},"end":{"line":124,"column":95}},"38":{"start":{"line":124,"column":77},"end":{"line":124,"column":89}},"39":{"start":{"line":125,"column":22},"end":{"line":125,"column":70}},"40":{"start":{"line":127,"column":4},"end":{"line":145,"column":5}},"41":{"start":{"line":128,"column":21},"end":{"line":140,"column":8}},"42":{"start":{"line":141,"column":6},"end":{"line":141,"column":59}},"43":{"start":{"line":143,"column":6},"end":{"line":143,"column":65}},"44":{"start":{"line":144,"column":6},"end":{"line":144,"column":70}},"45":{"start":{"line":148,"column":2},"end":{"line":172,"column":5}},"46":{"start":{"line":149,"column":23},"end":{"line":149,"column":31}},"47":{"start":{"line":150,"column":4},"end":{"line":152,"column":5}},"48":{"start":{"line":151,"column":6},"end":{"line":151,"column":67}},"49":{"start":{"line":154,"column":4},"end":{"line":171,"column":5}},"50":{"start":{"line":155,"column":21},"end":{"line":166,"column":8}},"51":{"start":{"line":167,"column":6},"end":{"line":167,"column":59}},"52":{"start":{"line":169,"column":6},"end":{"line":169,"column":65}},"53":{"start":{"line":170,"column":6},"end":{"line":170,"column":76}},"54":{"start":{"line":173,"column":2},"end":{"line":173,"column":16}},"55":{"start":{"line":4,"column":13},"end":{"line":4,"column":34}}},"fnMap":{"0":{"name":"(anonymous_0)","decl":{"start":{"line":4,"column":34},"end":{"line":4,"column":35}},"loc":{"start":{"line":4,"column":59},"end":{"line":174,"column":1}}},"1":{"name":"(anonymous_1)","decl":{"start":{"line":7,"column":26},"end":{"line":7,"column":27}},"loc":{"start":{"line":7,"column":56},"end":{"line":46,"column":3}}},"2":{"name":"(anonymous_2)","decl":{"start":{"line":48,"column":25},"end":{"line":48,"column":30}},"loc":{"start":{"line":48,"column":44},"end":{"line":60,"column":3}}},"3":{"name":"(anonymous_3)","decl":{"start":{"line":62,"column":24},"end":{"line":62,"column":29}},"loc":{"start":{"line":62,"column":43},"end":{"line":92,"column":3}}},"4":{"name":"(anonymous_4)","decl":{"start":{"line":94,"column":25},"end":{"line":94,"column":30}},"loc":{"start":{"line":94,"column":44},"end":{"line":146,"column":3}}},"5":{"name":"(anonymous_5)","decl":{"start":{"line":124,"column":67},"end":{"line":124,"column":68}},"loc":{"start":{"line":124,"column":77},"end":{"line":124,"column":89}}},"6":{"name":"(anonymous_6)","decl":{"start":{"line":148,"column":30},"end":{"line":148,"column":35}},"loc":{"start":{"line":148,"column":49},"end":{"line":172,"column":3}}}},"branchMap":{"0":{"loc":{"start":{"line":8,"column":4},"end":{"line":10,"column":5}},"type":"if","locations":[{"start":{"line":8,"column":4},"end":{"line":10,"column":5}}]},"1":{"loc":{"start":{"line":12,"column":30},"end":{"line":12,"column":88}},"type":"binary-expr","locations":[{"start":{"line":12,"column":30},"end":{"line":12,"column":43}},{"start":{"line":12,"column":47},"end":{"line":12,"column":62}},{"start":{"line":12,"column":66},"end":{"line":12,"column":88}}]},"2":{"loc":{"start":{"line":14,"column":6},"end":{"line":22,"column":43}},"type":"binary-expr","locations":[{"start":{"line":14,"column":6},"end":{"line":14,"column":25}},{"start":{"line":15,"column":6},"end":{"line":15,"column":30}},{"start":{"line":16,"column":6},"end":{"line":16,"column":30}},{"start":{"line":17,"column":6},"end":{"line":17,"column":35}},{"start":{"line":18,"column":6},"end":{"line":18,"column":30}},{"start":{"line":19,"column":6},"end":{"line":19,"column":35}},{"start":{"line":20,"column":6},"end":{"line":20,"column":30}},{"start":{"line":21,"column":6},"end":{"line":21,"column":38}},{"start":{"line":22,"column":6},"end":{"line":22,"column":43}}]},"3":{"loc":{"start":{"line":25,"column":13},"end":{"line":32,"column":14}},"type":"cond-expr","locations":[{"start":{"line":26,"column":10},"end":{"line":31,"column":null}},{"start":{"line":32,"column":10},"end":{"line":32,"column":14}}]},"4":{"loc":{"start":{"line":33,"column":14},"end":{"line":43,"column":14}},"type":"cond-expr","locations":[{"start":{"line":34,"column":10},"end":{"line":42,"column":null}},{"start":{"line":43,"column":10},"end":{"line":43,"column":14}}]},"5":{"loc":{"start":{"line":50,"column":4},"end":{"line":52,"column":5}},"type":"if","locations":[{"start":{"line":50,"column":4},"end":{"line":52,"column":5}}]},"6":{"loc":{"start":{"line":64,"column":4},"end":{"line":66,"column":5}},"type":"if","locations":[{"start":{"line":64,"column":4},"end":{"line":66,"column":5}}]},"7":{"loc":{"start":{"line":64,"column":8},"end":{"line":64,"column":59}},"type":"binary-expr","locations":[{"start":{"line":64,"column":8},"end":{"line":64,"column":15}},{"start":{"line":64,"column":19},"end":{"line":64,"column":26}},{"start":{"line":64,"column":30},"end":{"line":64,"column":39}},{"start":{"line":64,"column":43},"end":{"line":64,"column":59}}]},"8":{"loc":{"start":{"line":67,"column":22},"end":{"line":67,"column":70}},"type":"cond-expr","locations":[{"start":{"line":67,"column":36},"end":{"line":67,"column":57}},{"start":{"line":67,"column":60},"end":{"line":67,"column":70}}]},"9":{"loc":{"start":{"line":102,"column":6},"end":{"line":102,"column":19}},"type":"default-arg","locations":[{"start":{"line":102,"column":17},"end":{"line":102,"column":19}}]},"10":{"loc":{"start":{"line":106,"column":4},"end":{"line":108,"column":5}},"type":"if","locations":[{"start":{"line":106,"column":4},"end":{"line":108,"column":5}}]},"11":{"loc":{"start":{"line":109,"column":4},"end":{"line":117,"column":5}},"type":"if","locations":[{"start":{"line":109,"column":4},"end":{"line":117,"column":5}}]},"12":{"loc":{"start":{"line":110,"column":6},"end":{"line":114,"column":36}},"type":"binary-expr","locations":[{"start":{"line":110,"column":6},"end":{"line":110,"column":23}},{"start":{"line":111,"column":6},"end":{"line":111,"column":26}},{"start":{"line":112,"column":6},"end":{"line":112,"column":26}},{"start":{"line":113,"column":6},"end":{"line":113,"column":22}},{"start":{"line":114,"column":6},"end":{"line":114,"column":36}}]},"13":{"loc":{"start":{"line":120,"column":4},"end":{"line":122,"column":5}},"type":"if","locations":[{"start":{"line":120,"column":4},"end":{"line":122,"column":5}}]},"14":{"loc":{"start":{"line":124,"column":28},"end":{"line":124,"column":95}},"type":"cond-expr","locations":[{"start":{"line":124,"column":54},"end":{"line":124,"column":90}},{"start":{"line":124,"column":93},"end":{"line":124,"column":95}}]},"15":{"loc":{"start":{"line":125,"column":22},"end":{"line":125,"column":70}},"type":"cond-expr","locations":[{"start":{"line":125,"column":36},"end":{"line":125,"column":57}},{"start":{"line":125,"column":60},"end":{"line":125,"column":70}}]},"16":{"loc":{"start":{"line":150,"column":4},"end":{"line":152,"column":5}},"type":"if","locations":[{"start":{"line":150,"column":4},"end":{"line":152,"column":5}}]}},"s":{"0":5,"1":5,"2":5,"3":5,"4":4,"5":0,"6":4,"7":4,"8":4,"9":5,"10":1,"11":1,"12":0,"13":1,"14":1,"15":1,"16":0,"17":0,"18":5,"19":2,"20":2,"21":1,"22":1,"23":1,"24":1,"25":1,"26":0,"27":0,"28":5,"29":2,"30":2,"31":0,"32":2,"33":0,"34":2,"35":2,"36":1,"37":1,"38":1,"39":1,"40":1,"41":1,"42":1,"43":0,"44":0,"45":5,"46":1,"47":1,"48":0,"49":1,"50":1,"51":1,"52":0,"53":0,"54":5,"55":5},"f":{"0":5,"1":4,"2":1,"3":2,"4":2,"5":1,"6":1},"b":{"0":[0],"1":[4,3,3],"2":[4,2,2,2,2,2,2,2,2],"3":[3,1],"4":[2,2],"5":[0],"6":[1],"7":[2,2,1,1],"8":[1,0],"9":[0],"10":[0],"11":[0],"12":[2,2,2,2,2],"13":[1],"14":[1,0],"15":[0,1],"16":[0]}}
,"D:\\mobile applicatio\\Git_Repo\\FitCoach\\backend\\src\\main.ts": {"path":"D:\\mobile applicatio\\Git_Repo\\FitCoach\\backend\\src\\main.ts","statementMap":{"0":{"start":{"line":1,"column":0},"end":{"line":1,"column":30}},"1":{"start":{"line":2,"column":0},"end":{"line":2,"column":28}},"2":{"start":{"line":3,"column":0},"end":{"line":3,"column":37}},"3":{"start":{"line":4,"column":0},"end":{"line":4,"column":45}},"4":{"start":{"line":5,"column":0},"end":{"line":5,"column":51}},"5":{"start":{"line":6,"column":0},"end":{"line":6,"column":65}},"6":{"start":{"line":7,"column":0},"end":{"line":7,"column":60}},"7":{"start":{"line":8,"column":0},"end":{"line":8,"column":54}},"8":{"start":{"line":9,"column":0},"end":{"line":9,"column":60}},"9":{"start":{"line":10,"column":0},"end":{"line":10,"column":60}},"10":{"start":{"line":11,"column":0},"end":{"line":11,"column":45}},"11":{"start":{"line":12,"column":0},"end":{"line":12,"column":49}},"12":{"start":{"line":13,"column":0},"end":{"line":13,"column":51}},"13":{"start":{"line":14,"column":0},"end":{"line":14,"column":61}},"14":{"start":{"line":15,"column":0},"end":{"line":15,"column":55}},"15":{"start":{"line":16,"column":0},"end":{"line":16,"column":51}},"16":{"start":{"line":17,"column":0},"end":{"line":17,"column":53}},"17":{"start":{"line":18,"column":0},"end":{"line":18,"column":55}},"18":{"start":{"line":19,"column":0},"end":{"line":19,"column":59}},"19":{"start":{"line":20,"column":0},"end":{"line":20,"column":51}},"20":{"start":{"line":21,"column":0},"end":{"line":21,"column":56}},"21":{"start":{"line":22,"column":0},"end":{"line":22,"column":58}},"22":{"start":{"line":23,"column":0},"end":{"line":23,"column":71}},"23":{"start":{"line":24,"column":0},"end":{"line":24,"column":69}},"24":{"start":{"line":25,"column":0},"end":{"line":25,"column":57}},"25":{"start":{"line":26,"column":0},"end":{"line":26,"column":46}},"26":{"start":{"line":27,"column":0},"end":{"line":27,"column":51}},"27":{"start":{"line":28,"column":0},"end":{"line":28,"column":43}},"28":{"start":{"line":30,"column":0},"end":{"line":30,"column":43}},"29":{"start":{"line":31,"column":0},"end":{"line":31,"column":55}},"30":{"start":{"line":32,"column":0},"end":{"line":32,"column":63}},"31":{"start":{"line":33,"column":0},"end":{"line":33,"column":43}},"32":{"start":{"line":34,"column":0},"end":{"line":34,"column":63}},"33":{"start":{"line":35,"column":0},"end":{"line":35,"column":51}},"34":{"start":{"line":36,"column":0},"end":{"line":36,"column":48}},"35":{"start":{"line":38,"column":0},"end":{"line":38,"column":16}},"36":{"start":{"line":39,"column":12},"end":{"line":39,"column":21}},"37":{"start":{"line":40,"column":0},"end":{"line":40,"column":27}},"38":{"start":{"line":41,"column":0},"end":{"line":41,"column":31}},"39":{"start":{"line":44,"column":0},"end":{"line":50,"column":1}},"40":{"start":{"line":45,"column":2},"end":{"line":45,"column":56}},"41":{"start":{"line":46,"column":2},"end":{"line":46,"column":46}},"42":{"start":{"line":48,"column":18},"end":{"line":48,"column":66}},"43":{"start":{"line":49,"column":2},"end":{"line":49,"column":97}},"44":{"start":{"line":53,"column":0},"end":{"line":53,"column":34}},"45":{"start":{"line":54,"column":0},"end":{"line":54,"column":40}},"46":{"start":{"line":55,"column":0},"end":{"line":55,"column":54}},"47":{"start":{"line":56,"column":0},"end":{"line":56,"column":40}},"48":{"start":{"line":57,"column":0},"end":{"line":57,"column":36}},"49":{"start":{"line":58,"column":0},"end":{"line":58,"column":41}},"50":{"start":{"line":59,"column":0},"end":{"line":59,"column":40}},"51":{"start":{"line":60,"column":0},"end":{"line":60,"column":34}},"52":{"start":{"line":61,"column":0},"end":{"line":61,"column":38}},"53":{"start":{"line":62,"column":0},"end":{"line":62,"column":40}},"54":{"start":{"line":63,"column":0},"end":{"line":63,"column":42}},"55":{"start":{"line":64,"column":0},"end":{"line":64,"column":50}},"56":{"start":{"line":65,"column":0},"end":{"line":65,"column":44}},"57":{"start":{"line":66,"column":0},"end":{"line":66,"column":40}},"58":{"start":{"line":67,"column":0},"end":{"line":67,"column":42}},"59":{"start":{"line":68,"column":0},"end":{"line":68,"column":44}},"60":{"start":{"line":69,"column":0},"end":{"line":69,"column":48}},"61":{"start":{"line":70,"column":0},"end":{"line":70,"column":40}},"62":{"start":{"line":71,"column":0},"end":{"line":71,"column":40}},"63":{"start":{"line":72,"column":0},"end":{"line":72,"column":32}},"64":{"start":{"line":73,"column":0},"end":{"line":73,"column":45}},"65":{"start":{"line":74,"column":0},"end":{"line":74,"column":47}},"66":{"start":{"line":75,"column":0},"end":{"line":75,"column":60}},"67":{"start":{"line":76,"column":0},"end":{"line":76,"column":45}},"68":{"start":{"line":77,"column":0},"end":{"line":77,"column":20}},"69":{"start":{"line":78,"column":15},"end":{"line":78,"column":33}},"70":{"start":{"line":79,"column":0},"end":{"line":79,"column":50}},"71":{"start":{"line":80,"column":0},"end":{"line":80,"column":68}},"72":{"start":{"line":81,"column":0},"end":{"line":81,"column":20}},"73":{"start":{"line":82,"column":0},"end":{"line":82,"column":26}},"74":{"start":{"line":85,"column":16},"end":{"line":88,"column":2}},"75":{"start":{"line":89,"column":0},"end":{"line":89,"column":17}},"76":{"start":{"line":101,"column":0},"end":{"line":104,"column":3}},"77":{"start":{"line":102,"column":4},"end":{"line":102,"column":29}},"78":{"start":{"line":103,"column":4},"end":{"line":103,"column":90}},"79":{"start":{"line":106,"column":13},"end":{"line":106,"column":37}},"80":{"start":{"line":108,"column":0},"end":{"line":110,"column":1}},"81":{"start":{"line":109,"column":2},"end":{"line":109,"column":70}},"82":{"start":{"line":109,"column":25},"end":{"line":109,"column":68}},"83":{"start":{"line":112,"column":0},"end":{"line":112,"column":19}}},"fnMap":{"0":{"name":"(anonymous_1)","decl":{"start":{"line":101,"column":8},"end":{"line":101,"column":9}},"loc":{"start":{"line":101,"column":82},"end":{"line":104,"column":1}}},"1":{"name":"(anonymous_2)","decl":{"start":{"line":109,"column":19},"end":{"line":109,"column":22}},"loc":{"start":{"line":109,"column":25},"end":{"line":109,"column":68}}}},"branchMap":{"0":{"loc":{"start":{"line":48,"column":18},"end":{"line":48,"column":66}},"type":"cond-expr","locations":[{"start":{"line":48,"column":41},"end":{"line":48,"column":52}},{"start":{"line":48,"column":55},"end":{"line":48,"column":66}}]},"1":{"loc":{"start":{"line":103,"column":15},"end":{"line":103,"column":32}},"type":"binary-expr","locations":[{"start":{"line":103,"column":15},"end":{"line":103,"column":25}},{"start":{"line":103,"column":29},"end":{"line":103,"column":32}}]},"2":{"loc":{"start":{"line":103,"column":48},"end":{"line":103,"column":86}},"type":"binary-expr","locations":[{"start":{"line":103,"column":48},"end":{"line":103,"column":59}},{"start":{"line":103,"column":63},"end":{"line":103,"column":86}}]},"3":{"loc":{"start":{"line":106,"column":13},"end":{"line":106,"column":37}},"type":"binary-expr","locations":[{"start":{"line":106,"column":13},"end":{"line":106,"column":29}},{"start":{"line":106,"column":33},"end":{"line":106,"column":37}}]},"4":{"loc":{"start":{"line":108,"column":0},"end":{"line":110,"column":1}},"type":"if","locations":[{"start":{"line":108,"column":0},"end":{"line":110,"column":1}}]}},"s":{"0":4,"1":4,"2":4,"3":4,"4":4,"5":4,"6":4,"7":4,"8":4,"9":4,"10":4,"11":4,"12":4,"13":4,"14":4,"15":4,"16":4,"17":4,"18":4,"19":4,"20":4,"21":4,"22":4,"23":4,"24":4,"25":4,"26":4,"27":4,"28":4,"29":4,"30":4,"31":4,"32":4,"33":4,"34":4,"35":4,"36":4,"37":4,"38":4,"39":4,"40":4,"41":0,"42":4,"43":4,"44":4,"45":4,"46":4,"47":4,"48":4,"49":4,"50":4,"51":4,"52":4,"53":4,"54":4,"55":4,"56":4,"57":4,"58":4,"59":4,"60":4,"61":4,"62":4,"63":4,"64":4,"65":4,"66":4,"67":4,"68":4,"69":4,"70":4,"71":4,"72":4,"73":4,"74":4,"75":4,"76":4,"77":0,"78":0,"79":4,"80":4,"81":0,"82":0,"83":4},"f":{"0":0,"1":0},"b":{"0":[0,4],"1":[0,0],"2":[0,0],"3":[4,4],"4":[0]}}
,"D:\\mobile applicatio\\Git_Repo\\FitCoach\\backend\\src\\media.controller.ts": {"path":"D:\\mobile applicatio\\Git_Repo\\FitCoach\\backend\\src\\media.controller.ts","statementMap":{"0":{"start":{"line":1,"column":0},"end":{"line":1,"column":33}},"1":{"start":{"line":2,"column":0},"end":{"line":2,"column":62}},"2":{"start":{"line":4,"column":15},"end":{"line":4,"column":23}},"3":{"start":{"line":6,"column":0},"end":{"line":18,"column":3}},"4":{"start":{"line":7,"column":18},"end":{"line":7,"column":56}},"5":{"start":{"line":8,"column":16},"end":{"line":8,"column":51}},"6":{"start":{"line":9,"column":18},"end":{"line":9,"column":57}},"7":{"start":{"line":10,"column":14},"end":{"line":10,"column":15}},"8":{"start":{"line":11,"column":17},"end":{"line":11,"column":51}},"9":{"start":{"line":12,"column":2},"end":{"line":17,"column":3}},"10":{"start":{"line":13,"column":18},"end":{"line":13,"column":108}},"11":{"start":{"line":14,"column":4},"end":{"line":14,"column":52}},"12":{"start":{"line":16,"column":4},"end":{"line":16,"column":82}},"13":{"start":{"line":20,"column":0},"end":{"line":20,"column":22}}},"fnMap":{"0":{"name":"(anonymous_0)","decl":{"start":{"line":6,"column":22},"end":{"line":6,"column":23}},"loc":{"start":{"line":6,"column":35},"end":{"line":18,"column":1}}}},"branchMap":{"0":{"loc":{"start":{"line":7,"column":18},"end":{"line":7,"column":56}},"type":"binary-expr","locations":[{"start":{"line":7,"column":18},"end":{"line":7,"column":34}},{"start":{"line":7,"column":38},"end":{"line":7,"column":56}}]},"1":{"loc":{"start":{"line":8,"column":16},"end":{"line":8,"column":51}},"type":"binary-expr","locations":[{"start":{"line":8,"column":16},"end":{"line":8,"column":40}},{"start":{"line":8,"column":44},"end":{"line":8,"column":51}}]},"2":{"loc":{"start":{"line":9,"column":18},"end":{"line":9,"column":57}},"type":"binary-expr","locations":[{"start":{"line":9,"column":18},"end":{"line":9,"column":44}},{"start":{"line":9,"column":48},"end":{"line":9,"column":57}}]}},"s":{"0":4,"1":4,"2":4,"3":4,"4":0,"5":0,"6":0,"7":0,"8":0,"9":0,"10":0,"11":0,"12":0,"13":4},"f":{"0":0},"b":{"0":[0,0],"1":[0,0],"2":[0,0]}}
,"D:\\mobile applicatio\\Git_Repo\\FitCoach\\backend\\src\\milestones.controller.ts": {"path":"D:\\mobile applicatio\\Git_Repo\\FitCoach\\backend\\src\\milestones.controller.ts","statementMap":{"0":{"start":{"line":1,"column":0},"end":{"line":1,"column":52}},"1":{"start":{"line":2,"column":0},"end":{"line":2,"column":46}},"2":{"start":{"line":4,"column":15},"end":{"line":4,"column":23}},"3":{"start":{"line":5,"column":15},"end":{"line":5,"column":33}},"4":{"start":{"line":8,"column":0},"end":{"line":18,"column":3}},"5":{"start":{"line":9,"column":2},"end":{"line":17,"column":3}},"6":{"start":{"line":10,"column":23},"end":{"line":13,"column":6}},"7":{"start":{"line":14,"column":4},"end":{"line":14,"column":25}},"8":{"start":{"line":16,"column":4},"end":{"line":16,"column":67}},"9":{"start":{"line":21,"column":0},"end":{"line":31,"column":3}},"10":{"start":{"line":22,"column":2},"end":{"line":30,"column":3}},"11":{"start":{"line":23,"column":42},"end":{"line":23,"column":50}},"12":{"start":{"line":24,"column":22},"end":{"line":26,"column":6}},"13":{"start":{"line":27,"column":4},"end":{"line":27,"column":36}},"14":{"start":{"line":29,"column":4},"end":{"line":29,"column":67}},"15":{"start":{"line":33,"column":0},"end":{"line":33,"column":22}}},"fnMap":{"0":{"name":"(anonymous_0)","decl":{"start":{"line":8,"column":23},"end":{"line":8,"column":28}},"loc":{"start":{"line":8,"column":61},"end":{"line":18,"column":1}}},"1":{"name":"(anonymous_1)","decl":{"start":{"line":21,"column":17},"end":{"line":21,"column":22}},"loc":{"start":{"line":21,"column":55},"end":{"line":31,"column":1}}}},"branchMap":{},"s":{"0":4,"1":4,"2":4,"3":4,"4":4,"5":0,"6":0,"7":0,"8":0,"9":4,"10":0,"11":0,"12":0,"13":0,"14":0,"15":4},"f":{"0":0,"1":0},"b":{}}
,"D:\\mobile applicatio\\Git_Repo\\FitCoach\\backend\\src\\notifications.controller.ts": {"path":"D:\\mobile applicatio\\Git_Repo\\FitCoach\\backend\\src\\notifications.controller.ts","statementMap":{"0":{"start":{"line":1,"column":0},"end":{"line":1,"column":52}},"1":{"start":{"line":2,"column":0},"end":{"line":2,"column":46}},"2":{"start":{"line":3,"column":0},"end":{"line":3,"column":68}},"3":{"start":{"line":5,"column":15},"end":{"line":5,"column":23}},"4":{"start":{"line":6,"column":15},"end":{"line":6,"column":33}},"5":{"start":{"line":9,"column":0},"end":{"line":21,"column":3}},"6":{"start":{"line":10,"column":2},"end":{"line":20,"column":3}},"7":{"start":{"line":11,"column":23},"end":{"line":11,"column":32}},"8":{"start":{"line":12,"column":4},"end":{"line":12,"column":76}},"9":{"start":{"line":12,"column":17},"end":{"line":12,"column":76}},"10":{"start":{"line":13,"column":26},"end":{"line":16,"column":6}},"11":{"start":{"line":17,"column":4},"end":{"line":17,"column":28}},"12":{"start":{"line":19,"column":4},"end":{"line":19,"column":70}},"13":{"start":{"line":24,"column":0},"end":{"line":49,"column":3}},"14":{"start":{"line":25,"column":2},"end":{"line":48,"column":3}},"15":{"start":{"line":26,"column":52},"end":{"line":26,"column":60}},"16":{"start":{"line":27,"column":4},"end":{"line":37,"column":5}},"17":{"start":{"line":28,"column":6},"end":{"line":36,"column":9}},"18":{"start":{"line":38,"column":25},"end":{"line":40,"column":6}},"19":{"start":{"line":42,"column":4},"end":{"line":44,"column":5}},"20":{"start":{"line":43,"column":6},"end":{"line":43,"column":62}},"21":{"start":{"line":45,"column":4},"end":{"line":45,"column":39}},"22":{"start":{"line":47,"column":4},"end":{"line":47,"column":70}},"23":{"start":{"line":52,"column":0},"end":{"line":69,"column":3}},"24":{"start":{"line":53,"column":2},"end":{"line":68,"column":3}},"25":{"start":{"line":54,"column":4},"end":{"line":60,"column":5}},"26":{"start":{"line":55,"column":6},"end":{"line":59,"column":9}},"27":{"start":{"line":61,"column":25},"end":{"line":64,"column":6}},"28":{"start":{"line":65,"column":4},"end":{"line":65,"column":27}},"29":{"start":{"line":67,"column":4},"end":{"line":67,"column":76}},"30":{"start":{"line":71,"column":0},"end":{"line":71,"column":22}}},"fnMap":{"0":{"name":"(anonymous_0)","decl":{"start":{"line":9,"column":16},"end":{"line":9,"column":21}},"loc":{"start":{"line":9,"column":54},"end":{"line":21,"column":1}}},"1":{"name":"(anonymous_1)","decl":{"start":{"line":24,"column":17},"end":{"line":24,"column":22}},"loc":{"start":{"line":24,"column":55},"end":{"line":49,"column":1}}},"2":{"name":"(anonymous_2)","decl":{"start":{"line":52,"column":24},"end":{"line":52,"column":29}},"loc":{"start":{"line":52,"column":62},"end":{"line":69,"column":1}}}},"branchMap":{"0":{"loc":{"start":{"line":12,"column":4},"end":{"line":12,"column":76}},"type":"if","locations":[{"start":{"line":12,"column":4},"end":{"line":12,"column":76}}]},"1":{"loc":{"start":{"line":27,"column":4},"end":{"line":37,"column":5}},"type":"if","locations":[{"start":{"line":27,"column":4},"end":{"line":37,"column":5}}]},"2":{"loc":{"start":{"line":42,"column":4},"end":{"line":44,"column":5}},"type":"if","locations":[{"start":{"line":42,"column":4},"end":{"line":44,"column":5}}]},"3":{"loc":{"start":{"line":54,"column":4},"end":{"line":60,"column":5}},"type":"if","locations":[{"start":{"line":54,"column":4},"end":{"line":60,"column":5}}]}},"s":{"0":5,"1":5,"2":5,"3":5,"4":5,"5":5,"6":0,"7":0,"8":0,"9":0,"10":0,"11":0,"12":0,"13":5,"14":1,"15":1,"16":1,"17":1,"18":0,"19":0,"20":0,"21":0,"22":0,"23":5,"24":0,"25":0,"26":0,"27":0,"28":0,"29":0,"30":5},"f":{"0":0,"1":1,"2":0},"b":{"0":[0],"1":[1],"2":[0],"3":[0]}}
,"D:\\mobile applicatio\\Git_Repo\\FitCoach\\backend\\src\\payments.controller.ts": {"path":"D:\\mobile applicatio\\Git_Repo\\FitCoach\\backend\\src\\payments.controller.ts","statementMap":{"0":{"start":{"line":1,"column":0},"end":{"line":1,"column":52}},"1":{"start":{"line":2,"column":0},"end":{"line":2,"column":46}},"2":{"start":{"line":4,"column":15},"end":{"line":4,"column":23}},"3":{"start":{"line":5,"column":15},"end":{"line":5,"column":33}},"4":{"start":{"line":8,"column":0},"end":{"line":43,"column":3}},"5":{"start":{"line":9,"column":2},"end":{"line":42,"column":3}},"6":{"start":{"line":10,"column":76},"end":{"line":10,"column":84}},"7":{"start":{"line":11,"column":4},"end":{"line":25,"column":5}},"8":{"start":{"line":12,"column":24},"end":{"line":23,"column":8}},"9":{"start":{"line":24,"column":6},"end":{"line":24,"column":45}},"10":{"start":{"line":28,"column":20},"end":{"line":38,"column":6}},"11":{"start":{"line":39,"column":4},"end":{"line":39,"column":34}},"12":{"start":{"line":41,"column":4},"end":{"line":41,"column":67}},"13":{"start":{"line":46,"column":0},"end":{"line":56,"column":3}},"14":{"start":{"line":47,"column":2},"end":{"line":55,"column":3}},"15":{"start":{"line":48,"column":21},"end":{"line":51,"column":6}},"16":{"start":{"line":52,"column":4},"end":{"line":52,"column":23}},"17":{"start":{"line":54,"column":4},"end":{"line":54,"column":72}},"18":{"start":{"line":58,"column":0},"end":{"line":58,"column":22}}},"fnMap":{"0":{"name":"(anonymous_0)","decl":{"start":{"line":8,"column":17},"end":{"line":8,"column":22}},"loc":{"start":{"line":8,"column":55},"end":{"line":43,"column":1}}},"1":{"name":"(anonymous_1)","decl":{"start":{"line":46,"column":23},"end":{"line":46,"column":28}},"loc":{"start":{"line":46,"column":61},"end":{"line":56,"column":1}}}},"branchMap":{"0":{"loc":{"start":{"line":11,"column":4},"end":{"line":25,"column":5}},"type":"if","locations":[{"start":{"line":11,"column":4},"end":{"line":25,"column":5}}]},"1":{"loc":{"start":{"line":18,"column":18},"end":{"line":18,"column":35}},"type":"binary-expr","locations":[{"start":{"line":18,"column":18},"end":{"line":18,"column":26}},{"start":{"line":18,"column":30},"end":{"line":18,"column":35}}]},"2":{"loc":{"start":{"line":34,"column":18},"end":{"line":34,"column":35}},"type":"binary-expr","locations":[{"start":{"line":34,"column":18},"end":{"line":34,"column":26}},{"start":{"line":34,"column":30},"end":{"line":34,"column":35}}]}},"s":{"0":5,"1":5,"2":5,"3":5,"4":5,"5":2,"6":2,"7":2,"8":1,"9":1,"10":1,"11":1,"12":0,"13":5,"14":0,"15":0,"16":0,"17":0,"18":5},"f":{"0":2,"1":0},"b":{"0":[1],"1":[1,1],"2":[1,1]}}
,"D:\\mobile applicatio\\Git_Repo\\FitCoach\\backend\\src\\progress.controller.ts": {"path":"D:\\mobile applicatio\\Git_Repo\\FitCoach\\backend\\src\\progress.controller.ts","statementMap":{"0":{"start":{"line":1,"column":0},"end":{"line":1,"column":52}},"1":{"start":{"line":2,"column":0},"end":{"line":2,"column":46}},"2":{"start":{"line":4,"column":15},"end":{"line":4,"column":23}},"3":{"start":{"line":5,"column":15},"end":{"line":5,"column":33}},"4":{"start":{"line":8,"column":0},"end":{"line":18,"column":3}},"5":{"start":{"line":9,"column":2},"end":{"line":17,"column":3}},"6":{"start":{"line":10,"column":56},"end":{"line":10,"column":64}},"7":{"start":{"line":11,"column":16},"end":{"line":13,"column":6}},"8":{"start":{"line":14,"column":4},"end":{"line":14,"column":30}},"9":{"start":{"line":16,"column":4},"end":{"line":16,"column":62}},"10":{"start":{"line":21,"column":0},"end":{"line":31,"column":3}},"11":{"start":{"line":22,"column":2},"end":{"line":30,"column":3}},"12":{"start":{"line":23,"column":52},"end":{"line":23,"column":60}},"13":{"start":{"line":24,"column":16},"end":{"line":26,"column":6}},"14":{"start":{"line":27,"column":4},"end":{"line":27,"column":30}},"15":{"start":{"line":29,"column":4},"end":{"line":29,"column":64}},"16":{"start":{"line":34,"column":0},"end":{"line":44,"column":3}},"17":{"start":{"line":35,"column":2},"end":{"line":43,"column":3}},"18":{"start":{"line":36,"column":58},"end":{"line":36,"column":66}},"19":{"start":{"line":37,"column":16},"end":{"line":39,"column":6}},"20":{"start":{"line":40,"column":4},"end":{"line":40,"column":30}},"21":{"start":{"line":42,"column":4},"end":{"line":42,"column":65}},"22":{"start":{"line":47,"column":0},"end":{"line":57,"column":3}},"23":{"start":{"line":48,"column":2},"end":{"line":56,"column":3}},"24":{"start":{"line":49,"column":19},"end":{"line":49,"column":36}},"25":{"start":{"line":50,"column":21},"end":{"line":50,"column":76}},"26":{"start":{"line":51,"column":22},"end":{"line":51,"column":79}},"27":{"start":{"line":52,"column":24},"end":{"line":52,"column":82}},"28":{"start":{"line":53,"column":4},"end":{"line":53,"column":51}},"29":{"start":{"line":55,"column":4},"end":{"line":55,"column":70}},"30":{"start":{"line":59,"column":0},"end":{"line":59,"column":22}}},"fnMap":{"0":{"name":"(anonymous_0)","decl":{"start":{"line":8,"column":24},"end":{"line":8,"column":29}},"loc":{"start":{"line":8,"column":62},"end":{"line":18,"column":1}}},"1":{"name":"(anonymous_1)","decl":{"start":{"line":21,"column":26},"end":{"line":21,"column":31}},"loc":{"start":{"line":21,"column":64},"end":{"line":31,"column":1}}},"2":{"name":"(anonymous_2)","decl":{"start":{"line":34,"column":27},"end":{"line":34,"column":32}},"loc":{"start":{"line":34,"column":65},"end":{"line":44,"column":1}}},"3":{"name":"(anonymous_3)","decl":{"start":{"line":47,"column":23},"end":{"line":47,"column":28}},"loc":{"start":{"line":47,"column":61},"end":{"line":57,"column":1}}}},"branchMap":{},"s":{"0":4,"1":4,"2":4,"3":4,"4":4,"5":0,"6":0,"7":0,"8":0,"9":0,"10":4,"11":0,"12":0,"13":0,"14":0,"15":0,"16":4,"17":0,"18":0,"19":0,"20":0,"21":0,"22":4,"23":0,"24":0,"25":0,"26":0,"27":0,"28":0,"29":0,"30":4},"f":{"0":0,"1":0,"2":0,"3":0},"b":{}}
[...]
:{"line":37,"column":54}},{"start":{"line":37,"column":58},"end":{"line":37,"column":59}}]},"1":{"loc":{"start":{"line":66,"column":2},"end":{"line":68,"column":3}},"type":"if","locations":[{"start":{"line":66,"column":2},"end":{"line":68,"column":3}}]},"2":{"loc":{"start":{"line":66,"column":6},"end":{"line":66,"column":41}},"type":"binary-expr","locations":[{"start":{"line":66,"column":6},"end":{"line":66,"column":13}},{"start":{"line":66,"column":17},"end":{"line":66,"column":25}},{"start":{"line":66,"column":29},"end":{"line":66,"column":41}}]},"3":{"loc":{"start":{"line":75,"column":4},"end":{"line":77,"column":5}},"type":"if","locations":[{"start":{"line":75,"column":4},"end":{"line":77,"column":5}}]},"4":{"loc":{"start":{"line":80,"column":4},"end":{"line":82,"column":5}},"type":"if","locations":[{"start":{"line":80,"column":4},"end":{"line":82,"column":5}}]},"5":{"loc":{"start":{"line":89,"column":21},"end":{"line":89,"column":38}},"type":"binary-expr","locations":[{"start":{"line":89,"column":21},"end":{"line":89,"column":32}},{"start":{"line":89,"column":36},"end":{"line":89,"column":38}}]},"6":{"loc":{"start":{"line":104,"column":2},"end":{"line":106,"column":3}},"type":"if","locations":[{"start":{"line":104,"column":2},"end":{"line":106,"column":3}}]},"7":{"loc":{"start":{"line":104,"column":6},"end":{"line":104,"column":71}},"type":"binary-expr","locations":[{"start":{"line":104,"column":6},"end":{"line":104,"column":13}},{"start":{"line":104,"column":17},"end":{"line":104,"column":43}},{"start":{"line":104,"column":47},"end":{"line":104,"column":57}},{"start":{"line":104,"column":61},"end":{"line":104,"column":71}}]},"8":{"loc":{"start":{"line":110,"column":4},"end":{"line":112,"column":5}},"type":"if","locations":[{"start":{"line":110,"column":4},"end":{"line":112,"column":5}}]},"9":{"loc":{"start":{"line":113,"column":4},"end":{"line":115,"column":5}},"type":"if","locations":[{"start":{"line":113,"column":4},"end":{"line":115,"column":5}}]},"10":{"loc":{"start":{"line":135,"column":2},"end":{"line":135,"column":68}},"type":"if","locations":[{"start":{"line":135,"column":2},"end":{"line":135,"column":68}}]},"11":{"loc":{"start":{"line":136,"column":18},"end":{"line":136,"column":65}},"type":"binary-expr","locations":[{"start":{"line":136,"column":18},"end":{"line":136,"column":38}},{"start":{"line":136,"column":42},"end":{"line":136,"column":65}}]},"12":{"loc":{"start":{"line":137,"column":16},"end":{"line":137,"column":46}},"type":"binary-expr","locations":[{"start":{"line":137,"column":16},"end":{"line":137,"column":40}},{"start":{"line":137,"column":44},"end":{"line":137,"column":46}}]},"13":{"loc":{"start":{"line":138,"column":18},"end":{"line":138,"column":50}},"type":"binary-expr","locations":[{"start":{"line":138,"column":18},"end":{"line":138,"column":44}},{"start":{"line":138,"column":48},"end":{"line":138,"column":50}}]},"14":{"loc":{"start":{"line":143,"column":2},"end":{"line":145,"column":3}},"type":"if","locations":[{"start":{"line":143,"column":2},"end":{"line":145,"column":3}}]}},"s":{"0":4,"1":4,"2":4,"3":4,"4":4,"5":4,"6":4,"7":0,"8":0,"9":0,"10":0,"11":0,"12":0,"13":0,"14":0,"15":0,"16":0,"17":0,"18":0,"19":0,"20":0,"21":0,"22":0,"23":0,"24":0,"25":0,"26":4,"27":0,"28":0,"29":0,"30":0,"31":0,"32":0,"33":0,"34":0,"35":0,"36":0,"37":0,"38":4,"39":0,"40":0,"41":0,"42":0,"43":0,"44":0,"45":0,"46":0,"47":0,"48":0,"49":0,"50":0,"51":0,"52":0,"53":0,"54":4,"55":0,"56":0,"57":0,"58":0,"59":0,"60":0,"61":0,"62":0,"63":0,"64":0,"65":0,"66":0,"67":0,"68":0,"69":4,"70":0,"71":0,"72":0,"73":0,"74":0,"75":0,"76":0,"77":0,"78":0,"79":0,"80":0,"81":0,"82":4},"f":{"0":0,"1":0,"2":0,"3":0,"4":0,"5":0,"6":0,"7":0,"8":0,"9":0,"10":0},"b":{"0":[0,0],"1":[0],"2":[0,0,0],"3":[0],"4":[0],"5":[0,0],"6":[0],"7":[0,0,0,0],"8":[0],"9":[0],"10":[0],"11":[0,0],"12":[0,0],"13":[0,0],"14":[0]}}
,"D:\\mobile applicatio\\Git_Repo\\FitCoach\\backend\\src\\subscription\\quota.config.ts": {"path":"D:\\mobile applicatio\\Git_Repo\\FitCoach\\backend\\src\\subscription\\quota.config.ts","statementMap":{"0":{"start":{"line":14,"column":13},"end":{"line":39,"column":2}},"1":{"start":{"line":41,"column":13},"end":{"line":41,"column":41}},"2":{"start":{"line":43,"column":29},"end":{"line":47,"column":1}},"3":{"start":{"line":44,"column":15},"end":{"line":44,"column":36}},"4":{"start":{"line":45,"column":16},"end":{"line":45,"column":34}},"5":{"start":{"line":46,"column":2},"end":{"line":46,"column":48}},"6":{"start":{"line":43,"column":13},"end":{"line":43,"column":29}}},"fnMap":{"0":{"name":"(anonymous_0)","decl":{"start":{"line":43,"column":29},"end":{"line":43,"column":30}},"loc":{"start":{"line":43,"column":63},"end":{"line":47,"column":1}}}},"branchMap":{"0":{"loc":{"start":{"line":43,"column":30},"end":{"line":43,"column":53}},"type":"default-arg","locations":[{"start":{"line":43,"column":43},"end":{"line":43,"column":53}}]}},"s":{"0":6,"1":6,"2":6,"3":0,"4":0,"5":0,"6":6},"f":{"0":0},"b":{"0":[0]}}
,"D:\\mobile applicatio\\Git_Repo\\FitCoach\\backend\\src\\subscription\\quota.service.ts": {"path":"D:\\mobile applicatio\\Git_Repo\\FitCoach\\backend\\src\\subscription\\quota.service.ts","statementMap":{"0":{"start":{"line":2,"column":0},"end":{"line":2,"column":110}},"1":{"start":{"line":25,"column":25},"end":{"line":28,"column":1}},"2":{"start":{"line":26,"column":2},"end":{"line":26,"column":48}},"3":{"start":{"line":26,"column":29},"end":{"line":26,"column":48}},"4":{"start":{"line":27,"column":2},"end":{"line":27,"column":35}},"5":{"start":{"line":30,"column":20},"end":{"line":30,"column":112}},"6":{"start":{"line":30,"column":71},"end":{"line":30,"column":112}},"7":{"start":{"line":32,"column":19},"end":{"line":41,"column":4}},"8":{"start":{"line":33,"column":2},"end":{"line":41,"column":4}},"9":{"start":{"line":43,"column":29},"end":{"line":77,"column":1}},"10":{"start":{"line":48,"column":2},"end":{"line":76,"column":3}},"11":{"start":{"line":50,"column":6},"end":{"line":52,"column":7}},"12":{"start":{"line":51,"column":8},"end":{"line":51,"column":74}},"13":{"start":{"line":53,"column":19},"end":{"line":53,"column":37}},"14":{"start":{"line":54,"column":24},"end":{"line":54,"column":63}},"15":{"start":{"line":55,"column":27},"end":{"line":55,"column":77}},"16":{"start":{"line":56,"column":6},"end":{"line":58,"column":7}},"17":{"start":{"line":57,"column":8},"end":{"line":57,"column":82}},"18":{"start":{"line":59,"column":6},"end":{"line":59,"column":56}},"19":{"start":{"line":62,"column":24},"end":{"line":62,"column":54}},"20":{"start":{"line":63,"column":6},"end":{"line":65,"column":7}},"21":{"start":{"line":64,"column":8},"end":{"line":64,"column":85}},"22":{"start":{"line":66,"column":6},"end":{"line":66,"column":88}},"23":{"start":{"line":69,"column":6},"end":{"line":71,"column":7}},"24":{"start":{"line":70,"column":8},"end":{"line":70,"column":86}},"25":{"start":{"line":72,"column":6},"end":{"line":72,"column":81}},"26":{"start":{"line":75,"column":6},"end":{"line":75,"column":62}},"27":{"start":{"line":43,"column":13},"end":{"line":43,"column":29}},"28":{"start":{"line":79,"column":33},"end":{"line":114,"column":1}},"29":{"start":{"line":84,"column":14},"end":{"line":84,"column":24}},"30":{"start":{"line":85,"column":17},"end":{"line":85,"column":81}},"31":{"start":{"line":86,"column":2},"end":{"line":98,"column":3}},"32":{"start":{"line":87,"column":17},"end":{"line":87,"column":43}},"33":{"start":{"line":88,"column":19},"end":{"line":88,"column":36}},"34":{"start":{"line":89,"column":4},"end":{"line":97,"column":7}},"35":{"start":{"line":99,"column":16},"end":{"line":99,"column":22}},"36":{"start":{"line":100,"column":2},"end":{"line":109,"column":3}},"37":{"start":{"line":101,"column":19},"end":{"line":101,"column":44}},"38":{"start":{"line":102,"column":4},"end":{"line":108,"column":7}},"39":{"start":{"line":110,"column":2},"end":{"line":112,"column":3}},"40":{"start":{"line":111,"column":4},"end":{"line":111,"column":53}},"41":{"start":{"line":113,"column":2},"end":{"line":113,"column":17}},"42":{"start":{"line":79,"column":13},"end":{"line":79,"column":33}},"43":{"start":{"line":116,"column":32},"end":{"line":134,"column":1}},"44":{"start":{"line":121,"column":16},"end":{"line":121,"column":69}},"45":{"start":{"line":122,"column":17},"end":{"line":122,"column":40}},"46":{"start":{"line":123,"column":2},"end":{"line":133,"column":4}},"47":{"start":{"line":116,"column":13},"end":{"line":116,"column":32}},"48":{"start":{"line":136,"column":26},"end":{"line":151,"column":1}},"49":{"start":{"line":142,"column":16},"end":{"line":142,"column":69}},"50":{"start":{"line":143,"column":17},"end":{"line":143,"column":40}},"51":{"start":{"line":144,"column":21},"end":{"line":144,"column":57}},"52":{"start":{"line":146,"column":4},"end":{"line":146,"column":115}},"53":{"start":{"line":147,"column":2},"end":{"line":150,"column":4}},"54":{"start":{"line":136,"column":13},"end":{"line":136,"column":26}},"55":{"start":{"line":153,"column":28},"end":{"line":177,"column":1}},"56":{"start":{"line":159,"column":16},"end":{"line":159,"column":69}},"57":{"start":{"line":160,"column":17},"end":{"line":160,"column":40}},"58":{"start":{"line":161,"column":21},"end":{"line":161,"column":57}},"59":{"start":{"line":162,"column":2},"end":{"line":164,"column":3}},"60":{"start":{"line":163,"column":4},"end":{"line":163,"column":57}},"61":{"start":{"line":165,"column":43},"end":{"line":165,"column":45}},"62":{"start":{"line":166,"column":2},"end":{"line":168,"column":3}},"63":{"start":{"line":167,"column":4},"end":{"line":167,"column":47}},"64":{"start":{"line":169,"column":2},"end":{"line":171,"column":3}},"65":{"start":{"line":170,"column":4},"end":{"line":170,"column":41}},"66":{"start":{"line":172,"column":2},"end":{"line":174,"column":3}},"67":{"start":{"line":173,"column":4},"end":{"line":173,"column":53}},"68":{"start":{"line":175,"column":18},"end":{"line":175,"column":84}},"69":{"start":{"line":176,"column":2},"end":{"line":176,"column":43}},"70":{"start":{"line":153,"column":13},"end":{"line":153,"column":28}},"71":{"start":{"line":179,"column":31},"end":{"line":190,"column":1}},"72":{"start":{"line":180,"column":2},"end":{"line":189,"column":3}},"73":{"start":{"line":184,"column":6},"end":{"line":184,"column":29}},"74":{"start":{"line":186,"column":6},"end":{"line":186,"column":23}},"75":{"start":{"line":188,"column":6},"end":{"line":188,"column":24}},"76":{"start":{"line":179,"column":13},"end":{"line":179,"column":31}}},"fnMap":{"0":{"name":"(anonymous_0)","decl":{"start":{"line":25,"column":25},"end":{"line":25,"column":26}},"loc":{"start":{"line":25,"column":85},"end":{"line":28,"column":1}}},"1":{"name":"(anonymous_1)","decl":{"start":{"line":30,"column":20},"end":{"line":30,"column":21}},"loc":{"start":{"line":30,"column":71},"end":{"line":30,"column":112}}},"2":{"name":"(anonymous_2)","decl":{"start":{"line":32,"column":19},"end":{"line":32,"column":24}},"loc":{"start":{"line":33,"column":2},"end":{"line":41,"column":4}}},"3":{"name":"(anonymous_3)","decl":{"start":{"line":43,"column":29},"end":{"line":43,"column":null}},"loc":{"start":{"line":47,"column":21},"end":{"line":77,"column":1}}},"4":{"name":"(anonymous_4)","decl":{"start":{"line":79,"column":33},"end":{"line":79,"column":38}},"loc":{"start":{"line":83,"column":32},"end":{"line":114,"column":1}}},"5":{"name":"(anonymous_5)","decl":{"start":{"line":116,"column":32},"end":{"line":116,"column":37}},"loc":{"start":{"line":120,"column":28},"end":{"line":134,"column":1}}},"6":{"name":"(anonymous_6)","decl":{"start":{"line":136,"column":26},"end":{"line":136,"column":31}},"loc":{"start":{"line":141,"column":4},"end":{"line":151,"column":1}}},"7":{"name":"(anonymous_7)","decl":{"start":{"line":153,"column":28},"end":{"line":153,"column":33}},"loc":{"start":{"line":158,"column":4},"end":{"line":177,"column":1}}},"8":{"name":"(anonymous_8)","decl":{"start":{"line":179,"column":31},"end":{"line":179,"column":32}},"loc":{"start":{"line":179,"column":78},"end":{"line":190,"column":1}}}},"branchMap":{"0":{"loc":{"start":{"line":26,"column":2},"end":{"line":26,"column":48}},"type":"if","locations":[{"start":{"line":26,"column":2},"end":{"line":26,"column":48}}]},"1":{"loc":{"start":{"line":48,"column":2},"end":{"line":76,"column":3}},"type":"switch","locations":[{"start":{"line":49,"column":4},"end":{"line":60,"column":5}},{"start":{"line":61,"column":4},"end":{"line":67,"column":5}},{"start":{"line":68,"column":4},"end":{"line":73,"column":5}},{"start":{"line":74,"column":4},"end":{"line":75,"column":62}}]},"2":{"loc":{"start":{"line":50,"column":6},"end":{"line":52,"column":7}},"type":"if","locations":[{"start":{"line":50,"column":6},"end":{"line":52,"column":7}}]},"3":{"loc":{"start":{"line":55,"column":27},"end":{"line":55,"column":77}},"type":"cond-expr","locations":[{"start":{"line":55,"column":51},"end":{"line":55,"column":52}},{"start":{"line":55,"column":55},"end":{"line":55,"column":77}}]},"4":{"loc":{"start":{"line":56,"column":6},"end":{"line":58,"column":7}},"type":"if","locations":[{"start":{"line":56,"column":6},"end":{"line":58,"column":7}}]},"5":{"loc":{"start":{"line":63,"column":6},"end":{"line":65,"column":7}},"type":"if","locations":[{"start":{"line":63,"column":6},"end":{"line":65,"column":7}}]},"6":{"loc":{"start":{"line":69,"column":6},"end":{"line":71,"column":7}},"type":"if","locations":[{"start":{"line":69,"column":6},"end":{"line":71,"column":7}}]},"7":{"loc":{"start":{"line":72,"column":41},"end":{"line":72,"column":78}},"type":"cond-expr","locations":[{"start":{"line":72,"column":66},"end":{"line":72,"column":74}},{"start":{"line":72,"column":77},"end":{"line":72,"column":78}}]},"8":{"loc":{"start":{"line":86,"column":2},"end":{"line":98,"column":3}},"type":"if","locations":[{"start":{"line":86,"column":2},"end":{"line":98,"column":3}}]},"9":{"loc":{"start":{"line":87,"column":17},"end":{"line":87,"column":43}},"type":"binary-expr","locations":[{"start":{"line":87,"column":17},"end":{"line":87,"column":29}},{"start":{"line":87,"column":33},"end":{"line":87,"column":43}}]},"10":{"loc":{"start":{"line":94,"column":29},"end":{"line":94,"column":68}},"type":"binary-expr","locations":[{"start":{"line":94,"column":29},"end":{"line":94,"column":55}},{"start":{"line":94,"column":59},"end":{"line":94,"column":68}}]},"11":{"loc":{"start":{"line":100,"column":2},"end":{"line":109,"column":3}},"type":"if","locations":[{"start":{"line":100,"column":2},"end":{"line":109,"column":3}}]},"12":{"loc":{"start":{"line":100,"column":6},"end":{"line":100,"column":50}},"type":"binary-expr","locations":[{"start":{"line":100,"column":6},"end":{"line":100,"column":18}},{"start":{"line":100,"column":22},"end":{"line":100,"column":50}}]},"13":{"loc":{"start":{"line":106,"column":29},"end":{"line":106,"column":68}},"type":"binary-expr","locations":[{"start":{"line":106,"column":29},"end":{"line":106,"column":55}},{"start":{"line":106,"column":59},"end":{"line":106,"column":68}}]},"14":{"loc":{"start":{"line":110,"column":2},"end":{"line":112,"column":3}},"type":"if","locations":[{"start":{"line":110,"column":2},"end":{"line":112,"column":3}}]},"15":{"loc":{"start":{"line":146,"column":4},"end":{"line":146,"column":115}},"type":"binary-expr","locations":[{"start":{"line":146,"column":4},"end":{"line":146,"column":22}},{"start":{"line":146,"column":26},"end":{"line":146,"column":63}},{"start":{"line":146,"column":67},"end":{"line":146,"column":115}}]},"16":{"loc":{"start":{"line":162,"column":2},"end":{"line":164,"column":3}},"type":"if","locations":[{"start":{"line":162,"column":2},"end":{"line":164,"column":3}}]},"17":{"loc":{"start":{"line":166,"column":2},"end":{"line":168,"column":3}},"type":"if","locations":[{"start":{"line":166,"column":2},"end":{"line":168,"column":3}}]},"18":{"loc":{"start":{"line":166,"column":6},"end":{"line":166,"column":61}},"type":"binary-expr","locations":[{"start":{"line":166,"column":6},"end":{"line":166,"column":26}},{"start":{"line":166,"column":30},"end":{"line":166,"column":61}}]},"19":{"loc":{"start":{"line":169,"column":2},"end":{"line":171,"column":3}},"type":"if","locations":[{"start":{"line":169,"column":2},"end":{"line":171,"column":3}}]},"20":{"loc":{"start":{"line":172,"column":2},"end":{"line":174,"column":3}},"type":"if","locations":[{"start":{"line":172,"column":2},"end":{"line":174,"column":3}}]},"21":{"loc":{"start":{"line":180,"column":2},"end":{"line":189,"column":3}},"type":"switch","locations":[{"start":{"line":181,"column":4},"end":{"line":181,"column":25}},{"start":{"line":182,"column":4},"end":{"line":182,"column":25}},{"start":{"line":183,"column":4},"end":{"line":184,"column":29}},{"start":{"line":185,"column":4},"end":{"line":186,"column":23}},{"start":{"line":187,"column":4},"end":{"line":188,"column":24}}]}},"s":{"0":4,"1":4,"2":2,"3":0,"4":2,"5":4,"6":0,"7":4,"8":0,"9":4,"10":5,"11":3,"12":1,"13":2,"14":2,"15":2,"16":2,"17":1,"18":1,"19":0,"20":0,"21":0,"22":0,"23":2,"24":1,"25":1,"26":0,"27":4,"28":4,"29":0,"30":0,"31":0,"32":0,"33":0,"34":0,"35":0,"36":0,"37":0,"38":0,"39":0,"40":0,"41":0,"42":4,"43":4,"44":0,"45":0,"46":0,"47":4,"48":4,"49":0,"50":0,"51":0,"52":0,"53":0,"54":4,"55":4,"56":0,"57":0,"58":0,"59":0,"60":0,"61":0,"62":0,"63":0,"64":0,"65":0,"66":0,"67":0,"68":0,"69":0,"70":4,"71":4,"72":0,"73":0,"74":0,"75":0,"76":4},"f":{"0":2,"1":0,"2":0,"3":5,"4":0,"5":0,"6":0,"7":0,"8":0},"b":{"0":[0],"1":[3,0,2,0],"2":[1],"3":[0,2],"4":[1],"5":[0],"6":[1],"7":[1,0],"8":[0],"9":[0,0],"10":[0,0],"11":[0],"12":[0,0],"13":[0,0],"14":[0],"15":[0,0,0],"16":[0],"17":[0],"18":[0,0],"19":[0],"20":[0],"21":[0,0,0,0,0]}}
,"D:\\mobile applicatio\\Git_Repo\\FitCoach\\backend\\src\\workouts\\injury-map.ts": {"path":"D:\\mobile applicatio\\Git_Repo\\FitCoach\\backend\\src\\workouts\\injury-map.ts","statementMap":{"0":{"start":{"line":11,"column":53},"end":{"line":30,"column":2}},"1":{"start":{"line":32,"column":49},"end":{"line":51,"column":2}},"2":{"start":{"line":53,"column":55},"end":{"line":72,"column":2}},"3":{"start":{"line":74,"column":49},"end":{"line":84,"column":2}},"4":{"start":{"line":86,"column":50},"end":{"line":104,"column":2}},"5":{"start":{"line":106,"column":51},"end":{"line":112,"column":2}},"6":{"start":{"line":114,"column":40},"end":{"line":121,"column":1}},"7":{"start":{"line":115,"column":14},"end":{"line":115,"column":44}},"8":{"start":{"line":116,"column":15},"end":{"line":116,"column":29}},"9":{"start":{"line":117,"column":2},"end":{"line":119,"column":3}},"10":{"start":{"line":118,"column":4},"end":{"line":118,"column":16}},"11":{"start":{"line":120,"column":2},"end":{"line":120,"column":104}},"12":{"start":{"line":120,"column":35},"end":{"line":120,"column":102}},"13":{"start":{"line":114,"column":13},"end":{"line":114,"column":40}}},"fnMap":{"0":{"name":"(anonymous_0)","decl":{"start":{"line":114,"column":40},"end":{"line":114,"column":41}},"loc":{"start":{"line":114,"column":108},"end":{"line":121,"column":1}}},"1":{"name":"(anonymous_1)","decl":{"start":{"line":120,"column":21},"end":{"line":120,"column":22}},"loc":{"start":{"line":120,"column":35},"end":{"line":120,"column":102}}}},"branchMap":{"0":{"loc":{"start":{"line":116,"column":15},"end":{"line":116,"column":29}},"type":"binary-expr","locations":[{"start":{"line":116,"column":15},"end":{"line":116,"column":23}},{"start":{"line":116,"column":27},"end":{"line":116,"column":29}}]},"1":{"loc":{"start":{"line":117,"column":2},"end":{"line":119,"column":3}},"type":"if","locations":[{"start":{"line":117,"column":2},"end":{"line":119,"column":3}}]},"2":{"loc":{"start":{"line":120,"column":35},"end":{"line":120,"column":102}},"type":"binary-expr","locations":[{"start":{"line":120,"column":35},"end":{"line":120,"column":71}},{"start":{"line":120,"column":75},"end":{"line":120,"column":102}}]}},"s":{"0":4,"1":4,"2":4,"3":4,"4":4,"5":4,"6":4,"7":3,"8":3,"9":3,"10":2,"11":1,"12":2,"13":4},"f":{"0":3,"1":2},"b":{"0":[3,1],"1":[2],"2":[2,1]}}
}
