TN:
SF:api\stripeWebhook.js
FN:7,(anonymous_0)
FNF:1
FNH:0
FNDA:0,(anonymous_0)
DA:1,4
DA:2,4
DA:3,4
DA:4,4
DA:5,0
DA:7,0
DA:8,0
DA:11,0
DA:12,0
DA:18,0
DA:22,0
DA:23,0
DA:24,0
DA:28,0
DA:29,0
DA:30,0
DA:37,0
DA:40,0
LF:18
LH:4
BRDA:22,0,0,0
BRDA:22,0,1,0
BRDA:28,1,0,0
BRDA:28,1,1,0
BRF:4
BRH:0
end_of_record
TN:
SF:src\affiliate.controller.ts
FN:8,(anonymous_0)
FN:18,(anonymous_1)
FNF:2
FNH:0
FNDA:0,(anonymous_0)
FNDA:0,(anonymous_1)
DA:1,4
DA:2,4
DA:4,4
DA:5,4
DA:8,4
DA:9,0
DA:10,0
DA:11,0
DA:13,0
DA:18,4
DA:19,0
DA:20,0
DA:21,0
DA:24,0
DA:26,0
DA:30,4
LF:16
LH:7
BRF:0
BRH:0
end_of_record
TN:
SF:src\auth.controller.ts
FN:23,(anonymous_1)
FN:28,(anonymous_2)
FN:35,(anonymous_3)
FN:51,upsertPhoneUser
FN:86,(anonymous_5)
FN:97,(anonymous_6)
FN:119,(anonymous_7)
FN:137,(anonymous_8)
FN:155,(anonymous_9)
FN:177,(anonymous_10)
FN:193,(anonymous_11)
FNF:11
FNH:6
FNDA:2,(anonymous_1)
FNDA:2,(anonymous_2)
FNDA:2,(anonymous_3)
FNDA:2,upsertPhoneUser
FNDA:2,(anonymous_5)
FNDA:0,(anonymous_6)
FNDA:0,(anonymous_7)
FNDA:0,(anonymous_8)
FNDA:0,(anonymous_9)
FNDA:0,(anonymous_10)
FNDA:3,(anonymous_11)
DA:1,5
DA:2,5
DA:3,5
DA:4,5
DA:5,5
DA:6,5
DA:7,5
DA:9,5
DA:10,5
DA:11,5
DA:17,5
DA:18,5
DA:23,5
DA:24,2
DA:25,2
DA:28,5
DA:29,2
DA:30,1
DA:31,1
DA:32,1
DA:35,5
DA:42,2
DA:57,2
DA:58,2
DA:59,2
DA:60,2
DA:61,2
DA:62,1
DA:72,1
DA:73,1
DA:74,1
DA:76,1
DA:77,0
DA:79,1
DA:80,1
DA:83,2
DA:86,5
DA:87,2
DA:88,2
DA:89,0
DA:90,0
DA:91,0
DA:92,0
DA:93,0
DA:97,5
DA:98,0
DA:99,0
DA:100,0
DA:101,0
DA:103,0
DA:104,0
DA:105,0
DA:107,0
DA:108,0
DA:111,0
DA:112,0
DA:114,0
DA:119,5
DA:120,0
DA:121,0
DA:122,0
DA:123,0
DA:124,0
DA:125,0
DA:126,0
DA:127,0
DA:129,0
DA:130,0
DA:132,0
DA:137,5
DA:138,0
DA:139,0
DA:140,0
DA:141,0
DA:142,0
DA:143,0
DA:144,0
DA:145,0
DA:147,0
DA:148,0
DA:150,0
DA:155,5
DA:156,0
DA:157,0
DA:158,0
DA:162,0
DA:163,0
DA:164,0
DA:165,0
DA:166,0
DA:167,0
DA:169,0
DA:170,0
DA:172,0
DA:177,5
DA:178,0
DA:179,0
DA:180,0
DA:181,0
DA:182,0
DA:183,0
DA:184,0
DA:185,0
DA:186,0
DA:187,0
DA:189,0
DA:193,5
DA:194,3
DA:195,3
DA:196,3
DA:197,1
DA:199,2
DA:200,2
DA:201,2
DA:202,2
DA:203,2
DA:204,2
DA:205,2
DA:206,2
DA:207,2
DA:209,0
DA:213,5
LF:122
LH:58
BRDA:17,0,0,5
BRDA:24,1,0,0
BRDA:25,2,0,2
BRDA:25,2,1,1
BRDA:29,3,0,1
BRDA:29,4,0,2
BRDA:29,4,1,1
BRDA:31,5,0,1
BRDA:31,5,1,0
BRDA:59,6,0,2
BRDA:59,6,1,0
BRDA:61,7,0,1
BRDA:61,7,1,1
BRDA:73,8,0,1
BRDA:76,9,0,0
BRDA:76,10,0,1
BRDA:76,10,1,0
BRDA:79,11,0,1
BRDA:88,12,0,2
BRDA:89,13,0,0
BRDA:89,13,1,0
BRDA:90,14,0,0
BRDA:92,15,0,0
BRDA:100,16,0,0
BRDA:100,17,0,0
BRDA:100,17,1,0
BRDA:100,17,2,0
BRDA:100,17,3,0
BRDA:104,18,0,0
BRDA:124,19,0,0
BRDA:126,20,0,0
BRDA:142,21,0,0
BRDA:144,22,0,0
BRDA:164,23,0,0
BRDA:166,24,0,0
BRDA:182,25,0,0
BRDA:186,26,0,0
BRDA:186,26,1,0
BRDA:186,27,0,0
BRDA:186,27,1,0
BRDA:196,28,0,1
BRDA:201,29,0,0
BRDA:206,30,0,1
BRDA:206,30,1,1
BRDA:206,31,0,2
BRDA:206,31,1,1
BRF:46
BRH:19
end_of_record
TN:
SF:src\categories.controller.ts
FN:8,(anonymous_0)
FN:18,(anonymous_1)
FNF:2
FNH:0
FNDA:0,(anonymous_0)
FNDA:0,(anonymous_1)
DA:1,4
DA:2,4
DA:4,4
DA:5,4
DA:8,4
DA:9,0
DA:10,0
DA:11,0
DA:13,0
DA:18,4
DA:19,0
DA:20,0
DA:23,0
DA:25,0
DA:29,4
LF:15
LH:7
BRF:0
BRH:0
end_of_record
TN:
SF:src\coaches.controller.ts
FN:33,(anonymous_0)
FN:79,(anonymous_1)
FN:92,(anonymous_2)
FN:109,(anonymous_3)
FN:121,(anonymous_4)
FN:124,(anonymous_5)
FN:134,(anonymous_6)
FN:136,(anonymous_7)
FN:152,(anonymous_8)
FN:158,(anonymous_9)
FN:179,(anonymous_10)
FN:201,(anonymous_11)
FN:251,(anonymous_12)
FN:262,(anonymous_13)
FN:276,(anonymous_14)
FN:300,(anonymous_15)
FNF:16
FNH:1
FNDA:0,(anonymous_0)
FNDA:0,(anonymous_1)
FNDA:0,(anonymous_2)
FNDA:0,(anonymous_3)
FNDA:0,(anonymous_4)
FNDA:0,(anonymous_5)
FNDA:0,(anonymous_6)
FNDA:0,(anonymous_7)
FNDA:0,(anonymous_8)
FNDA:0,(anonymous_9)
FNDA:0,(anonymous_10)
FNDA:4,(anonymous_11)
FNDA:0,(anonymous_12)
FNDA:0,(anonymous_13)
FNDA:0,(anonymous_14)
FNDA:0,(anonymous_15)
DA:1,4
DA:2,4
DA:3,4
DA:5,4
DA:6,4
DA:12,4
DA:18,4
DA:22,4
DA:29,4
DA:33,4
DA:34,0
DA:35,0
DA:38,0
DA:61,0
DA:62,0
DA:63,0
DA:65,0
DA:79,4
DA:80,0
DA:81,0
DA:82,0
DA:85,0
DA:87,0
DA:92,4
DA:93,0
DA:94,0
DA:95,0
DA:96,0
DA:100,0
DA:101,0
DA:104,0
DA:109,0
DA:119,0
DA:121,0
DA:122,0
DA:124,0
DA:127,0
DA:134,0
DA:136,0
DA:147,0
DA:148,0
DA:152,4
DA:153,0
DA:154,0
DA:155,0
DA:158,0
DA:168,0
DA:169,0
DA:172,0
DA:174,0
DA:175,0
DA:179,4
DA:180,0
DA:181,0
DA:182,0
DA:183,0
DA:184,0
DA:185,0
DA:194,0
DA:196,0
DA:197,0
DA:201,4
DA:202,4
DA:203,4
DA:213,4
DA:214,1
DA:217,3
DA:218,3
DA:219,3
DA:220,3
DA:221,1
DA:223,2
DA:224,1
DA:225,1
DA:226,0
DA:231,2
DA:243,2
DA:245,0
DA:246,0
DA:251,4
DA:252,0
DA:253,0
DA:256,0
DA:258,0
DA:262,4
DA:263,0
DA:264,0
DA:265,0
DA:266,0
DA:270,0
DA:271,0
DA:274,0
DA:276,0
DA:279,0
DA:281,0
DA:294,0
DA:295,0
DA:300,4
DA:301,0
DA:302,0
DA:306,0
DA:307,0
DA:309,0
DA:311,0
DA:315,4
LF:105
LH:33
BRDA:62,0,0,0
BRDA:62,0,1,0
BRDA:63,1,0,0
BRDA:63,1,1,0
BRDA:72,2,0,0
BRDA:72,2,1,0
BRDA:73,3,0,0
BRDA:73,3,1,0
BRDA:74,4,0,0
BRDA:74,4,1,0
BRDA:94,5,0,0
BRDA:94,5,1,0
BRDA:100,6,0,0
BRDA:109,7,0,0
BRDA:109,7,1,0
BRDA:110,8,0,0
BRDA:110,8,1,0
BRDA:124,9,0,0
BRDA:124,9,1,0
BRDA:124,10,0,0
BRDA:124,10,1,0
BRDA:142,11,0,0
BRDA:142,11,1,0
BRDA:168,12,0,0
BRDA:181,13,0,0
BRDA:181,13,1,0
BRDA:182,14,0,0
BRDA:182,14,1,0
BRDA:183,15,0,0
BRDA:183,15,1,0
BRDA:188,16,0,0
BRDA:188,16,1,0
BRDA:213,17,0,1
BRDA:213,18,0,4
BRDA:213,18,1,3
BRDA:213,18,2,3
BRDA:218,19,0,3
BRDA:220,20,0,1
BRDA:223,21,0,1
BRDA:225,22,0,0
BRDA:264,23,0,0
BRDA:264,23,1,0
BRDA:270,24,0,0
BRDA:276,25,0,0
BRDA:276,25,1,0
BRDA:306,26,0,0
BRF:46
BRH:7
end_of_record
TN:
SF:src\commission.controller.ts
FN:8,(anonymous_0)
FNF:1
FNH:0
FNDA:0,(anonymous_0)
DA:1,4
DA:2,4
DA:4,4
DA:5,4
DA:8,4
DA:9,0
DA:10,0
DA:11,0
DA:12,0
DA:13,0
DA:14,0
DA:15,0
DA:17,0
DA:19,0
DA:21,0
DA:25,4
LF:16
LH:6
BRDA:12,0,0,0
BRDA:12,0,1,0
BRDA:14,1,0,0
BRDA:14,1,1,0
BRF:4
BRH:0
end_of_record
TN:
SF:src\delivery.controller.ts
FN:8,(anonymous_0)
FNF:1
FNH:0
FNDA:0,(anonymous_0)
DA:1,4
DA:2,4
DA:4,4
DA:5,4
DA:8,4
DA:9,0
DA:10,0
DA:11,0
DA:12,0
DA:15,0
DA:16,0
DA:18,0
DA:20,0
DA:24,4
LF:14
LH:6
BRDA:11,0,0,0
BRDA:15,1,0,0
BRF:2
BRH:0
end_of_record
TN:
SF:src\demo.controller.ts
FN:6,(anonymous_0)
FNF:1
FNH:1
FNDA:1,(anonymous_0)
DA:1,5
DA:2,5
DA:4,5
DA:6,5
DA:7,1
DA:8,1
DA:9,1
DA:16,5
LF:8
LH:8
BRDA:7,0,0,1
BRDA:7,0,1,0
BRF:2
BRH:1
end_of_record
TN:
SF:src\intake.controller.ts
FN:4,(anonymous_0)
FN:7,(anonymous_1)
FN:48,(anonymous_2)
FN:62,(anonymous_3)
FN:94,(anonymous_4)
FN:124,(anonymous_5)
FN:148,(anonymous_6)
FNF:7
FNH:7
FNDA:5,(anonymous_0)
FNDA:4,(anonymous_1)
FNDA:1,(anonymous_2)
FNDA:2,(anonymous_3)
FNDA:2,(anonymous_4)
FNDA:1,(anonymous_5)
FNDA:1,(anonymous_6)
DA:1,5
DA:4,5
DA:5,5
DA:7,5
DA:8,4
DA:9,0
DA:12,4
DA:14,4
DA:24,4
DA:48,5
DA:49,1
DA:50,1
DA:51,0
DA:53,1
DA:54,1
DA:55,1
DA:57,0
DA:58,0
DA:62,5
DA:63,2
DA:64,2
DA:65,1
DA:67,1
DA:68,1
DA:69,1
DA:87,1
DA:89,0
DA:90,0
DA:94,5
DA:104,2
DA:106,2
DA:107,0
DA:109,2
DA:116,0
DA:119,2
DA:120,2
DA:121,1
DA:124,1
DA:125,1
DA:127,1
DA:128,1
DA:141,1
DA:143,0
DA:144,0
DA:148,5
DA:149,1
DA:150,1
DA:151,0
DA:154,1
DA:155,1
DA:167,1
DA:169,0
DA:170,0
DA:173,5
LF:54
LH:41
BRDA:8,0,0,0
BRDA:12,1,0,4
BRDA:12,1,1,3
BRDA:12,1,2,3
BRDA:14,2,0,4
BRDA:14,2,1,2
BRDA:14,2,2,2
BRDA:14,2,3,2
BRDA:14,2,4,2
BRDA:14,2,5,2
BRDA:14,2,6,2
BRDA:14,2,7,2
BRDA:14,2,8,2
BRDA:25,3,0,3
BRDA:25,3,1,1
BRDA:33,4,0,2
BRDA:33,4,1,2
BRDA:50,5,0,0
BRDA:64,6,0,1
BRDA:64,7,0,2
BRDA:64,7,1,2
BRDA:64,7,2,1
BRDA:64,7,3,1
BRDA:67,8,0,1
BRDA:67,8,1,0
BRDA:102,9,0,0
BRDA:106,10,0,0
BRDA:109,11,0,0
BRDA:110,12,0,2
BRDA:110,12,1,2
BRDA:110,12,2,2
BRDA:110,12,3,2
BRDA:110,12,4,2
BRDA:120,13,0,1
BRDA:124,14,0,1
BRDA:124,14,1,0
BRDA:125,15,0,0
BRDA:125,15,1,1
BRDA:150,16,0,0
BRF:39
BRH:30
end_of_record
TN:
SF:src\main.ts
FN:101,(anonymous_1)
FN:109,(anonymous_2)
FNF:2
FNH:0
FNDA:0,(anonymous_1)
FNDA:0,(anonymous_2)
DA:1,4
DA:2,4
DA:3,4
DA:4,4
DA:5,4
DA:6,4
DA:7,4
DA:8,4
DA:9,4
DA:10,4
DA:11,4
DA:12,4
DA:13,4
DA:14,4
DA:15,4
DA:16,4
DA:17,4
DA:18,4
DA:19,4
DA:20,4
DA:21,4
DA:22,4
DA:23,4
DA:24,4
DA:25,4
DA:26,4
DA:27,4
DA:28,4
DA:30,4
DA:31,4
DA:32,4
DA:33,4
DA:34,4
DA:35,4
DA:36,4
DA:38,4
DA:39,4
DA:40,4
DA:41,4
DA:44,4
DA:45,4
DA:46,0
DA:48,4
DA:49,4
DA:53,4
DA:54,4
DA:55,4
DA:56,4
DA:57,4
DA:58,4
DA:59,4
DA:60,4
DA:61,4
DA:62,4
DA:63,4
DA:64,4
DA:65,4
DA:66,4
DA:67,4
DA:68,4
DA:69,4
DA:70,4
DA:71,4
DA:72,4
DA:73,4
DA:74,4
DA:75,4
DA:76,4
DA:77,4
DA:78,4
DA:79,4
DA:80,4
DA:81,4
DA:82,4
DA:85,4
DA:89,4
DA:101,4
DA:102,0
DA:103,0
DA:106,4
DA:108,4
DA:109,0
DA:112,4
LF:83
LH:79
BRDA:48,0,0,0
BRDA:48,0,1,4
BRDA:103,1,0,0
BRDA:103,1,1,0
BRDA:103,2,0,0
BRDA:103,2,1,0
BRDA:106,3,0,4
BRDA:106,3,1,4
BRDA:108,4,0,0
BRF:9
BRH:3
end_of_record
TN:
SF:src\media.controller.ts
FN:6,(anonymous_0)
FNF:1
FNH:0
FNDA:0,(anonymous_0)
DA:1,4
DA:2,4
DA:4,4
DA:6,4
DA:7,0
DA:8,0
DA:9,0
DA:10,0
DA:11,0
DA:12,0
DA:13,0
DA:14,0
DA:16,0
DA:20,4
LF:14
LH:5
BRDA:7,0,0,0
BRDA:7,0,1,0
BRDA:8,1,0,0
BRDA:8,1,1,0
BRDA:9,2,0,0
BRDA:9,2,1,0
BRF:6
BRH:0
end_of_record
TN:
SF:src\milestones.controller.ts
FN:8,(anonymous_0)
FN:21,(anonymous_1)
FNF:2
FNH:0
FNDA:0,(anonymous_0)
FNDA:0,(anonymous_1)
DA:1,4
DA:2,4
DA:4,4
DA:5,4
DA:8,4
DA:9,0
DA:10,0
DA:14,0
DA:16,0
DA:21,4
DA:22,0
DA:23,0
DA:24,0
DA:27,0
DA:29,0
DA:33,4
LF:16
LH:7
BRF:0
BRH:0
end_of_record
TN:
SF:src\notifications.controller.ts
FN:9,(anonymous_0)
FN:24,(anonymous_1)
FN:52,(anonymous_2)
FNF:3
FNH:1
FNDA:0,(anonymous_0)
FNDA:1,(anonymous_1)
FNDA:0,(anonymous_2)
DA:1,5
DA:2,5
DA:3,5
DA:5,5
DA:6,5
DA:9,5
DA:10,0
DA:11,0
DA:12,0
DA:13,0
DA:17,0
DA:19,0
DA:24,5
DA:25,1
DA:26,1
DA:27,1
DA:28,1
DA:38,0
DA:42,0
DA:43,0
DA:45,0
DA:47,0
DA:52,5
DA:53,0
DA:54,0
DA:55,0
DA:61,0
DA:65,0
DA:67,0
DA:71,5
LF:30
LH:13
BRDA:12,0,0,0
BRDA:27,1,0,1
BRDA:42,2,0,0
BRDA:54,3,0,0
BRF:4
BRH:1
end_of_record
TN:
SF:src\payments.controller.ts
FN:8,(anonymous_0)
FN:46,(anonymous_1)
FNF:2
FNH:1
FNDA:2,(anonymous_0)
FNDA:0,(anonymous_1)
DA:1,5
DA:2,5
DA:4,5
DA:5,5
DA:8,5
DA:9,2
DA:10,2
DA:11,2
DA:12,1
DA:24,1
DA:28,1
DA:39,1
DA:41,0
DA:46,5
DA:47,0
DA:48,0
DA:52,0
DA:54,0
DA:58,5
LF:19
LH:14
BRDA:11,0,0,1
BRDA:18,1,0,1
BRDA:18,1,1,1
BRDA:34,2,0,1
BRDA:34,2,1,1
BRF:5
BRH:5
end_of_record
TN:
SF:src\progress.controller.ts
FN:8,(anonymous_0)
FN:21,(anonymous_1)
FN:34,(anonymous_2)
FN:47,(anonymous_3)
FNF:4
FNH:0
FNDA:0,(anonymous_0)
FNDA:0,(anonymous_1)
FNDA:0,(anonymous_2)
FNDA:0,(anonymous_3)
DA:1,4
DA:2,4
DA:4,4
DA:5,4
DA:8,4
DA:9,0
DA:10,0
DA:11,0
DA:14,0
DA:16,0
DA:21,4
DA:22,0
DA:23,0
DA:24,0
DA:27,0
DA:29,0
DA:34,4
DA:35,0
DA:36,0
DA:37,0
DA:40,0
DA:42,0
DA:47,4
DA:48,0
DA:49,0
DA:50,0
DA:51,0
DA:52,0
DA:53,0
DA:55,0
DA:59,4
LF:31
LH:9
BRF:0
BRH:0
end_of_record
TN:
SF:src\recommendations.controller.ts
FN:9,(anonymous_0)
FNF:1
FNH:0
FNDA:0,(anonymous_0)
DA:1,4
DA:2,4
DA:3,4
DA:5,4
DA:6,4
DA:7,4
DA:9,4
DA:10,0
DA:11,0
DA:13,0
DA:14,0
DA:17,0
DA:24,0
DA:25,0
DA:26,0
DA:29,0
DA:32,0
DA:34,0
DA:38,4
LF:19
LH:8
BRDA:7,0,0,0
BRDA:7,0,1,4
BRDA:13,1,0,0
BRDA:25,2,0,0
BRF:4
BRH:1
end_of_record
TN:
SF:src\subscription.controller.ts
FN:9,(anonymous_0)
FN:12,(anonymous_1)
FN:26,(anonymous_2)
FN:44,(anonymous_3)
FN:65,(anonymous_4)
FN:100,(anonymous_5)
FN:113,(anonymous_6)
FNF:7
FNH:0
FNDA:0,(anonymous_0)
FNDA:0,(anonymous_1)
FNDA:0,(anonymous_2)
FNDA:0,(anonymous_3)
FNDA:0,(anonymous_4)
FNDA:0,(anonymous_5)
FNDA:0,(anonymous_6)
DA:1,4
DA:2,4
DA:3,4
DA:4,4
DA:6,4
DA:7,4
DA:9,4
DA:10,0
DA:12,4
DA:13,0
DA:14,0
DA:15,0
DA:17,0
DA:18,0
DA:19,0
DA:21,0
DA:22,0
DA:26,4
DA:27,0
DA:28,0
DA:29,0
DA:31,0
DA:32,0
DA:34,0
DA:35,0
DA:36,0
DA:37,0
DA:39,0
DA:40,0
DA:44,4
DA:45,0
DA:46,0
DA:47,0
DA:49,0
DA:50,0
DA:52,0
DA:53,0
DA:54,0
DA:55,0
DA:56,0
DA:58,0
DA:60,0
DA:61,0
DA:65,4
DA:66,0
DA:67,0
DA:68,0
DA:70,0
DA:71,0
DA:72,0
DA:74,0
DA:75,0
DA:76,0
DA:91,0
DA:92,0
DA:94,0
DA:95,0
DA:100,4
DA:101,0
DA:102,0
DA:106,0
DA:108,0
DA:113,4
DA:114,0
DA:122,0
DA:123,0
DA:124,0
DA:126,0
DA:135,0
DA:136,0
DA:137,0
DA:138,0
DA:154,0
DA:156,0
DA:160,4
LF:75
LH:14
BRDA:10,0,0,0
BRDA:10,0,1,0
BRDA:10,0,2,0
BRDA:14,1,0,0
BRDA:28,2,0,0
BRDA:28,3,0,0
BRDA:28,3,1,0
BRDA:31,4,0,0
BRDA:34,5,0,0
BRDA:34,5,1,0
BRDA:46,6,0,0
BRDA:46,7,0,0
BRDA:46,7,1,0
BRDA:49,8,0,0
BRDA:52,9,0,0
BRDA:52,9,1,0
BRDA:55,10,0,0
BRDA:67,11,0,0
BRDA:70,12,0,0
BRDA:70,12,1,0
BRDA:71,13,0,0
BRDA:80,14,0,0
BRDA:80,14,1,0
BRDA:87,15,0,0
BRDA:87,15,1,0
BRDA:123,16,0,0
BRDA:130,17,0,0
BRDA:130,17,1,0
BRDA:130,18,0,0
BRDA:130,18,1,0
BRDA:131,19,0,0
BRDA:131,19,1,0
BRDA:135,20,0,0
BRDA:142,21,0,0
BRDA:142,21,1,0
BRDA:149,22,0,0
BRDA:149,22,1,0
BRF:37
BRH:0
end_of_record
TN:
SF:src\swagger.ts
FNF:0
FNH:0
DA:1,4
DA:2,4
DA:4,4
DA:15,4
DA:17,4
LF:5
LH:5
BRF:0
BRH:0
end_of_record
TN:
SF:src\users.controller.ts
FN:13,(anonymous_1)
FN:46,(anonymous_2)
FN:75,(anonymous_3)
FN:129,(anonymous_4)
FN:145,(anonymous_5)
FN:166,(anonymous_6)
FNF:6
FNH:1
FNDA:0,(anonymous_1)
FNDA:0,(anonymous_2)
FNDA:0,(anonymous_3)
FNDA:0,(anonymous_4)
FNDA:0,(anonymous_5)
FNDA:1,(anonymous_6)
DA:1,4
DA:2,4
DA:3,4
DA:4,4
DA:7,4
DA:9,4
DA:10,4
DA:13,4
DA:14,0
DA:15,0
DA:16,0
DA:17,0
DA:19,0
DA:29,0
DA:31,0
DA:39,0
DA:41,0
DA:46,4
DA:47,0
DA:48,0
DA:49,0
DA:50,0
DA:52,0
DA:53,0
DA:54,0
DA:56,0
DA:57,0
DA:59,0
DA:60,0
DA:61,0
DA:64,0
DA:65,0
DA:70,0
DA:75,4
DA:76,0
DA:77,0
DA:80,0
DA:84,0
DA:86,0
DA:89,0
DA:90,0
DA:96,0
DA:98,0
DA:104,0
DA:105,0
DA:109,0
DA:110,0
DA:111,0
DA:121,0
DA:122,0
DA:124,0
DA:129,4
DA:130,0
DA:131,0
DA:135,0
DA:136,0
DA:138,0
DA:140,0
DA:145,4
DA:146,0
DA:147,0
DA:148,0
DA:149,0
DA:150,0
DA:151,0
DA:152,0
DA:153,0
DA:155,0
DA:159,0
DA:161,0
DA:166,4
DA:167,1
DA:168,1
DA:169,1
DA:171,0
DA:175,4
LF:76
LH:17
BRDA:17,0,0,0
BRDA:24,1,0,0
BRDA:24,1,1,0
BRDA:29,2,0,0
BRDA:49,3,0,0
BRDA:49,4,0,0
BRDA:49,4,1,0
BRDA:53,5,0,0
BRDA:56,6,0,0
BRDA:60,7,0,0
BRDA:64,8,0,0
BRDA:64,8,1,0
BRDA:80,9,0,0
BRDA:80,9,1,0
BRDA:84,10,0,0
BRDA:84,10,1,0
BRDA:86,11,0,0
BRDA:90,12,0,0
BRDA:91,13,0,0
BRDA:91,13,1,0
BRDA:91,13,2,0
BRDA:91,13,3,0
BRDA:100,14,0,0
BRDA:100,14,1,0
BRDA:104,15,0,0
BRDA:104,16,0,0
BRDA:104,16,1,0
BRDA:110,17,0,0
BRDA:121,18,0,0
BRDA:121,18,1,0
BRDA:135,19,0,0
BRDA:149,20,0,0
BRDA:150,21,0,0
BRDA:151,22,0,0
BRDA:152,23,0,0
BRF:35
BRH:0
end_of_record
TN:
SF:src\users.device-token.controller.ts
FN:8,(anonymous_0)
FNF:1
FNH:0
FNDA:0,(anonymous_0)
DA:1,4
DA:2,4
DA:4,4
DA:5,4
DA:8,4
DA:9,0
DA:10,0
DA:11,0
DA:15,0
DA:17,0
DA:21,4
LF:11
LH:6
BRF:0
BRH:0
end_of_record
TN:
SF:src\webhooks.controller.ts
FN:8,(anonymous_1)
FNF:1
FNH:0
FNDA:0,(anonymous_1)
DA:1,4
DA:2,4
DA:3,4
DA:4,4
DA:8,4
DA:10,0
DA:11,0
DA:12,0
DA:15,4
LF:9
LH:6
BRDA:4,0,0,4
BRDA:4,0,1,4
BRF:2
BRH:2
end_of_record
TN:
SF:src\workouts.controller.ts
FN:8,(anonymous_0)
FN:18,(anonymous_1)
FNF:2
FNH:2
FNDA:2,(anonymous_0)
FNDA:3,(anonymous_1)
DA:1,4
DA:2,4
DA:3,4
DA:5,4
DA:6,4
DA:8,4
DA:9,2
DA:10,2
DA:11,2
DA:12,1
DA:14,1
DA:15,1
DA:18,4
DA:19,3
DA:27,3
DA:28,1
DA:31,2
DA:32,2
DA:46,1
DA:48,1
DA:49,1
DA:53,4
LF:22
LH:22
BRDA:9,0,0,1
BRDA:9,0,1,1
BRDA:10,1,0,1
BRDA:10,1,1,1
BRDA:11,2,0,1
BRDA:27,3,0,1
BRDA:27,4,0,3
BRDA:27,4,1,2
BRDA:27,4,2,2
BRF:9
BRH:9
end_of_record
TN:
SF:src\admin\users.controller.ts
FN:8,(anonymous_0)
FN:28,(anonymous_1)
FN:42,(anonymous_2)
FNF:3
FNH:0
FNDA:0,(anonymous_0)
FNDA:0,(anonymous_1)
FNDA:0,(anonymous_2)
DA:1,4
DA:2,4
DA:4,4
DA:5,4
DA:8,4
DA:9,0
DA:10,0
DA:11,0
DA:12,0
DA:14,0
DA:17,0
DA:19,0
DA:20,0
DA:21,0
DA:23,0
DA:28,4
DA:29,0
DA:30,0
DA:31,0
DA:35,0
DA:37,0
DA:42,4
DA:43,0
DA:44,0
DA:45,0
DA:47,0
DA:51,4
LF:27
LH:8
BRDA:10,0,0,0
BRDA:10,1,0,0
BRDA:10,1,1,0
BRDA:19,2,0,0
BRDA:19,3,0,0
BRDA:19,3,1,0
BRF:6
BRH:0
end_of_record
TN:
SF:src\demo\demo.fixtures.ts
FN:120,(anonymous_0)
FNF:1
FNH:1
FNDA:1,(anonymous_0)
DA:11,5
DA:22,5
DA:48,5
DA:61,5
DA:120,5
DA:121,1
DA:122,1
DA:125,5
LF:8
LH:8
BRDA:121,0,0,1
BRDA:121,0,1,0
BRDA:122,1,0,1
BRDA:122,1,1,0
BRF:4
BRH:2
end_of_record
TN:
SF:src\home\home.controller.ts
FN:17,(anonymous_0)
FN:127,startOfDay
FN:133,startOfWeek
FN:141,estimateCalories
FN:142,(anonymous_4)
FN:145,sumCalories
FN:146,(anonymous_6)
FN:149,resolveTargetCalories
FN:162,computeStreak
FN:165,(anonymous_9)
FN:181,computeWeeklyCompletion
FN:188,aggregateMacros
FN:190,(anonymous_12)
FN:207,estimateMacroTargets
FN:218,computeNutritionAdherence
FN:221,(anonymous_15)
FN:226,(anonymous_16)
FN:231,(anonymous_17)
FN:235,computeProgramWeek
FN:241,buildTodayWorkout
FN:243,(anonymous_20)
FN:247,(anonymous_21)
FN:256,buildQuickActions
FN:267,buildDemoSummary
FNF:24
FNH:22
FNDA:2,(anonymous_0)
FNDA:9,startOfDay
FNDA:2,startOfWeek
FNDA:1,estimateCalories
FNDA:2,(anonymous_4)
FNDA:1,sumCalories
FNDA:1,(anonymous_6)
FNDA:1,resolveTargetCalories
FNDA:1,computeStreak
FNDA:2,(anonymous_9)
FNDA:1,computeWeeklyCompletion
FNDA:1,aggregateMacros
FNDA:1,(anonymous_12)
FNDA:1,estimateMacroTargets
FNDA:1,computeNutritionAdherence
FNDA:1,(anonymous_15)
FNDA:1,(anonymous_16)
FNDA:1,(anonymous_17)
FNDA:1,computeProgramWeek
FNDA:1,buildTodayWorkout
FNDA:2,(anonymous_20)
FNDA:0,(anonymous_21)
FNDA:1,buildQuickActions
FNDA:0,buildDemoSummary
DA:1,4
DA:2,4
DA:9,4
DA:11,4
DA:12,4
DA:14,4
DA:15,4
DA:17,4
DA:18,2
DA:19,2
DA:20,0
DA:23,2
DA:24,2
DA:25,0
DA:26,0
DA:29,2
DA:30,2
DA:31,2
DA:33,2
DA:74,2
DA:75,1
DA:78,1
DA:79,1
DA:80,1
DA:81,1
DA:82,1
DA:83,1
DA:84,1
DA:85,1
DA:87,1
DA:120,1
DA:122,0
DA:123,0
DA:128,9
DA:129,9
DA:130,9
DA:134,2
DA:135,2
DA:136,2
DA:137,2
DA:138,2
DA:142,2
DA:146,1
DA:150,1
DA:151,1
DA:153,0
DA:154,0
DA:156,0
DA:157,0
DA:159,0
DA:163,1
DA:164,1
DA:165,1
DA:166,2
DA:168,1
DA:169,1
DA:170,1
DA:171,1
DA:172,1
DA:173,0
DA:175,1
DA:178,1
DA:182,1
DA:183,1
DA:189,1
DA:191,1
DA:192,1
DA:193,1
DA:194,1
DA:199,1
DA:200,1
DA:208,1
DA:209,1
DA:210,1
DA:211,1
DA:219,1
DA:220,1
DA:221,1
DA:222,1
DA:223,1
DA:225,1
DA:226,1
DA:227,1
DA:228,1
DA:229,1
DA:231,1
DA:232,1
DA:236,1
DA:237,1
DA:238,1
DA:242,1
DA:243,2
DA:244,1
DA:245,1
DA:247,0
DA:248,0
DA:257,1
DA:258,1
DA:268,0
DA:269,0
DA:270,0
DA:271,0
DA:306,4
LF:103
LH:86
BRDA:14,0,0,4
BRDA:14,0,1,4
BRDA:15,1,0,4
BRDA:15,1,1,4
BRDA:19,2,0,0
BRDA:24,3,0,0
BRDA:25,4,0,0
BRDA:25,4,1,0
BRDA:74,5,0,1
BRDA:96,6,0,1
BRDA:96,6,1,0
BRDA:107,7,0,1
BRDA:107,7,1,0
BRDA:112,8,0,1
BRDA:112,8,1,0
BRDA:146,9,0,1
BRDA:146,9,1,0
BRDA:150,10,0,1
BRDA:150,11,0,1
BRDA:150,11,1,1
BRDA:153,12,0,0
BRDA:156,13,0,0
BRDA:163,14,0,0
BRDA:172,15,0,0
BRDA:172,15,1,1
BRDA:182,16,0,0
BRDA:191,17,0,1
BRDA:191,17,1,0
BRDA:192,18,0,1
BRDA:192,18,1,0
BRDA:193,19,0,1
BRDA:193,19,1,0
BRDA:219,20,0,0
BRDA:219,21,0,1
BRDA:219,21,1,1
BRDA:223,22,0,1
BRDA:223,22,1,1
BRDA:223,23,0,1
BRDA:223,23,1,0
BRDA:236,24,0,0
BRDA:244,25,0,1
BRDA:257,26,0,1
BRDA:257,26,1,1
BRDA:272,27,0,0
BRDA:272,27,1,0
BRDA:275,28,0,0
BRDA:275,28,1,0
BRDA:276,29,0,0
BRDA:276,29,1,0
BRDA:277,30,0,0
BRDA:277,30,1,0
BRDA:278,31,0,0
BRDA:278,31,1,0
BRDA:279,32,0,0
BRDA:279,32,1,0
BRDA:280,33,0,0
BRDA:280,33,1,0
BRDA:281,34,0,0
BRDA:281,34,1,0
BRDA:282,35,0,0
BRDA:282,35,1,0
BRDA:291,36,0,0
BRDA:291,36,1,0
BRF:63
BRH:24
end_of_record
TN:
SF:src\middleware\auth.middleware.ts
FN:12,authenticateJWT
FN:21,(anonymous_2)
FN:28,requireAdmin
FNF:3
FNH:2
FNDA:1,authenticateJWT
FNDA:0,(anonymous_2)
FNDA:1,requireAdmin
DA:2,4
DA:12,4
DA:13,1
DA:14,1
DA:15,1
DA:17,0
DA:18,0
DA:20,0
DA:21,0
DA:22,0
DA:23,0
DA:24,0
DA:28,4
DA:29,1
DA:30,1
DA:32,0
DA:33,0
DA:35,0
LF:18
LH:8
BRDA:13,0,0,1
BRDA:18,1,0,0
BRDA:21,2,0,0
BRDA:21,2,1,0
BRDA:22,3,0,0
BRDA:29,4,0,1
BRDA:32,5,0,0
BRF:7
BRH:2
end_of_record
TN:
SF:src\middleware\demo-mode.guard.ts
FN:23,(anonymous_0)
FN:25,(anonymous_1)
FN:41,(anonymous_2)
FNF:3
FNH:3
FNDA:10,(anonymous_0)
FNDA:18,(anonymous_1)
FNDA:5,(anonymous_2)
DA:3,5
DA:4,5
DA:5,5
DA:23,5
DA:24,10
DA:25,10
DA:26,18
DA:27,18
DA:28,18
DA:29,18
DA:31,18
DA:32,15
DA:35,3
DA:36,3
DA:37,0
DA:40,3
DA:41,5
DA:42,3
DA:43,2
DA:46,1
DA:52,5
LF:21
LH:20
BRDA:23,0,0,10
BRDA:24,1,0,10
BRDA:24,1,1,10
BRDA:31,2,0,15
BRDA:36,3,0,0
BRDA:40,4,0,3
BRDA:40,4,1,0
BRDA:40,4,2,0
BRDA:42,5,0,2
BRF:9
BRH:6
end_of_record
TN:
SF:src\notifications\push.service.ts
FN:29,sendPushNotification
FNF:1
FNH:0
FNDA:0,sendPushNotification
DA:1,4
DA:2,4
DA:3,4
DA:5,4
DA:7,4
DA:10,4
DA:11,4
DA:17,4
DA:18,0
DA:21,0
DA:23,4
DA:26,0
DA:29,4
DA:30,0
DA:31,0
DA:32,0
DA:34,0
LF:17
LH:10
BRDA:7,0,0,4
BRDA:7,0,1,4
BRDA:11,1,0,0
BRDA:11,1,1,4
BRDA:13,2,0,0
BRDA:13,2,1,4
BRDA:17,3,0,0
BRDA:17,3,1,4
BRDA:30,4,0,0
BRF:9
BRH:5
end_of_record
TN:
SF:src\nutrition\nutrition.controller.ts
FN:11,(anonymous_0)
FN:14,(anonymous_1)
FN:20,(anonymous_2)
FN:61,(anonymous_3)
FN:78,(anonymous_4)
FN:116,(anonymous_5)
FN:131,(anonymous_6)
FN:162,(anonymous_7)
FN:190,(anonymous_8)
FN:208,(anonymous_9)
FN:235,(anonymous_10)
FN:246,(anonymous_11)
FN:267,(anonymous_12)
FNF:13
FNH:0
FNDA:0,(anonymous_0)
FNDA:0,(anonymous_1)
FNDA:0,(anonymous_2)
FNDA:0,(anonymous_3)
FNDA:0,(anonymous_4)
FNDA:0,(anonymous_5)
FNDA:0,(anonymous_6)
FNDA:0,(anonymous_7)
FNDA:0,(anonymous_8)
FNDA:0,(anonymous_9)
FNDA:0,(anonymous_10)
FNDA:0,(anonymous_11)
FNDA:0,(anonymous_12)
DA:1,4
DA:2,4
DA:3,4
DA:4,4
DA:8,4
DA:9,4
DA:11,4
DA:12,0
DA:14,4
DA:15,0
DA:16,0
DA:17,0
DA:20,4
DA:21,0
DA:22,0
DA:23,0
DA:24,0
DA:25,0
DA:34,0
DA:36,0
DA:37,0
DA:45,0
DA:47,0
DA:48,0
DA:56,0
DA:58,0
DA:61,4
DA:62,0
DA:63,0
DA:64,0
DA:66,0
DA:67,0
DA:68,0
DA:73,0
DA:74,0
DA:78,4
DA:79,0
DA:80,0
DA:81,0
DA:83,0
DA:84,0
DA:86,0
DA:87,0
DA:89,0
DA:90,0
DA:91,0
DA:109,0
DA:111,0
DA:112,0
DA:116,4
DA:117,0
DA:118,0
DA:119,0
DA:121,0
DA:122,0
DA:123,0
DA:124,0
DA:126,0
DA:127,0
DA:131,4
DA:132,0
DA:133,0
DA:134,0
DA:136,0
DA:137,0
DA:138,0
DA:139,0
DA:140,0
DA:155,0
DA:157,0
DA:158,0
DA:162,4
DA:163,0
DA:164,0
DA:165,0
DA:167,0
DA:168,0
DA:183,0
DA:185,0
DA:186,0
DA:190,4
DA:191,0
DA:192,0
DA:193,0
DA:195,0
DA:208,4
DA:209,0
DA:210,0
DA:211,0
DA:212,0
DA:213,0
DA:214,0
DA:228,0
DA:230,0
DA:231,0
DA:235,4
DA:236,0
DA:237,0
DA:238,0
DA:239,0
DA:241,0
DA:242,0
DA:246,4
DA:247,0
DA:248,0
DA:249,0
DA:250,0
DA:251,0
DA:253,0
DA:258,0
DA:259,0
DA:261,0
DA:262,0
DA:263,0
DA:267,4
DA:268,0
DA:269,0
DA:270,0
DA:271,0
DA:273,0
DA:274,0
DA:278,4
LF:122
LH:20
BRDA:12,0,0,0
BRDA:12,0,1,0
BRDA:12,0,2,0
BRDA:17,1,0,0
BRDA:17,1,1,0
BRDA:22,2,0,0
BRDA:22,2,1,0
BRDA:24,3,0,0
BRDA:29,4,0,0
BRDA:29,4,1,0
BRDA:29,5,0,0
BRDA:29,5,1,0
BRDA:30,6,0,0
BRDA:30,6,1,0
BRDA:36,7,0,0
BRDA:36,8,0,0
BRDA:36,8,1,0
BRDA:36,8,2,0
BRDA:47,9,0,0
BRDA:47,10,0,0
BRDA:47,10,1,0
BRDA:47,10,2,0
BRDA:52,11,0,0
BRDA:52,11,1,0
BRDA:63,12,0,0
BRDA:70,13,0,0
BRDA:70,13,1,0
BRDA:79,14,0,0
BRDA:79,15,0,0
BRDA:80,16,0,0
BRDA:83,17,0,0
BRDA:86,18,0,0
BRDA:118,19,0,0
BRDA:122,20,0,0
BRDA:122,20,1,0
BRDA:133,21,0,0
BRDA:137,22,0,0
BRDA:137,22,1,0
BRDA:137,23,0,0
BRDA:137,23,1,0
BRDA:139,24,0,0
BRDA:139,24,1,0
BRDA:145,25,0,0
BRDA:145,25,1,0
BRDA:151,26,0,0
BRDA:151,26,1,0
BRDA:152,27,0,0
BRDA:152,27,1,0
BRDA:164,28,0,0
BRDA:191,29,0,0
BRDA:191,29,1,0
BRDA:192,30,0,0
BRDA:192,31,0,0
BRDA:192,31,1,0
BRDA:192,31,2,0
BRDA:199,32,0,0
BRDA:199,32,1,0
BRDA:200,33,0,0
BRDA:200,33,1,0
BRDA:201,34,0,0
BRDA:201,34,1,0
BRDA:202,35,0,0
BRDA:202,35,1,0
BRDA:203,36,0,0
BRDA:203,36,1,0
BRDA:204,37,0,0
BRDA:204,37,1,0
BRDA:210,38,0,0
BRDA:210,38,1,0
BRDA:211,39,0,0
BRDA:211,39,1,0
BRDA:212,40,0,0
BRDA:212,40,1,0
BRDA:217,41,0,0
BRDA:217,41,1,0
BRDA:217,42,0,0
BRDA:217,42,1,0
BRDA:242,43,0,0
BRDA:242,43,1,0
BRDA:250,44,0,0
BRDA:262,45,0,0
BRDA:262,45,1,0
BRDA:262,46,0,0
BRDA:262,46,1,0
BRDA:263,47,0,0
BRDA:263,47,1,0
BRF:86
BRH:0
end_of_record
TN:
SF:src\nutrition\nutrition.utils.ts
FN:21,(anonymous_0)
FN:23,(anonymous_1)
FN:31,(anonymous_2)
FN:91,(anonymous_3)
FNF:4
FNH:4
FNDA:1,(anonymous_0)
FNDA:2,(anonymous_1)
FNDA:3,(anonymous_2)
FNDA:1,(anonymous_3)
DA:1,5
DA:21,5
DA:23,5
DA:24,2
DA:25,2
DA:26,1
DA:28,1
DA:31,5
DA:32,3
DA:33,0
DA:43,3
DA:44,1
DA:53,2
DA:54,2
DA:55,2
DA:56,0
DA:65,2
DA:66,2
DA:68,2
DA:69,2
DA:79,0
DA:80,0
DA:82,0
DA:91,5
LF:24
LH:19
BRDA:25,0,0,1
BRDA:25,1,0,2
BRDA:25,1,1,1
BRDA:32,2,0,0
BRDA:43,3,0,1
BRDA:54,4,0,2
BRDA:54,4,1,0
BRDA:55,5,0,0
BRDA:68,6,0,2
BRDA:94,7,0,1
BRDA:94,7,1,0
BRDA:96,8,0,1
BRDA:96,8,1,0
BRF:13
BRH:8
end_of_record
TN:
SF:src\orders\orders.controller.ts
FN:9,(anonymous_1)
FN:67,(anonymous_2)
FN:82,(anonymous_3)
FNF:3
FNH:0
FNDA:0,(anonymous_1)
FNDA:0,(anonymous_2)
FNDA:0,(anonymous_3)
DA:1,4
DA:2,4
DA:3,4
DA:4,4
DA:5,4
DA:6,4
DA:9,4
DA:10,0
DA:11,0
DA:12,0
DA:15,0
DA:16,0
DA:17,0
DA:18,0
DA:19,0
DA:20,0
DA:21,0
DA:25,0
DA:37,0
DA:45,0
DA:59,0
DA:61,0
DA:62,0
DA:67,4
DA:68,0
DA:69,0
DA:70,0
DA:75,0
DA:77,0
DA:82,4
DA:83,0
DA:84,0
DA:85,0
DA:90,0
DA:92,0
DA:96,4
LF:36
LH:10
BRDA:6,0,0,4
BRDA:6,0,1,1
BRDA:11,1,0,0
BRDA:12,2,0,0
BRDA:12,3,0,0
BRDA:12,3,1,0
BRDA:19,4,0,0
BRDA:19,4,1,0
BRDA:19,5,0,0
BRDA:19,5,1,0
BRF:10
BRH:2
end_of_record
TN:
SF:src\payments\webhook.controller.ts
FN:8,(anonymous_1)
FNF:1
FNH:0
FNDA:0,(anonymous_1)
DA:1,4
DA:2,4
DA:3,4
DA:4,4
DA:5,4
DA:6,4
DA:8,4
DA:9,0
DA:11,0
DA:12,0
DA:14,0
DA:16,0
DA:19,0
DA:20,0
DA:24,0
DA:25,0
DA:26,0
DA:28,0
DA:29,0
DA:33,0
DA:34,0
DA:35,0
DA:37,0
DA:38,0
DA:39,0
DA:41,0
DA:42,0
DA:43,0
DA:46,0
DA:47,0
DA:48,0
DA:49,0
DA:50,0
DA:63,0
DA:64,0
DA:66,0
DA:67,0
DA:71,4
LF:38
LH:8
BRDA:6,0,0,4
BRDA:6,0,1,1
BRDA:12,1,0,0
BRDA:12,1,1,0
BRDA:12,2,0,0
BRDA:12,2,1,0
BRDA:25,3,0,0
BRDA:25,4,0,0
BRDA:25,4,1,0
BRDA:28,5,0,0
BRDA:34,6,0,0
BRDA:34,6,1,0
BRDA:38,7,0,0
BRDA:38,8,0,0
BRDA:38,8,1,0
BRDA:42,9,0,0
BRDA:46,10,0,0
BRDA:49,11,0,0
BRDA:54,12,0,0
BRDA:54,12,1,0
BRF:20
BRH:2
end_of_record
TN:
SF:src\products\bundles.controller.ts
FN:8,(anonymous_0)
FNF:1
FNH:0
FNDA:0,(anonymous_0)
DA:1,4
DA:2,4
DA:4,4
DA:5,4
DA:8,4
DA:9,0
DA:10,0
DA:11,0
DA:13,0
DA:17,4
LF:10
LH:6
BRF:0
BRH:0
end_of_record
TN:
SF:src\products\categories.controller.ts
FN:8,(anonymous_0)
FNF:1
FNH:0
FNDA:0,(anonymous_0)
DA:1,4
DA:2,4
DA:4,4
DA:5,4
DA:8,4
DA:9,0
DA:10,0
DA:11,0
DA:13,0
DA:17,4
LF:10
LH:6
BRF:0
BRH:0
end_of_record
TN:
SF:src\products\products.controller.ts
FN:7,(anonymous_0)
FN:13,(anonymous_1)
FN:20,(anonymous_2)
FNF:3
FNH:0
FNDA:0,(anonymous_0)
FNDA:0,(anonymous_1)
FNDA:0,(anonymous_2)
DA:1,4
DA:2,4
DA:3,4
DA:4,4
DA:7,4
DA:8,0
DA:9,0
DA:13,4
DA:14,0
DA:15,0
DA:16,0
DA:20,4
DA:21,0
DA:23,0
DA:24,0
DA:27,0
DA:38,0
DA:41,4
LF:18
LH:8
BRDA:15,0,0,0
BRDA:23,1,0,0
BRDA:23,2,0,0
BRDA:23,2,1,0
BRDA:23,2,2,0
BRDA:23,2,3,0
BRDA:32,3,0,0
BRDA:32,3,1,0
BRDA:33,4,0,0
BRDA:33,4,1,0
BRF:10
BRH:0
end_of_record
TN:
SF:src\sessions\sessions.controller.ts
FN:8,(anonymous_0)
FN:9,(anonymous_1)
FN:17,(anonymous_2)
FN:23,(anonymous_3)
FN:24,(anonymous_4)
FN:25,(anonymous_5)
FN:35,(anonymous_6)
FN:50,(anonymous_7)
FN:58,(anonymous_8)
FN:101,(anonymous_9)
FN:133,(anonymous_10)
FNF:11
FNH:0
FNDA:0,(anonymous_0)
FNDA:0,(anonymous_1)
FNDA:0,(anonymous_2)
FNDA:0,(anonymous_3)
FNDA:0,(anonymous_4)
FNDA:0,(anonymous_5)
FNDA:0,(anonymous_6)
FNDA:0,(anonymous_7)
FNDA:0,(anonymous_8)
FNDA:0,(anonymous_9)
FNDA:0,(anonymous_10)
DA:1,4
DA:2,4
DA:3,4
DA:4,4
DA:5,4
DA:6,4
DA:8,4
DA:9,0
DA:10,0
DA:11,0
DA:12,0
DA:13,0
DA:14,0
DA:15,0
DA:16,0
DA:18,0
DA:19,0
DA:20,0
DA:21,0
DA:23,0
DA:24,0
DA:25,0
DA:29,0
DA:31,0
DA:35,4
DA:36,0
DA:37,0
DA:38,0
DA:39,0
DA:40,0
DA:41,0
DA:42,0
DA:50,0
DA:52,0
DA:53,0
DA:58,4
DA:59,0
DA:66,0
DA:67,0
DA:70,0
DA:71,0
DA:72,0
DA:75,0
DA:76,0
DA:79,0
DA:80,0
DA:81,0
DA:84,0
DA:93,0
DA:95,0
DA:96,0
DA:101,4
DA:102,0
DA:103,0
DA:104,0
DA:105,0
DA:108,0
DA:109,0
DA:110,0
DA:111,0
DA:113,0
DA:114,0
DA:117,0
DA:125,0
DA:127,0
DA:128,0
DA:133,4
DA:134,0
DA:135,0
DA:136,0
DA:137,0
DA:138,0
DA:139,0
DA:140,0
DA:141,0
DA:143,0
DA:144,0
DA:146,0
DA:149,4
LF:79
LH:12
BRDA:37,0,0,0
BRDA:37,0,1,0
BRDA:66,1,0,0
BRDA:66,2,0,0
BRDA:66,2,1,0
BRDA:66,2,2,0
BRDA:75,3,0,0
BRDA:80,4,0,0
BRDA:89,5,0,0
BRDA:89,5,1,0
BRDA:104,6,0,0
BRDA:104,7,0,0
BRDA:104,7,1,0
BRDA:104,7,2,0
BRDA:104,7,3,0
BRDA:110,8,0,0
BRDA:113,9,0,0
BRDA:135,10,0,0
BRDA:136,11,0,0
BRDA:136,11,1,0
BRDA:137,12,0,0
BRDA:137,12,1,0
BRDA:138,13,0,0
BRDA:138,13,1,0
BRDA:143,14,0,0
BRF:25
BRH:0
end_of_record
TN:
SF:src\subscription\quota.config.ts
FN:43,(anonymous_0)
FNF:1
FNH:0
FNDA:0,(anonymous_0)
DA:14,6
DA:41,6
DA:43,6
DA:44,0
DA:45,0
DA:46,0
LF:6
LH:3
BRDA:43,0,0,0
BRF:1
BRH:0
end_of_record
TN:
SF:src\subscription\quota.service.ts
FN:25,(anonymous_0)
FN:30,(anonymous_1)
FN:32,(anonymous_2)
FN:43,(anonymous_3)
FN:79,(anonymous_4)
FN:116,(anonymous_5)
FN:136,(anonymous_6)
FN:153,(anonymous_7)
FN:179,(anonymous_8)
FNF:9
FNH:2
FNDA:2,(anonymous_0)
FNDA:0,(anonymous_1)
FNDA:0,(anonymous_2)
FNDA:5,(anonymous_3)
FNDA:0,(anonymous_4)
FNDA:0,(anonymous_5)
FNDA:0,(anonymous_6)
FNDA:0,(anonymous_7)
FNDA:0,(anonymous_8)
DA:2,4
DA:25,4
DA:26,2
DA:27,2
DA:30,4
DA:32,4
DA:33,0
DA:43,4
DA:48,5
DA:50,3
DA:51,1
DA:53,2
DA:54,2
DA:55,2
DA:56,2
DA:57,1
DA:59,1
DA:62,0
DA:63,0
DA:64,0
DA:66,0
DA:69,2
DA:70,1
DA:72,1
DA:75,0
DA:79,4
DA:84,0
DA:85,0
DA:86,0
DA:87,0
DA:88,0
DA:89,0
DA:99,0
DA:100,0
DA:101,0
DA:102,0
DA:110,0
DA:111,0
DA:113,0
DA:116,4
DA:121,0
DA:122,0
DA:123,0
DA:136,4
DA:142,0
DA:143,0
DA:144,0
DA:146,0
DA:147,0
DA:153,4
DA:159,0
DA:160,0
DA:161,0
DA:162,0
DA:163,0
DA:165,0
DA:166,0
DA:167,0
DA:169,0
DA:170,0
DA:172,0
DA:173,0
DA:175,0
DA:176,0
DA:179,4
DA:180,0
DA:184,0
DA:186,0
DA:188,0
LF:69
LH:24
BRDA:26,0,0,0
BRDA:48,1,0,3
BRDA:48,1,1,0
BRDA:48,1,2,2
BRDA:48,1,3,0
BRDA:50,2,0,1
BRDA:55,3,0,0
BRDA:55,3,1,2
BRDA:56,4,0,1
BRDA:63,5,0,0
BRDA:69,6,0,1
BRDA:72,7,0,1
BRDA:72,7,1,0
BRDA:86,8,0,0
BRDA:87,9,0,0
BRDA:87,9,1,0
BRDA:94,10,0,0
BRDA:94,10,1,0
BRDA:100,11,0,0
BRDA:100,12,0,0
BRDA:100,12,1,0
BRDA:106,13,0,0
BRDA:106,13,1,0
BRDA:110,14,0,0
BRDA:146,15,0,0
BRDA:146,15,1,0
BRDA:146,15,2,0
BRDA:162,16,0,0
BRDA:166,17,0,0
BRDA:166,18,0,0
BRDA:166,18,1,0
BRDA:169,19,0,0
BRDA:172,20,0,0
BRDA:180,21,0,0
BRDA:180,21,1,0
BRDA:180,21,2,0
BRDA:180,21,3,0
BRDA:180,21,4,0
BRF:38
BRH:7
end_of_record
TN:
SF:src\workouts\injury-map.ts
FN:114,(anonymous_0)
FN:120,(anonymous_1)
FNF:2
FNH:2
FNDA:3,(anonymous_0)
FNDA:2,(anonymous_1)
DA:11,4
DA:32,4
DA:53,4
DA:74,4
DA:86,4
DA:106,4
DA:114,4
DA:115,3
DA:116,3
DA:117,3
DA:118,2
DA:120,2
LF:12
LH:12
BRDA:116,0,0,3
BRDA:116,0,1,1
BRDA:117,1,0,2
BRDA:120,2,0,2
BRDA:120,2,1,1
BRF:5
BRH:5
end_of_record
